        Generalplus 6502 Assembler - Version 1.7.1.0  
              Listing File Has Been Relocated

     1                              ;==================================================================================
     2                              ; Name                  : D_I2C.asm
     3                              ; Applied Body          : GPL813X
     4                              ; Programmer            : 
     5                              ; Description           : 耀攜IIC籵捅(楷冞傷)
     6                              ; History version       : 
     7                              ;==================================================================================
     8                              ;==========================================
     9                              ; Compiler parameter define
    10                              ;==========================================
    11                              .SYNTAX 6502
    12                              .LINKLIST
    13                              .SYMBOLS
    14                              ;==========================================
    15                              ; Include file area
    16                              ;==========================================
    17                              .INCLUDE 	GPL813x.inc
    18                      <       	.IFDEF		GPL813_SERIES
    19                      <       
    20                      <       ;---------------------------------
    21                      <       GPL813P01Cx		.EQU		1
    22                      <       ;---------------------------------
    23                      <       
    24                      <       .IFNDEF GPL813X_Body_inc
    25                      <       GPL813X_Body_inc:   .EQU    1
    26                      <       ;==================================================================================
    27                      <       ; The information contained herein is the exclusive property of
    28                      <       ; Generalplus Technology Co. And shall not be distributed, reproduced,
    29                      <       ; or disclosed in whole in part without prior written permission.
    30                      <       ;       (C) COPYRIGHT 2017   Generalplus TECHNOLOGY CO.                            
    31                      <       ;                   ALL RIGHTS RESERVED
    32                      <       ; The entire notice above must be reproduced on all authorized copies.
    33                      <       ;==================================================================================
    34                      <       ;==================================================================================
    35                      <       ; Program Name: GPL813 series register declare
    36                      <       ; Applied body: GPL813 series
    37                      <       ; Programmer  : KenLiu
    38                      <       ; Description : 
    39                      <       ;             : 
    40                      <       ; History version
    41                      <       ; Rev #       Date          Who            Comments
    42                      <       ; -------  -----------    --------         ----------------------------------------
    43                      <       ;==================================================================================
    44                      <       ;==================================================================================
    45                      <       
    46                      <       		.IFNDEF	GPL813P01Ax
    47                      <       		GPL813P01Ax: 	.EQU		0
    48                      <       		.ENDIF
    49                      <       		.IFNDEF	GPL813P01Bx
    50                      <       		GPL813P01Bx: 	.EQU		0
    51                      <       		.ENDIF
    52                      <       		.IFNDEF	GPL813P01Cx
    53                      <       		GPL813P01Cx: 	.EQU		0
    54                      <       		.ENDIF
    55                      <        	 
    56                      <       .IF (GPL813P01Ax)
    57                      <       GPL813X		.EQU		1
    58                      <       .ENDIF
    59                      <       .IF (GPL813P01Bx)
    60                      <       GPL813X		.EQU		1
    61                      <       .ENDIF
    62                      <       .IF (GPL813P01Cx)
    63                      <       GPL813X		.EQU		1
    64                      <       .ENDIF
    65                      <       			.IFDEF	GPL813X
    66 000000B6             <       		.PAGE0
    67                      <             
    68                      <       ;===================  IO Register  ===================
    69                      <       P_IO_PortA_Dir:     		.EQU	$00
    70                      <       P_IO_PortA_Data:			.EQU	$02
    71                      <       		
    72                      <       P_IO_PortB_Dir:				.EQU	$10
    73                      <       P_IO_PortB_Data:			.EQU	$12	
    74                      <       P_IO_PortB_Attrib:			.EQU	$14
    75                      <       
    76                      <       P_IO_PortC_Dir:     		.EQU	$01
    77                      <       P_IO_PortC_Data:			.EQU	$05
    78                      <       P_IO_PortE_Data:     		.EQU	$03
    79                      <       P_IO_PortE_DataLatch:		.EQU	$04
    80                      <       
    81                      <       P_IO_Ctrl:    			    .EQU	$06
    82                      <       P_IO_PortE_Dir:				.EQU	$0B
    83                      <       P_IO_PortD_Attrib			.EQU	$15
    84                      <       P_IO_PortD_Dir				.EQU	$11
    85                      <       P_IO_PortD_Data				.EQU	$13
    86                      <       
    87                      <       ;==============  Sleep/Wakeup Register  ==============
    88                      <       P_WAKEUP_Ctrl:			    .EQU	$08
    89                      <        D_WakeupTimer1:				.EQU	00100000B
    90                      <        D_WakeupTimer0:				.EQU	00010000B
    91                      <        D_WakeupTMBB:					.EQU	00001000B
    92                      <        D_Wakeup128Hz:					.EQU	00000100B
    93                      <        D_WakeupTMBA:					.EQU	00000010B
    94                      <        D_WakeupKey:					.EQU	00000001B
    95                      <        
    96                      <       P_SYSTEM_Ctrl:			    .EQU	$09
    97                      <       
    98                      <       ;=================  Timer Register  ==================
    99                      <       P_TIMER_TimeBase_Sel:		.EQU	$0A
   100                      <       P_TIMER_Timer0_Ctrl:		.EQU	$22
   101                      <        D_TimerEn:						.EQU	10000000B
   102                      <        D_TimerRiseEdge:				.EQU	00000000B
   103                      <        D_TimerFallEdge:				.EQU	01000000B
   104                      <        D_TimerSrcExtA:				.EQU	00000000B
   105                      <        D_TimerSrcExtA2:				.EQU	00100000B
   106                      <        D_TimerSrcA_HF:				.EQU	00000000B
   107                      <        D_TimerSrcA_HFDIV:				.EQU	00000001B
   108                      <        D_TimerSrcA_EXT:				.EQU	00000010B
   109                      <        D_TimerSrcA_VDD:				.EQU	00000011B
   110                      <        D_TimerSrcB_LF:				.EQU	00000000B
   111                      <        D_TimerSrcB_TMX:				.EQU	00000100B
   112                      <        D_TimerSrcB_EXTA:				.EQU	00001000B
   113                      <        D_TimerSrcB_VDD:				.EQU	00001100B
   114                      <       P_TIMER_TM0Data_LB:			.EQU	$20
   115                      <       P_TIMER_TM0Data_HB:			.EQU	$21
   116                      <       P_TIMER_TM0Load_Ctrl:		.EQU	$23
   117                      <       
   118                      <       P_TIMER_TM1Data:			.EQU	$25
   119                      <       P_TIMER_Timer1_Ctrl:		.EQU	$26
   120                      <        D_Timer1En:					.EQU	10000000B
   121                      <        D_Timer1_LSCK:					.EQU	00000000B
   122                      <        D_Timer1_TMBB:					.EQU	00000001B 
   123                      <        D_Timer1_HSCK:					.EQU	00000010B 
   124                      <        D_Timer1_HFDIV:				.EQU	00000011B
   125                      <       P_TIMER_TM1Load_Ctrl:		.EQU	$27
   126                      <       
   127                      <       ;==============  CPU & Clock Register  ===============
   128                      <       P_CLK_CPU_Ctrl:				.EQU	$18
   129                      <        D_RCHF_Msk:					.EQU	11100000B
   130                      <        D_RCHF225K:					.EQU	00000000B;225k
   131                      <        D_RCHF500K:					.EQU	01000000B;500k
   132                      <        D_RCHF1800K:					.EQU	10000000B;1800k
   133                      <        D_RCHF1000K:					.EQU	11000000B;1000k
   134                      <        D_RCHF4000K:					.EQU	00100000B;4000k
   135                      <        
   136                      <        D_CPU_Msk:						.EQU	00000111B
   137                      <        D_CPU_HF:						.EQU	00000000B;HF
   138                      <        D_CPU_HF2:						.EQU	00000001B;HF/2
   139                      <        D_CPU_HF4:						.EQU	00000010B;HF/4
   140                      <        D_CPU_HF8:						.EQU	00000011B;HF/8
   141                      <        D_CPU_HF16:					.EQU	00000100B;HF/16
   142                      <       P_CLK_HFDIV_Ctrl:			.EQU	$1A
   143                      <       P_CLK_32768_En:				.EQU	$0C
   144                      <        D_LFEnable:					.EQU	00000000B 
   145                      <        D_LFDisable:					.EQU	10000000B
   146                      <        D_X32K_WEAK:					.EQU	00000100B
   147                      <        D_X32K_STRO:					.EQU	00000010B
   148                      <        D_CAP_EN:						.EQU	00000001B ;With internal CAP
   149                      <        D_CAP_DIS:						.EQU	00000000B ;With external CAP
   150                      <       ; D_256TMX_En:                   .EQU	00100000B
   151                      <       
   152                      <       ;=================  INT/NMI Register  ================
   153                      <       P_INT_Ctrl:					.EQU	$0D
   154                      <        D_IntMask:						.EQU	11111111B
   155                      <        D_Ext2Int:						.EQU	10000000B
   156                      <        D_LvdInt:						.EQU	01000000B
   157                      <        D_Timer0Int:					.EQU	00100000B
   158                      <        D_TMBBInt:						.EQU	00010000B
   159                      <        D_TMBAInt:						.EQU	00001000B
   160                      <        D_128HzInt:					.EQU	00000100B
   161                      <        D_2KHzInt:						.EQU	00000010B
   162                      <        D_ExtInt:						.EQU	00000001B
   163                      <        
   164                      <       P_INT_2KHz_Clear:			.EQU	$41
   165                      <       P_INT_128Hz_Clear:			.EQU	$42
   166                      <       P_INT_TimeBaseA_Clear:		.EQU	$43
   167                      <       P_INT_TimeBaseB_Clear:		.EQU	$44
   168                      <       
   169                      <       P_INT_Timer0_Clear:			.EQU	$45
   170                      <       P_INT_Ext_Clear:			.EQU	$40
   171                      <       
   172                      <       P_INT_Ctrl2:				.EQU	$2D
   173                      <        D_Int2Mask:             		.EQU	00000011B
   174                      <        D_Timer1Int:    				.EQU	00000001B
   175                      <       P_INT_Ext2_Clear:			.EQU	$47			
   176                      <       P_INT_Timer1_Clear:			.EQU	$48
   177                      <       
   178                      <       ;===================  LCD Register  ==================
   179                      <       P_LCD_Ctrl:					.EQU	$07
   180                      <        D_LcdConfigMask:       		.EQU	11111101B
   181                      <        D_Duty_1_8:					.EQU	10001000B
   182                      <        D_Duty_1_6:					.EQU	11001000B
   183                      <        D_Duty_1_5:					.EQU	00000100B
   184                      <        D_Duty_1_4:   					.EQU	01000100B
   185                      <        D_Duty_1_3:					.EQU	10000100B
   186                      <        
   187                      <        D_Bias_1_4:					.EQU	00000000B
   188                      <        D_Bias_1_3:					.EQU	00100000B
   189                      <        D_Bias_1_2:					.EQU	00010000B
   190                      <        D_ScanEnable:					.EQU	00000001B
   191                      <       P_LCD_VLCD_Ctrl:			.EQU	$19
   192                      <        D_Halt_Normal:					.EQU	00110000B
   193                      <        D_Halt_Green:					.EQU	00100000B
   194                      <        D_VLCD_28:						.EQU	00000000B
   195                      <        D_VLCD_30:						.EQU	00000001B
   196                      <        D_VLCD_33:						.EQU	00000010B
   197                      <        D_VLCD_VDD:					.EQU	00000011B
   198                      <       ;===============   Watch Dog Register  ===============
   199                      <       P_WDT_Flag_Clear:			.EQU	$0F
   200                      <       
   201                      <       ;==================  Reset Register  ==================
   202                      <       P_Reset_Status:			.EQU	$0E
   203                      <        D_FlagC:						.EQU	00000001B;Reset in normal mode
   204                      <        D_FlagON:						.EQU	00000010B;Reset in standby mode
   205                      <        
   206                      <       ;==================  AUDIO Register  =================
   207                      <       ; Buzzer Output Control (PD[1:0] is buzzer output)
   208                      <       P_AUDIO_BZ_Ctrl:			.EQU	$16
   209                      <        D_C32KOUT:						.EQU	10000000B
   210                      <        D_Buzzer1:						.EQU	00000010B
   211                      <        D_Buzzer0:						.EQU	00000001B
   212                      <       
   213                      <       ;==================  LVD Register  ===================
   214                      <       P_LVD_Ctrl:					.EQU	$1B
   215                      <        D_LVD_State:					.EQU	00000001B
   216                      <        D_LVD_22:						.EQU	00000000B
   217                      <        D_LVD_24:						.EQU	01000000B
   218                      <        D_LVD_27:						.EQU	10000001B
   219                      <        D_LVD_33:						.EQU	11000001B
   220                      <       P_INT_LVD_Clear:			.EQU	$46
   221                      <       
   222                      <       ;================  RFC Control Register  ==============
   223                      <       P_RFC_Ctrl:					.EQU	$17
   224                      <        D_EXT1EDG:						.EQU	10000000B
   225                      <        D_EXT2EDG:						.EQU	01000000B
   226                      <        D_RFCEN:						.EQU	00000001B
   227                      <       ;=================  PWM Register  =====================
   228                      <       P_PWMIO_Ctrl:				.EQU	$3030
   229                      <       P_PWMIO_IO0_DUTY:			.EQU	$3032
   230                      <       P_PWMIO_IO1_DUTY:			.EQU	$3033
   231                      <       P_PWMIO_IO2_DUTY:			.EQU	$3034
   232                      <       P_PWMIO_IO3_DUTY:			.EQU	$3035
   233                      <       
   234                      <       ;**********************************************************************
   235                      <       ;ROM Checksum
   236                      <       ;**********************************************************************
   237                      <       ;.IF (GPL813P01Ax+GPL813P01Bx+GPL813P01Cx)
   238                      <       ;	D_BankNum:						.EQU	1	
   239                      <       ;.ENDIF
   240                      <       
   241                      <       	D_Bank0UserRomStartAddr:		.EQU	0xE000		;0x4800 ~ 0x7FDF:User ROM Code
   242                      <       	D_Bank0UserRomEndAddr:			.EQU	0xFFDF
   243                      <       	D_NMIandResetVectorStartAddr:	.EQU	0xFFFC		;0xFFF8 ~ 0xFFF9:User ROM Code, 0xFFFA ~ 0xFFFF:NMI & Reset & IRQ vector
   244                      <       	D_NMIandResetVectorEndAddr:		.EQU	0xFFFF
   245                      <       
   246                      <       ; ========================================================================================
   247                      <       ; Macro Name	: M_UserRomChecksum
   248                      <       ; Parameters	: None
   249                      <       ; Return Value	: R_ChecksumResult: bit[7:0]
   250                      <       ;				: R_ChecksumResult + 1: bit[15:8]
   251                      <       ;				: R_ChecksumResult + 2: bit[23:16]
   252                      <       ;				: R_ChecksumResult + 3: bit[31:24]
   253                      <       ; Description	: Calculate user ROM area code checksum
   254                      <       ; Destroy		: A, Y
   255                      <       ; Example		: %M_UserRomChecksum	R_ChecksumAddrPtr, R_ChecksumResult
   256                      <       ; ========================================================================================	
   257                      <       %M_UserRomChecksum:	.MACRO	R_ChecksumAddrPtr, R_ChecksumResult
   258                      <       	
   259                      <       	LDA		#0
   260                      <       	STA		R_ChecksumResult						;Result Byte0
   261                      <       	STA		R_ChecksumResult + 1				;Result Byte1
   262                      <       	STA		R_ChecksumResult + 2				;Result Byte2
   263                      <       	STA		R_ChecksumResult + 3				;Result Byte3
   264                      <       ;=================== Bank 0 ==================================================	
   265                      <       	LDA		#.HIGH.D_Bank0UserRomStartAddr
   266                      <       	STA		R_ChecksumAddrPtr + 1				;Start High Byte
   267                      <       	LDA		#.LOW.D_Bank0UserRomStartAddr
   268                      <       	STA		R_ChecksumAddrPtr						;Start Low Byte
   269                      <       		
   270                      <       	LDY		#0	
   271                      <       
   272                      <       L_ChecksumLoop1?
   273                      <       	STA		P_WDT_Flag_Clear	
   274                      <       	CLC
   275                      <       	LDA		(R_ChecksumAddrPtr),Y
   276                      <       	ADC		R_ChecksumResult						;Result Low Byte
   277                      <       	STA		R_ChecksumResult						;Result Low Byte
   278                      <       	BCC		L_CheckAddress1?
   279                      <       	INC		R_ChecksumResult + 1				;Result Byte1
   280                      <       	BNE		L_CheckAddress1?
   281                      <       	INC		R_ChecksumResult + 2				;Result Byte3
   282                      <       	BNE		L_CheckAddress1?
   283                      <       	INC		R_ChecksumResult + 3				;Result Byte4
   284                      <       		
   285                      <       L_CheckAddress1?:
   286                      <       	LDA		R_ChecksumAddrPtr + 1				;Address Pointer HB
   287                      <       	CMP		#.HIGH.D_Bank0UserRomEndAddr		;End High Byte
   288                      <       	BNE		L_IncreaseAdd1?
   289                      <       	
   290                      <       	LDA		R_ChecksumAddrPtr						;Address Pointer LB
   291                      <       	CMP		#.LOW.D_Bank0UserRomEndAddr			;End Low Byte
   292                      <       	BEQ		L_ExitRomSum1?
   293                      <       	
   294                      <       L_IncreaseAdd1?:
   295                      <       	INC		R_ChecksumAddrPtr						;Address Pointer LB
   296                      <       	BNE		L_ChecksumLoop1?
   297                      <       	INC		R_ChecksumAddrPtr + 1				;Address Pointer HB
   298                      <       	JMP		L_ChecksumLoop1?	
   299                      <       		
   300                      <       L_ExitRomSum1?:	
   301                      <       
   302                      <       ;===================NMI & Reset Vector==================================================		
   303                      <       	LDA		#.HIGH.D_NMIandResetVectorStartAddr
   304                      <       	STA		R_ChecksumAddrPtr + 1				; Start High Byte
   305                      <       	LDA		#.LOW.D_NMIandResetVectorStartAddr
   306                      <       	STA		R_ChecksumAddrPtr						;Start Low Byte
   307                      <       		
   308                      <       L_ChecksumLoop2?
   309                      <       	STA		P_WDT_Flag_Clear		
   310                      <       	CLC
   311                      <       	LDA		(R_ChecksumAddrPtr),Y
   312                      <       	ADC		R_ChecksumResult						;Result Low Byte
   313                      <       	STA		R_ChecksumResult						;Result Low Byte
   314                      <       	BCC		L_CheckAddress2?
   315                      <       	INC		R_ChecksumResult + 1				;Result Byte2
   316                      <       	BNE		L_CheckAddress2?
   317                      <       	INC		R_ChecksumResult + 2				;Result Byte3
   318                      <       	BNE		L_CheckAddress2?
   319                      <       	INC		R_ChecksumResult + 3				;Result Byte4
   320                      <       		
   321                      <       L_CheckAddress2?:
   322                      <       	LDA		R_ChecksumAddrPtr + 1				;Address Pointer HB
   323                      <       	CMP		#.HIGH.D_NMIandResetVectorEndAddr	;End High Byte
   324                      <       	BNE		L_IncreaseAdd2?
   325                      <       	
   326                      <       	LDA		R_ChecksumAddrPtr						;Address Pointer LB
   327                      <       	CMP		#.LOW.D_NMIandResetVectorEndAddr	;End Low Byte
   328                      <       	BEQ		L_ExitRomSum2?
   329                      <       	
   330                      <       L_IncreaseAdd2?:
   331                      <       	INC		R_ChecksumAddrPtr						;Address Pointer LB
   332                      <       	BNE		L_ChecksumLoop2?
   333                      <       	INC		R_ChecksumAddrPtr + 1				;Address Pointer HB
   334                      <       	JMP		L_ChecksumLoop2?	
   335                      <       		
   336                      <       L_ExitRomSum2?:	
   337                      <       ;;=====================Bank area================================================		
   338                      <       	
   339                      <       	.ENDM
   340                      <       ;================================================================================
   341                      <       
   342                      <       			.ENDIF
   343                      <       .ENDIF
   344                      <       	.ENDIF
   345                      <       	
   346                              ;.INCLUDE	GPL815P.inc
   347                              ;.INCLUDE	sys\System.inc
   348                              ;.INCLUDE	define.inc
   349                              
   350                              ;==========================================
   351                              ; Constant define area
   352                              ;==========================================
   353                              ;~~~~~~~~~~~~~~~~~~~~~~~~~~~~~~~~~~~~~~~~~~~
   354                              I2C_SDA:	.equ		00010000B		;PD4 - SDA竘褐栚鎢
   355                              I2C_SCL:	.equ		00001000B		;PD3 - SCL竘褐栚鎢
   356                              I2C_SCL_SDA_VAL: .EQU	00011000B	; PD4+PD3郪磁离弇硉
   357                              P_I2C_Dat:	.equ		P_IO_PortD_Data
   358                              
   359                              
   360                              C_SlaveAddr: .EQU		10001000b;00100000b; [RDA5708]; //00100000b;[QN8035];//10100000b;[24c01];//10001010b;[STHTV4]	;け璃華硊 
   361                              C_Write:	 .EQU		00000000b
   362                              C_Read:		 .EQU		00000001b
   363                              ;==========================================
   364                              ; External declare area
   365                              ;==========================================
   366                              
   367                              
   368                              
   369                              
   370                              ;==========================================
   371                              ; Public declare area
   372                              ;==========================================
   373                              .PUBLIC		R_Wbuff
   374                              .PUBLIC		R_Wbuff1
   375                              .PUBLIC		P_IOB_DIR_Map
   376                              .PUBLIC		P_IOC_DIR_Map
   377                              .PUBLIC		P_IOD_DIR_Map
   378                              .PUBLIC		P_IOA_DIR_Map
   379                              .PUBLIC		P_IOA_Attrib_Map	
   380                              .PUBLIC		R_SaveData
   381                              .PUBLIC		R_PortD_Data_Buf
   382                              ;==========================================
   383                              ;Variable RAM declare area
   384                              ;==========================================
   385 000000B6                     .PAGE0
   386 000000B6 FF                  R_Wbuff				.DS	1
   387 000000B7 FF                  R_Wbuff1			.ds	1
   388 000000B8 FF                  P_IOB_DIR_Map		.DS	1		;
   389 000000B9 FF                  P_IOC_DIR_Map		.DS	1		;
   390 000000BA FF                  P_IOD_DIR_Map		.DS	1		;
   391 000000BB FF                  P_IOA_DIR_Map		.DS	1	
   392 000000BC FF                  R_PortD_Data_Buf	ds	1
   393                              
   394 000000BD FF                  P_IOA_Attrib_Map	ds	1
   395 000000BE FF FF FF FF         R_SaveData			ds	6
                FF FF      
   396 000000C4 FF                  R_ACK_Timeout		ds	1
   397 000000C5 FF                  R_ACK_Err			ds	1
   398                              ;==========================================
   399                              ; code starting 
   400                              ;==========================================
   401 0000EEA5                     .CODE
   402                              ;-------------SetIO Pin------------------------
   403                              ;***************************************
   404 0000EEA5                     B_SDA_0:	;Set SDA output L
   405 0000EEA5 A5 BA               		LDA		P_IOD_DIR_Map
   406 0000EEA7 09 10               		ORA		#I2C_SDA
   407 0000EEA9 85 BA               		STA		P_IOD_DIR_Map
   408 0000EEAB 85 11               		STA		P_IO_PortD_Dir
   409 0000EEAD A5 BC               		LDA		R_PortD_Data_Buf
   410 0000EEAF 29 EF               		AND		#.not.I2C_SDA
   411 0000EEB1 85 BC               		STA		R_PortD_Data_Buf
   412 0000EEB3 85 13               		STA		P_IO_PortD_Data
   413 0000EEB5 60                  			RTS			
   414                              ;***************************************
   415                              .public			B_SDA_1
   416 0000EEB6                     B_SDA_1:	;Set SDA output H
   417 0000EEB6 A5 BA               		LDA		P_IOD_DIR_Map
   418 0000EEB8 09 10               		ORA		#I2C_SDA
   419 0000EEBA 85 BA               		STA		P_IOD_DIR_Map
   420 0000EEBC 85 11               		STA		P_IO_PortD_Dir
   421 0000EEBE A5 BC               		LDA		R_PortD_Data_Buf
   422 0000EEC0 09 10               		ORA		#I2C_SDA
   423 0000EEC2 85 BC               		STA		R_PortD_Data_Buf
   424 0000EEC4 85 13               		STA		P_IO_PortD_Data
   425 0000EEC6 60                  			RTS	
   426                              ;***************************************			
   427 0000EEC7                     B_SCL_0:	;Set SCL output L
   428 0000EEC7 A5 BA               		LDA		P_IOD_DIR_Map
   429 0000EEC9 09 08               		ORA		#I2C_SCL
   430 0000EECB 85 BA               		STA		P_IOD_DIR_Map
   431 0000EECD 85 11               		STA		P_IO_PortD_Dir
   432 0000EECF A5 BC               		LDA		R_PortD_Data_Buf
   433 0000EED1 29 F7               		AND		#.not.I2C_SCL
   434 0000EED3 85 BC               		STA		R_PortD_Data_Buf
   435 0000EED5 85 13               		STA		P_IO_PortD_Data
   436 0000EED7 60                  		RTS	
   437                              ;***************************************
   438                              .PUBLIC		B_SCL_1
   439 0000EED8                     B_SCL_1:	;Set SCL output H
   440 0000EED8 A5 BA               		LDA		P_IOD_DIR_Map
   441 0000EEDA 09 08               		ORA		#I2C_SCL
   442 0000EEDC 85 BA               		STA		P_IOD_DIR_Map
   443 0000EEDE 85 11               		STA		P_IO_PortD_Dir
   444 0000EEE0 A5 BC               		LDA		R_PortD_Data_Buf
   445 0000EEE2 09 08               		ORA		#I2C_SCL
   446 0000EEE4 85 BC               		STA		R_PortD_Data_Buf
   447 0000EEE6 85 13               		STA		P_IO_PortD_Data
   448 0000EEE8 60                  		RTS	
   449                              ;***************************************			
   450 0000EEE9                     B_SCLSDA_0:	;Set SCL & SDA output L
   451 0000EEE9 A5 BA               		LDA		P_IOD_DIR_Map
   452 0000EEEB 09 18               		ORA		#I2C_SCL_SDA_VAL
   453 0000EEED 85 BA               		STA		P_IOD_DIR_Map
   454 0000EEEF 85 11               		STA		P_IO_PortD_Dir
   455 0000EEF1 A5 BC               		LDA		R_PortD_Data_Buf
   456 0000EEF3 29 E7               		AND		#.not.I2C_SCL_SDA_VAL
   457 0000EEF5 85 BC               		STA		R_PortD_Data_Buf
   458 0000EEF7 85 13               		STA		P_IO_PortD_Data		;SCL
   459 0000EEF9 60                  		RTS				
   460                              ;***************************************			
   461 0000EEFA                     B_SCLSDA_1:	;Set SCL & SDA output H
   462 0000EEFA A5 BA               		LDA		P_IOD_DIR_Map
   463 0000EEFC 09 18               		ORA		#I2C_SCL_SDA_VAL
   464 0000EEFE 85 BA               		STA		P_IOD_DIR_Map
   465 0000EF00 85 11               		STA		P_IO_PortD_Dir
   466 0000EF02 A5 BC               		LDA		R_PortD_Data_Buf
   467 0000EF04 09 18               		ORA		#I2C_SCL_SDA_VAL
   468 0000EF06 85 BC               		STA		R_PortD_Data_Buf
   469 0000EF08 85 13               		STA		P_IO_PortD_Data		;SCL
   470 0000EF0A 60                  		RTS	
   471                              ;***************************************
   472                              .PUBLIC		B_SDA_F
   473 0000EF0B                     B_SDA_F:	;Release SDA so the slave can drive ACK/data bits
   474 0000EF0B A5 BA               		LDA		P_IOD_DIR_Map
   475 0000EF0D 29 EF               		AND		#.not.I2C_SDA
   476 0000EF0F 85 BA               		STA		P_IOD_DIR_Map
   477 0000EF11 85 11               		STA		P_IO_PortD_Dir
   478 0000EF13 A5 BC               		LDA		R_PortD_Data_Buf
   479 0000EF15 09 10               		ORA		#I2C_SDA
   480 0000EF17 85 BC               		STA		R_PortD_Data_Buf
   481 0000EF19 85 13               		STA		P_IO_PortD_Data		;SDA
   482 0000EF1B 60                  		RTS
   483                              
   484                              
   485                              ; 導 PA4/PA5 唳掛腔蛁庋妗珋眒痄壺ㄛ絞ゴ茞璃嘐隅峈 PD3=SCL﹜PD4=SDA﹝
   486 0000EF1C                     F_I2C_Delay:
   487 0000EF1C A9 00               		LDA		#00
   488 0000EF1E 85 0F               	   STA	   P_WDT_Flag_Clear
   489 0000EF20 EA                  		NOP
   490 0000EF21 EA                  		NOP
   491 0000EF22 EA                  		NOP
   492 0000EF23 EA                  		NOP
   493 0000EF24 EA                  		NOP
   494 0000EF25 EA                  		NOP
   495 0000EF26 EA                  		NOP
   496 0000EF27 EA                  		NOP
   497 0000EF28 EA                  		NOP
   498 0000EF29 EA                  		NOP
   499 0000EF2A EA                  		NOP
   500 0000EF2B EA                  		NOP
   501 0000EF2C EA                  		NOP
   502 0000EF2D EA                  		NOP
   503 0000EF2E EA                  		NOP
   504 0000EF2F EA                  		NOP
   505 0000EF30 EA                  		NOP
   506 0000EF31 EA                  		NOP
   507                              
   508 0000EF32 60                  			RTS
   509                              ;=========================================================
   510                              .PUBLIC	F_IIC_start			
   511                              ;****************************************			
   512 0000EF33                     F_IIC_start:	; SCL == H, SDA = H to L
   513 0000EF33 20 FA EE            		JSR		B_SCLSDA_1
   514 0000EF36 20 1C EF            		JSR		F_I2C_Delay
   515 0000EF39 20 1C EF            		JSR		F_I2C_Delay
   516 0000EF3C 20 A5 EE            		JSR		B_SDA_0
   517 0000EF3F 20 1C EF            		JSR		F_I2C_Delay
   518 0000EF42 20 1C EF            		JSR		F_I2C_Delay	
   519 0000EF45 60                  			RTS
   520                              ;=========================================================
   521                              .PUBLIC	F_IIC_stop				
   522                              ;****************************************			
   523 0000EF46                     F_IIC_stop:		; SCL == L, SDA = L to H
   524 0000EF46 20 E9 EE            		JSR		B_SCLSDA_0
   525 0000EF49 20 1C EF            		JSR		F_I2C_Delay
   526 0000EF4C 20 D8 EE            		JSR		B_SCL_1
   527 0000EF4F 20 1C EF            		JSR		F_I2C_Delay
   528 0000EF52 20 B6 EE            		JSR		B_SDA_1
   529 0000EF55 20 1C EF            		JSR		F_I2C_Delay	
   530 0000EF58 60                  			RTS	
   531                              ;=========================================================
   532                              .PUBLIC	F_IIC_Set8bit			
   533                              ;****************************************	
   534 0000EF59                     F_IIC_Set8bit:	; Y = input 8bit data value	
   535 0000EF59 20 C7 EE            		JSR		B_SCL_0
   536 0000EF5C 20 1C EF            		JSR		F_I2C_Delay
   537                              		;X = bit count; Y = be write byte
   538 0000EF5F A2 08               		LDX		#8
   539 0000EF61                     	?loop:	
   540 0000EF61 98                  		TYA               ; 珂參Y樓婥善Aㄛ祥党蜊Y
   541 0000EF62 29 80               		AND		#0x80        ; 枑龰郔詢弇ㄗ0x80=10000000Bㄘ
   542 0000EF64 F0 06               		BEQ		?set_0       ; 郔詢弇峈0 ↙ 楷0
   543 0000EF66                     	?set_1:	
   544 0000EF66 20 B6 EE            		JSR		B_SDA_1		
   545 0000EF69 4C 6F EF            		JMP		?next
   546 0000EF6C                     	?set_0:
   547 0000EF6C 20 A5 EE            		JSR		B_SDA_0
   548 0000EF6F                     	?next:	
   549 0000EF6F 20 1C EF            		JSR		F_I2C_Delay
   550 0000EF72 20 D8 EE            		JSR		B_SCL_1
   551 0000EF75 20 1C EF            		JSR		F_I2C_Delay
   552 0000EF78 20 C7 EE            		JSR		B_SCL_0
   553 0000EF7B 20 1C EF            		JSR		F_I2C_Delay
   554                              		; 痄弇紱釬溫婓郔綴ㄗ瓚剿俇婬痄弇ㄘ
   555 0000EF7E 98                  		TYA
   556 0000EF7F 0A                  		ASL		A			; 酘痄1弇ㄛ袧掘狟珨弇
   557 0000EF80 A8                  		TAY	
   558 0000EF81 CA                  		DEX		
   559 0000EF82 D0 DD               		BNE		?loop	
   560 0000EF84 60                  		RTS	
   561                              ;		TYA
   562                              ;		ASL		A			;植詢善腴羲宎換
   563                              ;	;	LSR		A			;植腴善詢羲宎換
   564                              ;		TAY	
   565                              ;		BCS		?set_1
   566                              ;	?set_0:
   567                              ;		JSR		B_SDA_0
   568                              ;		JMP		?next
   569                              ;	?set_1:	
   570                              ;		JSR		B_SDA_1		
   571                              ;	?next:	
   572                              ;		JSR		F_I2C_Delay
   573                              ;		JSR		B_SCL_1
   574                              ;		JSR		F_I2C_Delay
   575                              ;		JSR		B_SCL_0
   576                              ;		JSR		F_I2C_Delay
   577                              ;		DEX		
   578                              ;		BNE		?loop	
   579                              ;			RTS
   580                              ;=========================================================	
   581                              .PUBLIC	F_IIC_get8bit			
   582                              ;****************************************			
   583 0000EF85                     F_IIC_get8bit:	; Y = output 8bit data value
   584                              		;扢离SDA諳峈Input floating袨怓
   585 0000EF85 20 0B EF            		JSR		B_SDA_F
   586                              		;X桶尨bit腔跺杅,Y桶尨黍堤腔硉
   587 0000EF88 A2 08               		LDX		#8
   588 0000EF8A A0 00               		LDY		#0
   589 0000EF8C                     	?loop:
   590                              		; SCK = 1 and Delay		
   591 0000EF8C 20 D8 EE            		JSR		B_SCL_1
   592 0000EF8F 20 1C EF            		JSR		F_I2C_Delay
   593 0000EF92 20 1C EF            		JSR		F_I2C_Delay
   594                              		; Get SDA and Save to Y
   595 0000EF95 A5 13               		LDA		P_I2C_Dat
   596 0000EF97 29 10               		AND		#I2C_SDA
   597 0000EF99 C9 10               		CMP		#I2C_SDA
   598 0000EF9B 98                  		TYA
   599 0000EF9C 2A                  		ROL		A			;植詢善腴諉彶
   600                              	;	ROR		A			;植腴善詢諉彶
   601 0000EF9D A8                  		TAY
   602                              		;SCK = 0 and Delay
   603 0000EF9E 20 C7 EE            		JSR		B_SCL_0
   604 0000EFA1 20 1C EF            		JSR		F_I2C_Delay	
   605 0000EFA4 20 1C EF            		JSR		F_I2C_Delay
   606                              		; Check finish of 8 bit move out or not
   607 0000EFA7 CA                  		DEX
   608 0000EFA8 D0 E2               		BNE		?loop
   609                              		;扢离SDA output	low, 諉狟懂岆SACK麼SNACK,
   610 0000EFAA 20 A5 EE            		JSR		B_SDA_0		
   611 0000EFAD 60                  			RTS	
   612                              ;=========================================================
   613                              .PUBLIC	F_ACK	;楷冞ACK
   614                              ;****************************************			
   615 0000EFAE                     F_ACK:	;Check ACK & Send ACK [[no check ACK but only wait one scycle]]
   616 0000EFAE 20 A5 EE            		JSR		B_SDA_0
   617 0000EFB1 20 1C EF            		JSR		F_I2C_Delay
   618 0000EFB4 20 D8 EE            		JSR		B_SCL_1
   619 0000EFB7 20 1C EF            		JSR		F_I2C_Delay
   620 0000EFBA 20 C7 EE            		JSR		B_SCL_0
   621 0000EFBD 20 1C EF            		JSR		F_I2C_Delay
   622 0000EFC0 20 1C EF            		JSR		F_I2C_Delay
   623 0000EFC3 60                  			RTS	
   624                              ;=========================================================
   625                              .PUBLIC	F_RACK  ;諉彶ACK
   626                              ;****************************************						
   627 0000EFC4                     F_RACK:
   628 0000EFC4 20 0B EF            		JSR		B_SDA_F
   629 0000EFC7 20 1C EF            		JSR		F_I2C_Delay	
   630                              		;------------------------
   631 0000EFCA A9 00               		LDA		#0		
   632 0000EFCC 85 C5               		STA		R_ACK_Err
   633 0000EFCE 85 C4               		STA		R_ACK_Timeout	
   634 0000EFD0 20 D8 EE            		JSR		B_SCL_1
   635 0000EFD3 20 1C EF            		JSR		F_I2C_Delay
   636 0000EFD6                     	?wait:	
   637 0000EFD6 A9 00               		LDA		#00
   638 0000EFD8 85 0F               	   STA	   P_WDT_Flag_Clear
   639                              
   640 0000EFDA E6 C4               		INC		R_ACK_Timeout
   641                              		
   642 0000EFDC A5 C4               		LDA		R_ACK_Timeout
   643 0000EFDE C9 80               		CMP		#0x80			; 閉奀蓒硉ㄗ褫覃淕ㄛ⺼0x80＞1msㄛ剒⑤饜斕腔F_I2C_Delay奀酗ㄘ
   644 0000EFE0 B0 14               		BCS		?ACK_Timeout
   645                              		
   646 0000EFE2 A5 13               		LDA		P_I2C_Dat	
   647 0000EFE4 29 10               		AND		#I2C_SDA
   648 0000EFE6 D0 EE               		BNE		?wait
   649                              		
   650                              	;	BNE		?FailRACK
   651 0000EFE8 20 C7 EE            		JSR		B_SCL_0
   652 0000EFEB 20 1C EF            		JSR		F_I2C_Delay
   653 0000EFEE 20 1C EF            		JSR		F_I2C_Delay
   654                              		;扢离SDA output	low,
   655 0000EFF1 20 A5 EE            		JSR		B_SDA_0
   656 0000EFF4 38                  		SEC				; ACK received
   657 0000EFF5 60                  		RTS
   658 0000EFF6                     	?ACK_Timeout:
   659 0000EFF6 A9 01               		LDA		#0x01	
   660 0000EFF8 85 C5               		STA		R_ACK_Err
   661 0000EFFA 20 C7 EE            		JSR		B_SCL_0
   662 0000EFFD 20 1C EF            		JSR		F_I2C_Delay
   663 0000F000 20 1C EF            		JSR		F_I2C_Delay
   664 0000F003 20 A5 EE            		JSR		B_SDA_0
   665 0000F006 18                  		CLC				; ACK timeout / NAK
   666 0000F007 60                  		RTS
   667                              
   668                              
   669                              			
   670                              ;=========================================================	
   671                              .PUBLIC F_NACK	;楷冞NACK		
   672                              ;****************************************			
   673 0000F008                     F_NACK: ;Send NACK
   674 0000F008 20 B6 EE            		JSR		B_SDA_1
   675 0000F00B 20 1C EF            		JSR		F_I2C_Delay
   676 0000F00E 20 D8 EE            		JSR		B_SCL_1
   677 0000F011 20 1C EF            		JSR		F_I2C_Delay
   678 0000F014 20 C7 EE            		JSR		B_SCL_0
   679 0000F017 20 1C EF            		JSR		F_I2C_Delay
   680 0000F01A 60                  			RTS	
   681                              			
   682                              ;****************************************************************************************
   683                              ;滲杅靡備: F_I2C_Initial
   684                              ;髡夔鏡扴: 場宎I2C_SCK,I2C_SDA謗跺IO峈output high
   685                              ;****************************************************************************************
   686                              .PUBLIC F_I2C_Initial
   687                              ;~~~~~~~~~~~~~~~~~~~~~~~~
   688 0000F01B                     F_I2C_Initial:				
   689                              ;		LDA		P_12C_DirMap
   690                              ;		ORA		#(I2C_SCK+I2C_SDA)
   691                              ;		STA		P_12C_DirMap
   692                              ;		STA		P_I2C_Dir			
   693                              	
   694                              ;		LDA		P_12C_DatMap
   695                              ;		ORA		#(I2C_SCK+I2C_SDA)
   696                              ;		STA		P_12C_DatMap
   697                              ;		STA		P_I2C_Dat
   698 0000F01B 60                  			RTS			
   699                              ;******************************************************************************************************
   700                              ; 靡    備: F_I2C_WriteData
   701                              ; 怀    ⻌: A->扢掘腔杻忷敵湔け華硊; X->迡⻌腔硉
   702                              ; 怀    堤:			
   703                              ; 鏡    扴: 勤I2C扢掘迡⻌1跺byte杅擂
   704                              ;*****************************************************************************************************
   705                              .PUBLIC	F_I2C_WriteData			
   706                              ;~~~~~~~~~~~~~~~~~~~~	
   707 0000F01C                     F_I2C_WriteData: ;扢掘華硊酗僅1 byte; 杅擂酗僅1 word
   708                              ;		STA		R_Wbuff+0
   709 0000F01C 86 B7               		STX		R_Wbuff1		
   710 0000F01E 20 33 EF            		JSR		F_IIC_start		
   711 0000F021 A0 88               		LDY		#(C_SlaveAddr+C_Write)
   712 0000F023 20 59 EF            		JSR		F_IIC_Set8bit
   713                              ;		JSR		F_ACK	
   714                              		
   715                              ;		LDY		R_Wbuff+0
   716                              ;		JSR		F_IIC_Set8bit
   717                              ;		JSR		F_ACK
   718 0000F026 20 C4 EF            		JSR		F_RACK		
   719 0000F029 A5 C5               		LDA		R_ACK_Err
   720 0000F02B D0 10               		BNE		I2C_Write_Err	; 閉奀/拸茼湘ㄛ泐蛌善渣昫揭燴
   721                              			
   722 0000F02D A4 B7               		LDY		R_Wbuff1		
   723 0000F02F 20 59 EF            		JSR		F_IIC_Set8bit	
   724 0000F032 20 C4 EF            		JSR		F_RACK                    ; 潰聆杅擂茼湘
   725 0000F035 A5 C5               		LDA		R_ACK_Err
   726 0000F037 D0 04               		BNE		I2C_Write_Err            ; 杅擂拸茼湘ㄛ泐蛌善渣昫揭燴		
   727 0000F039 20 46 EF            		JSR		F_IIC_stop
   728                              		
   729 0000F03C 60                  		RTS
   730 0000F03D                     	I2C_Write_Err:
   731 0000F03D 20 46 EF            		JSR		F_IIC_stop
   732 0000F040 60                  		RTS
   733                              ;******************************************************************************************************
   734                              ; 靡    備: F_I2C_ReadData
   735                              ; 怀    ⻌: A->扢掘腔杻忷敵湔け華硊;
   736                              ; 怀    堤:	R_Wbuff+0		
   737                              ; 鏡    扴: 黍堤I2C扢掘敵湔け1跺byte杅擂
   738                              ;*****************************************************************************************************
   739                              .PUBLIC	F_I2C_ReadData			
   740                              ;~~~~~~~~~~~~~~~~~~~~
   741 0000F041                     F_I2C_ReadData:
   742                              ;		STA		R_Wbuff+0
   743                              ;		PHA
   744                              ;		TXA
   745                              ;		PHA
   746                              ;		TYA
   747                              ;		PHA	
   748                              ;		JSR		F_IIC_start         
   749                              ;		LDY		R_Wbuff+0
   750                              ;		JSR		F_IIC_Set8bit
   751                              ;		JSR		F_ACK
   752                              ;		JSR		F_IIC_stop		
   753 0000F041 20 33 EF            		JSR		F_IIC_start ; 笭陔ぎ雄I2C軞盄
   754 0000F044 A0 89               		LDY		#(C_SlaveAddr+C_Read)
   755 0000F046 20 59 EF            		JSR		F_IIC_Set8bit
   756                              ;		JSR		F_ACK	
   757 0000F049 20 C4 EF            		JSR		F_RACK
   758 0000F04C A5 C5               		LDA		R_ACK_Err
   759 0000F04E D0 ED               		BNE		I2C_Write_Err	; 閉奀/拸茼湘
   760                              			
   761 0000F050 20 85 EF            		JSR		F_IIC_get8bit
   762 0000F053 84 BE               		STY		R_SaveData+0
   763 0000F055 20 AE EF            		JSR		F_ACK	
   764                              		
   765 0000F058 20 85 EF            		JSR		F_IIC_get8bit
   766 0000F05B 84 BF               		STY		R_SaveData+1
   767 0000F05D 20 AE EF            		JSR		F_ACK
   768                              		
   769 0000F060 20 85 EF            		JSR		F_IIC_get8bit
   770 0000F063 84 C0               		STY		R_SaveData+2
   771 0000F065 20 AE EF            		JSR		F_ACK		
   772                              		
   773 0000F068 20 85 EF            		JSR		F_IIC_get8bit
   774 0000F06B 84 C1               		STY		R_SaveData+3
   775 0000F06D 20 AE EF            		JSR		F_ACK	
   776                              		
   777 0000F070 20 85 EF            		JSR		F_IIC_get8bit
   778 0000F073 84 C2               		STY		R_SaveData+4
   779 0000F075 20 AE EF            		JSR		F_ACK		
   780                              		
   781 0000F078 20 85 EF            		JSR		F_IIC_get8bit
   782 0000F07B 84 C3               		STY		R_SaveData+5
   783 0000F07D 20 08 F0            		JSR		F_NACK
   784                              		
   785 0000F080 20 46 EF            		JSR		F_IIC_stop
   786                              		
   787                              
   788                              	;-------------------
   789                              ;		PLA
   790                              ;		TAY
   791                              ;		PLA
   792                              ;		TAX
   793                              ;		PLA	
   794 0000F083 60                  			RTS
   795                              		
   796                              	
   797                              
   798                              ;============================================================================================================
   799                              .END
0 Error(s), 0 Warning(s).

