0x00000001;GPL813P01Cx@GPL813x.inc
0x00000001;GPL813X_Body_inc@GPL813x.inc
0x00000000;GPL813P01Ax@GPL813x.inc
0x00000000;GPL813P01Bx@GPL813x.inc
0x00000001;GPL813X@GPL813x.inc
0x00000000;P_IO_PortA_Dir@GPL813x.inc
0x00000002;P_IO_PortA_Data@GPL813x.inc
0x00000010;P_IO_PortB_Dir@GPL813x.inc
0x00000012;P_IO_PortB_Data@GPL813x.inc
0x00000014;P_IO_PortB_Attrib@GPL813x.inc
0x00000001;P_IO_PortC_Dir@GPL813x.inc
0x00000005;P_IO_PortC_Data@GPL813x.inc
0x00000003;P_IO_PortE_Data@GPL813x.inc
0x00000004;P_IO_PortE_DataLatch@GPL813x.inc
0x00000006;P_IO_Ctrl@GPL813x.inc
0x0000000B;P_IO_PortE_Dir@GPL813x.inc
0x00000015;P_IO_PortD_Attrib@GPL813x.inc
0x00000011;P_IO_PortD_Dir@GPL813x.inc
0x00000013;P_IO_PortD_Data@GPL813x.inc
0x00000008;P_WAKEUP_Ctrl@GPL813x.inc
0x00000020;D_WakeupTimer1@GPL813x.inc
0x00000010;D_WakeupTimer0@GPL813x.inc
0x00000008;D_WakeupTMBB@GPL813x.inc
0x00000004;D_Wakeup128Hz@GPL813x.inc
0x00000002;D_WakeupTMBA@GPL813x.inc
0x00000001;D_WakeupKey@GPL813x.inc
0x00000009;P_SYSTEM_Ctrl@GPL813x.inc
0x0000000A;P_TIMER_TimeBase_Sel@GPL813x.inc
0x00000022;P_TIMER_Timer0_Ctrl@GPL813x.inc
0x00000080;D_TimerEn@GPL813x.inc
0x00000000;D_TimerRiseEdge@GPL813x.inc
0x00000040;D_TimerFallEdge@GPL813x.inc
0x00000000;D_TimerSrcExtA@GPL813x.inc
0x00000020;D_TimerSrcExtA2@GPL813x.inc
0x00000000;D_TimerSrcA_HF@GPL813x.inc
0x00000001;D_TimerSrcA_HFDIV@GPL813x.inc
0x00000002;D_TimerSrcA_EXT@GPL813x.inc
0x00000003;D_TimerSrcA_VDD@GPL813x.inc
0x00000000;D_TimerSrcB_LF@GPL813x.inc
0x00000004;D_TimerSrcB_TMX@GPL813x.inc
0x00000008;D_TimerSrcB_EXTA@GPL813x.inc
0x0000000C;D_TimerSrcB_VDD@GPL813x.inc
0x00000020;P_TIMER_TM0Data_LB@GPL813x.inc
0x00000021;P_TIMER_TM0Data_HB@GPL813x.inc
0x00000023;P_TIMER_TM0Load_Ctrl@GPL813x.inc
0x00000025;P_TIMER_TM1Data@GPL813x.inc
0x00000026;P_TIMER_Timer1_Ctrl@GPL813x.inc
0x00000080;D_Timer1En@GPL813x.inc
0x00000000;D_Timer1_LSCK@GPL813x.inc
0x00000001;D_Timer1_TMBB@GPL813x.inc
0x00000002;D_Timer1_HSCK@GPL813x.inc
0x00000003;D_Timer1_HFDIV@GPL813x.inc
0x00000027;P_TIMER_TM1Load_Ctrl@GPL813x.inc
0x00000018;P_CLK_CPU_Ctrl@GPL813x.inc
0x000000E0;D_RCHF_Msk@GPL813x.inc
0x00000000;D_RCHF225K@GPL813x.inc
0x00000040;D_RCHF500K@GPL813x.inc
0x00000080;D_RCHF1800K@GPL813x.inc
0x000000C0;D_RCHF1000K@GPL813x.inc
0x00000020;D_RCHF4000K@GPL813x.inc
0x00000007;D_CPU_Msk@GPL813x.inc
0x00000000;D_CPU_HF@GPL813x.inc
0x00000001;D_CPU_HF2@GPL813x.inc
0x00000002;D_CPU_HF4@GPL813x.inc
0x00000003;D_CPU_HF8@GPL813x.inc
0x00000004;D_CPU_HF16@GPL813x.inc
0x0000001A;P_CLK_HFDIV_Ctrl@GPL813x.inc
0x0000000C;P_CLK_32768_En@GPL813x.inc
0x00000000;D_LFEnable@GPL813x.inc
0x00000080;D_LFDisable@GPL813x.inc
0x00000004;D_X32K_WEAK@GPL813x.inc
0x00000002;D_X32K_STRO@GPL813x.inc
0x00000001;D_CAP_EN@GPL813x.inc
0x00000000;D_CAP_DIS@GPL813x.inc
0x0000000D;P_INT_Ctrl@GPL813x.inc
0x000000FF;D_IntMask@GPL813x.inc
0x00000080;D_Ext2Int@GPL813x.inc
0x00000040;D_LvdInt@GPL813x.inc
0x00000020;D_Timer0Int@GPL813x.inc
0x00000010;D_TMBBInt@GPL813x.inc
0x00000008;D_TMBAInt@GPL813x.inc
0x00000004;D_128HzInt@GPL813x.inc
0x00000002;D_2KHzInt@GPL813x.inc
0x00000001;D_ExtInt@GPL813x.inc
0x00000041;P_INT_2KHz_Clear@GPL813x.inc
0x00000042;P_INT_128Hz_Clear@GPL813x.inc
0x00000043;P_INT_TimeBaseA_Clear@GPL813x.inc
0x00000044;P_INT_TimeBaseB_Clear@GPL813x.inc
0x00000045;P_INT_Timer0_Clear@GPL813x.inc
0x00000040;P_INT_Ext_Clear@GPL813x.inc
0x0000002D;P_INT_Ctrl2@GPL813x.inc
0x00000003;D_Int2Mask@GPL813x.inc
0x00000001;D_Timer1Int@GPL813x.inc
0x00000047;P_INT_Ext2_Clear@GPL813x.inc
0x00000048;P_INT_Timer1_Clear@GPL813x.inc
0x00000007;P_LCD_Ctrl@GPL813x.inc
0x000000FD;D_LcdConfigMask@GPL813x.inc
0x00000088;D_Duty_1_8@GPL813x.inc
0x000000C8;D_Duty_1_6@GPL813x.inc
0x00000004;D_Duty_1_5@GPL813x.inc
0x00000044;D_Duty_1_4@GPL813x.inc
0x00000084;D_Duty_1_3@GPL813x.inc
0x00000000;D_Bias_1_4@GPL813x.inc
0x00000020;D_Bias_1_3@GPL813x.inc
0x00000010;D_Bias_1_2@GPL813x.inc
0x00000001;D_ScanEnable@GPL813x.inc
0x00000019;P_LCD_VLCD_Ctrl@GPL813x.inc
0x00000030;D_Halt_Normal@GPL813x.inc
0x00000020;D_Halt_Green@GPL813x.inc
0x00000000;D_VLCD_28@GPL813x.inc
0x00000001;D_VLCD_30@GPL813x.inc
0x00000002;D_VLCD_33@GPL813x.inc
0x00000003;D_VLCD_VDD@GPL813x.inc
0x0000000F;P_WDT_Flag_Clear@GPL813x.inc
0x0000000E;P_Reset_Status@GPL813x.inc
0x00000001;D_FlagC@GPL813x.inc
0x00000002;D_FlagON@GPL813x.inc
0x00000016;P_AUDIO_BZ_Ctrl@GPL813x.inc
0x00000080;D_C32KOUT@GPL813x.inc
0x00000002;D_Buzzer1@GPL813x.inc
0x00000001;D_Buzzer0@GPL813x.inc
0x0000001B;P_LVD_Ctrl@GPL813x.inc
0x00000001;D_LVD_State@GPL813x.inc
0x00000000;D_LVD_22@GPL813x.inc
0x00000040;D_LVD_24@GPL813x.inc
0x00000081;D_LVD_27@GPL813x.inc
0x000000C1;D_LVD_33@GPL813x.inc
0x00000046;P_INT_LVD_Clear@GPL813x.inc
0x00000017;P_RFC_Ctrl@GPL813x.inc
0x00000080;D_EXT1EDG@GPL813x.inc
0x00000040;D_EXT2EDG@GPL813x.inc
0x00000001;D_RFCEN@GPL813x.inc
0x00003030;P_PWMIO_Ctrl@GPL813x.inc
0x00003032;P_PWMIO_IO0_DUTY@GPL813x.inc
0x00003033;P_PWMIO_IO1_DUTY@GPL813x.inc
0x00003034;P_PWMIO_IO2_DUTY@GPL813x.inc
0x00003035;P_PWMIO_IO3_DUTY@GPL813x.inc
0x0000E000;D_Bank0UserRomStartAddr@GPL813x.inc
0x0000FFDF;D_Bank0UserRomEndAddr@GPL813x.inc
0x0000FFFC;D_NMIandResetVectorStartAddr@GPL813x.inc
0x0000FFFF;D_NMIandResetVectorEndAddr@GPL813x.inc
0x00000080;C_SramAddrStart@Macro.inc
0x000000FF;C_SramAddrEnd@Macro.inc
0x00003E00;C_DPRAMAddrStart@Macro.inc
0x00003FFF;C_DPRAMAddrEnd@Macro.inc
0x00000001;D_Bit0@Macro.inc
0x00000002;D_Bit1@Macro.inc
0x00000004;D_Bit2@Macro.inc
0x00000008;D_Bit3@Macro.inc
0x00000010;D_Bit4@Macro.inc
0x00000020;D_Bit5@Macro.inc
0x00000040;D_Bit6@Macro.inc
0x00000080;D_Bit7@Macro.inc
0x00000001;C_High@Macro.inc
0x00000000;C_Input@Macro.inc
0x00000001;C_PC0Dir@Macro.inc
0x00000002;C_PC1Dir@Macro.inc
0x00000004;C_PC2Dir@Macro.inc
0x00000008;C_PC3Dir@Macro.inc
0x00000040;C_PC6Dir@Macro.inc
0x00000080;C_PC7Dir@Macro.inc
0x00000004;D_BLight@Macro.inc
0x00000008;D_Pulse@Macro.inc
0x00000020;D_LVD@Macro.inc
0x00000015;C_MusicOne@Macro.inc
0x00000016;C_MusicAll@Macro.inc
0x00000017;C_MusicStop@Macro.inc
0x0000001F;C_MinVol@Macro.inc
0x0000002D;C_MaxVol@Macro.inc
0x00000001;D_HistoryViewValid@Alarm.inc
0x00000002;D_HistoryViewTempValid@Alarm.inc
0x0000003C;C_TrendEq60Min@Alarm.inc
0x00000001;D_BatteryLow@Alarm.inc
0x00000002;D_TempTrendUp@Alarm.inc
0x00000004;D_TempTrendDown@Alarm.inc
0x00000008;D_HumTrendUp@Alarm.inc
0x00000010;D_HumTrendDown@Alarm.inc
0x00000020;D_TempTrendRefresh@Alarm.inc
0x00000040;D_HumTrendRefresh@Alarm.inc
0x00000040;D_TempHH@Alarm.inc
0x00000020;D_TempLL@Alarm.inc
0x00000010;D_Neg@Alarm.inc
0x00000008;D_TF@Alarm.inc
0x00000004;D_HumHH@Alarm.inc
0x00000002;D_HumLL@Alarm.inc
0x00000001;D_MaxTemp@Alarm.inc
0x00000002;D_MinTemp@Alarm.inc
0x00000040;HalfSecToggle@RTC.inc
0x00000020;AddSecondOnly@RTC.inc
0x00000010;AddOthers@RTC.inc
0x00000001;D_TempF@GXHTV4.inc
0x00000002;D_TempError@GXHTV4.inc
0x00000004;D_TempFReg@GXHTV4.inc
0x00000080;D_WithRTRH@GXHTV4.inc
0x00000001;D_TimeMode@LCD_Display.inc
0x00000002;D_AlarmMode@LCD_Display.inc
0x00000004;D_DateMode@LCD_Display.inc
0x00000001;D_PageStandard@LCD_Display.inc
0x00000002;D_PageHistory@LCD_Display.inc
0x00000004;D_PageMoldSet@LCD_Display.inc
0x00000001;D_HisToday@LCD_Display.inc
0x00000002;D_His48Hr@LCD_Display.inc
0x00000004;D_HisAllTm@LCD_Display.inc
0x000000A3;R_LcdTableIndex@LCD_Display.inc
0x000000A4;R_Display_Number@LCD_Display.inc
0x000000A5;R_LcdSegmentPosition@LCD_Display.inc
0x000000A6;R_Display7Times@LCD_Display.inc
0x00000002;D_SetConver@KEY.inc
0x00000004;D_SetTimeHour@KEY.inc
0x00000008;D_SetTimeMin@KEY.inc
0x00000010;D_SetTimeMax@KEY.inc
0x00000002;D_SetAlarmHour@KEY.inc
0x00000004;D_SetAlarmMin@KEY.inc
0x00000008;D_SetAlarmMax@KEY.inc
0x00000002;D_SetDateYear@KEY.inc
0x00000004;D_SetDateMonth@KEY.inc
0x00000008;D_SetDateDay@KEY.inc
0x00000010;D_SetDateMax@KEY.inc
0x00000002;D_SetHour@KEY.inc
0x00000004;D_SetMin@KEY.inc
0x00000008;D_SetMax@KEY.inc
0x00000001;D_KeyTone@KEY.inc
0x00000002;D_EnableFastAdd@KEY.inc
0x00000004;D_EnableAlarm@KEY.inc
0x00000008;D_EnableSnooze@KEY.inc
0x00000010;D_KeyRelDis@KEY.inc
0x00000020;D_ToneOn@KEY.inc
0x00000040;D_Alarming@KEY.inc
0x00000080;D_24Mode@KEY.inc
0x00000008;D_LED_ON@KEY.inc
0x0000000A;D_5SecBL@KEY.inc
0x00000004;D_2SecBL@KEY.inc
0x00000001;D_KeyFcClear@KEY.inc
0x00000002;D_KeyAllTime@KEY.inc
0x00000004;D_KeyLight@KEY.inc
0x00000008;D_KeyUnused@KEY.inc
0x00000002;C_KeyDebounce@KEY.inc
0x00000028;C_Sleep20Sec@KEY.inc
0x000000FF;C_LongKey2Sec@KEY.inc
0x00000018;C_FastAdd@KEY.inc
0x00000001;D_TimeFlag@KEY.inc
0x00000002;D_Timering_Short@KEY.inc
0x00000004;D_NoKeyTone@KEY.inc
0x00000008;D_DC@KEY.inc
0x00000010;D_EnableSnooze1@KEY.inc
0x00000088;C_SlaveAddr@D_I2C.inc
0x00000000;C_Write@D_I2C.inc
0x00000001;C_Read@D_I2C.inc
0x0000E01B;F_keyWakeup@Startup.asm
0x0000E034;F_128HzWakeUp@Startup.asm
0x0000E10E;Jump_DispAll@Startup.asm
0x0000E12D;L_ServiceLoop@Startup.asm
0x0000E163;L_Enter_Sleep2Hz@Startup.asm
0x00000001;GPL813P01Cx@GPL813x.inc
0x00000001;GPL813X_Body_inc@GPL813x.inc
0x00000000;GPL813P01Ax@GPL813x.inc
0x00000000;GPL813P01Bx@GPL813x.inc
0x00000001;GPL813X@GPL813x.inc
0x00000000;P_IO_PortA_Dir@GPL813x.inc
0x00000002;P_IO_PortA_Data@GPL813x.inc
0x00000010;P_IO_PortB_Dir@GPL813x.inc
0x00000012;P_IO_PortB_Data@GPL813x.inc
0x00000014;P_IO_PortB_Attrib@GPL813x.inc
0x00000001;P_IO_PortC_Dir@GPL813x.inc
0x00000005;P_IO_PortC_Data@GPL813x.inc
0x00000003;P_IO_PortE_Data@GPL813x.inc
0x00000004;P_IO_PortE_DataLatch@GPL813x.inc
0x00000006;P_IO_Ctrl@GPL813x.inc
0x0000000B;P_IO_PortE_Dir@GPL813x.inc
0x00000015;P_IO_PortD_Attrib@GPL813x.inc
0x00000011;P_IO_PortD_Dir@GPL813x.inc
0x00000013;P_IO_PortD_Data@GPL813x.inc
0x00000008;P_WAKEUP_Ctrl@GPL813x.inc
0x00000020;D_WakeupTimer1@GPL813x.inc
0x00000010;D_WakeupTimer0@GPL813x.inc
0x00000008;D_WakeupTMBB@GPL813x.inc
0x00000004;D_Wakeup128Hz@GPL813x.inc
0x00000002;D_WakeupTMBA@GPL813x.inc
0x00000001;D_WakeupKey@GPL813x.inc
0x00000009;P_SYSTEM_Ctrl@GPL813x.inc
0x0000000A;P_TIMER_TimeBase_Sel@GPL813x.inc
0x00000022;P_TIMER_Timer0_Ctrl@GPL813x.inc
0x00000080;D_TimerEn@GPL813x.inc
0x00000000;D_TimerRiseEdge@GPL813x.inc
0x00000040;D_TimerFallEdge@GPL813x.inc
0x00000000;D_TimerSrcExtA@GPL813x.inc
0x00000020;D_TimerSrcExtA2@GPL813x.inc
0x00000000;D_TimerSrcA_HF@GPL813x.inc
0x00000001;D_TimerSrcA_HFDIV@GPL813x.inc
0x00000002;D_TimerSrcA_EXT@GPL813x.inc
0x00000003;D_TimerSrcA_VDD@GPL813x.inc
0x00000000;D_TimerSrcB_LF@GPL813x.inc
0x00000004;D_TimerSrcB_TMX@GPL813x.inc
0x00000008;D_TimerSrcB_EXTA@GPL813x.inc
0x0000000C;D_TimerSrcB_VDD@GPL813x.inc
0x00000020;P_TIMER_TM0Data_LB@GPL813x.inc
0x00000021;P_TIMER_TM0Data_HB@GPL813x.inc
0x00000023;P_TIMER_TM0Load_Ctrl@GPL813x.inc
0x00000025;P_TIMER_TM1Data@GPL813x.inc
0x00000026;P_TIMER_Timer1_Ctrl@GPL813x.inc
0x00000080;D_Timer1En@GPL813x.inc
0x00000000;D_Timer1_LSCK@GPL813x.inc
0x00000001;D_Timer1_TMBB@GPL813x.inc
0x00000002;D_Timer1_HSCK@GPL813x.inc
0x00000003;D_Timer1_HFDIV@GPL813x.inc
0x00000027;P_TIMER_TM1Load_Ctrl@GPL813x.inc
0x00000018;P_CLK_CPU_Ctrl@GPL813x.inc
0x000000E0;D_RCHF_Msk@GPL813x.inc
0x00000000;D_RCHF225K@GPL813x.inc
0x00000040;D_RCHF500K@GPL813x.inc
0x00000080;D_RCHF1800K@GPL813x.inc
0x000000C0;D_RCHF1000K@GPL813x.inc
0x00000020;D_RCHF4000K@GPL813x.inc
0x00000007;D_CPU_Msk@GPL813x.inc
0x00000000;D_CPU_HF@GPL813x.inc
0x00000001;D_CPU_HF2@GPL813x.inc
0x00000002;D_CPU_HF4@GPL813x.inc
0x00000003;D_CPU_HF8@GPL813x.inc
0x00000004;D_CPU_HF16@GPL813x.inc
0x0000001A;P_CLK_HFDIV_Ctrl@GPL813x.inc
0x0000000C;P_CLK_32768_En@GPL813x.inc
0x00000000;D_LFEnable@GPL813x.inc
0x00000080;D_LFDisable@GPL813x.inc
0x00000004;D_X32K_WEAK@GPL813x.inc
0x00000002;D_X32K_STRO@GPL813x.inc
0x00000001;D_CAP_EN@GPL813x.inc
0x00000000;D_CAP_DIS@GPL813x.inc
0x0000000D;P_INT_Ctrl@GPL813x.inc
0x000000FF;D_IntMask@GPL813x.inc
0x00000080;D_Ext2Int@GPL813x.inc
0x00000040;D_LvdInt@GPL813x.inc
0x00000020;D_Timer0Int@GPL813x.inc
0x00000010;D_TMBBInt@GPL813x.inc
0x00000008;D_TMBAInt@GPL813x.inc
0x00000004;D_128HzInt@GPL813x.inc
0x00000002;D_2KHzInt@GPL813x.inc
0x00000001;D_ExtInt@GPL813x.inc
0x00000041;P_INT_2KHz_Clear@GPL813x.inc
0x00000042;P_INT_128Hz_Clear@GPL813x.inc
0x00000043;P_INT_TimeBaseA_Clear@GPL813x.inc
0x00000044;P_INT_TimeBaseB_Clear@GPL813x.inc
0x00000045;P_INT_Timer0_Clear@GPL813x.inc
0x00000040;P_INT_Ext_Clear@GPL813x.inc
0x0000002D;P_INT_Ctrl2@GPL813x.inc
0x00000003;D_Int2Mask@GPL813x.inc
0x00000001;D_Timer1Int@GPL813x.inc
0x00000047;P_INT_Ext2_Clear@GPL813x.inc
0x00000048;P_INT_Timer1_Clear@GPL813x.inc
0x00000007;P_LCD_Ctrl@GPL813x.inc
0x000000FD;D_LcdConfigMask@GPL813x.inc
0x00000088;D_Duty_1_8@GPL813x.inc
0x000000C8;D_Duty_1_6@GPL813x.inc
0x00000004;D_Duty_1_5@GPL813x.inc
0x00000044;D_Duty_1_4@GPL813x.inc
0x00000084;D_Duty_1_3@GPL813x.inc
0x00000000;D_Bias_1_4@GPL813x.inc
0x00000020;D_Bias_1_3@GPL813x.inc
0x00000010;D_Bias_1_2@GPL813x.inc
0x00000001;D_ScanEnable@GPL813x.inc
0x00000019;P_LCD_VLCD_Ctrl@GPL813x.inc
0x00000030;D_Halt_Normal@GPL813x.inc
0x00000020;D_Halt_Green@GPL813x.inc
0x00000000;D_VLCD_28@GPL813x.inc
0x00000001;D_VLCD_30@GPL813x.inc
0x00000002;D_VLCD_33@GPL813x.inc
0x00000003;D_VLCD_VDD@GPL813x.inc
0x0000000F;P_WDT_Flag_Clear@GPL813x.inc
0x0000000E;P_Reset_Status@GPL813x.inc
0x00000001;D_FlagC@GPL813x.inc
0x00000002;D_FlagON@GPL813x.inc
0x00000016;P_AUDIO_BZ_Ctrl@GPL813x.inc
0x00000080;D_C32KOUT@GPL813x.inc
0x00000002;D_Buzzer1@GPL813x.inc
0x00000001;D_Buzzer0@GPL813x.inc
0x0000001B;P_LVD_Ctrl@GPL813x.inc
0x00000001;D_LVD_State@GPL813x.inc
0x00000000;D_LVD_22@GPL813x.inc
0x00000040;D_LVD_24@GPL813x.inc
0x00000081;D_LVD_27@GPL813x.inc
0x000000C1;D_LVD_33@GPL813x.inc
0x00000046;P_INT_LVD_Clear@GPL813x.inc
0x00000017;P_RFC_Ctrl@GPL813x.inc
0x00000080;D_EXT1EDG@GPL813x.inc
0x00000040;D_EXT2EDG@GPL813x.inc
0x00000001;D_RFCEN@GPL813x.inc
0x00003030;P_PWMIO_Ctrl@GPL813x.inc
0x00003032;P_PWMIO_IO0_DUTY@GPL813x.inc
0x00003033;P_PWMIO_IO1_DUTY@GPL813x.inc
0x00003034;P_PWMIO_IO2_DUTY@GPL813x.inc
0x00003035;P_PWMIO_IO3_DUTY@GPL813x.inc
0x0000E000;D_Bank0UserRomStartAddr@GPL813x.inc
0x0000FFDF;D_Bank0UserRomEndAddr@GPL813x.inc
0x0000FFFC;D_NMIandResetVectorStartAddr@GPL813x.inc
0x0000FFFF;D_NMIandResetVectorEndAddr@GPL813x.inc
0x00000080;C_SramAddrStart@Macro.inc
0x000000FF;C_SramAddrEnd@Macro.inc
0x00003E00;C_DPRAMAddrStart@Macro.inc
0x00003FFF;C_DPRAMAddrEnd@Macro.inc
0x00000001;D_Bit0@Macro.inc
0x00000002;D_Bit1@Macro.inc
0x00000004;D_Bit2@Macro.inc
0x00000008;D_Bit3@Macro.inc
0x00000010;D_Bit4@Macro.inc
0x00000020;D_Bit5@Macro.inc
0x00000040;D_Bit6@Macro.inc
0x00000080;D_Bit7@Macro.inc
0x00000001;C_High@Macro.inc
0x00000000;C_Input@Macro.inc
0x00000001;C_PC0Dir@Macro.inc
0x00000002;C_PC1Dir@Macro.inc
0x00000004;C_PC2Dir@Macro.inc
0x00000008;C_PC3Dir@Macro.inc
0x00000040;C_PC6Dir@Macro.inc
0x00000080;C_PC7Dir@Macro.inc
0x00000004;D_BLight@Macro.inc
0x00000008;D_Pulse@Macro.inc
0x00000020;D_LVD@Macro.inc
0x00000015;C_MusicOne@Macro.inc
0x00000016;C_MusicAll@Macro.inc
0x00000017;C_MusicStop@Macro.inc
0x0000001F;C_MinVol@Macro.inc
0x0000002D;C_MaxVol@Macro.inc
0x00000002;D_SetConver@KEY.inc
0x00000004;D_SetTimeHour@KEY.inc
0x00000008;D_SetTimeMin@KEY.inc
0x00000010;D_SetTimeMax@KEY.inc
0x00000002;D_SetAlarmHour@KEY.inc
0x00000004;D_SetAlarmMin@KEY.inc
0x00000008;D_SetAlarmMax@KEY.inc
0x00000002;D_SetDateYear@KEY.inc
0x00000004;D_SetDateMonth@KEY.inc
0x00000008;D_SetDateDay@KEY.inc
0x00000010;D_SetDateMax@KEY.inc
0x00000002;D_SetHour@KEY.inc
0x00000004;D_SetMin@KEY.inc
0x00000008;D_SetMax@KEY.inc
0x00000001;D_KeyTone@KEY.inc
0x00000002;D_EnableFastAdd@KEY.inc
0x00000004;D_EnableAlarm@KEY.inc
0x00000008;D_EnableSnooze@KEY.inc
0x00000010;D_KeyRelDis@KEY.inc
0x00000020;D_ToneOn@KEY.inc
0x00000040;D_Alarming@KEY.inc
0x00000080;D_24Mode@KEY.inc
0x00000008;D_LED_ON@KEY.inc
0x0000000A;D_5SecBL@KEY.inc
0x00000004;D_2SecBL@KEY.inc
0x00000001;D_KeyFcClear@KEY.inc
0x00000002;D_KeyAllTime@KEY.inc
0x00000004;D_KeyLight@KEY.inc
0x00000008;D_KeyUnused@KEY.inc
0x00000002;C_KeyDebounce@KEY.inc
0x00000028;C_Sleep20Sec@KEY.inc
0x000000FF;C_LongKey2Sec@KEY.inc
0x00000018;C_FastAdd@KEY.inc
0x00000001;D_TimeFlag@KEY.inc
0x00000002;D_Timering_Short@KEY.inc
0x00000004;D_NoKeyTone@KEY.inc
0x00000008;D_DC@KEY.inc
0x00000010;D_EnableSnooze1@KEY.inc
0x00000001;D_TimeMode@LCD_Display.inc
0x00000002;D_AlarmMode@LCD_Display.inc
0x00000004;D_DateMode@LCD_Display.inc
0x00000001;D_PageStandard@LCD_Display.inc
0x00000002;D_PageHistory@LCD_Display.inc
0x00000004;D_PageMoldSet@LCD_Display.inc
0x00000001;D_HisToday@LCD_Display.inc
0x00000002;D_His48Hr@LCD_Display.inc
0x00000004;D_HisAllTm@LCD_Display.inc
0x000000A3;R_LcdTableIndex@LCD_Display.inc
0x000000A4;R_Display_Number@LCD_Display.inc
0x000000A5;R_LcdSegmentPosition@LCD_Display.inc
0x000000A6;R_Display7Times@LCD_Display.inc
0x00000001;D_HistoryViewValid@Alarm.inc
0x00000002;D_HistoryViewTempValid@Alarm.inc
0x0000003C;C_TrendEq60Min@Alarm.inc
0x00000001;D_BatteryLow@Alarm.inc
0x00000002;D_TempTrendUp@Alarm.inc
0x00000004;D_TempTrendDown@Alarm.inc
0x00000008;D_HumTrendUp@Alarm.inc
0x00000010;D_HumTrendDown@Alarm.inc
0x00000020;D_TempTrendRefresh@Alarm.inc
0x00000040;D_HumTrendRefresh@Alarm.inc
0x00000040;D_TempHH@Alarm.inc
0x00000020;D_TempLL@Alarm.inc
0x00000010;D_Neg@Alarm.inc
0x00000008;D_TF@Alarm.inc
0x00000004;D_HumHH@Alarm.inc
0x00000002;D_HumLL@Alarm.inc
0x00000001;D_MaxTemp@Alarm.inc
0x00000002;D_MinTemp@Alarm.inc
0x0000E178;V_IRQ@Int_Vec.asm
0x00000080;C_SramAddrStart@Macro.inc
0x000000FF;C_SramAddrEnd@Macro.inc
0x00003E00;C_DPRAMAddrStart@Macro.inc
0x00003FFF;C_DPRAMAddrEnd@Macro.inc
0x00000001;D_Bit0@Macro.inc
0x00000002;D_Bit1@Macro.inc
0x00000004;D_Bit2@Macro.inc
0x00000008;D_Bit3@Macro.inc
0x00000010;D_Bit4@Macro.inc
0x00000020;D_Bit5@Macro.inc
0x00000040;D_Bit6@Macro.inc
0x00000080;D_Bit7@Macro.inc
0x00000001;C_High@Macro.inc
0x00000000;C_Input@Macro.inc
0x00000001;C_PC0Dir@Macro.inc
0x00000002;C_PC1Dir@Macro.inc
0x00000004;C_PC2Dir@Macro.inc
0x00000008;C_PC3Dir@Macro.inc
0x00000040;C_PC6Dir@Macro.inc
0x00000080;C_PC7Dir@Macro.inc
0x00000004;D_BLight@Macro.inc
0x00000008;D_Pulse@Macro.inc
0x00000020;D_LVD@Macro.inc
0x00000015;C_MusicOne@Macro.inc
0x00000016;C_MusicAll@Macro.inc
0x00000017;C_MusicStop@Macro.inc
0x0000001F;C_MinVol@Macro.inc
0x0000002D;C_MaxVol@Macro.inc
0x00000002;D_SetConver@KEY.inc
0x00000004;D_SetTimeHour@KEY.inc
0x00000008;D_SetTimeMin@KEY.inc
0x00000010;D_SetTimeMax@KEY.inc
0x00000002;D_SetAlarmHour@KEY.inc
0x00000004;D_SetAlarmMin@KEY.inc
0x00000008;D_SetAlarmMax@KEY.inc
0x00000002;D_SetDateYear@KEY.inc
0x00000004;D_SetDateMonth@KEY.inc
0x00000008;D_SetDateDay@KEY.inc
0x00000010;D_SetDateMax@KEY.inc
0x00000002;D_SetHour@KEY.inc
0x00000004;D_SetMin@KEY.inc
0x00000008;D_SetMax@KEY.inc
0x00000001;D_KeyTone@KEY.inc
0x00000002;D_EnableFastAdd@KEY.inc
0x00000004;D_EnableAlarm@KEY.inc
0x00000008;D_EnableSnooze@KEY.inc
0x00000010;D_KeyRelDis@KEY.inc
0x00000020;D_ToneOn@KEY.inc
0x00000040;D_Alarming@KEY.inc
0x00000080;D_24Mode@KEY.inc
0x00000008;D_LED_ON@KEY.inc
0x0000000A;D_5SecBL@KEY.inc
0x00000004;D_2SecBL@KEY.inc
0x00000001;D_KeyFcClear@KEY.inc
0x00000002;D_KeyAllTime@KEY.inc
0x00000004;D_KeyLight@KEY.inc
0x00000008;D_KeyUnused@KEY.inc
0x00000002;C_KeyDebounce@KEY.inc
0x00000028;C_Sleep20Sec@KEY.inc
0x000000FF;C_LongKey2Sec@KEY.inc
0x00000018;C_FastAdd@KEY.inc
0x00000001;D_TimeFlag@KEY.inc
0x00000002;D_Timering_Short@KEY.inc
0x00000004;D_NoKeyTone@KEY.inc
0x00000008;D_DC@KEY.inc
0x00000010;D_EnableSnooze1@KEY.inc
0x00000001;D_HistoryViewValid@Alarm.inc
0x00000002;D_HistoryViewTempValid@Alarm.inc
0x0000003C;C_TrendEq60Min@Alarm.inc
0x00000001;D_BatteryLow@Alarm.inc
0x00000002;D_TempTrendUp@Alarm.inc
0x00000004;D_TempTrendDown@Alarm.inc
0x00000008;D_HumTrendUp@Alarm.inc
0x00000010;D_HumTrendDown@Alarm.inc
0x00000020;D_TempTrendRefresh@Alarm.inc
0x00000040;D_HumTrendRefresh@Alarm.inc
0x00000040;D_TempHH@Alarm.inc
0x00000020;D_TempLL@Alarm.inc
0x00000010;D_Neg@Alarm.inc
0x00000008;D_TF@Alarm.inc
0x00000004;D_HumHH@Alarm.inc
0x00000002;D_HumLL@Alarm.inc
0x00000001;D_MaxTemp@Alarm.inc
0x00000002;D_MinTemp@Alarm.inc
0x00000040;HalfSecToggle@RTC.asm
0x00000020;AddSecondOnly@RTC.asm
0x00000010;AddOthers@RTC.asm
0x0000008A;TR00@RTC.asm
0x0000008C;TR02@RTC.asm
0x0000008D;TR03@RTC.asm
0x0000E20C;L_Time01@RTC.asm
0x0000E212;L_OnlyHourAdd@RTC.asm
0x0000E212;L_OnlyMinAdd@RTC.asm
0x0000E216;L_OnlySEcAdd@RTC.asm
0x0000E218;L_AddAll@RTC.asm
0x0000E21C;L_Time99@RTC.asm
0x0000E257;WEC_00@RTC.asm
0x0000E259;WEC_01@RTC.asm
0x0000E25B;WEC_02@RTC.asm
0x0000E262;WEC_03@RTC.asm
0x0000E271;L_Week01@RTC.asm
0x0000E273;L_Week02@RTC.asm
0x0000E27B;WEC_04@RTC.asm
0x0000E281;WEC_05@RTC.asm
0x0000E290;L_Week001@RTC.asm
0x0000E292;L_Week002@RTC.asm
0x0000E2A2;L_Week003@RTC.asm
0x0000E2A4;L_Week004@RTC.asm
0x0000E2AC;WEC_06@RTC.asm
0x0000E2B2;WEC_07@RTC.asm
0x0000E2C6;L_Week0001@RTC.asm
0x0000E2D0;WEC_08@RTC.asm
0x0000E2D6;WEC_09@RTC.asm
0x0000E2E6;L_Week00001@RTC.asm
0x0000E2FE;WADDUP@RTC.asm
0x0000E30D;L_WeekAdd01@RTC.asm
0x0000E319;L_Maxday01@RTC.asm
0x0000E31A;MONCAL1@RTC.asm
0x0000E32B;MONCAL@RTC.asm
0x0000E32D;MONCAL2@RTC.asm
0x0000E331;MONCAL3@RTC.asm
0x0000E343;L_Month07@RTC.asm
0x0000E34C;L_Month20@RTC.asm
0x0000E354;L_Month26@RTC.asm
0x0000E361;L_Month21@RTC.asm
0x0000E365;L_Month22@RTC.asm
0x0000E36E;L_Month22A@RTC.asm
0x0000E373;L_Month23@RTC.asm
0x0000E375;L_Month25@RTC.asm
0x0000E393;INC_M01@RTC.asm
0x0000E396;INC_MON3@RTC.asm
0x0000E39A;INC_M04@RTC.asm
0x0000E3A2;INC_M02@RTC.asm
0x0000E3A8;INC_M03@RTC.asm
0x0000E3AF;INC_DAT1@RTC.asm
0x0000E3DA;INC_DET@RTC.asm
0x0000E3EB;INC_D01@RTC.asm
0x0000E3ED;INC_D02@RTC.asm
0x0000E3F1;DEC_DET@RTC.asm
0x0000E3FE;DEC_D01@RTC.asm
0x0000E403;ADC_RT@RTC.asm
0x0000E416;L_TimeAdd01@RTC.asm
0x0000E420;L_TimeAdd02@RTC.asm
0x0000E422;L_TimeAdd03@RTC.asm
0x0000E426;AROR@RTC.asm
0x0000E42D;AROL@RTC.asm
0x0000E43F;DEC_COM@RTC.asm
0x0000E44F;End_DEC_COM@RTC.asm
0x0000E456;DEC_COM_H@RTC.asm
0x00000001;GPL813P01Cx@GPL813x.inc
0x00000001;GPL813X_Body_inc@GPL813x.inc
0x00000000;GPL813P01Ax@GPL813x.inc
0x00000000;GPL813P01Bx@GPL813x.inc
0x00000001;GPL813X@GPL813x.inc
0x00000000;P_IO_PortA_Dir@GPL813x.inc
0x00000002;P_IO_PortA_Data@GPL813x.inc
0x00000010;P_IO_PortB_Dir@GPL813x.inc
0x00000012;P_IO_PortB_Data@GPL813x.inc
0x00000014;P_IO_PortB_Attrib@GPL813x.inc
0x00000001;P_IO_PortC_Dir@GPL813x.inc
0x00000005;P_IO_PortC_Data@GPL813x.inc
0x00000003;P_IO_PortE_Data@GPL813x.inc
0x00000004;P_IO_PortE_DataLatch@GPL813x.inc
0x00000006;P_IO_Ctrl@GPL813x.inc
0x0000000B;P_IO_PortE_Dir@GPL813x.inc
0x00000015;P_IO_PortD_Attrib@GPL813x.inc
0x00000011;P_IO_PortD_Dir@GPL813x.inc
0x00000013;P_IO_PortD_Data@GPL813x.inc
0x00000008;P_WAKEUP_Ctrl@GPL813x.inc
0x00000020;D_WakeupTimer1@GPL813x.inc
0x00000010;D_WakeupTimer0@GPL813x.inc
0x00000008;D_WakeupTMBB@GPL813x.inc
0x00000004;D_Wakeup128Hz@GPL813x.inc
0x00000002;D_WakeupTMBA@GPL813x.inc
0x00000001;D_WakeupKey@GPL813x.inc
0x00000009;P_SYSTEM_Ctrl@GPL813x.inc
0x0000000A;P_TIMER_TimeBase_Sel@GPL813x.inc
0x00000022;P_TIMER_Timer0_Ctrl@GPL813x.inc
0x00000080;D_TimerEn@GPL813x.inc
0x00000000;D_TimerRiseEdge@GPL813x.inc
0x00000040;D_TimerFallEdge@GPL813x.inc
0x00000000;D_TimerSrcExtA@GPL813x.inc
0x00000020;D_TimerSrcExtA2@GPL813x.inc
0x00000000;D_TimerSrcA_HF@GPL813x.inc
0x00000001;D_TimerSrcA_HFDIV@GPL813x.inc
0x00000002;D_TimerSrcA_EXT@GPL813x.inc
0x00000003;D_TimerSrcA_VDD@GPL813x.inc
0x00000000;D_TimerSrcB_LF@GPL813x.inc
0x00000004;D_TimerSrcB_TMX@GPL813x.inc
0x00000008;D_TimerSrcB_EXTA@GPL813x.inc
0x0000000C;D_TimerSrcB_VDD@GPL813x.inc
0x00000020;P_TIMER_TM0Data_LB@GPL813x.inc
0x00000021;P_TIMER_TM0Data_HB@GPL813x.inc
0x00000023;P_TIMER_TM0Load_Ctrl@GPL813x.inc
0x00000025;P_TIMER_TM1Data@GPL813x.inc
0x00000026;P_TIMER_Timer1_Ctrl@GPL813x.inc
0x00000080;D_Timer1En@GPL813x.inc
0x00000000;D_Timer1_LSCK@GPL813x.inc
0x00000001;D_Timer1_TMBB@GPL813x.inc
0x00000002;D_Timer1_HSCK@GPL813x.inc
0x00000003;D_Timer1_HFDIV@GPL813x.inc
0x00000027;P_TIMER_TM1Load_Ctrl@GPL813x.inc
0x00000018;P_CLK_CPU_Ctrl@GPL813x.inc
0x000000E0;D_RCHF_Msk@GPL813x.inc
0x00000000;D_RCHF225K@GPL813x.inc
0x00000040;D_RCHF500K@GPL813x.inc
0x00000080;D_RCHF1800K@GPL813x.inc
0x000000C0;D_RCHF1000K@GPL813x.inc
0x00000020;D_RCHF4000K@GPL813x.inc
0x00000007;D_CPU_Msk@GPL813x.inc
0x00000000;D_CPU_HF@GPL813x.inc
0x00000001;D_CPU_HF2@GPL813x.inc
0x00000002;D_CPU_HF4@GPL813x.inc
0x00000003;D_CPU_HF8@GPL813x.inc
0x00000004;D_CPU_HF16@GPL813x.inc
0x0000001A;P_CLK_HFDIV_Ctrl@GPL813x.inc
0x0000000C;P_CLK_32768_En@GPL813x.inc
0x00000000;D_LFEnable@GPL813x.inc
0x00000080;D_LFDisable@GPL813x.inc
0x00000004;D_X32K_WEAK@GPL813x.inc
0x00000002;D_X32K_STRO@GPL813x.inc
0x00000001;D_CAP_EN@GPL813x.inc
0x00000000;D_CAP_DIS@GPL813x.inc
0x0000000D;P_INT_Ctrl@GPL813x.inc
0x000000FF;D_IntMask@GPL813x.inc
0x00000080;D_Ext2Int@GPL813x.inc
0x00000040;D_LvdInt@GPL813x.inc
0x00000020;D_Timer0Int@GPL813x.inc
0x00000010;D_TMBBInt@GPL813x.inc
0x00000008;D_TMBAInt@GPL813x.inc
0x00000004;D_128HzInt@GPL813x.inc
0x00000002;D_2KHzInt@GPL813x.inc
0x00000001;D_ExtInt@GPL813x.inc
0x00000041;P_INT_2KHz_Clear@GPL813x.inc
0x00000042;P_INT_128Hz_Clear@GPL813x.inc
0x00000043;P_INT_TimeBaseA_Clear@GPL813x.inc
0x00000044;P_INT_TimeBaseB_Clear@GPL813x.inc
0x00000045;P_INT_Timer0_Clear@GPL813x.inc
0x00000040;P_INT_Ext_Clear@GPL813x.inc
0x0000002D;P_INT_Ctrl2@GPL813x.inc
0x00000003;D_Int2Mask@GPL813x.inc
0x00000001;D_Timer1Int@GPL813x.inc
0x00000047;P_INT_Ext2_Clear@GPL813x.inc
0x00000048;P_INT_Timer1_Clear@GPL813x.inc
0x00000007;P_LCD_Ctrl@GPL813x.inc
0x000000FD;D_LcdConfigMask@GPL813x.inc
0x00000088;D_Duty_1_8@GPL813x.inc
0x000000C8;D_Duty_1_6@GPL813x.inc
0x00000004;D_Duty_1_5@GPL813x.inc
0x00000044;D_Duty_1_4@GPL813x.inc
0x00000084;D_Duty_1_3@GPL813x.inc
0x00000000;D_Bias_1_4@GPL813x.inc
0x00000020;D_Bias_1_3@GPL813x.inc
0x00000010;D_Bias_1_2@GPL813x.inc
0x00000001;D_ScanEnable@GPL813x.inc
0x00000019;P_LCD_VLCD_Ctrl@GPL813x.inc
0x00000030;D_Halt_Normal@GPL813x.inc
0x00000020;D_Halt_Green@GPL813x.inc
0x00000000;D_VLCD_28@GPL813x.inc
0x00000001;D_VLCD_30@GPL813x.inc
0x00000002;D_VLCD_33@GPL813x.inc
0x00000003;D_VLCD_VDD@GPL813x.inc
0x0000000F;P_WDT_Flag_Clear@GPL813x.inc
0x0000000E;P_Reset_Status@GPL813x.inc
0x00000001;D_FlagC@GPL813x.inc
0x00000002;D_FlagON@GPL813x.inc
0x00000016;P_AUDIO_BZ_Ctrl@GPL813x.inc
0x00000080;D_C32KOUT@GPL813x.inc
0x00000002;D_Buzzer1@GPL813x.inc
0x00000001;D_Buzzer0@GPL813x.inc
0x0000001B;P_LVD_Ctrl@GPL813x.inc
0x00000001;D_LVD_State@GPL813x.inc
0x00000000;D_LVD_22@GPL813x.inc
0x00000040;D_LVD_24@GPL813x.inc
0x00000081;D_LVD_27@GPL813x.inc
0x000000C1;D_LVD_33@GPL813x.inc
0x00000046;P_INT_LVD_Clear@GPL813x.inc
0x00000017;P_RFC_Ctrl@GPL813x.inc
0x00000080;D_EXT1EDG@GPL813x.inc
0x00000040;D_EXT2EDG@GPL813x.inc
0x00000001;D_RFCEN@GPL813x.inc
0x00003030;P_PWMIO_Ctrl@GPL813x.inc
0x00003032;P_PWMIO_IO0_DUTY@GPL813x.inc
0x00003033;P_PWMIO_IO1_DUTY@GPL813x.inc
0x00003034;P_PWMIO_IO2_DUTY@GPL813x.inc
0x00003035;P_PWMIO_IO3_DUTY@GPL813x.inc
0x0000E000;D_Bank0UserRomStartAddr@GPL813x.inc
0x0000FFDF;D_Bank0UserRomEndAddr@GPL813x.inc
0x0000FFFC;D_NMIandResetVectorStartAddr@GPL813x.inc
0x0000FFFF;D_NMIandResetVectorEndAddr@GPL813x.inc
0x00000080;C_SramAddrStart@Macro.inc
0x000000FF;C_SramAddrEnd@Macro.inc
0x00003E00;C_DPRAMAddrStart@Macro.inc
0x00003FFF;C_DPRAMAddrEnd@Macro.inc
0x00000001;D_Bit0@Macro.inc
0x00000002;D_Bit1@Macro.inc
0x00000004;D_Bit2@Macro.inc
0x00000008;D_Bit3@Macro.inc
0x00000010;D_Bit4@Macro.inc
0x00000020;D_Bit5@Macro.inc
0x00000040;D_Bit6@Macro.inc
0x00000080;D_Bit7@Macro.inc
0x00000001;C_High@Macro.inc
0x00000000;C_Input@Macro.inc
0x00000001;C_PC0Dir@Macro.inc
0x00000002;C_PC1Dir@Macro.inc
0x00000004;C_PC2Dir@Macro.inc
0x00000008;C_PC3Dir@Macro.inc
0x00000040;C_PC6Dir@Macro.inc
0x00000080;C_PC7Dir@Macro.inc
0x00000004;D_BLight@Macro.inc
0x00000008;D_Pulse@Macro.inc
0x00000020;D_LVD@Macro.inc
0x00000015;C_MusicOne@Macro.inc
0x00000016;C_MusicAll@Macro.inc
0x00000017;C_MusicStop@Macro.inc
0x0000001F;C_MinVol@Macro.inc
0x0000002D;C_MaxVol@Macro.inc
0x00000040;HalfSecToggle@RTC.inc
0x00000020;AddSecondOnly@RTC.inc
0x00000010;AddOthers@RTC.inc
0x00000001;D_HistoryViewValid@Alarm.inc
0x00000002;D_HistoryViewTempValid@Alarm.inc
0x0000003C;C_TrendEq60Min@Alarm.inc
0x00000001;D_BatteryLow@Alarm.inc
0x00000002;D_TempTrendUp@Alarm.inc
0x00000004;D_TempTrendDown@Alarm.inc
0x00000008;D_HumTrendUp@Alarm.inc
0x00000010;D_HumTrendDown@Alarm.inc
0x00000020;D_TempTrendRefresh@Alarm.inc
0x00000040;D_HumTrendRefresh@Alarm.inc
0x00000040;D_TempHH@Alarm.inc
0x00000020;D_TempLL@Alarm.inc
0x00000010;D_Neg@Alarm.inc
0x00000008;D_TF@Alarm.inc
0x00000004;D_HumHH@Alarm.inc
0x00000002;D_HumLL@Alarm.inc
0x00000001;D_MaxTemp@Alarm.inc
0x00000002;D_MinTemp@Alarm.inc
0x00000001;D_TimeMode@LCD_Display.inc
0x00000002;D_AlarmMode@LCD_Display.inc
0x00000004;D_DateMode@LCD_Display.inc
0x00000001;D_PageStandard@LCD_Display.inc
0x00000002;D_PageHistory@LCD_Display.inc
0x00000004;D_PageMoldSet@LCD_Display.inc
0x00000001;D_HisToday@LCD_Display.inc
0x00000002;D_His48Hr@LCD_Display.inc
0x00000004;D_HisAllTm@LCD_Display.inc
0x000000A3;R_LcdTableIndex@LCD_Display.inc
0x000000A4;R_Display_Number@LCD_Display.inc
0x000000A5;R_LcdSegmentPosition@LCD_Display.inc
0x000000A6;R_Display7Times@LCD_Display.inc
0x00000002;D_SetConver@KEY.asm
0x00000004;D_SetTimeHour@KEY.asm
0x00000008;D_SetTimeMin@KEY.asm
0x00000010;D_SetTimeMax@KEY.asm
0x00000002;D_SetAlarmHour@KEY.asm
0x00000004;D_SetAlarmMin@KEY.asm
0x00000008;D_SetAlarmMax@KEY.asm
0x00000002;D_SetDateYear@KEY.asm
0x00000004;D_SetDateMonth@KEY.asm
0x00000008;D_SetDateDay@KEY.asm
0x00000010;D_SetDateMax@KEY.asm
0x00000002;D_SetHour@KEY.asm
0x00000004;D_SetMin@KEY.asm
0x00000008;D_SetMax@KEY.asm
0x00000001;D_KeyTone@KEY.asm
0x00000002;D_EnableFastAdd@KEY.asm
0x00000004;D_EnableAlarm@KEY.asm
0x00000008;D_EnableSnooze@KEY.asm
0x00000010;D_KeyRelDis@KEY.asm
0x00000020;D_ToneOn@KEY.asm
0x00000040;D_Alarming@KEY.asm
0x00000080;D_24Mode@KEY.asm
0x00000001;D_TimeFlag@KEY.asm
0x00000002;D_Timering_Short@KEY.asm
0x00000004;D_NoKeyTone@KEY.asm
0x00000008;D_DC@KEY.asm
0x00000010;D_EnableSnooze1@KEY.asm
0x00000008;D_LED_ON@KEY.asm
0x00000010;D_8SecBL@KEY.asm
0x00000004;D_2SecBL@KEY.asm
0x00000028;D_20Sec@KEY.asm
0x00000065;D_DefaultMoldValue@KEY.asm
0x00000060;D_MoldValue60@KEY.asm
0x00000065;D_MoldValue65@KEY.asm
0x00000070;D_MoldValue70@KEY.asm
0x00000075;D_MoldValue75@KEY.asm
0x00000093;Key_Status@KEY.asm
0x00000095;R_TempTime@KEY.asm
0x00000028;C_Sleep20Sec@KEY.asm
0x00000014;C_MoldSet10Sec@KEY.asm
0x00000006;C_LongKey3Sec@KEY.asm
0x00000018;C_FastAdd@KEY.asm
0x00000001;D_KeyFcClear@KEY.asm
0x00000002;D_KeyAllTime@KEY.asm
0x00000004;D_KeyLight@KEY.asm
0x00000008;D_KeyUnused@KEY.asm
0x00000002;C_KeyDebounce@KEY.asm
0x0000009C;R_ToneDuty@KEY.asm
0x0000009D;R_ToneVol@KEY.asm
0x0000E4DF;Hold_Key@KEY.asm
0x0000E4FA;Enable_NewKey@KEY.asm
0x0000E503;Enable_AllTimeKey@KEY.asm
0x0000E51C;Product_AllTimeToggleHistory@KEY.asm
0x0000E529;Product_AllTimeSet48Hr@KEY.asm
0x0000E52F;Product_AllTimeExitMold@KEY.asm
0x0000E535;Enable_FcClearKey@KEY.asm
0x0000E542;Product_FcClearToggleUnit@KEY.asm
0x0000E54B;Enable_longFcClearKey@KEY.asm
0x0000E558;LongFcClearKey_Exit@KEY.asm
0x0000E559;Enable_longAllTimeKey@KEY.asm
0x0000E56D;LongAllTimeKey_Exit@KEY.asm
0x0000E56E;Enable_LightKey@KEY.asm
0x0000E574;F_MoldValueCycle@KEY.asm
0x0000E589;MoldValueSet65@KEY.asm
0x0000E58F;MoldValueSet70@KEY.asm
0x0000E595;MoldValueSet75@KEY.asm
0x0000E5C3;Check_1224Mode@KEY.asm
0x0000E5DD;F_DisKeyToneDuringAlarm@KEY.asm
0x0000E5E9;F_EnKeyTone@KEY.asm
0x0000E5F5;L_Loop@KEY.asm
0x0000E61D;F_UpdateKey@KEY.asm
0x0000E629;F_UpdateKey2@KEY.asm
0x0000E634;StoreNormalTimeout@KEY.asm
0x0000E636;StoreSetBackTime@KEY.asm
0x0000E653;CheckHistoryClearTimeout@KEY.asm
0x0000E659;CheckKeyHoldTimeout@KEY.asm
0x0000E662;F_Check_Temp@KEY.asm
0x0000E67A;Check_SetBackTime@KEY.asm
0x00000001;GPL813P01Cx@GPL813x.inc
0x00000001;GPL813X_Body_inc@GPL813x.inc
0x00000000;GPL813P01Ax@GPL813x.inc
0x00000000;GPL813P01Bx@GPL813x.inc
0x00000001;GPL813X@GPL813x.inc
0x00000000;P_IO_PortA_Dir@GPL813x.inc
0x00000002;P_IO_PortA_Data@GPL813x.inc
0x00000010;P_IO_PortB_Dir@GPL813x.inc
0x00000012;P_IO_PortB_Data@GPL813x.inc
0x00000014;P_IO_PortB_Attrib@GPL813x.inc
0x00000001;P_IO_PortC_Dir@GPL813x.inc
0x00000005;P_IO_PortC_Data@GPL813x.inc
0x00000003;P_IO_PortE_Data@GPL813x.inc
0x00000004;P_IO_PortE_DataLatch@GPL813x.inc
0x00000006;P_IO_Ctrl@GPL813x.inc
0x0000000B;P_IO_PortE_Dir@GPL813x.inc
0x00000015;P_IO_PortD_Attrib@GPL813x.inc
0x00000011;P_IO_PortD_Dir@GPL813x.inc
0x00000013;P_IO_PortD_Data@GPL813x.inc
0x00000008;P_WAKEUP_Ctrl@GPL813x.inc
0x00000020;D_WakeupTimer1@GPL813x.inc
0x00000010;D_WakeupTimer0@GPL813x.inc
0x00000008;D_WakeupTMBB@GPL813x.inc
0x00000004;D_Wakeup128Hz@GPL813x.inc
0x00000002;D_WakeupTMBA@GPL813x.inc
0x00000001;D_WakeupKey@GPL813x.inc
0x00000009;P_SYSTEM_Ctrl@GPL813x.inc
0x0000000A;P_TIMER_TimeBase_Sel@GPL813x.inc
0x00000022;P_TIMER_Timer0_Ctrl@GPL813x.inc
0x00000080;D_TimerEn@GPL813x.inc
0x00000000;D_TimerRiseEdge@GPL813x.inc
0x00000040;D_TimerFallEdge@GPL813x.inc
0x00000000;D_TimerSrcExtA@GPL813x.inc
0x00000020;D_TimerSrcExtA2@GPL813x.inc
0x00000000;D_TimerSrcA_HF@GPL813x.inc
0x00000001;D_TimerSrcA_HFDIV@GPL813x.inc
0x00000002;D_TimerSrcA_EXT@GPL813x.inc
0x00000003;D_TimerSrcA_VDD@GPL813x.inc
0x00000000;D_TimerSrcB_LF@GPL813x.inc
0x00000004;D_TimerSrcB_TMX@GPL813x.inc
0x00000008;D_TimerSrcB_EXTA@GPL813x.inc
0x0000000C;D_TimerSrcB_VDD@GPL813x.inc
0x00000020;P_TIMER_TM0Data_LB@GPL813x.inc
0x00000021;P_TIMER_TM0Data_HB@GPL813x.inc
0x00000023;P_TIMER_TM0Load_Ctrl@GPL813x.inc
0x00000025;P_TIMER_TM1Data@GPL813x.inc
0x00000026;P_TIMER_Timer1_Ctrl@GPL813x.inc
0x00000080;D_Timer1En@GPL813x.inc
0x00000000;D_Timer1_LSCK@GPL813x.inc
0x00000001;D_Timer1_TMBB@GPL813x.inc
0x00000002;D_Timer1_HSCK@GPL813x.inc
0x00000003;D_Timer1_HFDIV@GPL813x.inc
0x00000027;P_TIMER_TM1Load_Ctrl@GPL813x.inc
0x00000018;P_CLK_CPU_Ctrl@GPL813x.inc
0x000000E0;D_RCHF_Msk@GPL813x.inc
0x00000000;D_RCHF225K@GPL813x.inc
0x00000040;D_RCHF500K@GPL813x.inc
0x00000080;D_RCHF1800K@GPL813x.inc
0x000000C0;D_RCHF1000K@GPL813x.inc
0x00000020;D_RCHF4000K@GPL813x.inc
0x00000007;D_CPU_Msk@GPL813x.inc
0x00000000;D_CPU_HF@GPL813x.inc
0x00000001;D_CPU_HF2@GPL813x.inc
0x00000002;D_CPU_HF4@GPL813x.inc
0x00000003;D_CPU_HF8@GPL813x.inc
0x00000004;D_CPU_HF16@GPL813x.inc
0x0000001A;P_CLK_HFDIV_Ctrl@GPL813x.inc
0x0000000C;P_CLK_32768_En@GPL813x.inc
0x00000000;D_LFEnable@GPL813x.inc
0x00000080;D_LFDisable@GPL813x.inc
0x00000004;D_X32K_WEAK@GPL813x.inc
0x00000002;D_X32K_STRO@GPL813x.inc
0x00000001;D_CAP_EN@GPL813x.inc
0x00000000;D_CAP_DIS@GPL813x.inc
0x0000000D;P_INT_Ctrl@GPL813x.inc
0x000000FF;D_IntMask@GPL813x.inc
0x00000080;D_Ext2Int@GPL813x.inc
0x00000040;D_LvdInt@GPL813x.inc
0x00000020;D_Timer0Int@GPL813x.inc
0x00000010;D_TMBBInt@GPL813x.inc
0x00000008;D_TMBAInt@GPL813x.inc
0x00000004;D_128HzInt@GPL813x.inc
0x00000002;D_2KHzInt@GPL813x.inc
0x00000001;D_ExtInt@GPL813x.inc
0x00000041;P_INT_2KHz_Clear@GPL813x.inc
0x00000042;P_INT_128Hz_Clear@GPL813x.inc
0x00000043;P_INT_TimeBaseA_Clear@GPL813x.inc
0x00000044;P_INT_TimeBaseB_Clear@GPL813x.inc
0x00000045;P_INT_Timer0_Clear@GPL813x.inc
0x00000040;P_INT_Ext_Clear@GPL813x.inc
0x0000002D;P_INT_Ctrl2@GPL813x.inc
0x00000003;D_Int2Mask@GPL813x.inc
0x00000001;D_Timer1Int@GPL813x.inc
0x00000047;P_INT_Ext2_Clear@GPL813x.inc
0x00000048;P_INT_Timer1_Clear@GPL813x.inc
0x00000007;P_LCD_Ctrl@GPL813x.inc
0x000000FD;D_LcdConfigMask@GPL813x.inc
0x00000088;D_Duty_1_8@GPL813x.inc
0x000000C8;D_Duty_1_6@GPL813x.inc
0x00000004;D_Duty_1_5@GPL813x.inc
0x00000044;D_Duty_1_4@GPL813x.inc
0x00000084;D_Duty_1_3@GPL813x.inc
0x00000000;D_Bias_1_4@GPL813x.inc
0x00000020;D_Bias_1_3@GPL813x.inc
0x00000010;D_Bias_1_2@GPL813x.inc
0x00000001;D_ScanEnable@GPL813x.inc
0x00000019;P_LCD_VLCD_Ctrl@GPL813x.inc
0x00000030;D_Halt_Normal@GPL813x.inc
0x00000020;D_Halt_Green@GPL813x.inc
0x00000000;D_VLCD_28@GPL813x.inc
0x00000001;D_VLCD_30@GPL813x.inc
0x00000002;D_VLCD_33@GPL813x.inc
0x00000003;D_VLCD_VDD@GPL813x.inc
0x0000000F;P_WDT_Flag_Clear@GPL813x.inc
0x0000000E;P_Reset_Status@GPL813x.inc
0x00000001;D_FlagC@GPL813x.inc
0x00000002;D_FlagON@GPL813x.inc
0x00000016;P_AUDIO_BZ_Ctrl@GPL813x.inc
0x00000080;D_C32KOUT@GPL813x.inc
0x00000002;D_Buzzer1@GPL813x.inc
0x00000001;D_Buzzer0@GPL813x.inc
0x0000001B;P_LVD_Ctrl@GPL813x.inc
0x00000001;D_LVD_State@GPL813x.inc
0x00000000;D_LVD_22@GPL813x.inc
0x00000040;D_LVD_24@GPL813x.inc
0x00000081;D_LVD_27@GPL813x.inc
0x000000C1;D_LVD_33@GPL813x.inc
0x00000046;P_INT_LVD_Clear@GPL813x.inc
0x00000017;P_RFC_Ctrl@GPL813x.inc
0x00000080;D_EXT1EDG@GPL813x.inc
0x00000040;D_EXT2EDG@GPL813x.inc
0x00000001;D_RFCEN@GPL813x.inc
0x00003030;P_PWMIO_Ctrl@GPL813x.inc
0x00003032;P_PWMIO_IO0_DUTY@GPL813x.inc
0x00003033;P_PWMIO_IO1_DUTY@GPL813x.inc
0x00003034;P_PWMIO_IO2_DUTY@GPL813x.inc
0x00003035;P_PWMIO_IO3_DUTY@GPL813x.inc
0x0000E000;D_Bank0UserRomStartAddr@GPL813x.inc
0x0000FFDF;D_Bank0UserRomEndAddr@GPL813x.inc
0x0000FFFC;D_NMIandResetVectorStartAddr@GPL813x.inc
0x0000FFFF;D_NMIandResetVectorEndAddr@GPL813x.inc
0x00000080;C_SramAddrStart@Macro.inc
0x000000FF;C_SramAddrEnd@Macro.inc
0x00003E00;C_DPRAMAddrStart@Macro.inc
0x00003FFF;C_DPRAMAddrEnd@Macro.inc
0x00000001;D_Bit0@Macro.inc
0x00000002;D_Bit1@Macro.inc
0x00000004;D_Bit2@Macro.inc
0x00000008;D_Bit3@Macro.inc
0x00000010;D_Bit4@Macro.inc
0x00000020;D_Bit5@Macro.inc
0x00000040;D_Bit6@Macro.inc
0x00000080;D_Bit7@Macro.inc
0x00000001;C_High@Macro.inc
0x00000000;C_Input@Macro.inc
0x00000001;C_PC0Dir@Macro.inc
0x00000002;C_PC1Dir@Macro.inc
0x00000004;C_PC2Dir@Macro.inc
0x00000008;C_PC3Dir@Macro.inc
0x00000040;C_PC6Dir@Macro.inc
0x00000080;C_PC7Dir@Macro.inc
0x00000004;D_BLight@Macro.inc
0x00000008;D_Pulse@Macro.inc
0x00000020;D_LVD@Macro.inc
0x00000015;C_MusicOne@Macro.inc
0x00000016;C_MusicAll@Macro.inc
0x00000017;C_MusicStop@Macro.inc
0x0000001F;C_MinVol@Macro.inc
0x0000002D;C_MaxVol@Macro.inc
0x00000002;D_SetConver@KEY.inc
0x00000004;D_SetTimeHour@KEY.inc
0x00000008;D_SetTimeMin@KEY.inc
0x00000010;D_SetTimeMax@KEY.inc
0x00000002;D_SetAlarmHour@KEY.inc
0x00000004;D_SetAlarmMin@KEY.inc
0x00000008;D_SetAlarmMax@KEY.inc
0x00000002;D_SetDateYear@KEY.inc
0x00000004;D_SetDateMonth@KEY.inc
0x00000008;D_SetDateDay@KEY.inc
0x00000010;D_SetDateMax@KEY.inc
0x00000002;D_SetHour@KEY.inc
0x00000004;D_SetMin@KEY.inc
0x00000008;D_SetMax@KEY.inc
0x00000001;D_KeyTone@KEY.inc
0x00000002;D_EnableFastAdd@KEY.inc
0x00000004;D_EnableAlarm@KEY.inc
0x00000008;D_EnableSnooze@KEY.inc
0x00000010;D_KeyRelDis@KEY.inc
0x00000020;D_ToneOn@KEY.inc
0x00000040;D_Alarming@KEY.inc
0x00000080;D_24Mode@KEY.inc
0x00000008;D_LED_ON@KEY.inc
0x0000000A;D_5SecBL@KEY.inc
0x00000004;D_2SecBL@KEY.inc
0x00000001;D_KeyFcClear@KEY.inc
0x00000002;D_KeyAllTime@KEY.inc
0x00000004;D_KeyLight@KEY.inc
0x00000008;D_KeyUnused@KEY.inc
0x00000002;C_KeyDebounce@KEY.inc
0x00000028;C_Sleep20Sec@KEY.inc
0x000000FF;C_LongKey2Sec@KEY.inc
0x00000018;C_FastAdd@KEY.inc
0x00000001;D_TimeFlag@KEY.inc
0x00000002;D_Timering_Short@KEY.inc
0x00000004;D_NoKeyTone@KEY.inc
0x00000008;D_DC@KEY.inc
0x00000010;D_EnableSnooze1@KEY.inc
0x00000040;HalfSecToggle@RTC.inc
0x00000020;AddSecondOnly@RTC.inc
0x00000010;AddOthers@RTC.inc
0x00000001;D_HistoryViewValid@Alarm.inc
0x00000002;D_HistoryViewTempValid@Alarm.inc
0x0000003C;C_TrendEq60Min@Alarm.inc
0x00000001;D_BatteryLow@Alarm.inc
0x00000002;D_TempTrendUp@Alarm.inc
0x00000004;D_TempTrendDown@Alarm.inc
0x00000008;D_HumTrendUp@Alarm.inc
0x00000010;D_HumTrendDown@Alarm.inc
0x00000020;D_TempTrendRefresh@Alarm.inc
0x00000040;D_HumTrendRefresh@Alarm.inc
0x00000040;D_TempHH@Alarm.inc
0x00000020;D_TempLL@Alarm.inc
0x00000010;D_Neg@Alarm.inc
0x00000008;D_TF@Alarm.inc
0x00000004;D_HumHH@Alarm.inc
0x00000002;D_HumLL@Alarm.inc
0x00000001;D_MaxTemp@Alarm.inc
0x00000002;D_MinTemp@Alarm.inc
0x00000001;D_TempF@GXHTV4.inc
0x00000002;D_TempError@GXHTV4.inc
0x00000004;D_TempFReg@GXHTV4.inc
0x00000080;D_WithRTRH@GXHTV4.inc
0x00000001;D_TimeMode@LCD_Display.asm
0x00000002;D_AlarmMode@LCD_Display.asm
0x00000004;D_DateMode@LCD_Display.asm
0x00000001;D_PageStandard@LCD_Display.asm
0x00000002;D_PageHistory@LCD_Display.asm
0x00000004;D_PageMoldSet@LCD_Display.asm
0x00000001;D_HisToday@LCD_Display.asm
0x00000002;D_His48Hr@LCD_Display.asm
0x00000004;D_HisAllTm@LCD_Display.asm
0x00000065;D_MoldDefault@LCD_Display.asm
0x0000E6AE;F_ShowAllLCD@LCD_Display.asm
0x0000E6B2;L_Set_Loop@LCD_Display.asm
0x0000E6BA;F_LcdDisplayDigital@LCD_Display.asm
0x0000E6CC;F_LcdDisplay7Char@LCD_Display.asm
0x0000E6D7;L_LcdDisplay8Icon@LCD_Display.asm
0x0000E6ED;L_DirectSaveSegmentValue@LCD_Display.asm
0x0000E6FC;L_ClearSegment@LCD_Display.asm
0x0000E702;L_UpdateSegment@LCD_Display.asm
0x0000E711;Display_OneBit@LCD_Display.asm
0x0000E725;NoDisplay_OneBit@LCD_Display.asm
0x00000000;LCD_Emulator@LCD_Display.asm
0x00000000;com0@LCD_Display.asm
0x00000001;com1@LCD_Display.asm
0x00000002;com2@LCD_Display.asm
0x00000003;com3@LCD_Display.asm
0x00000004;com4@LCD_Display.asm
0x00000000;seg00@LCD_Display.asm
0x00000001;seg01@LCD_Display.asm
0x00000002;seg02@LCD_Display.asm
0x00000003;seg03@LCD_Display.asm
0x00000004;seg04@LCD_Display.asm
0x00000005;seg05@LCD_Display.asm
0x00000006;seg06@LCD_Display.asm
0x00000007;seg07@LCD_Display.asm
0x00000008;seg08@LCD_Display.asm
0x00000009;seg09@LCD_Display.asm
0x0000000A;seg10@LCD_Display.asm
0x0000000B;seg11@LCD_Display.asm
0x0000000C;seg12@LCD_Display.asm
0x0000000D;seg13@LCD_Display.asm
0x0000000E;seg14@LCD_Display.asm
0x0000000F;seg15@LCD_Display.asm
0x00000010;seg16@LCD_Display.asm
0x00000011;seg17@LCD_Display.asm
0x00000012;seg18@LCD_Display.asm
0x00000013;seg19@LCD_Display.asm
0x00000014;seg20@LCD_Display.asm
0x00000015;seg21@LCD_Display.asm
0x00000016;seg22@LCD_Display.asm
0x0000001A;seg23@LCD_Display.asm
0x0000001B;seg24@LCD_Display.asm
0x0000001E;seg25@LCD_Display.asm
0x0000001F;seg26@LCD_Display.asm
0x000000A3;R_LcdTableIndex@LCD_Display.asm
0x000000A4;R_Display_Number@LCD_Display.asm
0x000000A5;R_LcdSegmentPosition@LCD_Display.asm
0x000000A6;R_Display7Times@LCD_Display.asm
0x00000000;T_CurTeH@LCD_Display.asm
0x0000000E;T_CurTeM@LCD_Display.asm
0x0000001C;T_CurTeL@LCD_Display.asm
0x0000002A;T_MaxTeH@LCD_Display.asm
0x00000038;T_MaxTeM@LCD_Display.asm
0x00000046;T_MaxTeL@LCD_Display.asm
0x00000054;T_MinTeH@LCD_Display.asm
0x00000062;T_MinTeM@LCD_Display.asm
0x00000070;T_MinTeL@LCD_Display.asm
0x0000007E;T_CurHuH@LCD_Display.asm
0x0000008C;T_CurHuL@LCD_Display.asm
0x0000009A;T_MaxHuH@LCD_Display.asm
0x000000A8;T_MaxHuL@LCD_Display.asm
0x000000B6;T_MinHuH@LCD_Display.asm
0x000000C4;T_MinHuL@LCD_Display.asm
0x00000000;T_Other@LCD_Display.asm
0x00000002;T_Temp@LCD_Display.asm
0x00000004;T_Bat@LCD_Display.asm
0x00000006;T_TeNeg@LCD_Display.asm
0x00000008;T_MaxTeNeg@LCD_Display.asm
0x0000000A;T_MinTeNeg@LCD_Display.asm
0x0000000C;T_CurTe100@LCD_Display.asm
0x0000000E;T_MaxTe100@LCD_Display.asm
0x00000010;T_MinTe100@LCD_Display.asm
0x00000012;T_CUnit@LCD_Display.asm
0x00000014;T_MAXCUnit@LCD_Display.asm
0x00000016;T_MINCUnit@LCD_Display.asm
0x00000018;T_FUnit@LCD_Display.asm
0x0000001A;T_MAXFUnit@LCD_Display.asm
0x0000001C;T_MINFUnit@LCD_Display.asm
0x0000001E;T_Today@LCD_Display.asm
0x00000020;T_48Hr@LCD_Display.asm
0x00000022;T_AllTm@LCD_Display.asm
0x00000024;T_PDry@LCD_Display.asm
0x00000026;T_PComf@LCD_Display.asm
0x00000028;T_PWet@LCD_Display.asm
0x0000002A;T_TUp@LCD_Display.asm
0x0000002C;T_TEq@LCD_Display.asm
0x0000002E;T_TDn@LCD_Display.asm
0x00000030;T_HUp@LCD_Display.asm
0x00000032;T_HEq@LCD_Display.asm
0x00000034;T_HDn@LCD_Display.asm
0x00000036;T_Mold@LCD_Display.asm
0x0000E8CB;Disp_ProductCheckHistory@LCD_Display.asm
0x0000E8CB;Disp_ProductStandardJump@LCD_Display.asm
0x0000E8CB;Disp_ProductStandardPage@LCD_Display.asm
0x0000E8CB;Disp_ProductHistoryPage@LCD_Display.asm
0x0000E8CB;Disp_ProductPage@LCD_Display.asm
0x0000E8D3;Disp_ProductStandardUpdateAll@LCD_Display.asm
0x0000E8D3;Disp_ProductHistoryUpdateAll@LCD_Display.asm
0x0000E8D3;Disp_ProductUpdateAll@LCD_Display.asm
0x0000E8DF;Disp_ProductRefreshPagedBody@LCD_Display.asm
0x0000E8E6;Disp_ProductShowHistoryTab@LCD_Display.asm
0x0000E8F0;Disp_ProductShowTodayTab@LCD_Display.asm
0x0000E8FF;Disp_Product48Hr@LCD_Display.asm
0x0000E90E;Disp_ProductAllTm@LCD_Display.asm
0x0000E91D;Disp_ProductRefreshCommonBody@LCD_Display.asm
0x0000E92B;Disp_ProductRefreshValueArea@LCD_Display.asm
0x0000E937;Disp_ProductRefreshStatusIcons@LCD_Display.asm
0x0000E946;Disp_ProductHidePageTabs@LCD_Display.asm
0x0000E955;Disp_ProductSetDisplay@LCD_Display.asm
0x0000E955;Disp_ProductMoldPage@LCD_Display.asm
0x0000E966;Disp_ProductMoldUpdateAll@LCD_Display.asm
0x0000E969;Disp_ProductSetHideValue@LCD_Display.asm
0x0000E97C;Disp_ProductSetRenderValue@LCD_Display.asm
0x0000E992;Disp_ProductShowComfortState@LCD_Display.asm
0x0000E9AC;Disp_ProductShowComfortDry@LCD_Display.asm
0x0000E9BB;Disp_ProductShowComfortComf@LCD_Display.asm
0x0000E9CA;Disp_ProductShowTempTrend@LCD_Display.asm
0x0000E9E4;Disp_ProductShowTempTrendDown@LCD_Display.asm
0x0000E9F3;Disp_ProductShowTempTrendCheckEq@LCD_Display.asm
0x0000E9FA;Disp_ProductShowTempTrendEq@LCD_Display.asm
0x0000EA09;Disp_ProductShowTempTrendUp@LCD_Display.asm
0x0000EA18;Disp_ProductShowTempTrendExit@LCD_Display.asm
0x0000EA27;Disp_ProductShowTempTrendNoRefresh@LCD_Display.asm
0x0000EA28;Disp_ProductShowHumTrend@LCD_Display.asm
0x0000EA42;Disp_ProductShowHumTrendDown@LCD_Display.asm
0x0000EA51;Disp_ProductShowHumTrendCheckEq@LCD_Display.asm
0x0000EA58;Disp_ProductShowHumTrendEq@LCD_Display.asm
0x0000EA67;Disp_ProductShowHumTrendUp@LCD_Display.asm
0x0000EA76;Disp_ProductShowHumTrendExit@LCD_Display.asm
0x0000EA85;Disp_ProductShowHumTrendNoRefresh@LCD_Display.asm
0x0000EA86;Disp_ProductShowMoldAlert@LCD_Display.asm
0x0000EA97;Disp_ProductShowMoldAlertHide@LCD_Display.asm
0x0000EA9C;Disp_ProductShowBatteryIcon@LCD_Display.asm
0x0000EAA8;Disp_ProductShowBatteryIconHide@LCD_Display.asm
0x0000EAAD;Disp_ProductLoadMoldThreshold@LCD_Display.asm
0x0000EAB3;Disp_ProductLoadMoldThresholdExit@LCD_Display.asm
0x0000EAB4;Disp_ProductCurrentTemp@LCD_Display.asm
0x0000EACC;Disp_ProductCurrentTempHH@LCD_Display.asm
0x0000EAD1;Disp_ProductCurrentTempLL@LCD_Display.asm
0x0000EAD6;Disp_ProductDisplayCurrentTempCode@LCD_Display.asm
0x0000EAF6;Disp_ProductShowCurrentUnit@LCD_Display.asm
0x0000EAFD;Disp_ProductShowCurrentUnitC@LCD_Display.asm
0x0000EB1B;Disp_ProductShowCurrentUnitF@LCD_Display.asm
0x0000EB39;Disp_ProductCurrentTempF@LCD_Display.asm
0x0000EB5A;Disp_ProductCurrentTempF_No100@LCD_Display.asm
0x0000EB5F;Disp_ProductCurrentTempC@LCD_Display.asm
0x0000EB80;Disp_ProductCurrentTempC_Neg@LCD_Display.asm
0x0000EB8A;Disp_ProductRenderCurrentTempFromBuf@LCD_Display.asm
0x0000EB93;Disp_ProductCurTempH_Blank@LCD_Display.asm
0x0000EB95;Disp_ProductCurTempH_Out@LCD_Display.asm
0x0000EBAB;Disp_ProductCurrentHum@LCD_Display.asm
0x0000EBCC;Disp_ProductCurHumH_Out@LCD_Display.asm
0x0000EBD1;Disp_ProductCurrentHumHH@LCD_Display.asm
0x0000EBD6;Disp_ProductCurrentHumLL@LCD_Display.asm
0x0000EBDB;Disp_ProductDisplayCurrentHumCode@LCD_Display.asm
0x0000EBE7;Disp_ProductTempRecords@LCD_Display.asm
0x0000EBFD;Disp_ProductTempRecordsF_1@LCD_Display.asm
0x0000EC00;Disp_ProductTempRecordsDash@LCD_Display.asm
0x0000EC0A;Disp_ProductTempRecordsDashC@LCD_Display.asm
0x0000EC10;Disp_ProductTempRecordsDashF@LCD_Display.asm
0x0000EC16;Disp_ProductTempRecordsC@LCD_Display.asm
0x0000EC16;Disp_ProductRenderMaxTempC@LCD_Display.asm
0x0000EC22;Disp_ProductMaxTempC_HOut@LCD_Display.asm
0x0000EC48;Disp_ProductMaxTempC_Neg@LCD_Display.asm
0x0000EC4D;Disp_ProductRenderMinTempC@LCD_Display.asm
0x0000EC59;Disp_ProductMinTempC_HOut@LCD_Display.asm
0x0000EC7C;Disp_ProductMinTempC_Neg@LCD_Display.asm
0x0000EC81;Disp_ProductTempRecordsF@LCD_Display.asm
0x0000EC91;Disp_ProductMaxTempF_No100@LCD_Display.asm
0x0000EC96;Disp_ProductMaxTempF_Digits@LCD_Display.asm
0x0000ECAF;Disp_ProductMinTempF@LCD_Display.asm
0x0000ECBF;Disp_ProductMinTempF_No100@LCD_Display.asm
0x0000ECC4;Disp_ProductMinTempF_Digits@LCD_Display.asm
0x0000ECDD;Disp_ProductRenderMaxTempDashC@LCD_Display.asm
0x0000ECF7;Disp_ProductRenderMinTempDashC@LCD_Display.asm
0x0000ED11;Disp_ProductRenderMaxTempDashF@LCD_Display.asm
0x0000ED2B;Disp_ProductRenderMinTempDashF@LCD_Display.asm
0x0000ED45;Disp_ProductHumRecords@LCD_Display.asm
0x0000ED5D;Disp_ProductHumRecordsDash@LCD_Display.asm
0x0000ED63;Disp_ProductRenderMaxHumDash@LCD_Display.asm
0x0000ED72;Disp_ProductRenderMinHumDash@LCD_Display.asm
0x0000ED81;Disp_ProductRenderMaxHum@LCD_Display.asm
0x0000ED91;Disp_ProductMaxHumH_Out@LCD_Display.asm
0x0000ED96;Disp_ProductRenderMinHum@LCD_Display.asm
0x0000EDA6;Disp_ProductMinHumH_Out@LCD_Display.asm
0x00000001;D_TempF@GXHTV4.asm
0x00000002;D_TempError@GXHTV4.asm
0x00000004;D_TempFReg@GXHTV4.asm
0x000000AA;INDF0@GXHTV4.asm
0x000000AE;CNT1@GXHTV4.asm
0x000000AF;CNT2@GXHTV4.asm
0x000000B0;CNT3@GXHTV4.asm
0x000000B1;CNT4@GXHTV4.asm
0x000000B2;CNT5@GXHTV4.asm
0x000000B3;CNT6@GXHTV4.asm
0x000000B4;X_H@GXHTV4.asm
0x000000B5;X_1@GXHTV4.asm
0x000000B8;Y_H@GXHTV4.asm
0x000000B9;Y_L@GXHTV4.asm
0x000000BC;OUT_1@GXHTV4.asm
0x00000088;I2C_ID_GXHTV4@GXHTV4.asm
0x00000000;I2C_WRITE_BIT@GXHTV4.asm
0x00000001;I2C_READ_BIT@GXHTV4.asm
0x00000024;CMD_MEASURE_TH@GXHTV4.asm
0x0000EDFA;F_ReadGXHTV4StopExit@GXHTV4.asm
0x0000EDFD;F_ReadGXHTV4Data_Exit@GXHTV4.asm
0x0000EDFE;F_GXHTV4WaitReady@GXHTV4.asm
0x0000EE01;F_GXHTV4WaitReady_A@GXHTV4.asm
0x0000EE03;F_GXHTV4WaitReady_Y@GXHTV4.asm
0x0000EE05;F_GXHTV4WaitReady_X@GXHTV4.asm
0x0000EE14;F_GXHTV4WaitReady_Done@GXHTV4.asm
0x0000EE15;CAL_IC_TEMP@GXHTV4.asm
0x0000EE61;CAL_TEMP_PLUS@GXHTV4.asm
0x0000EE87;CAL_TEMP_OUT@GXHTV4.asm
0x0000EE88;CAL_IC_HUM@GXHTV4.asm
0x0000EEAA;CAL_HUM_OUT@GXHTV4.asm
0x0000EEAB;F_crc_check_handle@GXHTV4.asm
0x0000EEBD;F_crc_check_h_loop@GXHTV4.asm
0x0000EEC3;F_crc_check_h_loop_set@GXHTV4.asm
0x0000EECF;F_crc_check_h_loop_clr@GXHTV4.asm
0x0000EED2;F_crc_check_h_loop_0@GXHTV4.asm
0x0000EEE0;F_crc_check_l_loop@GXHTV4.asm
0x0000EEE6;F_crc_check_l_loop_set@GXHTV4.asm
0x0000EEF2;F_crc_check_l_loop_clr@GXHTV4.asm
0x0000EEF5;F_crc_check_l_loop_0@GXHTV4.asm
0x0000EF01;F_crc_check_err@GXHTV4.asm
0x0000EF03;DIV_HEX@GXHTV4.asm
0x0000EF1B;NDIV1@GXHTV4.asm
0x0000EF1D;NDIV2@GXHTV4.asm
0x0000EF44;NDIV_7@GXHTV4.asm
0x0000EF4E;NDIV_SUB@GXHTV4.asm
0x0000EF61;NDIV4@GXHTV4.asm
0x0000EF64;NDIV_END@GXHTV4.asm
0x0000EF65;MUL_HEX@GXHTV4.asm
0x0000EF71;MUL_LOOP@GXHTV4.asm
0x0000EF98;TO_LOOP0@GXHTV4.asm
0x0000EFAA;LOOP16@GXHTV4.asm
0x0000EFB8;ADJDEC@GXHTV4.asm
0x0000EFCA;ADJBCD@GXHTV4.asm
0x0000EFDE;ADJ1@GXHTV4.asm
0x0000EFEE;ADJ2@GXHTV4.asm
0x0000F009;CH_C1@GXHTV4.asm
0x0000F018;CHANGE_F@GXHTV4.asm
0x0000F04C;CHANGE_PLUS@GXHTV4.asm
0x0000F06D;CHANGE_SUB@GXHTV4.asm
0x0000F07A;CHANGE_OUT@GXHTV4.asm
0x0000F082;CHANGE_RET@GXHTV4.asm
0x0000F08E;CH_R1@GXHTV4.asm
0x00000001;GPL813P01Cx@GPL813x.inc
0x00000001;GPL813X_Body_inc@GPL813x.inc
0x00000000;GPL813P01Ax@GPL813x.inc
0x00000000;GPL813P01Bx@GPL813x.inc
0x00000001;GPL813X@GPL813x.inc
0x00000000;P_IO_PortA_Dir@GPL813x.inc
0x00000002;P_IO_PortA_Data@GPL813x.inc
0x00000010;P_IO_PortB_Dir@GPL813x.inc
0x00000012;P_IO_PortB_Data@GPL813x.inc
0x00000014;P_IO_PortB_Attrib@GPL813x.inc
0x00000001;P_IO_PortC_Dir@GPL813x.inc
0x00000005;P_IO_PortC_Data@GPL813x.inc
0x00000003;P_IO_PortE_Data@GPL813x.inc
0x00000004;P_IO_PortE_DataLatch@GPL813x.inc
0x00000006;P_IO_Ctrl@GPL813x.inc
0x0000000B;P_IO_PortE_Dir@GPL813x.inc
0x00000015;P_IO_PortD_Attrib@GPL813x.inc
0x00000011;P_IO_PortD_Dir@GPL813x.inc
0x00000013;P_IO_PortD_Data@GPL813x.inc
0x00000008;P_WAKEUP_Ctrl@GPL813x.inc
0x00000020;D_WakeupTimer1@GPL813x.inc
0x00000010;D_WakeupTimer0@GPL813x.inc
0x00000008;D_WakeupTMBB@GPL813x.inc
0x00000004;D_Wakeup128Hz@GPL813x.inc
0x00000002;D_WakeupTMBA@GPL813x.inc
0x00000001;D_WakeupKey@GPL813x.inc
0x00000009;P_SYSTEM_Ctrl@GPL813x.inc
0x0000000A;P_TIMER_TimeBase_Sel@GPL813x.inc
0x00000022;P_TIMER_Timer0_Ctrl@GPL813x.inc
0x00000080;D_TimerEn@GPL813x.inc
0x00000000;D_TimerRiseEdge@GPL813x.inc
0x00000040;D_TimerFallEdge@GPL813x.inc
0x00000000;D_TimerSrcExtA@GPL813x.inc
0x00000020;D_TimerSrcExtA2@GPL813x.inc
0x00000000;D_TimerSrcA_HF@GPL813x.inc
0x00000001;D_TimerSrcA_HFDIV@GPL813x.inc
0x00000002;D_TimerSrcA_EXT@GPL813x.inc
0x00000003;D_TimerSrcA_VDD@GPL813x.inc
0x00000000;D_TimerSrcB_LF@GPL813x.inc
0x00000004;D_TimerSrcB_TMX@GPL813x.inc
0x00000008;D_TimerSrcB_EXTA@GPL813x.inc
0x0000000C;D_TimerSrcB_VDD@GPL813x.inc
0x00000020;P_TIMER_TM0Data_LB@GPL813x.inc
0x00000021;P_TIMER_TM0Data_HB@GPL813x.inc
0x00000023;P_TIMER_TM0Load_Ctrl@GPL813x.inc
0x00000025;P_TIMER_TM1Data@GPL813x.inc
0x00000026;P_TIMER_Timer1_Ctrl@GPL813x.inc
0x00000080;D_Timer1En@GPL813x.inc
0x00000000;D_Timer1_LSCK@GPL813x.inc
0x00000001;D_Timer1_TMBB@GPL813x.inc
0x00000002;D_Timer1_HSCK@GPL813x.inc
0x00000003;D_Timer1_HFDIV@GPL813x.inc
0x00000027;P_TIMER_TM1Load_Ctrl@GPL813x.inc
0x00000018;P_CLK_CPU_Ctrl@GPL813x.inc
0x000000E0;D_RCHF_Msk@GPL813x.inc
0x00000000;D_RCHF225K@GPL813x.inc
0x00000040;D_RCHF500K@GPL813x.inc
0x00000080;D_RCHF1800K@GPL813x.inc
0x000000C0;D_RCHF1000K@GPL813x.inc
0x00000020;D_RCHF4000K@GPL813x.inc
0x00000007;D_CPU_Msk@GPL813x.inc
0x00000000;D_CPU_HF@GPL813x.inc
0x00000001;D_CPU_HF2@GPL813x.inc
0x00000002;D_CPU_HF4@GPL813x.inc
0x00000003;D_CPU_HF8@GPL813x.inc
0x00000004;D_CPU_HF16@GPL813x.inc
0x0000001A;P_CLK_HFDIV_Ctrl@GPL813x.inc
0x0000000C;P_CLK_32768_En@GPL813x.inc
0x00000000;D_LFEnable@GPL813x.inc
0x00000080;D_LFDisable@GPL813x.inc
0x00000004;D_X32K_WEAK@GPL813x.inc
0x00000002;D_X32K_STRO@GPL813x.inc
0x00000001;D_CAP_EN@GPL813x.inc
0x00000000;D_CAP_DIS@GPL813x.inc
0x0000000D;P_INT_Ctrl@GPL813x.inc
0x000000FF;D_IntMask@GPL813x.inc
0x00000080;D_Ext2Int@GPL813x.inc
0x00000040;D_LvdInt@GPL813x.inc
0x00000020;D_Timer0Int@GPL813x.inc
0x00000010;D_TMBBInt@GPL813x.inc
0x00000008;D_TMBAInt@GPL813x.inc
0x00000004;D_128HzInt@GPL813x.inc
0x00000002;D_2KHzInt@GPL813x.inc
0x00000001;D_ExtInt@GPL813x.inc
0x00000041;P_INT_2KHz_Clear@GPL813x.inc
0x00000042;P_INT_128Hz_Clear@GPL813x.inc
0x00000043;P_INT_TimeBaseA_Clear@GPL813x.inc
0x00000044;P_INT_TimeBaseB_Clear@GPL813x.inc
0x00000045;P_INT_Timer0_Clear@GPL813x.inc
0x00000040;P_INT_Ext_Clear@GPL813x.inc
0x0000002D;P_INT_Ctrl2@GPL813x.inc
0x00000003;D_Int2Mask@GPL813x.inc
0x00000001;D_Timer1Int@GPL813x.inc
0x00000047;P_INT_Ext2_Clear@GPL813x.inc
0x00000048;P_INT_Timer1_Clear@GPL813x.inc
0x00000007;P_LCD_Ctrl@GPL813x.inc
0x000000FD;D_LcdConfigMask@GPL813x.inc
0x00000088;D_Duty_1_8@GPL813x.inc
0x000000C8;D_Duty_1_6@GPL813x.inc
0x00000004;D_Duty_1_5@GPL813x.inc
0x00000044;D_Duty_1_4@GPL813x.inc
0x00000084;D_Duty_1_3@GPL813x.inc
0x00000000;D_Bias_1_4@GPL813x.inc
0x00000020;D_Bias_1_3@GPL813x.inc
0x00000010;D_Bias_1_2@GPL813x.inc
0x00000001;D_ScanEnable@GPL813x.inc
0x00000019;P_LCD_VLCD_Ctrl@GPL813x.inc
0x00000030;D_Halt_Normal@GPL813x.inc
0x00000020;D_Halt_Green@GPL813x.inc
0x00000000;D_VLCD_28@GPL813x.inc
0x00000001;D_VLCD_30@GPL813x.inc
0x00000002;D_VLCD_33@GPL813x.inc
0x00000003;D_VLCD_VDD@GPL813x.inc
0x0000000F;P_WDT_Flag_Clear@GPL813x.inc
0x0000000E;P_Reset_Status@GPL813x.inc
0x00000001;D_FlagC@GPL813x.inc
0x00000002;D_FlagON@GPL813x.inc
0x00000016;P_AUDIO_BZ_Ctrl@GPL813x.inc
0x00000080;D_C32KOUT@GPL813x.inc
0x00000002;D_Buzzer1@GPL813x.inc
0x00000001;D_Buzzer0@GPL813x.inc
0x0000001B;P_LVD_Ctrl@GPL813x.inc
0x00000001;D_LVD_State@GPL813x.inc
0x00000000;D_LVD_22@GPL813x.inc
0x00000040;D_LVD_24@GPL813x.inc
0x00000081;D_LVD_27@GPL813x.inc
0x000000C1;D_LVD_33@GPL813x.inc
0x00000046;P_INT_LVD_Clear@GPL813x.inc
0x00000017;P_RFC_Ctrl@GPL813x.inc
0x00000080;D_EXT1EDG@GPL813x.inc
0x00000040;D_EXT2EDG@GPL813x.inc
0x00000001;D_RFCEN@GPL813x.inc
0x00003030;P_PWMIO_Ctrl@GPL813x.inc
0x00003032;P_PWMIO_IO0_DUTY@GPL813x.inc
0x00003033;P_PWMIO_IO1_DUTY@GPL813x.inc
0x00003034;P_PWMIO_IO2_DUTY@GPL813x.inc
0x00003035;P_PWMIO_IO3_DUTY@GPL813x.inc
0x0000E000;D_Bank0UserRomStartAddr@GPL813x.inc
0x0000FFDF;D_Bank0UserRomEndAddr@GPL813x.inc
0x0000FFFC;D_NMIandResetVectorStartAddr@GPL813x.inc
0x0000FFFF;D_NMIandResetVectorEndAddr@GPL813x.inc
0x00000010;I2C_SDA@D_I2C.asm
0x00000008;I2C_SCL@D_I2C.asm
0x00000018;I2C_SCL_SDA_VAL@D_I2C.asm
0x00000013;P_I2C_Dat@D_I2C.asm
0x00000088;C_SlaveAddr@D_I2C.asm
0x00000000;C_Write@D_I2C.asm
0x00000001;C_Read@D_I2C.asm
0x000000CC;R_ACK_Timeout@D_I2C.asm
0x000000CD;R_ACK_Err@D_I2C.asm
0x0000F08F;B_SDA_0@D_I2C.asm
0x0000F0B1;B_SCL_0@D_I2C.asm
0x0000F0D3;B_SCLSDA_0@D_I2C.asm
0x0000F0E4;B_SCLSDA_1@D_I2C.asm
0x0000F106;F_I2C_Delay@D_I2C.asm
0x0000F227;I2C_Write_Err@D_I2C.asm
0x00000001;GPL813P01Cx@GPL813x.inc
0x00000001;GPL813X_Body_inc@GPL813x.inc
0x00000000;GPL813P01Ax@GPL813x.inc
0x00000000;GPL813P01Bx@GPL813x.inc
0x00000001;GPL813X@GPL813x.inc
0x00000000;P_IO_PortA_Dir@GPL813x.inc
0x00000002;P_IO_PortA_Data@GPL813x.inc
0x00000010;P_IO_PortB_Dir@GPL813x.inc
0x00000012;P_IO_PortB_Data@GPL813x.inc
0x00000014;P_IO_PortB_Attrib@GPL813x.inc
0x00000001;P_IO_PortC_Dir@GPL813x.inc
0x00000005;P_IO_PortC_Data@GPL813x.inc
0x00000003;P_IO_PortE_Data@GPL813x.inc
0x00000004;P_IO_PortE_DataLatch@GPL813x.inc
0x00000006;P_IO_Ctrl@GPL813x.inc
0x0000000B;P_IO_PortE_Dir@GPL813x.inc
0x00000015;P_IO_PortD_Attrib@GPL813x.inc
0x00000011;P_IO_PortD_Dir@GPL813x.inc
0x00000013;P_IO_PortD_Data@GPL813x.inc
0x00000008;P_WAKEUP_Ctrl@GPL813x.inc
0x00000020;D_WakeupTimer1@GPL813x.inc
0x00000010;D_WakeupTimer0@GPL813x.inc
0x00000008;D_WakeupTMBB@GPL813x.inc
0x00000004;D_Wakeup128Hz@GPL813x.inc
0x00000002;D_WakeupTMBA@GPL813x.inc
0x00000001;D_WakeupKey@GPL813x.inc
0x00000009;P_SYSTEM_Ctrl@GPL813x.inc
0x0000000A;P_TIMER_TimeBase_Sel@GPL813x.inc
0x00000022;P_TIMER_Timer0_Ctrl@GPL813x.inc
0x00000080;D_TimerEn@GPL813x.inc
0x00000000;D_TimerRiseEdge@GPL813x.inc
0x00000040;D_TimerFallEdge@GPL813x.inc
0x00000000;D_TimerSrcExtA@GPL813x.inc
0x00000020;D_TimerSrcExtA2@GPL813x.inc
0x00000000;D_TimerSrcA_HF@GPL813x.inc
0x00000001;D_TimerSrcA_HFDIV@GPL813x.inc
0x00000002;D_TimerSrcA_EXT@GPL813x.inc
0x00000003;D_TimerSrcA_VDD@GPL813x.inc
0x00000000;D_TimerSrcB_LF@GPL813x.inc
0x00000004;D_TimerSrcB_TMX@GPL813x.inc
0x00000008;D_TimerSrcB_EXTA@GPL813x.inc
0x0000000C;D_TimerSrcB_VDD@GPL813x.inc
0x00000020;P_TIMER_TM0Data_LB@GPL813x.inc
0x00000021;P_TIMER_TM0Data_HB@GPL813x.inc
0x00000023;P_TIMER_TM0Load_Ctrl@GPL813x.inc
0x00000025;P_TIMER_TM1Data@GPL813x.inc
0x00000026;P_TIMER_Timer1_Ctrl@GPL813x.inc
0x00000080;D_Timer1En@GPL813x.inc
0x00000000;D_Timer1_LSCK@GPL813x.inc
0x00000001;D_Timer1_TMBB@GPL813x.inc
0x00000002;D_Timer1_HSCK@GPL813x.inc
0x00000003;D_Timer1_HFDIV@GPL813x.inc
0x00000027;P_TIMER_TM1Load_Ctrl@GPL813x.inc
0x00000018;P_CLK_CPU_Ctrl@GPL813x.inc
0x000000E0;D_RCHF_Msk@GPL813x.inc
0x00000000;D_RCHF225K@GPL813x.inc
0x00000040;D_RCHF500K@GPL813x.inc
0x00000080;D_RCHF1800K@GPL813x.inc
0x000000C0;D_RCHF1000K@GPL813x.inc
0x00000020;D_RCHF4000K@GPL813x.inc
0x00000007;D_CPU_Msk@GPL813x.inc
0x00000000;D_CPU_HF@GPL813x.inc
0x00000001;D_CPU_HF2@GPL813x.inc
0x00000002;D_CPU_HF4@GPL813x.inc
0x00000003;D_CPU_HF8@GPL813x.inc
0x00000004;D_CPU_HF16@GPL813x.inc
0x0000001A;P_CLK_HFDIV_Ctrl@GPL813x.inc
0x0000000C;P_CLK_32768_En@GPL813x.inc
0x00000000;D_LFEnable@GPL813x.inc
0x00000080;D_LFDisable@GPL813x.inc
0x00000004;D_X32K_WEAK@GPL813x.inc
0x00000002;D_X32K_STRO@GPL813x.inc
0x00000001;D_CAP_EN@GPL813x.inc
0x00000000;D_CAP_DIS@GPL813x.inc
0x0000000D;P_INT_Ctrl@GPL813x.inc
0x000000FF;D_IntMask@GPL813x.inc
0x00000080;D_Ext2Int@GPL813x.inc
0x00000040;D_LvdInt@GPL813x.inc
0x00000020;D_Timer0Int@GPL813x.inc
0x00000010;D_TMBBInt@GPL813x.inc
0x00000008;D_TMBAInt@GPL813x.inc
0x00000004;D_128HzInt@GPL813x.inc
0x00000002;D_2KHzInt@GPL813x.inc
0x00000001;D_ExtInt@GPL813x.inc
0x00000041;P_INT_2KHz_Clear@GPL813x.inc
0x00000042;P_INT_128Hz_Clear@GPL813x.inc
0x00000043;P_INT_TimeBaseA_Clear@GPL813x.inc
0x00000044;P_INT_TimeBaseB_Clear@GPL813x.inc
0x00000045;P_INT_Timer0_Clear@GPL813x.inc
0x00000040;P_INT_Ext_Clear@GPL813x.inc
0x0000002D;P_INT_Ctrl2@GPL813x.inc
0x00000003;D_Int2Mask@GPL813x.inc
0x00000001;D_Timer1Int@GPL813x.inc
0x00000047;P_INT_Ext2_Clear@GPL813x.inc
0x00000048;P_INT_Timer1_Clear@GPL813x.inc
0x00000007;P_LCD_Ctrl@GPL813x.inc
0x000000FD;D_LcdConfigMask@GPL813x.inc
0x00000088;D_Duty_1_8@GPL813x.inc
0x000000C8;D_Duty_1_6@GPL813x.inc
0x00000004;D_Duty_1_5@GPL813x.inc
0x00000044;D_Duty_1_4@GPL813x.inc
0x00000084;D_Duty_1_3@GPL813x.inc
0x00000000;D_Bias_1_4@GPL813x.inc
0x00000020;D_Bias_1_3@GPL813x.inc
0x00000010;D_Bias_1_2@GPL813x.inc
0x00000001;D_ScanEnable@GPL813x.inc
0x00000019;P_LCD_VLCD_Ctrl@GPL813x.inc
0x00000030;D_Halt_Normal@GPL813x.inc
0x00000020;D_Halt_Green@GPL813x.inc
0x00000000;D_VLCD_28@GPL813x.inc
0x00000001;D_VLCD_30@GPL813x.inc
0x00000002;D_VLCD_33@GPL813x.inc
0x00000003;D_VLCD_VDD@GPL813x.inc
0x0000000F;P_WDT_Flag_Clear@GPL813x.inc
0x0000000E;P_Reset_Status@GPL813x.inc
0x00000001;D_FlagC@GPL813x.inc
0x00000002;D_FlagON@GPL813x.inc
0x00000016;P_AUDIO_BZ_Ctrl@GPL813x.inc
0x00000080;D_C32KOUT@GPL813x.inc
0x00000002;D_Buzzer1@GPL813x.inc
0x00000001;D_Buzzer0@GPL813x.inc
0x0000001B;P_LVD_Ctrl@GPL813x.inc
0x00000001;D_LVD_State@GPL813x.inc
0x00000000;D_LVD_22@GPL813x.inc
0x00000040;D_LVD_24@GPL813x.inc
0x00000081;D_LVD_27@GPL813x.inc
0x000000C1;D_LVD_33@GPL813x.inc
0x00000046;P_INT_LVD_Clear@GPL813x.inc
0x00000017;P_RFC_Ctrl@GPL813x.inc
0x00000080;D_EXT1EDG@GPL813x.inc
0x00000040;D_EXT2EDG@GPL813x.inc
0x00000001;D_RFCEN@GPL813x.inc
0x00003030;P_PWMIO_Ctrl@GPL813x.inc
0x00003032;P_PWMIO_IO0_DUTY@GPL813x.inc
0x00003033;P_PWMIO_IO1_DUTY@GPL813x.inc
0x00003034;P_PWMIO_IO2_DUTY@GPL813x.inc
0x00003035;P_PWMIO_IO3_DUTY@GPL813x.inc
0x0000E000;D_Bank0UserRomStartAddr@GPL813x.inc
0x0000FFDF;D_Bank0UserRomEndAddr@GPL813x.inc
0x0000FFFC;D_NMIandResetVectorStartAddr@GPL813x.inc
0x0000FFFF;D_NMIandResetVectorEndAddr@GPL813x.inc
0x00000080;C_SramAddrStart@Macro.inc
0x000000FF;C_SramAddrEnd@Macro.inc
0x00003E00;C_DPRAMAddrStart@Macro.inc
0x00003FFF;C_DPRAMAddrEnd@Macro.inc
0x00000001;D_Bit0@Macro.inc
0x00000002;D_Bit1@Macro.inc
0x00000004;D_Bit2@Macro.inc
0x00000008;D_Bit3@Macro.inc
0x00000010;D_Bit4@Macro.inc
0x00000020;D_Bit5@Macro.inc
0x00000040;D_Bit6@Macro.inc
0x00000080;D_Bit7@Macro.inc
0x00000001;C_High@Macro.inc
0x00000000;C_Input@Macro.inc
0x00000001;C_PC0Dir@Macro.inc
0x00000002;C_PC1Dir@Macro.inc
0x00000004;C_PC2Dir@Macro.inc
0x00000008;C_PC3Dir@Macro.inc
0x00000040;C_PC6Dir@Macro.inc
0x00000080;C_PC7Dir@Macro.inc
0x00000004;D_BLight@Macro.inc
0x00000008;D_Pulse@Macro.inc
0x00000020;D_LVD@Macro.inc
0x00000015;C_MusicOne@Macro.inc
0x00000016;C_MusicAll@Macro.inc
0x00000017;C_MusicStop@Macro.inc
0x0000001F;C_MinVol@Macro.inc
0x0000002D;C_MaxVol@Macro.inc
0x00000002;D_SetConver@KEY.inc
0x00000004;D_SetTimeHour@KEY.inc
0x00000008;D_SetTimeMin@KEY.inc
0x00000010;D_SetTimeMax@KEY.inc
0x00000002;D_SetAlarmHour@KEY.inc
0x00000004;D_SetAlarmMin@KEY.inc
0x00000008;D_SetAlarmMax@KEY.inc
0x00000002;D_SetDateYear@KEY.inc
0x00000004;D_SetDateMonth@KEY.inc
0x00000008;D_SetDateDay@KEY.inc
0x00000010;D_SetDateMax@KEY.inc
0x00000002;D_SetHour@KEY.inc
0x00000004;D_SetMin@KEY.inc
0x00000008;D_SetMax@KEY.inc
0x00000001;D_KeyTone@KEY.inc
0x00000002;D_EnableFastAdd@KEY.inc
0x00000004;D_EnableAlarm@KEY.inc
0x00000008;D_EnableSnooze@KEY.inc
0x00000010;D_KeyRelDis@KEY.inc
0x00000020;D_ToneOn@KEY.inc
0x00000040;D_Alarming@KEY.inc
0x00000080;D_24Mode@KEY.inc
0x00000008;D_LED_ON@KEY.inc
0x0000000A;D_5SecBL@KEY.inc
0x00000004;D_2SecBL@KEY.inc
0x00000001;D_KeyFcClear@KEY.inc
0x00000002;D_KeyAllTime@KEY.inc
0x00000004;D_KeyLight@KEY.inc
0x00000008;D_KeyUnused@KEY.inc
0x00000002;C_KeyDebounce@KEY.inc
0x00000028;C_Sleep20Sec@KEY.inc
0x000000FF;C_LongKey2Sec@KEY.inc
0x00000018;C_FastAdd@KEY.inc
0x00000001;D_TimeFlag@KEY.inc
0x00000002;D_Timering_Short@KEY.inc
0x00000004;D_NoKeyTone@KEY.inc
0x00000008;D_DC@KEY.inc
0x00000010;D_EnableSnooze1@KEY.inc
0x00000040;HalfSecToggle@RTC.inc
0x00000020;AddSecondOnly@RTC.inc
0x00000010;AddOthers@RTC.inc
0x00000001;D_TimeMode@LCD_Display.inc
0x00000002;D_AlarmMode@LCD_Display.inc
0x00000004;D_DateMode@LCD_Display.inc
0x00000001;D_PageStandard@LCD_Display.inc
0x00000002;D_PageHistory@LCD_Display.inc
0x00000004;D_PageMoldSet@LCD_Display.inc
0x00000001;D_HisToday@LCD_Display.inc
0x00000002;D_His48Hr@LCD_Display.inc
0x00000004;D_HisAllTm@LCD_Display.inc
0x000000A3;R_LcdTableIndex@LCD_Display.inc
0x000000A4;R_Display_Number@LCD_Display.inc
0x000000A5;R_LcdSegmentPosition@LCD_Display.inc
0x000000A6;R_Display7Times@LCD_Display.inc
0x00000001;D_TempF@GXHTV4.inc
0x00000002;D_TempError@GXHTV4.inc
0x00000004;D_TempFReg@GXHTV4.inc
0x00000080;D_WithRTRH@GXHTV4.inc
0x00000182;R_MoldAlarmTm@Alarm.asm
0x00000183;R_MoldAlarmIdx@Alarm.asm
0x00000185;R_BatteryDetCnt@Alarm.asm
0x00000186;R_TempCH@Alarm.asm
0x00000187;R_TempCL@Alarm.asm
0x00000188;R_HUM@Alarm.asm
0x00000065;C_MoldDefaultThreshold@Alarm.asm
0x00000001;D_BatteryLow@Alarm.asm
0x00000005;C_BatteryDetDebounce@Alarm.asm
0x00000189;R_HistoryFlags@Alarm.asm
0x00000001;D_HistoryInit@Alarm.asm
0x00000001;D_HisValid@Alarm.asm
0x00000002;D_HisTempValid@Alarm.asm
0x00000080;D_HisMaxNeg@Alarm.asm
0x00000040;D_HisMinNeg@Alarm.asm
0x0000018A;R_TodayRecFlags@Alarm.asm
0x0000018B;R_TodayRecTempMax@Alarm.asm
0x0000018D;R_TodayRecTempMaxF@Alarm.asm
0x0000018F;R_TodayRecTempMin@Alarm.asm
0x00000191;R_TodayRecTempMinF@Alarm.asm
0x00000193;R_TodayRecHumMax@Alarm.asm
0x00000194;R_TodayRecHumMin@Alarm.asm
0x00000195;R_48TodayRecFlags@Alarm.asm
0x00000196;R_48TodayRecTempMax@Alarm.asm
0x00000198;R_48TodayRecTempMaxF@Alarm.asm
0x0000019A;R_48TodayRecTempMin@Alarm.asm
0x0000019C;R_48TodayRecTempMinF@Alarm.asm
0x0000019E;R_48TodayRecHumMax@Alarm.asm
0x0000019F;R_48TodayRecHumMin@Alarm.asm
0x000001A0;R_PrevRecFlags@Alarm.asm
0x000001A1;R_PrevRecTempMax@Alarm.asm
0x000001A3;R_PrevRecTempMaxF@Alarm.asm
0x000001A5;R_PrevRecTempMin@Alarm.asm
0x000001A7;R_PrevRecTempMinF@Alarm.asm
0x000001A9;R_PrevRecHumMax@Alarm.asm
0x000001AA;R_PrevRecHumMin@Alarm.asm
0x000001AB;R_AllRecFlags@Alarm.asm
0x000001AC;R_AllRecTempMax@Alarm.asm
0x000001AE;R_AllRecTempMaxF@Alarm.asm
0x000001B0;R_AllRecTempMin@Alarm.asm
0x000001B2;R_AllRecTempMinF@Alarm.asm
0x000001B4;R_AllRecHumMax@Alarm.asm
0x000001B5;R_AllRecHumMin@Alarm.asm
0x0000000B;C_HisRecSize@Alarm.asm
0x00000000;C_HisRecToday@Alarm.asm
0x0000000B;C_HisRec48Today@Alarm.asm
0x00000016;C_HisRecPrev@Alarm.asm
0x00000021;C_HisRecAll@Alarm.asm
0x000001B6;R_HistoryClearTm@Alarm.asm
0x000001B7;R_HistoryViewFlags@Alarm.asm
0x00000001;D_HistoryViewValid@Alarm.asm
0x00000002;D_HistoryViewTempValid@Alarm.asm
0x00000006;C_HistoryClear3Sec@Alarm.asm
0x000001B8;R_TrendFlags@Alarm.asm
0x00000001;D_TrendInit@Alarm.asm
0x00000002;D_TempTrendUp@Alarm.asm
0x00000004;D_TempTrendDown@Alarm.asm
0x00000008;D_HumTrendUp@Alarm.asm
0x00000010;D_HumTrendDown@Alarm.asm
0x00000020;D_TempTrendRefresh@Alarm.asm
0x00000040;D_HumTrendRefresh@Alarm.asm
0x000001B9;R_TrendTempMaxH@Alarm.asm
0x000001BA;R_TrendTempMaxL@Alarm.asm
0x000001BB;R_TrendTempMinH@Alarm.asm
0x000001BC;R_TrendTempMinL@Alarm.asm
0x000001BD;R_TrendHumMax@Alarm.asm
0x000001BE;R_TrendHumMin@Alarm.asm
0x000001BF;R_TrendTempEqCnt@Alarm.asm
0x000001C0;R_TrendHumEqCnt@Alarm.asm
0x0000003C;C_TrendEq60Min@Alarm.asm
0x0000000B;C_TrendTempSpanTrig@Alarm.asm
0x00000006;C_TrendHumSpanTrig@Alarm.asm
0x000001C4;R_HumMin_Sign@Alarm.asm
0x000001C5;R_HumMax_Sign@Alarm.asm
0x00000080;D_HumHH@Alarm.asm
0x00000040;D_TempHH@Alarm.asm
0x00000020;D_TempLL@Alarm.asm
0x00000010;D_Neg@Alarm.asm
0x00000008;D_TF@Alarm.asm
0x00000002;D_HumLL@Alarm.asm
0x00000064;C_HumRaw100@Alarm.asm
0x00000099;C_HumDisp99@Alarm.asm
0x00000001;D_MaxTemp@Alarm.asm
0x00000002;D_MinTemp@Alarm.asm
0x0000F27C;CheckHalfSecToggle@Alarm.asm
0x0000F2AD;LoadTemperatureValue@Alarm.asm
0x0000F2B8;TemperatureIsPositive@Alarm.asm
0x0000F2C3;ExitJudge@Alarm.asm
0x0000F2CA;BatterySampleHigh@Alarm.asm
0x0000F2F1;BatterySampleLow@Alarm.asm
0x0000F312;BatteryLowKeep@Alarm.asm
0x0000F318;BatteryClearCounter@Alarm.asm
0x0000F31D;BatteryExit@Alarm.asm
0x0000F325;MoldAlarm_CheckHum@Alarm.asm
0x0000F32C;MoldAlarm_Stop@Alarm.asm
0x0000F340;MoldAlarm_Active@Alarm.asm
0x0000F351;MoldAlarm_LoadStep@Alarm.asm
0x0000F363;MoldAlarm_StoreStep@Alarm.asm
0x0000F372;T_MoldAlarmPattern@Alarm.asm
0x0000F395;F_RefreshTrendFlags@Alarm.asm
0x0000F396;ProcessTemperature@Alarm.asm
0x0000F39F;ConvertTemperatureToBCD@Alarm.asm
0x0000F3B1;ConvertToFahrenheit@Alarm.asm
0x0000F3D1;ProcessHumidity@Alarm.asm
0x0000F3DE;ProcessHumidity_ConvertBCD@Alarm.asm
0x0000F3ED;F_Judge_HHLL@Alarm.asm
0x0000F3FB;F_Judge_TempHHLL@Alarm.asm
0x0000F429;F_Judge_HumHHLL@Alarm.asm
0x0000F439;JudgeHumHHLL_CheckDisp@Alarm.asm
0x0000F45B;F_IsCurrentTempInRange@Alarm.asm
0x0000F464;CurrentTempInRange@Alarm.asm
0x0000F466;UpdateExtremeValues@Alarm.asm
0x0000F46E;UpdateExtremeValues_SkipTemp@Alarm.asm
0x0000F471;UpdateTemperatureExtremes@Alarm.asm
0x0000F48C;CompareTempMaxLow@Alarm.asm
0x0000F499;UpdateTempMax@Alarm.asm
0x0000F4C5;CurrentTempIsNeg_1@Alarm.asm
0x0000F4C8;CheckTempMin@Alarm.asm
0x0000F4E3;CompareTempMinLow@Alarm.asm
0x0000F4EE;UpdateTempMin@Alarm.asm
0x0000F51A;ExitTempUpdate@Alarm.asm
0x0000F51B;CurrentTempIsNeg@Alarm.asm
0x0000F525;CompareNegativeMax@Alarm.asm
0x0000F532;CompareNegativeMaxLow@Alarm.asm
0x0000F53D;CurrentTempNegMin@Alarm.asm
0x0000F547;CompareNegativeMin@Alarm.asm
0x0000F554;CompareNegativeMinLow@Alarm.asm
0x0000F55F;UpdateHumidityExtremes@Alarm.asm
0x0000F574;CheckHumMin@Alarm.asm
0x0000F588;ExitHumUpdate@Alarm.asm
0x0000F589;F_UpdateTrendState@Alarm.asm
0x0000F599;F_TrendSeedCurrent@Alarm.asm
0x0000F5B2;F_TrendResetTempWindowCurrent@Alarm.asm
0x0000F5CA;F_TrendResetHumWindowCurrent@Alarm.asm
0x0000F5D9;F_UpdateTempTrendState@Alarm.asm
0x0000F5FA;TrendTemp_CheckMin@Alarm.asm
0x0000F61B;TrendTemp_StepCount@Alarm.asm
0x0000F634;TrendTemp_Exit@Alarm.asm
0x0000F635;F_TrendTempCurrentGtMax@Alarm.asm
0x0000F658;TrendTempGtMax_CurrentPos@Alarm.asm
0x0000F675;TrendTempGtMax_True@Alarm.asm
0x0000F677;TrendTempGtMax_False@Alarm.asm
0x0000F679;F_TrendTempCurrentLtMin@Alarm.asm
0x0000F69E;TrendTempLtMin_CurrentPos@Alarm.asm
0x0000F6B9;TrendTempLtMin_False@Alarm.asm
0x0000F6BB;TrendTempLtMin_True@Alarm.asm
0x0000F6BD;F_TrendTempSpanReached@Alarm.asm
0x0000F6DE;TrendTempSpan_MaxPositive@Alarm.asm
0x0000F6FF;TrendTempSpan_CrossZero@Alarm.asm
0x0000F716;TrendTempSpan_True@Alarm.asm
0x0000F718;TrendTempSpan_False@Alarm.asm
0x0000F71A;F_UpdateHumTrendState@Alarm.asm
0x0000F737;TrendHum_CheckMin@Alarm.asm
0x0000F752;TrendHum_StepCount@Alarm.asm
0x0000F76B;TrendHum_Exit@Alarm.asm
0x0000F76C;F_TrendHumSpanReached@Alarm.asm
0x0000F779;TrendHumSpan_False@Alarm.asm
0x0000F77B;F_HistoryOnSample@Alarm.asm
0x0000F795;HistorySample_InitSkip@Alarm.asm
0x0000F796;HistorySample_Update@Alarm.asm
0x0000F7AF;HistorySample_ResetToday@Alarm.asm
0x0000F7B8;HistorySample_UpdateToday@Alarm.asm
0x0000F7D0;HistoryLoadView_Select@Alarm.asm
0x0000F7DA;HistoryLoadView_PageHistory@Alarm.asm
0x0000F7E8;HistoryLoadView_All@Alarm.asm
0x0000F7EB;HistoryLoadView_48Hr@Alarm.asm
0x0000F7FF;HistoryLoadView_48HrSeedFromPrev@Alarm.asm
0x0000F809;HistoryLoadView_48HrClear@Alarm.asm
0x0000F80C;HistoryLoadView_48HrDone@Alarm.asm
0x0000F81D;HistoryClear_SelectCurrentPage@Alarm.asm
0x0000F831;HistoryClear_48Hr@Alarm.asm
0x0000F83D;HistoryClear_All@Alarm.asm
0x0000F843;HistoryClear_StartFeedback@Alarm.asm
0x0000F84B;F_HistoryReseedTodayFromCurrent@Alarm.asm
0x0000F857;F_HistoryReseed48TodayFromCurrent@Alarm.asm
0x0000F863;F_HistoryReseedAllFromCurrent@Alarm.asm
0x0000F86F;F_HistoryClearToday@Alarm.asm
0x0000F874;F_HistoryClear48Today@Alarm.asm
0x0000F879;F_HistoryClearPrev@Alarm.asm
0x0000F87E;F_HistoryClearAll@Alarm.asm
0x0000F883;F_HistoryClearRecord@Alarm.asm
0x0000F8A7;F_HistoryCopy48TodayToPrev@Alarm.asm
0x0000F8AE;F_HistoryCopyRecord@Alarm.asm
0x0000F8F1;F_HistorySeedTodayFromCurrent@Alarm.asm
0x0000F8F6;F_HistorySeed48TodayFromCurrent@Alarm.asm
0x0000F8FB;F_HistorySeedAllFromCurrent@Alarm.asm
0x0000F900;F_HistorySeedRecordFromCurrent@Alarm.asm
0x0000F916;HistorySeedRecord_Exit@Alarm.asm
0x0000F917;HistorySeedRecord_SeedTempFromCurrent@Alarm.asm
0x0000F932;HistorySeedRecord_Positive@Alarm.asm
0x0000F957;F_HistoryUpdateTodayFromCurrent@Alarm.asm
0x0000F95C;F_HistoryUpdate48TodayFromCurrent@Alarm.asm
0x0000F961;F_HistoryUpdateAllFromCurrent@Alarm.asm
0x0000F966;F_HistoryUpdateRecordFromCurrent@Alarm.asm
0x0000F970;HistoryUpdateRecord_SeedContinue@Alarm.asm
0x0000F978;HistoryUpdateRecord_CheckTempRange@Alarm.asm
0x0000F982;HistoryUpdateRecord_SeedTempOnly@Alarm.asm
0x0000F988;HistoryUpdateRecord_CheckTemp@Alarm.asm
0x0000F992;HistoryUpdateRecord_MaxPosPath@Alarm.asm
0x0000F9AD;HistoryUpdateRecord_UpdateMaxPosJump@Alarm.asm
0x0000F9B0;HistoryUpdateRecord_UpdateMaxPos@Alarm.asm
0x0000F9D5;HistoryUpdateRecord_MaxNeg@Alarm.asm
0x0000F9F1;HistoryUpdateRecord_UpdateMaxNeg@Alarm.asm
0x0000FA11;HistoryUpdateRecord_CheckMin@Alarm.asm
0x0000FA1B;HistoryUpdateRecord_MinPosPath@Alarm.asm
0x0000FA37;HistoryUpdateRecord_UpdateMinPos@Alarm.asm
0x0000FA5C;HistoryUpdateRecord_MinNeg@Alarm.asm
0x0000FA77;HistoryUpdateRecord_UpdateMinNeg@Alarm.asm
0x0000FA97;HistoryUpdateRecord_CheckHum@Alarm.asm
0x0000FAA5;HistoryUpdateRecord_CheckHumMin@Alarm.asm
0x0000FAB3;HistoryUpdateRecord_Exit@Alarm.asm
0x0000FAB4;F_HistoryLoadTodayToCompat@Alarm.asm
0x0000FAB9;F_HistoryLoad48TodayToCompat@Alarm.asm
0x0000FABE;F_HistoryLoadAllToCompat@Alarm.asm
0x0000FAC3;F_HistoryLoadPrevToCompat@Alarm.asm
0x0000FAC8;F_HistoryLoadRecordToCompat@Alarm.asm
0x0000FAD2;HistoryLoadRecord_Copy@Alarm.asm
0x0000FAEE;HistoryLoadRecord_CopyTemp@Alarm.asm
0x0000FB11;HistoryLoadRecord_MaxPos@Alarm.asm
0x0000FB13;HistoryLoadRecord_MaxStore@Alarm.asm
0x0000FB39;HistoryLoadRecord_MinPos@Alarm.asm
0x0000FB3B;HistoryLoadRecord_MinStore@Alarm.asm
0x0000FB47;HistoryClearCompatTempOnly@Alarm.asm
0x0000FB68;F_HistoryClearCompat@Alarm.asm
0x0000FB77;F_HistoryMergePrevIntoCompat@Alarm.asm
0x0000FB81;HistoryMergePrev_HasTemp@Alarm.asm
0x0000FB8E;HistoryMergePrev_CheckMax@Alarm.asm
0x0000FBB0;HistoryMergePrev_UpdateMaxPos@Alarm.asm
0x0000FBD0;HistoryMergePrev_MaxNeg@Alarm.asm
0x0000FBEC;HistoryMergePrev_UpdateMaxNeg@Alarm.asm
0x0000FC09;HistoryMergePrev_CheckMin@Alarm.asm
0x0000FC1A;HistoryMergePrev_MinPosCompare@Alarm.asm
0x0000FC27;HistoryMergePrev_MinPosCompareHigh@Alarm.asm
0x0000FC32;HistoryMergePrev_UpdateMinPos@Alarm.asm
0x0000FC52;HistoryMergePrev_MinNeg@Alarm.asm
0x0000FC5C;HistoryMergePrev_MinNegCompare@Alarm.asm
0x0000FC70;HistoryMergePrev_CheckHumJump@Alarm.asm
0x0000FC73;HistoryMergePrev_UpdateMinNeg@Alarm.asm
0x0000FC90;HistoryMergePrev_LoadTempOnly@Alarm.asm
0x0000FCB3;HistoryMergePrev_LoadTempOnlyMaxPos@Alarm.asm
0x0000FCB5;HistoryMergePrev_LoadTempOnlyMaxStore@Alarm.asm
0x0000FCDB;HistoryMergePrev_LoadTempOnlyMinPos@Alarm.asm
0x0000FCDD;HistoryMergePrev_LoadTempOnlyMinStore@Alarm.asm
0x0000FCE9;HistoryMergePrev_CheckHum@Alarm.asm
0x0000FCF7;HistoryMergePrev_CheckHumMin@Alarm.asm
0x0000FD05;HistoryMergePrev_Exit@Alarm.asm
