0x00000001;GPL813P01Cx@GPL813x.inc
0x00000001;GPL813X_Body_inc@GPL813x.inc
0x00000000;GPL813P01Ax@GPL813x.inc
0x00000000;GPL813P01Bx@GPL813x.inc
0x00000001;GPL813X@GPL813x.inc
0x00000000;P_IO_PortA_Dir@GPL813x.inc
0x00000002;P_IO_PortA_Data@GPL813x.inc
0x00000010;P_IO_PortB_Dir@GPL813x.inc
0x00000012;P_IO_PortB_Data@GPL813x.inc
0x00000014;P_IO_PortB_Attrib@GPL813x.inc
0x00000001;P_IO_PortC_Dir@GPL813x.inc
0x00000005;P_IO_PortC_Data@GPL813x.inc
0x00000003;P_IO_PortE_Data@GPL813x.inc
0x00000004;P_IO_PortE_DataLatch@GPL813x.inc
0x00000006;P_IO_Ctrl@GPL813x.inc
0x0000000B;P_IO_PortE_Dir@GPL813x.inc
0x00000015;P_IO_PortD_Attrib@GPL813x.inc
0x00000011;P_IO_PortD_Dir@GPL813x.inc
0x00000013;P_IO_PortD_Data@GPL813x.inc
0x00000008;P_WAKEUP_Ctrl@GPL813x.inc
0x00000020;D_WakeupTimer1@GPL813x.inc
0x00000010;D_WakeupTimer0@GPL813x.inc
0x00000008;D_WakeupTMBB@GPL813x.inc
0x00000004;D_Wakeup128Hz@GPL813x.inc
0x00000002;D_WakeupTMBA@GPL813x.inc
0x00000001;D_WakeupKey@GPL813x.inc
0x00000009;P_SYSTEM_Ctrl@GPL813x.inc
0x0000000A;P_TIMER_TimeBase_Sel@GPL813x.inc
0x00000022;P_TIMER_Timer0_Ctrl@GPL813x.inc
0x00000080;D_TimerEn@GPL813x.inc
0x00000000;D_TimerRiseEdge@GPL813x.inc
0x00000040;D_TimerFallEdge@GPL813x.inc
0x00000000;D_TimerSrcExtA@GPL813x.inc
0x00000020;D_TimerSrcExtA2@GPL813x.inc
0x00000000;D_TimerSrcA_HF@GPL813x.inc
0x00000001;D_TimerSrcA_HFDIV@GPL813x.inc
0x00000002;D_TimerSrcA_EXT@GPL813x.inc
0x00000003;D_TimerSrcA_VDD@GPL813x.inc
0x00000000;D_TimerSrcB_LF@GPL813x.inc
0x00000004;D_TimerSrcB_TMX@GPL813x.inc
0x00000008;D_TimerSrcB_EXTA@GPL813x.inc
0x0000000C;D_TimerSrcB_VDD@GPL813x.inc
0x00000020;P_TIMER_TM0Data_LB@GPL813x.inc
0x00000021;P_TIMER_TM0Data_HB@GPL813x.inc
0x00000023;P_TIMER_TM0Load_Ctrl@GPL813x.inc
0x00000025;P_TIMER_TM1Data@GPL813x.inc
0x00000026;P_TIMER_Timer1_Ctrl@GPL813x.inc
0x00000080;D_Timer1En@GPL813x.inc
0x00000000;D_Timer1_LSCK@GPL813x.inc
0x00000001;D_Timer1_TMBB@GPL813x.inc
0x00000002;D_Timer1_HSCK@GPL813x.inc
0x00000003;D_Timer1_HFDIV@GPL813x.inc
0x00000027;P_TIMER_TM1Load_Ctrl@GPL813x.inc
0x00000018;P_CLK_CPU_Ctrl@GPL813x.inc
0x000000E0;D_RCHF_Msk@GPL813x.inc
0x00000000;D_RCHF225K@GPL813x.inc
0x00000040;D_RCHF500K@GPL813x.inc
0x00000080;D_RCHF1800K@GPL813x.inc
0x000000C0;D_RCHF1000K@GPL813x.inc
0x00000020;D_RCHF4000K@GPL813x.inc
0x00000007;D_CPU_Msk@GPL813x.inc
0x00000000;D_CPU_HF@GPL813x.inc
0x00000001;D_CPU_HF2@GPL813x.inc
0x00000002;D_CPU_HF4@GPL813x.inc
0x00000003;D_CPU_HF8@GPL813x.inc
0x00000004;D_CPU_HF16@GPL813x.inc
0x0000001A;P_CLK_HFDIV_Ctrl@GPL813x.inc
0x0000000C;P_CLK_32768_En@GPL813x.inc
0x00000000;D_LFEnable@GPL813x.inc
0x00000080;D_LFDisable@GPL813x.inc
0x00000004;D_X32K_WEAK@GPL813x.inc
0x00000002;D_X32K_STRO@GPL813x.inc
0x00000001;D_CAP_EN@GPL813x.inc
0x00000000;D_CAP_DIS@GPL813x.inc
0x0000000D;P_INT_Ctrl@GPL813x.inc
0x000000FF;D_IntMask@GPL813x.inc
0x00000080;D_Ext2Int@GPL813x.inc
0x00000040;D_LvdInt@GPL813x.inc
0x00000020;D_Timer0Int@GPL813x.inc
0x00000010;D_TMBBInt@GPL813x.inc
0x00000008;D_TMBAInt@GPL813x.inc
0x00000004;D_128HzInt@GPL813x.inc
0x00000002;D_2KHzInt@GPL813x.inc
0x00000001;D_ExtInt@GPL813x.inc
0x00000041;P_INT_2KHz_Clear@GPL813x.inc
0x00000042;P_INT_128Hz_Clear@GPL813x.inc
0x00000043;P_INT_TimeBaseA_Clear@GPL813x.inc
0x00000044;P_INT_TimeBaseB_Clear@GPL813x.inc
0x00000045;P_INT_Timer0_Clear@GPL813x.inc
0x00000040;P_INT_Ext_Clear@GPL813x.inc
0x0000002D;P_INT_Ctrl2@GPL813x.inc
0x00000003;D_Int2Mask@GPL813x.inc
0x00000001;D_Timer1Int@GPL813x.inc
0x00000047;P_INT_Ext2_Clear@GPL813x.inc
0x00000048;P_INT_Timer1_Clear@GPL813x.inc
0x00000007;P_LCD_Ctrl@GPL813x.inc
0x000000FD;D_LcdConfigMask@GPL813x.inc
0x00000088;D_Duty_1_8@GPL813x.inc
0x000000C8;D_Duty_1_6@GPL813x.inc
0x00000004;D_Duty_1_5@GPL813x.inc
0x00000044;D_Duty_1_4@GPL813x.inc
0x00000084;D_Duty_1_3@GPL813x.inc
0x00000000;D_Bias_1_4@GPL813x.inc
0x00000020;D_Bias_1_3@GPL813x.inc
0x00000010;D_Bias_1_2@GPL813x.inc
0x00000001;D_ScanEnable@GPL813x.inc
0x00000019;P_LCD_VLCD_Ctrl@GPL813x.inc
0x00000030;D_Halt_Normal@GPL813x.inc
0x00000020;D_Halt_Green@GPL813x.inc
0x00000000;D_VLCD_28@GPL813x.inc
0x00000001;D_VLCD_30@GPL813x.inc
0x00000002;D_VLCD_33@GPL813x.inc
0x00000003;D_VLCD_VDD@GPL813x.inc
0x0000000F;P_WDT_Flag_Clear@GPL813x.inc
0x0000000E;P_Reset_Status@GPL813x.inc
0x00000001;D_FlagC@GPL813x.inc
0x00000002;D_FlagON@GPL813x.inc
0x00000016;P_AUDIO_BZ_Ctrl@GPL813x.inc
0x00000080;D_C32KOUT@GPL813x.inc
0x00000002;D_Buzzer1@GPL813x.inc
0x00000001;D_Buzzer0@GPL813x.inc
0x0000001B;P_LVD_Ctrl@GPL813x.inc
0x00000001;D_LVD_State@GPL813x.inc
0x00000000;D_LVD_22@GPL813x.inc
0x00000040;D_LVD_24@GPL813x.inc
0x00000081;D_LVD_27@GPL813x.inc
0x000000C1;D_LVD_33@GPL813x.inc
0x00000046;P_INT_LVD_Clear@GPL813x.inc
0x00000017;P_RFC_Ctrl@GPL813x.inc
0x00000080;D_EXT1EDG@GPL813x.inc
0x00000040;D_EXT2EDG@GPL813x.inc
0x00000001;D_RFCEN@GPL813x.inc
0x00003030;P_PWMIO_Ctrl@GPL813x.inc
0x00003032;P_PWMIO_IO0_DUTY@GPL813x.inc
0x00003033;P_PWMIO_IO1_DUTY@GPL813x.inc
0x00003034;P_PWMIO_IO2_DUTY@GPL813x.inc
0x00003035;P_PWMIO_IO3_DUTY@GPL813x.inc
0x0000E000;D_Bank0UserRomStartAddr@GPL813x.inc
0x0000FFDF;D_Bank0UserRomEndAddr@GPL813x.inc
0x0000FFFC;D_NMIandResetVectorStartAddr@GPL813x.inc
0x0000FFFF;D_NMIandResetVectorEndAddr@GPL813x.inc
0x00000080;C_SramAddrStart@Macro.inc
0x000000FF;C_SramAddrEnd@Macro.inc
0x00003E00;C_DPRAMAddrStart@Macro.inc
0x00003FFF;C_DPRAMAddrEnd@Macro.inc
0x00000001;D_Bit0@Macro.inc
0x00000002;D_Bit1@Macro.inc
0x00000004;D_Bit2@Macro.inc
0x00000008;D_Bit3@Macro.inc
0x00000010;D_Bit4@Macro.inc
0x00000020;D_Bit5@Macro.inc
0x00000040;D_Bit6@Macro.inc
0x00000080;D_Bit7@Macro.inc
0x00000001;C_High@Macro.inc
0x00000000;C_Input@Macro.inc
0x00000001;C_PC0Dir@Macro.inc
0x00000002;C_PC1Dir@Macro.inc
0x00000004;C_PC2Dir@Macro.inc
0x00000008;C_PC3Dir@Macro.inc
0x00000040;C_PC6Dir@Macro.inc
0x00000080;C_PC7Dir@Macro.inc
0x00000004;D_BLight@Macro.inc
0x00000008;D_Pulse@Macro.inc
0x00000020;D_LVD@Macro.inc
0x00000015;C_MusicOne@Macro.inc
0x00000016;C_MusicAll@Macro.inc
0x00000017;C_MusicStop@Macro.inc
0x0000001F;C_MinVol@Macro.inc
0x0000002D;C_MaxVol@Macro.inc
0x00000001;D_BatteryLow@Alarm.inc
0x00000001;D_TrendInit@Alarm.inc
0x00000002;D_TrendTempUp@Alarm.inc
0x00000004;D_TrendTempDown@Alarm.inc
0x00000008;D_TrendTempRefresh@Alarm.inc
0x00000010;D_TrendHumUp@Alarm.inc
0x00000020;D_TrendHumDown@Alarm.inc
0x00000040;D_TrendHumRefresh@Alarm.inc
0x00000040;D_TempHH@Alarm.inc
0x00000020;D_TempLL@Alarm.inc
0x00000010;D_Neg@Alarm.inc
0x00000008;D_TF@Alarm.inc
0x00000004;D_HumHH@Alarm.inc
0x00000002;D_HumLL@Alarm.inc
0x00000001;D_MaxTemp@Alarm.inc
0x00000002;D_MinTemp@Alarm.inc
0x00000040;HalfSecToggle@RTC.inc
0x00000020;AddSecondOnly@RTC.inc
0x00000010;AddOthers@RTC.inc
0x00000001;D_TempF@GXHTV4.inc
0x00000002;D_TempError@GXHTV4.inc
0x00000004;D_TempFReg@GXHTV4.inc
0x00000008;D_FirstReadRetry@GXHTV4.inc
0x00000080;D_WithRTRH@GXHTV4.inc
0x00000097;R_LcdTableIndex@LCD_Display.inc
0x00000098;R_Display_Number@LCD_Display.inc
0x00000099;R_LcdSegmentPosition@LCD_Display.inc
0x0000009A;R_Display7Times@LCD_Display.inc
0x00000002;D_SetConver@KEY.inc
0x00000004;D_SetTimeHour@KEY.inc
0x00000008;D_SetTimeMin@KEY.inc
0x00000010;D_SetTimeMax@KEY.inc
0x00000002;D_SetAlarmHour@KEY.inc
0x00000004;D_SetAlarmMin@KEY.inc
0x00000008;D_SetAlarmMax@KEY.inc
0x00000002;D_SetDateYear@KEY.inc
0x00000004;D_SetDateMonth@KEY.inc
0x00000008;D_SetDateDay@KEY.inc
0x00000010;D_SetDateMax@KEY.inc
0x00000002;D_SetHour@KEY.inc
0x00000004;D_SetMin@KEY.inc
0x00000008;D_SetMax@KEY.inc
0x00000001;D_KeyTone@KEY.inc
0x00000002;D_EnableFastAdd@KEY.inc
0x00000004;D_EnableAlarm@KEY.inc
0x00000008;D_EnableSnooze@KEY.inc
0x00000010;D_KeyRelDis@KEY.inc
0x00000020;D_ToneOn@KEY.inc
0x00000040;D_Alarming@KEY.inc
0x00000080;D_24Mode@KEY.inc
0x00000008;D_LED_ON@KEY.inc
0x0000000A;D_5SecBL@KEY.inc
0x00000004;D_2SecBL@KEY.inc
0x00000001;D_KeyFcClear@KEY.inc
0x00000002;D_KeyAllTime@KEY.inc
0x00000004;D_KeyLight@KEY.inc
0x00000008;D_KeyUnused@KEY.inc
0x00000002;C_KeyDebounce@KEY.inc
0x00000028;C_Sleep20Sec@KEY.inc
0x000000FF;C_LongKey2Sec@KEY.inc
0x00000018;C_FastAdd@KEY.inc
0x00000001;D_TimeFlag@KEY.inc
0x00000002;D_Timering_Short@KEY.inc
0x00000004;D_NoKeyTone@KEY.inc
0x00000008;D_DC@KEY.inc
0x00000010;D_EnableSnooze1@KEY.inc
0x00000088;C_SlaveAddr@D_I2C.inc
0x00000000;C_Write@D_I2C.inc
0x00000001;C_Read@D_I2C.inc
0x00000001;D_RFLongRecv@RF.inc
0x00000002;D_RFCycleMode@RF.inc
0x00000004;D_RFNeedSync@RF.inc
0x00000008;D_RFRecvBusy@RF.inc
0x00000001;D_RFCh1@RF.inc
0x00000002;D_RFCh2@RF.inc
0x00000003;D_RFCh3@RF.inc
0x00000004;D_RFAutoMode@RF.inc
0x000000B4;C_RFLongRecv3Min@RF.inc
0x00000004;C_RFAutoSwitch4Sec@RF.inc
0x00000004;C_RFRecvWindow2SecTick@RF.inc
0x000000FF;C_RFSyncIdle@RF.inc
0x00000039;C_RFCh1Sync57Sec@RF.inc
0x00000043;C_RFCh2Sync67Sec@RF.inc
0x0000004F;C_RFCh3Sync79Sec@RF.inc
0x000001F4;C_RFBitHigh500us@RF.inc
0x000007D0;C_RFBit0Low2000us@RF.inc
0x000003E8;C_RFBit1Low1000us@RF.inc
0x00000024;C_RFPacketBits36@RF.inc
0x00000001;C_RFBitHighMinSample@RF.inc
0x00000003;C_RFBitHighMaxSample@RF.inc
0x00000003;C_RFBit1LowMinSample@RF.inc
0x00000006;C_RFBit1LowMaxSample@RF.inc
0x00000007;C_RFBit0LowMinSample@RF.inc
0x0000000A;C_RFBit0LowMaxSample@RF.inc
0x0000000F;C_RFStopLowMinSample@RF.inc
0x00000016;C_RFStopLowMaxSample@RF.inc
0x0000003C;C_RFFail60Min@RF.inc
0x00000001;D_RFValid@RF.inc
0x00000002;D_RFLowBat@RF.inc
0x00000004;D_RFLost@RF.inc
0x00000008;D_RFNeedPair@RF.inc
0x00000003;C_RFFail3Times@RF.inc
0x00000001;D_RFTrendInit@RF.inc
0x00000002;D_RFTrendTempUp@RF.inc
0x00000004;D_RFTrendTempDown@RF.inc
0x00000008;D_RFTrendTempRefresh@RF.inc
0x00000010;D_RFTrendHumUp@RF.inc
0x00000020;D_RFTrendHumDown@RF.inc
0x00000040;D_RFTrendHumRefresh@RF.inc
0x0000E01B;F_keyWakeup@Startup.asm
0x0000E03A;F_128HzWakeUp@Startup.asm
0x0000E11D;L_PowerOn_ReadOk@Startup.asm
0x0000E130;Wait1_2Sec_CheckEnd@Startup.asm
0x0000E14F;Jump_DispAll@Startup.asm
0x0000E17F;L_ServiceLoop@Startup.asm
0x0000E1C5;L_Enter_Sleep2Hz@Startup.asm
0x00000001;GPL813P01Cx@GPL813x.inc
0x00000001;GPL813X_Body_inc@GPL813x.inc
0x00000000;GPL813P01Ax@GPL813x.inc
0x00000000;GPL813P01Bx@GPL813x.inc
0x00000001;GPL813X@GPL813x.inc
0x00000000;P_IO_PortA_Dir@GPL813x.inc
0x00000002;P_IO_PortA_Data@GPL813x.inc
0x00000010;P_IO_PortB_Dir@GPL813x.inc
0x00000012;P_IO_PortB_Data@GPL813x.inc
0x00000014;P_IO_PortB_Attrib@GPL813x.inc
0x00000001;P_IO_PortC_Dir@GPL813x.inc
0x00000005;P_IO_PortC_Data@GPL813x.inc
0x00000003;P_IO_PortE_Data@GPL813x.inc
0x00000004;P_IO_PortE_DataLatch@GPL813x.inc
0x00000006;P_IO_Ctrl@GPL813x.inc
0x0000000B;P_IO_PortE_Dir@GPL813x.inc
0x00000015;P_IO_PortD_Attrib@GPL813x.inc
0x00000011;P_IO_PortD_Dir@GPL813x.inc
0x00000013;P_IO_PortD_Data@GPL813x.inc
0x00000008;P_WAKEUP_Ctrl@GPL813x.inc
0x00000020;D_WakeupTimer1@GPL813x.inc
0x00000010;D_WakeupTimer0@GPL813x.inc
0x00000008;D_WakeupTMBB@GPL813x.inc
0x00000004;D_Wakeup128Hz@GPL813x.inc
0x00000002;D_WakeupTMBA@GPL813x.inc
0x00000001;D_WakeupKey@GPL813x.inc
0x00000009;P_SYSTEM_Ctrl@GPL813x.inc
0x0000000A;P_TIMER_TimeBase_Sel@GPL813x.inc
0x00000022;P_TIMER_Timer0_Ctrl@GPL813x.inc
0x00000080;D_TimerEn@GPL813x.inc
0x00000000;D_TimerRiseEdge@GPL813x.inc
0x00000040;D_TimerFallEdge@GPL813x.inc
0x00000000;D_TimerSrcExtA@GPL813x.inc
0x00000020;D_TimerSrcExtA2@GPL813x.inc
0x00000000;D_TimerSrcA_HF@GPL813x.inc
0x00000001;D_TimerSrcA_HFDIV@GPL813x.inc
0x00000002;D_TimerSrcA_EXT@GPL813x.inc
0x00000003;D_TimerSrcA_VDD@GPL813x.inc
0x00000000;D_TimerSrcB_LF@GPL813x.inc
0x00000004;D_TimerSrcB_TMX@GPL813x.inc
0x00000008;D_TimerSrcB_EXTA@GPL813x.inc
0x0000000C;D_TimerSrcB_VDD@GPL813x.inc
0x00000020;P_TIMER_TM0Data_LB@GPL813x.inc
0x00000021;P_TIMER_TM0Data_HB@GPL813x.inc
0x00000023;P_TIMER_TM0Load_Ctrl@GPL813x.inc
0x00000025;P_TIMER_TM1Data@GPL813x.inc
0x00000026;P_TIMER_Timer1_Ctrl@GPL813x.inc
0x00000080;D_Timer1En@GPL813x.inc
0x00000000;D_Timer1_LSCK@GPL813x.inc
0x00000001;D_Timer1_TMBB@GPL813x.inc
0x00000002;D_Timer1_HSCK@GPL813x.inc
0x00000003;D_Timer1_HFDIV@GPL813x.inc
0x00000027;P_TIMER_TM1Load_Ctrl@GPL813x.inc
0x00000018;P_CLK_CPU_Ctrl@GPL813x.inc
0x000000E0;D_RCHF_Msk@GPL813x.inc
0x00000000;D_RCHF225K@GPL813x.inc
0x00000040;D_RCHF500K@GPL813x.inc
0x00000080;D_RCHF1800K@GPL813x.inc
0x000000C0;D_RCHF1000K@GPL813x.inc
0x00000020;D_RCHF4000K@GPL813x.inc
0x00000007;D_CPU_Msk@GPL813x.inc
0x00000000;D_CPU_HF@GPL813x.inc
0x00000001;D_CPU_HF2@GPL813x.inc
0x00000002;D_CPU_HF4@GPL813x.inc
0x00000003;D_CPU_HF8@GPL813x.inc
0x00000004;D_CPU_HF16@GPL813x.inc
0x0000001A;P_CLK_HFDIV_Ctrl@GPL813x.inc
0x0000000C;P_CLK_32768_En@GPL813x.inc
0x00000000;D_LFEnable@GPL813x.inc
0x00000080;D_LFDisable@GPL813x.inc
0x00000004;D_X32K_WEAK@GPL813x.inc
0x00000002;D_X32K_STRO@GPL813x.inc
0x00000001;D_CAP_EN@GPL813x.inc
0x00000000;D_CAP_DIS@GPL813x.inc
0x0000000D;P_INT_Ctrl@GPL813x.inc
0x000000FF;D_IntMask@GPL813x.inc
0x00000080;D_Ext2Int@GPL813x.inc
0x00000040;D_LvdInt@GPL813x.inc
0x00000020;D_Timer0Int@GPL813x.inc
0x00000010;D_TMBBInt@GPL813x.inc
0x00000008;D_TMBAInt@GPL813x.inc
0x00000004;D_128HzInt@GPL813x.inc
0x00000002;D_2KHzInt@GPL813x.inc
0x00000001;D_ExtInt@GPL813x.inc
0x00000041;P_INT_2KHz_Clear@GPL813x.inc
0x00000042;P_INT_128Hz_Clear@GPL813x.inc
0x00000043;P_INT_TimeBaseA_Clear@GPL813x.inc
0x00000044;P_INT_TimeBaseB_Clear@GPL813x.inc
0x00000045;P_INT_Timer0_Clear@GPL813x.inc
0x00000040;P_INT_Ext_Clear@GPL813x.inc
0x0000002D;P_INT_Ctrl2@GPL813x.inc
0x00000003;D_Int2Mask@GPL813x.inc
0x00000001;D_Timer1Int@GPL813x.inc
0x00000047;P_INT_Ext2_Clear@GPL813x.inc
0x00000048;P_INT_Timer1_Clear@GPL813x.inc
0x00000007;P_LCD_Ctrl@GPL813x.inc
0x000000FD;D_LcdConfigMask@GPL813x.inc
0x00000088;D_Duty_1_8@GPL813x.inc
0x000000C8;D_Duty_1_6@GPL813x.inc
0x00000004;D_Duty_1_5@GPL813x.inc
0x00000044;D_Duty_1_4@GPL813x.inc
0x00000084;D_Duty_1_3@GPL813x.inc
0x00000000;D_Bias_1_4@GPL813x.inc
0x00000020;D_Bias_1_3@GPL813x.inc
0x00000010;D_Bias_1_2@GPL813x.inc
0x00000001;D_ScanEnable@GPL813x.inc
0x00000019;P_LCD_VLCD_Ctrl@GPL813x.inc
0x00000030;D_Halt_Normal@GPL813x.inc
0x00000020;D_Halt_Green@GPL813x.inc
0x00000000;D_VLCD_28@GPL813x.inc
0x00000001;D_VLCD_30@GPL813x.inc
0x00000002;D_VLCD_33@GPL813x.inc
0x00000003;D_VLCD_VDD@GPL813x.inc
0x0000000F;P_WDT_Flag_Clear@GPL813x.inc
0x0000000E;P_Reset_Status@GPL813x.inc
0x00000001;D_FlagC@GPL813x.inc
0x00000002;D_FlagON@GPL813x.inc
0x00000016;P_AUDIO_BZ_Ctrl@GPL813x.inc
0x00000080;D_C32KOUT@GPL813x.inc
0x00000002;D_Buzzer1@GPL813x.inc
0x00000001;D_Buzzer0@GPL813x.inc
0x0000001B;P_LVD_Ctrl@GPL813x.inc
0x00000001;D_LVD_State@GPL813x.inc
0x00000000;D_LVD_22@GPL813x.inc
0x00000040;D_LVD_24@GPL813x.inc
0x00000081;D_LVD_27@GPL813x.inc
0x000000C1;D_LVD_33@GPL813x.inc
0x00000046;P_INT_LVD_Clear@GPL813x.inc
0x00000017;P_RFC_Ctrl@GPL813x.inc
0x00000080;D_EXT1EDG@GPL813x.inc
0x00000040;D_EXT2EDG@GPL813x.inc
0x00000001;D_RFCEN@GPL813x.inc
0x00003030;P_PWMIO_Ctrl@GPL813x.inc
0x00003032;P_PWMIO_IO0_DUTY@GPL813x.inc
0x00003033;P_PWMIO_IO1_DUTY@GPL813x.inc
0x00003034;P_PWMIO_IO2_DUTY@GPL813x.inc
0x00003035;P_PWMIO_IO3_DUTY@GPL813x.inc
0x0000E000;D_Bank0UserRomStartAddr@GPL813x.inc
0x0000FFDF;D_Bank0UserRomEndAddr@GPL813x.inc
0x0000FFFC;D_NMIandResetVectorStartAddr@GPL813x.inc
0x0000FFFF;D_NMIandResetVectorEndAddr@GPL813x.inc
0x00000080;C_SramAddrStart@Macro.inc
0x000000FF;C_SramAddrEnd@Macro.inc
0x00003E00;C_DPRAMAddrStart@Macro.inc
0x00003FFF;C_DPRAMAddrEnd@Macro.inc
0x00000001;D_Bit0@Macro.inc
0x00000002;D_Bit1@Macro.inc
0x00000004;D_Bit2@Macro.inc
0x00000008;D_Bit3@Macro.inc
0x00000010;D_Bit4@Macro.inc
0x00000020;D_Bit5@Macro.inc
0x00000040;D_Bit6@Macro.inc
0x00000080;D_Bit7@Macro.inc
0x00000001;C_High@Macro.inc
0x00000000;C_Input@Macro.inc
0x00000001;C_PC0Dir@Macro.inc
0x00000002;C_PC1Dir@Macro.inc
0x00000004;C_PC2Dir@Macro.inc
0x00000008;C_PC3Dir@Macro.inc
0x00000040;C_PC6Dir@Macro.inc
0x00000080;C_PC7Dir@Macro.inc
0x00000004;D_BLight@Macro.inc
0x00000008;D_Pulse@Macro.inc
0x00000020;D_LVD@Macro.inc
0x00000015;C_MusicOne@Macro.inc
0x00000016;C_MusicAll@Macro.inc
0x00000017;C_MusicStop@Macro.inc
0x0000001F;C_MinVol@Macro.inc
0x0000002D;C_MaxVol@Macro.inc
0x00000002;D_SetConver@KEY.inc
0x00000004;D_SetTimeHour@KEY.inc
0x00000008;D_SetTimeMin@KEY.inc
0x00000010;D_SetTimeMax@KEY.inc
0x00000002;D_SetAlarmHour@KEY.inc
0x00000004;D_SetAlarmMin@KEY.inc
0x00000008;D_SetAlarmMax@KEY.inc
0x00000002;D_SetDateYear@KEY.inc
0x00000004;D_SetDateMonth@KEY.inc
0x00000008;D_SetDateDay@KEY.inc
0x00000010;D_SetDateMax@KEY.inc
0x00000002;D_SetHour@KEY.inc
0x00000004;D_SetMin@KEY.inc
0x00000008;D_SetMax@KEY.inc
0x00000001;D_KeyTone@KEY.inc
0x00000002;D_EnableFastAdd@KEY.inc
0x00000004;D_EnableAlarm@KEY.inc
0x00000008;D_EnableSnooze@KEY.inc
0x00000010;D_KeyRelDis@KEY.inc
0x00000020;D_ToneOn@KEY.inc
0x00000040;D_Alarming@KEY.inc
0x00000080;D_24Mode@KEY.inc
0x00000008;D_LED_ON@KEY.inc
0x0000000A;D_5SecBL@KEY.inc
0x00000004;D_2SecBL@KEY.inc
0x00000001;D_KeyFcClear@KEY.inc
0x00000002;D_KeyAllTime@KEY.inc
0x00000004;D_KeyLight@KEY.inc
0x00000008;D_KeyUnused@KEY.inc
0x00000002;C_KeyDebounce@KEY.inc
0x00000028;C_Sleep20Sec@KEY.inc
0x000000FF;C_LongKey2Sec@KEY.inc
0x00000018;C_FastAdd@KEY.inc
0x00000001;D_TimeFlag@KEY.inc
0x00000002;D_Timering_Short@KEY.inc
0x00000004;D_NoKeyTone@KEY.inc
0x00000008;D_DC@KEY.inc
0x00000010;D_EnableSnooze1@KEY.inc
0x00000097;R_LcdTableIndex@LCD_Display.inc
0x00000098;R_Display_Number@LCD_Display.inc
0x00000099;R_LcdSegmentPosition@LCD_Display.inc
0x0000009A;R_Display7Times@LCD_Display.inc
0x00000001;D_BatteryLow@Alarm.inc
0x00000001;D_TrendInit@Alarm.inc
0x00000002;D_TrendTempUp@Alarm.inc
0x00000004;D_TrendTempDown@Alarm.inc
0x00000008;D_TrendTempRefresh@Alarm.inc
0x00000010;D_TrendHumUp@Alarm.inc
0x00000020;D_TrendHumDown@Alarm.inc
0x00000040;D_TrendHumRefresh@Alarm.inc
0x00000040;D_TempHH@Alarm.inc
0x00000020;D_TempLL@Alarm.inc
0x00000010;D_Neg@Alarm.inc
0x00000008;D_TF@Alarm.inc
0x00000004;D_HumHH@Alarm.inc
0x00000002;D_HumLL@Alarm.inc
0x00000001;D_MaxTemp@Alarm.inc
0x00000002;D_MinTemp@Alarm.inc
0x0000E206;V_IRQ@Int_Vec.asm
0x00000080;C_SramAddrStart@Macro.inc
0x000000FF;C_SramAddrEnd@Macro.inc
0x00003E00;C_DPRAMAddrStart@Macro.inc
0x00003FFF;C_DPRAMAddrEnd@Macro.inc
0x00000001;D_Bit0@Macro.inc
0x00000002;D_Bit1@Macro.inc
0x00000004;D_Bit2@Macro.inc
0x00000008;D_Bit3@Macro.inc
0x00000010;D_Bit4@Macro.inc
0x00000020;D_Bit5@Macro.inc
0x00000040;D_Bit6@Macro.inc
0x00000080;D_Bit7@Macro.inc
0x00000001;C_High@Macro.inc
0x00000000;C_Input@Macro.inc
0x00000001;C_PC0Dir@Macro.inc
0x00000002;C_PC1Dir@Macro.inc
0x00000004;C_PC2Dir@Macro.inc
0x00000008;C_PC3Dir@Macro.inc
0x00000040;C_PC6Dir@Macro.inc
0x00000080;C_PC7Dir@Macro.inc
0x00000004;D_BLight@Macro.inc
0x00000008;D_Pulse@Macro.inc
0x00000020;D_LVD@Macro.inc
0x00000015;C_MusicOne@Macro.inc
0x00000016;C_MusicAll@Macro.inc
0x00000017;C_MusicStop@Macro.inc
0x0000001F;C_MinVol@Macro.inc
0x0000002D;C_MaxVol@Macro.inc
0x00000002;D_SetConver@KEY.inc
0x00000004;D_SetTimeHour@KEY.inc
0x00000008;D_SetTimeMin@KEY.inc
0x00000010;D_SetTimeMax@KEY.inc
0x00000002;D_SetAlarmHour@KEY.inc
0x00000004;D_SetAlarmMin@KEY.inc
0x00000008;D_SetAlarmMax@KEY.inc
0x00000002;D_SetDateYear@KEY.inc
0x00000004;D_SetDateMonth@KEY.inc
0x00000008;D_SetDateDay@KEY.inc
0x00000010;D_SetDateMax@KEY.inc
0x00000002;D_SetHour@KEY.inc
0x00000004;D_SetMin@KEY.inc
0x00000008;D_SetMax@KEY.inc
0x00000001;D_KeyTone@KEY.inc
0x00000002;D_EnableFastAdd@KEY.inc
0x00000004;D_EnableAlarm@KEY.inc
0x00000008;D_EnableSnooze@KEY.inc
0x00000010;D_KeyRelDis@KEY.inc
0x00000020;D_ToneOn@KEY.inc
0x00000040;D_Alarming@KEY.inc
0x00000080;D_24Mode@KEY.inc
0x00000008;D_LED_ON@KEY.inc
0x0000000A;D_5SecBL@KEY.inc
0x00000004;D_2SecBL@KEY.inc
0x00000001;D_KeyFcClear@KEY.inc
0x00000002;D_KeyAllTime@KEY.inc
0x00000004;D_KeyLight@KEY.inc
0x00000008;D_KeyUnused@KEY.inc
0x00000002;C_KeyDebounce@KEY.inc
0x00000028;C_Sleep20Sec@KEY.inc
0x000000FF;C_LongKey2Sec@KEY.inc
0x00000018;C_FastAdd@KEY.inc
0x00000001;D_TimeFlag@KEY.inc
0x00000002;D_Timering_Short@KEY.inc
0x00000004;D_NoKeyTone@KEY.inc
0x00000008;D_DC@KEY.inc
0x00000010;D_EnableSnooze1@KEY.inc
0x00000001;D_BatteryLow@Alarm.inc
0x00000001;D_TrendInit@Alarm.inc
0x00000002;D_TrendTempUp@Alarm.inc
0x00000004;D_TrendTempDown@Alarm.inc
0x00000008;D_TrendTempRefresh@Alarm.inc
0x00000010;D_TrendHumUp@Alarm.inc
0x00000020;D_TrendHumDown@Alarm.inc
0x00000040;D_TrendHumRefresh@Alarm.inc
0x00000040;D_TempHH@Alarm.inc
0x00000020;D_TempLL@Alarm.inc
0x00000010;D_Neg@Alarm.inc
0x00000008;D_TF@Alarm.inc
0x00000004;D_HumHH@Alarm.inc
0x00000002;D_HumLL@Alarm.inc
0x00000001;D_MaxTemp@Alarm.inc
0x00000002;D_MinTemp@Alarm.inc
0x00000040;HalfSecToggle@RTC.asm
0x00000020;AddSecondOnly@RTC.asm
0x00000010;AddOthers@RTC.asm
0x00000087;TR00@RTC.asm
0x00000088;TR01@RTC.asm
0x0000E28A;L_Time01@RTC.asm
0x0000E28A;L_OnlyHourAdd@RTC.asm
0x0000E28A;L_OnlyMinAdd@RTC.asm
0x0000E28E;L_OnlySEcAdd@RTC.asm
0x0000E290;L_AddAll@RTC.asm
0x0000E294;L_Time99@RTC.asm
0x0000E2C8;INC_DET@RTC.asm
0x0000E2D9;INC_D01@RTC.asm
0x0000E2DB;INC_D02@RTC.asm
0x0000E2DF;DEC_DET@RTC.asm
0x0000E2EC;DEC_D01@RTC.asm
0x0000E2F1;ADC_RT@RTC.asm
0x0000E304;L_TimeAdd01@RTC.asm
0x0000E30E;L_TimeAdd02@RTC.asm
0x0000E310;L_TimeAdd03@RTC.asm
0x00000001;GPL813P01Cx@GPL813x.inc
0x00000001;GPL813X_Body_inc@GPL813x.inc
0x00000000;GPL813P01Ax@GPL813x.inc
0x00000000;GPL813P01Bx@GPL813x.inc
0x00000001;GPL813X@GPL813x.inc
0x00000000;P_IO_PortA_Dir@GPL813x.inc
0x00000002;P_IO_PortA_Data@GPL813x.inc
0x00000010;P_IO_PortB_Dir@GPL813x.inc
0x00000012;P_IO_PortB_Data@GPL813x.inc
0x00000014;P_IO_PortB_Attrib@GPL813x.inc
0x00000001;P_IO_PortC_Dir@GPL813x.inc
0x00000005;P_IO_PortC_Data@GPL813x.inc
0x00000003;P_IO_PortE_Data@GPL813x.inc
0x00000004;P_IO_PortE_DataLatch@GPL813x.inc
0x00000006;P_IO_Ctrl@GPL813x.inc
0x0000000B;P_IO_PortE_Dir@GPL813x.inc
0x00000015;P_IO_PortD_Attrib@GPL813x.inc
0x00000011;P_IO_PortD_Dir@GPL813x.inc
0x00000013;P_IO_PortD_Data@GPL813x.inc
0x00000008;P_WAKEUP_Ctrl@GPL813x.inc
0x00000020;D_WakeupTimer1@GPL813x.inc
0x00000010;D_WakeupTimer0@GPL813x.inc
0x00000008;D_WakeupTMBB@GPL813x.inc
0x00000004;D_Wakeup128Hz@GPL813x.inc
0x00000002;D_WakeupTMBA@GPL813x.inc
0x00000001;D_WakeupKey@GPL813x.inc
0x00000009;P_SYSTEM_Ctrl@GPL813x.inc
0x0000000A;P_TIMER_TimeBase_Sel@GPL813x.inc
0x00000022;P_TIMER_Timer0_Ctrl@GPL813x.inc
0x00000080;D_TimerEn@GPL813x.inc
0x00000000;D_TimerRiseEdge@GPL813x.inc
0x00000040;D_TimerFallEdge@GPL813x.inc
0x00000000;D_TimerSrcExtA@GPL813x.inc
0x00000020;D_TimerSrcExtA2@GPL813x.inc
0x00000000;D_TimerSrcA_HF@GPL813x.inc
0x00000001;D_TimerSrcA_HFDIV@GPL813x.inc
0x00000002;D_TimerSrcA_EXT@GPL813x.inc
0x00000003;D_TimerSrcA_VDD@GPL813x.inc
0x00000000;D_TimerSrcB_LF@GPL813x.inc
0x00000004;D_TimerSrcB_TMX@GPL813x.inc
0x00000008;D_TimerSrcB_EXTA@GPL813x.inc
0x0000000C;D_TimerSrcB_VDD@GPL813x.inc
0x00000020;P_TIMER_TM0Data_LB@GPL813x.inc
0x00000021;P_TIMER_TM0Data_HB@GPL813x.inc
0x00000023;P_TIMER_TM0Load_Ctrl@GPL813x.inc
0x00000025;P_TIMER_TM1Data@GPL813x.inc
0x00000026;P_TIMER_Timer1_Ctrl@GPL813x.inc
0x00000080;D_Timer1En@GPL813x.inc
0x00000000;D_Timer1_LSCK@GPL813x.inc
0x00000001;D_Timer1_TMBB@GPL813x.inc
0x00000002;D_Timer1_HSCK@GPL813x.inc
0x00000003;D_Timer1_HFDIV@GPL813x.inc
0x00000027;P_TIMER_TM1Load_Ctrl@GPL813x.inc
0x00000018;P_CLK_CPU_Ctrl@GPL813x.inc
0x000000E0;D_RCHF_Msk@GPL813x.inc
0x00000000;D_RCHF225K@GPL813x.inc
0x00000040;D_RCHF500K@GPL813x.inc
0x00000080;D_RCHF1800K@GPL813x.inc
0x000000C0;D_RCHF1000K@GPL813x.inc
0x00000020;D_RCHF4000K@GPL813x.inc
0x00000007;D_CPU_Msk@GPL813x.inc
0x00000000;D_CPU_HF@GPL813x.inc
0x00000001;D_CPU_HF2@GPL813x.inc
0x00000002;D_CPU_HF4@GPL813x.inc
0x00000003;D_CPU_HF8@GPL813x.inc
0x00000004;D_CPU_HF16@GPL813x.inc
0x0000001A;P_CLK_HFDIV_Ctrl@GPL813x.inc
0x0000000C;P_CLK_32768_En@GPL813x.inc
0x00000000;D_LFEnable@GPL813x.inc
0x00000080;D_LFDisable@GPL813x.inc
0x00000004;D_X32K_WEAK@GPL813x.inc
0x00000002;D_X32K_STRO@GPL813x.inc
0x00000001;D_CAP_EN@GPL813x.inc
0x00000000;D_CAP_DIS@GPL813x.inc
0x0000000D;P_INT_Ctrl@GPL813x.inc
0x000000FF;D_IntMask@GPL813x.inc
0x00000080;D_Ext2Int@GPL813x.inc
0x00000040;D_LvdInt@GPL813x.inc
0x00000020;D_Timer0Int@GPL813x.inc
0x00000010;D_TMBBInt@GPL813x.inc
0x00000008;D_TMBAInt@GPL813x.inc
0x00000004;D_128HzInt@GPL813x.inc
0x00000002;D_2KHzInt@GPL813x.inc
0x00000001;D_ExtInt@GPL813x.inc
0x00000041;P_INT_2KHz_Clear@GPL813x.inc
0x00000042;P_INT_128Hz_Clear@GPL813x.inc
0x00000043;P_INT_TimeBaseA_Clear@GPL813x.inc
0x00000044;P_INT_TimeBaseB_Clear@GPL813x.inc
0x00000045;P_INT_Timer0_Clear@GPL813x.inc
0x00000040;P_INT_Ext_Clear@GPL813x.inc
0x0000002D;P_INT_Ctrl2@GPL813x.inc
0x00000003;D_Int2Mask@GPL813x.inc
0x00000001;D_Timer1Int@GPL813x.inc
0x00000047;P_INT_Ext2_Clear@GPL813x.inc
0x00000048;P_INT_Timer1_Clear@GPL813x.inc
0x00000007;P_LCD_Ctrl@GPL813x.inc
0x000000FD;D_LcdConfigMask@GPL813x.inc
0x00000088;D_Duty_1_8@GPL813x.inc
0x000000C8;D_Duty_1_6@GPL813x.inc
0x00000004;D_Duty_1_5@GPL813x.inc
0x00000044;D_Duty_1_4@GPL813x.inc
0x00000084;D_Duty_1_3@GPL813x.inc
0x00000000;D_Bias_1_4@GPL813x.inc
0x00000020;D_Bias_1_3@GPL813x.inc
0x00000010;D_Bias_1_2@GPL813x.inc
0x00000001;D_ScanEnable@GPL813x.inc
0x00000019;P_LCD_VLCD_Ctrl@GPL813x.inc
0x00000030;D_Halt_Normal@GPL813x.inc
0x00000020;D_Halt_Green@GPL813x.inc
0x00000000;D_VLCD_28@GPL813x.inc
0x00000001;D_VLCD_30@GPL813x.inc
0x00000002;D_VLCD_33@GPL813x.inc
0x00000003;D_VLCD_VDD@GPL813x.inc
0x0000000F;P_WDT_Flag_Clear@GPL813x.inc
0x0000000E;P_Reset_Status@GPL813x.inc
0x00000001;D_FlagC@GPL813x.inc
0x00000002;D_FlagON@GPL813x.inc
0x00000016;P_AUDIO_BZ_Ctrl@GPL813x.inc
0x00000080;D_C32KOUT@GPL813x.inc
0x00000002;D_Buzzer1@GPL813x.inc
0x00000001;D_Buzzer0@GPL813x.inc
0x0000001B;P_LVD_Ctrl@GPL813x.inc
0x00000001;D_LVD_State@GPL813x.inc
0x00000000;D_LVD_22@GPL813x.inc
0x00000040;D_LVD_24@GPL813x.inc
0x00000081;D_LVD_27@GPL813x.inc
0x000000C1;D_LVD_33@GPL813x.inc
0x00000046;P_INT_LVD_Clear@GPL813x.inc
0x00000017;P_RFC_Ctrl@GPL813x.inc
0x00000080;D_EXT1EDG@GPL813x.inc
0x00000040;D_EXT2EDG@GPL813x.inc
0x00000001;D_RFCEN@GPL813x.inc
0x00003030;P_PWMIO_Ctrl@GPL813x.inc
0x00003032;P_PWMIO_IO0_DUTY@GPL813x.inc
0x00003033;P_PWMIO_IO1_DUTY@GPL813x.inc
0x00003034;P_PWMIO_IO2_DUTY@GPL813x.inc
0x00003035;P_PWMIO_IO3_DUTY@GPL813x.inc
0x0000E000;D_Bank0UserRomStartAddr@GPL813x.inc
0x0000FFDF;D_Bank0UserRomEndAddr@GPL813x.inc
0x0000FFFC;D_NMIandResetVectorStartAddr@GPL813x.inc
0x0000FFFF;D_NMIandResetVectorEndAddr@GPL813x.inc
0x00000080;C_SramAddrStart@Macro.inc
0x000000FF;C_SramAddrEnd@Macro.inc
0x00003E00;C_DPRAMAddrStart@Macro.inc
0x00003FFF;C_DPRAMAddrEnd@Macro.inc
0x00000001;D_Bit0@Macro.inc
0x00000002;D_Bit1@Macro.inc
0x00000004;D_Bit2@Macro.inc
0x00000008;D_Bit3@Macro.inc
0x00000010;D_Bit4@Macro.inc
0x00000020;D_Bit5@Macro.inc
0x00000040;D_Bit6@Macro.inc
0x00000080;D_Bit7@Macro.inc
0x00000001;C_High@Macro.inc
0x00000000;C_Input@Macro.inc
0x00000001;C_PC0Dir@Macro.inc
0x00000002;C_PC1Dir@Macro.inc
0x00000004;C_PC2Dir@Macro.inc
0x00000008;C_PC3Dir@Macro.inc
0x00000040;C_PC6Dir@Macro.inc
0x00000080;C_PC7Dir@Macro.inc
0x00000004;D_BLight@Macro.inc
0x00000008;D_Pulse@Macro.inc
0x00000020;D_LVD@Macro.inc
0x00000015;C_MusicOne@Macro.inc
0x00000016;C_MusicAll@Macro.inc
0x00000017;C_MusicStop@Macro.inc
0x0000001F;C_MinVol@Macro.inc
0x0000002D;C_MaxVol@Macro.inc
0x00000040;HalfSecToggle@RTC.inc
0x00000020;AddSecondOnly@RTC.inc
0x00000010;AddOthers@RTC.inc
0x00000001;D_BatteryLow@Alarm.inc
0x00000001;D_TrendInit@Alarm.inc
0x00000002;D_TrendTempUp@Alarm.inc
0x00000004;D_TrendTempDown@Alarm.inc
0x00000008;D_TrendTempRefresh@Alarm.inc
0x00000010;D_TrendHumUp@Alarm.inc
0x00000020;D_TrendHumDown@Alarm.inc
0x00000040;D_TrendHumRefresh@Alarm.inc
0x00000040;D_TempHH@Alarm.inc
0x00000020;D_TempLL@Alarm.inc
0x00000010;D_Neg@Alarm.inc
0x00000008;D_TF@Alarm.inc
0x00000004;D_HumHH@Alarm.inc
0x00000002;D_HumLL@Alarm.inc
0x00000001;D_MaxTemp@Alarm.inc
0x00000002;D_MinTemp@Alarm.inc
0x00000097;R_LcdTableIndex@LCD_Display.inc
0x00000098;R_Display_Number@LCD_Display.inc
0x00000099;R_LcdSegmentPosition@LCD_Display.inc
0x0000009A;R_Display7Times@LCD_Display.inc
0x00000001;D_RFLongRecv@RF.inc
0x00000002;D_RFCycleMode@RF.inc
0x00000004;D_RFNeedSync@RF.inc
0x00000008;D_RFRecvBusy@RF.inc
0x00000001;D_RFCh1@RF.inc
0x00000002;D_RFCh2@RF.inc
0x00000003;D_RFCh3@RF.inc
0x00000004;D_RFAutoMode@RF.inc
0x000000B4;C_RFLongRecv3Min@RF.inc
0x00000004;C_RFAutoSwitch4Sec@RF.inc
0x00000004;C_RFRecvWindow2SecTick@RF.inc
0x000000FF;C_RFSyncIdle@RF.inc
0x00000039;C_RFCh1Sync57Sec@RF.inc
0x00000043;C_RFCh2Sync67Sec@RF.inc
0x0000004F;C_RFCh3Sync79Sec@RF.inc
0x000001F4;C_RFBitHigh500us@RF.inc
0x000007D0;C_RFBit0Low2000us@RF.inc
0x000003E8;C_RFBit1Low1000us@RF.inc
0x00000024;C_RFPacketBits36@RF.inc
0x00000001;C_RFBitHighMinSample@RF.inc
0x00000003;C_RFBitHighMaxSample@RF.inc
0x00000003;C_RFBit1LowMinSample@RF.inc
0x00000006;C_RFBit1LowMaxSample@RF.inc
0x00000007;C_RFBit0LowMinSample@RF.inc
0x0000000A;C_RFBit0LowMaxSample@RF.inc
0x0000000F;C_RFStopLowMinSample@RF.inc
0x00000016;C_RFStopLowMaxSample@RF.inc
0x0000003C;C_RFFail60Min@RF.inc
0x00000001;D_RFValid@RF.inc
0x00000002;D_RFLowBat@RF.inc
0x00000004;D_RFLost@RF.inc
0x00000008;D_RFNeedPair@RF.inc
0x00000003;C_RFFail3Times@RF.inc
0x00000001;D_RFTrendInit@RF.inc
0x00000002;D_RFTrendTempUp@RF.inc
0x00000004;D_RFTrendTempDown@RF.inc
0x00000008;D_RFTrendTempRefresh@RF.inc
0x00000010;D_RFTrendHumUp@RF.inc
0x00000020;D_RFTrendHumDown@RF.inc
0x00000040;D_RFTrendHumRefresh@RF.inc
0x00000002;D_SetConver@KEY.asm
0x00000004;D_SetTimeHour@KEY.asm
0x00000008;D_SetTimeMin@KEY.asm
0x00000010;D_SetTimeMax@KEY.asm
0x00000002;D_SetAlarmHour@KEY.asm
0x00000004;D_SetAlarmMin@KEY.asm
0x00000008;D_SetAlarmMax@KEY.asm
0x00000002;D_SetDateYear@KEY.asm
0x00000004;D_SetDateMonth@KEY.asm
0x00000008;D_SetDateDay@KEY.asm
0x00000010;D_SetDateMax@KEY.asm
0x00000002;D_SetHour@KEY.asm
0x00000004;D_SetMin@KEY.asm
0x00000008;D_SetMax@KEY.asm
0x00000001;D_KeyTone@KEY.asm
0x00000002;D_EnableFastAdd@KEY.asm
0x00000004;D_EnableAlarm@KEY.asm
0x00000008;D_EnableSnooze@KEY.asm
0x00000010;D_KeyRelDis@KEY.asm
0x00000020;D_ToneOn@KEY.asm
0x00000040;D_Alarming@KEY.asm
0x00000080;D_24Mode@KEY.asm
0x00000001;D_TimeFlag@KEY.asm
0x00000002;D_Timering_Short@KEY.asm
0x00000004;D_NoKeyTone@KEY.asm
0x00000008;D_DC@KEY.asm
0x00000010;D_EnableSnooze1@KEY.asm
0x00000008;D_LED_ON@KEY.asm
0x00000010;D_8SecBL@KEY.asm
0x00000004;D_2SecBL@KEY.asm
0x00000028;D_20Sec@KEY.asm
0x0000008E;Key_Status@KEY.asm
0x00000028;C_Sleep20Sec@KEY.asm
0x00000004;C_LongKey2Sec@KEY.asm
0x00000018;C_FastAdd@KEY.asm
0x00000001;D_KeyFcClear@KEY.asm
0x00000002;D_KeyAllTime@KEY.asm
0x00000004;D_KeyLight@KEY.asm
0x00000008;D_KeyUnused@KEY.asm
0x00000002;C_KeyDebounce@KEY.asm
0x0000E398;Hold_Key@KEY.asm
0x0000E3B3;Enable_NewKey@KEY.asm
0x0000E3BC;Enable_AllTimeKey@KEY.asm
0x0000E3C2;Enable_FcClearKey@KEY.asm
0x0000E3CE;Enable_longFcClearKey@KEY.asm
0x0000E3D1;LongFcClearKey_Exit@KEY.asm
0x0000E3D2;Enable_longAllTimeKey@KEY.asm
0x0000E3D8;Enable_LightKey@KEY.asm
0x0000E3F9;F_EnKeyTone@KEY.asm
0x0000E42B;F_UpdateKey@KEY.asm
0x0000E439;F_UpdateKey2@KEY.asm
0x00000006;C_Disp3sShowCount@KEY.asm
0x0000E44C;CheckKeyHoldTimeout@KEY.asm
0x0000E475;Check_SetBackTime@KEY.asm
0x00000001;GPL813P01Cx@GPL813x.inc
0x00000001;GPL813X_Body_inc@GPL813x.inc
0x00000000;GPL813P01Ax@GPL813x.inc
0x00000000;GPL813P01Bx@GPL813x.inc
0x00000001;GPL813X@GPL813x.inc
0x00000000;P_IO_PortA_Dir@GPL813x.inc
0x00000002;P_IO_PortA_Data@GPL813x.inc
0x00000010;P_IO_PortB_Dir@GPL813x.inc
0x00000012;P_IO_PortB_Data@GPL813x.inc
0x00000014;P_IO_PortB_Attrib@GPL813x.inc
0x00000001;P_IO_PortC_Dir@GPL813x.inc
0x00000005;P_IO_PortC_Data@GPL813x.inc
0x00000003;P_IO_PortE_Data@GPL813x.inc
0x00000004;P_IO_PortE_DataLatch@GPL813x.inc
0x00000006;P_IO_Ctrl@GPL813x.inc
0x0000000B;P_IO_PortE_Dir@GPL813x.inc
0x00000015;P_IO_PortD_Attrib@GPL813x.inc
0x00000011;P_IO_PortD_Dir@GPL813x.inc
0x00000013;P_IO_PortD_Data@GPL813x.inc
0x00000008;P_WAKEUP_Ctrl@GPL813x.inc
0x00000020;D_WakeupTimer1@GPL813x.inc
0x00000010;D_WakeupTimer0@GPL813x.inc
0x00000008;D_WakeupTMBB@GPL813x.inc
0x00000004;D_Wakeup128Hz@GPL813x.inc
0x00000002;D_WakeupTMBA@GPL813x.inc
0x00000001;D_WakeupKey@GPL813x.inc
0x00000009;P_SYSTEM_Ctrl@GPL813x.inc
0x0000000A;P_TIMER_TimeBase_Sel@GPL813x.inc
0x00000022;P_TIMER_Timer0_Ctrl@GPL813x.inc
0x00000080;D_TimerEn@GPL813x.inc
0x00000000;D_TimerRiseEdge@GPL813x.inc
0x00000040;D_TimerFallEdge@GPL813x.inc
0x00000000;D_TimerSrcExtA@GPL813x.inc
0x00000020;D_TimerSrcExtA2@GPL813x.inc
0x00000000;D_TimerSrcA_HF@GPL813x.inc
0x00000001;D_TimerSrcA_HFDIV@GPL813x.inc
0x00000002;D_TimerSrcA_EXT@GPL813x.inc
0x00000003;D_TimerSrcA_VDD@GPL813x.inc
0x00000000;D_TimerSrcB_LF@GPL813x.inc
0x00000004;D_TimerSrcB_TMX@GPL813x.inc
0x00000008;D_TimerSrcB_EXTA@GPL813x.inc
0x0000000C;D_TimerSrcB_VDD@GPL813x.inc
0x00000020;P_TIMER_TM0Data_LB@GPL813x.inc
0x00000021;P_TIMER_TM0Data_HB@GPL813x.inc
0x00000023;P_TIMER_TM0Load_Ctrl@GPL813x.inc
0x00000025;P_TIMER_TM1Data@GPL813x.inc
0x00000026;P_TIMER_Timer1_Ctrl@GPL813x.inc
0x00000080;D_Timer1En@GPL813x.inc
0x00000000;D_Timer1_LSCK@GPL813x.inc
0x00000001;D_Timer1_TMBB@GPL813x.inc
0x00000002;D_Timer1_HSCK@GPL813x.inc
0x00000003;D_Timer1_HFDIV@GPL813x.inc
0x00000027;P_TIMER_TM1Load_Ctrl@GPL813x.inc
0x00000018;P_CLK_CPU_Ctrl@GPL813x.inc
0x000000E0;D_RCHF_Msk@GPL813x.inc
0x00000000;D_RCHF225K@GPL813x.inc
0x00000040;D_RCHF500K@GPL813x.inc
0x00000080;D_RCHF1800K@GPL813x.inc
0x000000C0;D_RCHF1000K@GPL813x.inc
0x00000020;D_RCHF4000K@GPL813x.inc
0x00000007;D_CPU_Msk@GPL813x.inc
0x00000000;D_CPU_HF@GPL813x.inc
0x00000001;D_CPU_HF2@GPL813x.inc
0x00000002;D_CPU_HF4@GPL813x.inc
0x00000003;D_CPU_HF8@GPL813x.inc
0x00000004;D_CPU_HF16@GPL813x.inc
0x0000001A;P_CLK_HFDIV_Ctrl@GPL813x.inc
0x0000000C;P_CLK_32768_En@GPL813x.inc
0x00000000;D_LFEnable@GPL813x.inc
0x00000080;D_LFDisable@GPL813x.inc
0x00000004;D_X32K_WEAK@GPL813x.inc
0x00000002;D_X32K_STRO@GPL813x.inc
0x00000001;D_CAP_EN@GPL813x.inc
0x00000000;D_CAP_DIS@GPL813x.inc
0x0000000D;P_INT_Ctrl@GPL813x.inc
0x000000FF;D_IntMask@GPL813x.inc
0x00000080;D_Ext2Int@GPL813x.inc
0x00000040;D_LvdInt@GPL813x.inc
0x00000020;D_Timer0Int@GPL813x.inc
0x00000010;D_TMBBInt@GPL813x.inc
0x00000008;D_TMBAInt@GPL813x.inc
0x00000004;D_128HzInt@GPL813x.inc
0x00000002;D_2KHzInt@GPL813x.inc
0x00000001;D_ExtInt@GPL813x.inc
0x00000041;P_INT_2KHz_Clear@GPL813x.inc
0x00000042;P_INT_128Hz_Clear@GPL813x.inc
0x00000043;P_INT_TimeBaseA_Clear@GPL813x.inc
0x00000044;P_INT_TimeBaseB_Clear@GPL813x.inc
0x00000045;P_INT_Timer0_Clear@GPL813x.inc
0x00000040;P_INT_Ext_Clear@GPL813x.inc
0x0000002D;P_INT_Ctrl2@GPL813x.inc
0x00000003;D_Int2Mask@GPL813x.inc
0x00000001;D_Timer1Int@GPL813x.inc
0x00000047;P_INT_Ext2_Clear@GPL813x.inc
0x00000048;P_INT_Timer1_Clear@GPL813x.inc
0x00000007;P_LCD_Ctrl@GPL813x.inc
0x000000FD;D_LcdConfigMask@GPL813x.inc
0x00000088;D_Duty_1_8@GPL813x.inc
0x000000C8;D_Duty_1_6@GPL813x.inc
0x00000004;D_Duty_1_5@GPL813x.inc
0x00000044;D_Duty_1_4@GPL813x.inc
0x00000084;D_Duty_1_3@GPL813x.inc
0x00000000;D_Bias_1_4@GPL813x.inc
0x00000020;D_Bias_1_3@GPL813x.inc
0x00000010;D_Bias_1_2@GPL813x.inc
0x00000001;D_ScanEnable@GPL813x.inc
0x00000019;P_LCD_VLCD_Ctrl@GPL813x.inc
0x00000030;D_Halt_Normal@GPL813x.inc
0x00000020;D_Halt_Green@GPL813x.inc
0x00000000;D_VLCD_28@GPL813x.inc
0x00000001;D_VLCD_30@GPL813x.inc
0x00000002;D_VLCD_33@GPL813x.inc
0x00000003;D_VLCD_VDD@GPL813x.inc
0x0000000F;P_WDT_Flag_Clear@GPL813x.inc
0x0000000E;P_Reset_Status@GPL813x.inc
0x00000001;D_FlagC@GPL813x.inc
0x00000002;D_FlagON@GPL813x.inc
0x00000016;P_AUDIO_BZ_Ctrl@GPL813x.inc
0x00000080;D_C32KOUT@GPL813x.inc
0x00000002;D_Buzzer1@GPL813x.inc
0x00000001;D_Buzzer0@GPL813x.inc
0x0000001B;P_LVD_Ctrl@GPL813x.inc
0x00000001;D_LVD_State@GPL813x.inc
0x00000000;D_LVD_22@GPL813x.inc
0x00000040;D_LVD_24@GPL813x.inc
0x00000081;D_LVD_27@GPL813x.inc
0x000000C1;D_LVD_33@GPL813x.inc
0x00000046;P_INT_LVD_Clear@GPL813x.inc
0x00000017;P_RFC_Ctrl@GPL813x.inc
0x00000080;D_EXT1EDG@GPL813x.inc
0x00000040;D_EXT2EDG@GPL813x.inc
0x00000001;D_RFCEN@GPL813x.inc
0x00003030;P_PWMIO_Ctrl@GPL813x.inc
0x00003032;P_PWMIO_IO0_DUTY@GPL813x.inc
0x00003033;P_PWMIO_IO1_DUTY@GPL813x.inc
0x00003034;P_PWMIO_IO2_DUTY@GPL813x.inc
0x00003035;P_PWMIO_IO3_DUTY@GPL813x.inc
0x0000E000;D_Bank0UserRomStartAddr@GPL813x.inc
0x0000FFDF;D_Bank0UserRomEndAddr@GPL813x.inc
0x0000FFFC;D_NMIandResetVectorStartAddr@GPL813x.inc
0x0000FFFF;D_NMIandResetVectorEndAddr@GPL813x.inc
0x00000080;C_SramAddrStart@Macro.inc
0x000000FF;C_SramAddrEnd@Macro.inc
0x00003E00;C_DPRAMAddrStart@Macro.inc
0x00003FFF;C_DPRAMAddrEnd@Macro.inc
0x00000001;D_Bit0@Macro.inc
0x00000002;D_Bit1@Macro.inc
0x00000004;D_Bit2@Macro.inc
0x00000008;D_Bit3@Macro.inc
0x00000010;D_Bit4@Macro.inc
0x00000020;D_Bit5@Macro.inc
0x00000040;D_Bit6@Macro.inc
0x00000080;D_Bit7@Macro.inc
0x00000001;C_High@Macro.inc
0x00000000;C_Input@Macro.inc
0x00000001;C_PC0Dir@Macro.inc
0x00000002;C_PC1Dir@Macro.inc
0x00000004;C_PC2Dir@Macro.inc
0x00000008;C_PC3Dir@Macro.inc
0x00000040;C_PC6Dir@Macro.inc
0x00000080;C_PC7Dir@Macro.inc
0x00000004;D_BLight@Macro.inc
0x00000008;D_Pulse@Macro.inc
0x00000020;D_LVD@Macro.inc
0x00000015;C_MusicOne@Macro.inc
0x00000016;C_MusicAll@Macro.inc
0x00000017;C_MusicStop@Macro.inc
0x0000001F;C_MinVol@Macro.inc
0x0000002D;C_MaxVol@Macro.inc
0x00000002;D_SetConver@KEY.inc
0x00000004;D_SetTimeHour@KEY.inc
0x00000008;D_SetTimeMin@KEY.inc
0x00000010;D_SetTimeMax@KEY.inc
0x00000002;D_SetAlarmHour@KEY.inc
0x00000004;D_SetAlarmMin@KEY.inc
0x00000008;D_SetAlarmMax@KEY.inc
0x00000002;D_SetDateYear@KEY.inc
0x00000004;D_SetDateMonth@KEY.inc
0x00000008;D_SetDateDay@KEY.inc
0x00000010;D_SetDateMax@KEY.inc
0x00000002;D_SetHour@KEY.inc
0x00000004;D_SetMin@KEY.inc
0x00000008;D_SetMax@KEY.inc
0x00000001;D_KeyTone@KEY.inc
0x00000002;D_EnableFastAdd@KEY.inc
0x00000004;D_EnableAlarm@KEY.inc
0x00000008;D_EnableSnooze@KEY.inc
0x00000010;D_KeyRelDis@KEY.inc
0x00000020;D_ToneOn@KEY.inc
0x00000040;D_Alarming@KEY.inc
0x00000080;D_24Mode@KEY.inc
0x00000008;D_LED_ON@KEY.inc
0x0000000A;D_5SecBL@KEY.inc
0x00000004;D_2SecBL@KEY.inc
0x00000001;D_KeyFcClear@KEY.inc
0x00000002;D_KeyAllTime@KEY.inc
0x00000004;D_KeyLight@KEY.inc
0x00000008;D_KeyUnused@KEY.inc
0x00000002;C_KeyDebounce@KEY.inc
0x00000028;C_Sleep20Sec@KEY.inc
0x000000FF;C_LongKey2Sec@KEY.inc
0x00000018;C_FastAdd@KEY.inc
0x00000001;D_TimeFlag@KEY.inc
0x00000002;D_Timering_Short@KEY.inc
0x00000004;D_NoKeyTone@KEY.inc
0x00000008;D_DC@KEY.inc
0x00000010;D_EnableSnooze1@KEY.inc
0x00000040;HalfSecToggle@RTC.inc
0x00000020;AddSecondOnly@RTC.inc
0x00000010;AddOthers@RTC.inc
0x00000001;D_BatteryLow@Alarm.inc
0x00000001;D_TrendInit@Alarm.inc
0x00000002;D_TrendTempUp@Alarm.inc
0x00000004;D_TrendTempDown@Alarm.inc
0x00000008;D_TrendTempRefresh@Alarm.inc
0x00000010;D_TrendHumUp@Alarm.inc
0x00000020;D_TrendHumDown@Alarm.inc
0x00000040;D_TrendHumRefresh@Alarm.inc
0x00000040;D_TempHH@Alarm.inc
0x00000020;D_TempLL@Alarm.inc
0x00000010;D_Neg@Alarm.inc
0x00000008;D_TF@Alarm.inc
0x00000004;D_HumHH@Alarm.inc
0x00000002;D_HumLL@Alarm.inc
0x00000001;D_MaxTemp@Alarm.inc
0x00000002;D_MinTemp@Alarm.inc
0x00000001;D_TempF@GXHTV4.inc
0x00000002;D_TempError@GXHTV4.inc
0x00000004;D_TempFReg@GXHTV4.inc
0x00000008;D_FirstReadRetry@GXHTV4.inc
0x00000080;D_WithRTRH@GXHTV4.inc
0x00000001;D_RFLongRecv@RF.inc
0x00000002;D_RFCycleMode@RF.inc
0x00000004;D_RFNeedSync@RF.inc
0x00000008;D_RFRecvBusy@RF.inc
0x00000001;D_RFCh1@RF.inc
0x00000002;D_RFCh2@RF.inc
0x00000003;D_RFCh3@RF.inc
0x00000004;D_RFAutoMode@RF.inc
0x000000B4;C_RFLongRecv3Min@RF.inc
0x00000004;C_RFAutoSwitch4Sec@RF.inc
0x00000004;C_RFRecvWindow2SecTick@RF.inc
0x000000FF;C_RFSyncIdle@RF.inc
0x00000039;C_RFCh1Sync57Sec@RF.inc
0x00000043;C_RFCh2Sync67Sec@RF.inc
0x0000004F;C_RFCh3Sync79Sec@RF.inc
0x000001F4;C_RFBitHigh500us@RF.inc
0x000007D0;C_RFBit0Low2000us@RF.inc
0x000003E8;C_RFBit1Low1000us@RF.inc
0x00000024;C_RFPacketBits36@RF.inc
0x00000001;C_RFBitHighMinSample@RF.inc
0x00000003;C_RFBitHighMaxSample@RF.inc
0x00000003;C_RFBit1LowMinSample@RF.inc
0x00000006;C_RFBit1LowMaxSample@RF.inc
0x00000007;C_RFBit0LowMinSample@RF.inc
0x0000000A;C_RFBit0LowMaxSample@RF.inc
0x0000000F;C_RFStopLowMinSample@RF.inc
0x00000016;C_RFStopLowMaxSample@RF.inc
0x0000003C;C_RFFail60Min@RF.inc
0x00000001;D_RFValid@RF.inc
0x00000002;D_RFLowBat@RF.inc
0x00000004;D_RFLost@RF.inc
0x00000008;D_RFNeedPair@RF.inc
0x00000003;C_RFFail3Times@RF.inc
0x00000001;D_RFTrendInit@RF.inc
0x00000002;D_RFTrendTempUp@RF.inc
0x00000004;D_RFTrendTempDown@RF.inc
0x00000008;D_RFTrendTempRefresh@RF.inc
0x00000010;D_RFTrendHumUp@RF.inc
0x00000020;D_RFTrendHumDown@RF.inc
0x00000040;D_RFTrendHumRefresh@RF.inc
0x0000009D;R_OutdoorNoDataDash@LCD_Display.asm
0x0000009E;R_Disp3s@LCD_Display.asm
0x0000009F;R_OutdoorFlashRun@LCD_Display.asm
0x000000A0;R_OutdoorBlankPending@LCD_Display.asm
0x000000A1;R_OutdoorBlanking@LCD_Display.asm
0x0000E498;F_ShowAllLCD@LCD_Display.asm
0x0000E49C;L_Set_Loop@LCD_Display.asm
0x0000E4A4;F_LcdDisplayDigital@LCD_Display.asm
0x0000E4B6;F_LcdDisplay7Char@LCD_Display.asm
0x0000E4C1;L_LcdDisplay8Icon@LCD_Display.asm
0x0000E4D7;L_DirectSaveSegmentValue@LCD_Display.asm
0x0000E4E6;L_ClearSegment@LCD_Display.asm
0x0000E4EC;L_UpdateSegment@LCD_Display.asm
0x0000E4FB;Display_OneBit@LCD_Display.asm
0x0000E50F;NoDisplay_OneBit@LCD_Display.asm
0x00000000;LCD_Emulator@LCD_Display.asm
0x00000000;com0@LCD_Display.asm
0x00000001;com1@LCD_Display.asm
0x00000002;com2@LCD_Display.asm
0x00000003;com3@LCD_Display.asm
0x00000004;com4@LCD_Display.asm
0x00000000;seg00@LCD_Display.asm
0x00000001;seg01@LCD_Display.asm
0x00000002;seg02@LCD_Display.asm
0x00000003;seg03@LCD_Display.asm
0x00000004;seg04@LCD_Display.asm
0x00000005;seg05@LCD_Display.asm
0x00000006;seg06@LCD_Display.asm
0x00000007;seg07@LCD_Display.asm
0x00000008;seg08@LCD_Display.asm
0x00000009;seg09@LCD_Display.asm
0x0000000A;seg10@LCD_Display.asm
0x0000000B;seg11@LCD_Display.asm
0x0000000C;seg12@LCD_Display.asm
0x0000000D;seg13@LCD_Display.asm
0x0000000E;seg14@LCD_Display.asm
0x0000000F;seg15@LCD_Display.asm
0x00000010;seg16@LCD_Display.asm
0x00000011;seg17@LCD_Display.asm
0x00000012;seg18@LCD_Display.asm
0x00000013;seg19@LCD_Display.asm
0x00000014;seg20@LCD_Display.asm
0x0000001A;seg23@LCD_Display.asm
0x0000001B;seg24@LCD_Display.asm
0x0000001E;seg25@LCD_Display.asm
0x0000001F;seg26@LCD_Display.asm
0x00000097;R_LcdTableIndex@LCD_Display.asm
0x00000098;R_Display_Number@LCD_Display.asm
0x00000099;R_LcdSegmentPosition@LCD_Display.asm
0x0000009A;R_Display7Times@LCD_Display.asm
0x00000000;T_OutCurTeH@LCD_Display.asm
0x0000000E;T_OutCurTeM@LCD_Display.asm
0x0000001C;T_OutCurTeL@LCD_Display.asm
0x0000002A;T_OutCurHuH@LCD_Display.asm
0x00000038;T_OutCurHuL@LCD_Display.asm
0x00000046;T_CurTeH@LCD_Display.asm
0x00000054;T_CurTeM@LCD_Display.asm
0x00000062;T_CurTeL@LCD_Display.asm
0x00000070;T_CurHuH@LCD_Display.asm
0x0000007E;T_CurHuL@LCD_Display.asm
0x00000000;T_OutTemp@LCD_Display.asm
0x00000002;T_OutHum@LCD_Display.asm
0x00000004;T_InTempHum@LCD_Display.asm
0x00000006;T_InHuUnit@LCD_Display.asm
0x00000008;T_OutHuUnit@LCD_Display.asm
0x0000000A;T_RF@LCD_Display.asm
0x0000000C;T_CH@LCD_Display.asm
0x0000000E;T_1@LCD_Display.asm
0x00000010;T_2@LCD_Display.asm
0x00000012;T_3@LCD_Display.asm
0x00000014;T_Loop@LCD_Display.asm
0x00000016;T_InBat@LCD_Display.asm
0x00000018;T_OutBat@LCD_Display.asm
0x0000001A;T_OutTeNeg@LCD_Display.asm
0x0000001C;T_InTeNeg@LCD_Display.asm
0x0000001C;T_TeNeg@LCD_Display.asm
0x0000001E;T_InTempDot@LCD_Display.asm
0x00000020;T_OutTempDot@LCD_Display.asm
0x00000022;T_INCurTe100@LCD_Display.asm
0x00000024;T_OutCurTe100@LCD_Display.asm
0x00000022;T_CurTe100@LCD_Display.asm
0x00000026;T_InCUnit@LCD_Display.asm
0x00000028;T_InFUnit@LCD_Display.asm
0x00000026;T_CUnit@LCD_Display.asm
0x00000028;T_FUnit@LCD_Display.asm
0x0000002A;T_OutCUnit@LCD_Display.asm
0x0000002C;T_OutFUnit@LCD_Display.asm
0x0000002E;T_InTUp@LCD_Display.asm
0x00000030;T_InTEq@LCD_Display.asm
0x00000032;T_InTDn@LCD_Display.asm
0x00000034;T_InHUp@LCD_Display.asm
0x00000036;T_InHEq@LCD_Display.asm
0x00000038;T_InHDn@LCD_Display.asm
0x0000002E;T_TUp@LCD_Display.asm
0x00000030;T_TEq@LCD_Display.asm
0x00000032;T_TDn@LCD_Display.asm
0x00000034;T_HUp@LCD_Display.asm
0x00000036;T_HEq@LCD_Display.asm
0x00000038;T_HDn@LCD_Display.asm
0x00000016;T_Bat@LCD_Display.asm
0x0000003A;T_OutTUp@LCD_Display.asm
0x0000003C;T_OutTEq@LCD_Display.asm
0x0000003E;T_OutTDn@LCD_Display.asm
0x00000040;T_OutHUp@LCD_Display.asm
0x00000042;T_OutHEq@LCD_Display.asm
0x00000044;T_OutHDn@LCD_Display.asm
0x0000E62D;Disp_ProductUpdateAll@LCD_Display.asm
0x0000E630;Disp_ProductDisplayExit@LCD_Display.asm
0x0000E631;Disp_ProductRefreshPagedBody@LCD_Display.asm
0x0000E638;Disp_ProductRefreshCommonBody@LCD_Display.asm
0x0000E641;Disp_ProductRefreshValueArea@LCD_Display.asm
0x0000E64D;Disp_ProductRefreshStatusIcons@LCD_Display.asm
0x0000E65F;Disp_ProductRefreshTrendIcons@LCD_Display.asm
0x0000E66B;Disp_ProductShowTempTrend@LCD_Display.asm
0x0000E685;Disp_ProductShowTempTrendUp@LCD_Display.asm
0x0000E694;Disp_ProductShowTempTrendEq@LCD_Display.asm
0x0000E6A3;Disp_ProductShowHumTrend@LCD_Display.asm
0x0000E6BD;Disp_ProductShowHumTrendUp@LCD_Display.asm
0x0000E6CC;Disp_ProductShowHumTrendEq@LCD_Display.asm
0x0000E6DB;Disp_ProductShowBatteryIcon@LCD_Display.asm
0x0000E6E7;Disp_ProductShowBatteryIconHide@LCD_Display.asm
0x0000E6EC;Disp_ProductShowStaticIcons@LCD_Display.asm
0x0000E70F;Disp_ProductShowOutdoorTempTrend@LCD_Display.asm
0x0000E72E;Disp_ProductShowOutdoorTempTrendUp@LCD_Display.asm
0x0000E73D;Disp_ProductShowOutdoorTempTrendEq@LCD_Display.asm
0x0000E74C;Disp_ProductClearOutdoorTempTrend@LCD_Display.asm
0x0000E75B;Disp_ProductShowOutdoorHumTrend@LCD_Display.asm
0x0000E77A;Disp_ProductShowOutdoorHumTrendUp@LCD_Display.asm
0x0000E789;Disp_ProductShowOutdoorHumTrendEq@LCD_Display.asm
0x0000E798;Disp_ProductClearOutdoorHumTrend@LCD_Display.asm
0x0000E7A7;Disp_ProductClearOutdoorTrendIcons@LCD_Display.asm
0x0000E7AD;Disp_ProductShowOutdoorBatteryIcon@LCD_Display.asm
0x0000E7BE;Disp_ProductShowOutdoorBatteryHide@LCD_Display.asm
0x0000E7C3;Disp_ProductLoadRFViewOffset@LCD_Display.asm
0x0000E7D3;Disp_ProductLoadRFViewOffset_CheckCh3@LCD_Display.asm
0x0000E7DB;Disp_ProductLoadRFViewOffset_End@LCD_Display.asm
0x0000E7DC;Disp_ProductHasOutdoorData@LCD_Display.asm
0x0000E809;Disp_ProductHasOutdoorData_Yes@LCD_Display.asm
0x0000E80B;Disp_ProductHasOutdoorData_No@LCD_Display.asm
0x0000E80D;Disp_ProductIsOutdoorLostFlashMode@LCD_Display.asm
0x0000E82E;Disp_ProductIsOutdoorLostFlashMode_No@LCD_Display.asm
0x0000E830;Disp_ProductIsOutdoorLostFlashOn@LCD_Display.asm
0x0000E84B;Disp_ProductCacheOutdoorDashDecision@LCD_Display.asm
0x0000E862;Disp_ProductCacheOutdoorDashDecision_NoFlash@LCD_Display.asm
0x0000E866;Disp_ProductCacheOutdoorDashDecision_End@LCD_Display.asm
0x0000E867;Disp_ProductShouldShowOutdoorDash@LCD_Display.asm
0x0000E86D;Disp_ProductShouldShowOutdoorDash_Yes@LCD_Display.asm
0x0000E86F;Disp_ProductShowRFChannelIcons@LCD_Display.asm
0x0000E894;Disp_ProductShowRFChannelNumber@LCD_Display.asm
0x0000E8A4;Disp_ProductShowRFChannel2@LCD_Display.asm
0x0000E8A9;Disp_ProductShowRFChannel3@LCD_Display.asm
0x0000E8AE;Disp_ProductShowRFStateIcon@LCD_Display.asm
0x0000E8C2;Disp_ProductShowRFStateBlink@LCD_Display.asm
0x0000E8C9;Disp_ProductShowRFStateOn@LCD_Display.asm
0x0000E8CE;Disp_ProductShowRFStateOff@LCD_Display.asm
0x0000E8D3;Disp_ProductCurrentTemp@LCD_Display.asm
0x0000E8EB;Disp_ProductCurrentTempHH@LCD_Display.asm
0x0000E8F0;Disp_ProductCurrentTempLL@LCD_Display.asm
0x0000E8F5;Disp_ProductDisplayCurrentTempCode@LCD_Display.asm
0x0000E915;Disp_ProductShowCurrentUnit@LCD_Display.asm
0x0000E91C;Disp_ProductShowCurrentUnitC@LCD_Display.asm
0x0000E926;Disp_ProductShowCurrentUnitF@LCD_Display.asm
0x0000E930;Disp_ProductCurrentTempF@LCD_Display.asm
0x0000E958;Disp_ProductCurrentTempF_Show100@LCD_Display.asm
0x0000E95D;Disp_ProductCurrentTempF_No100@LCD_Display.asm
0x0000E962;Disp_ProductCurrentTempC@LCD_Display.asm
0x0000E983;Disp_ProductCurrentTempC_Neg@LCD_Display.asm
0x0000E98D;Disp_ProductRenderCurrentTempFromBuf@LCD_Display.asm
0x0000E996;Disp_ProductCurTempH_Blank@LCD_Display.asm
0x0000E998;Disp_ProductCurTempH_Out@LCD_Display.asm
0x0000E9AE;Disp_ProductCurrentHum@LCD_Display.asm
0x0000E9C1;Disp_ProductCurHumH_Out@LCD_Display.asm
0x0000E9C6;Disp_ProductDisplayOutdoorHumCode@LCD_Display.asm
0x0000E9D2;Disp_ProductDisplayOutdoorTempCode@LCD_Display.asm
0x0000E9F2;Disp_ProductOutdoorTempBlank@LCD_Display.asm
0x0000E9F7;Disp_ProductPrepareOutdoorTemp@LCD_Display.asm
0x0000EA23;Disp_ProductPrepareOutdoorTemp_Positive@LCD_Display.asm
0x0000EA2B;Disp_ProductPrepareOutdoorTemp_Invalid@LCD_Display.asm
0x0000EA2D;Disp_ProductShowOutdoorUnit@LCD_Display.asm
0x0000EA34;Disp_ProductShowOutdoorUnitC@LCD_Display.asm
0x0000EA3E;Disp_ProductShowOutdoorUnitF@LCD_Display.asm
0x0000EA48;Disp_ProductRenderOutdoorTempFromBuf@LCD_Display.asm
0x0000EA53;Disp_ProductOutdoorTempH_Out@LCD_Display.asm
0x0000EA69;Disp_ProductOutdoorTemp@LCD_Display.asm
0x0000EA78;Disp_ProductOutdoorTempF_Entry@LCD_Display.asm
0x0000EA7B;Disp_ProductOutdoorTempNoData@LCD_Display.asm
0x0000EA83;Disp_ProductOutdoorTempDash@LCD_Display.asm
0x0000EA88;Disp_ProductOutdoorTempC@LCD_Display.asm
0x0000EAA2;Disp_ProductOutdoorTempHH@LCD_Display.asm
0x0000EAA7;Disp_ProductOutdoorTempC_CheckLL@LCD_Display.asm
0x0000EAB9;Disp_ProductOutdoorTempLL@LCD_Display.asm
0x0000EABE;Disp_ProductOutdoorTempC_DoConvert@LCD_Display.asm
0x0000EAC1;Disp_ProductOutdoorTempC_Convert@LCD_Display.asm
0x0000EAEB;Disp_ProductOutdoorTempC_Positive@LCD_Display.asm
0x0000EAF5;Disp_ProductOutdoorTempF@LCD_Display.asm
0x0000EB0D;Disp_ProductOutdoorTempF_CheckHH@LCD_Display.asm
0x0000EB22;Disp_ProductOutdoorTempF_CheckLL@LCD_Display.asm
0x0000EB37;Disp_ProductOutdoorTempF_DoConvert@LCD_Display.asm
0x0000EB3A;Disp_ProductOutdoorTempF_Convert@LCD_Display.asm
0x0000EB60;Disp_ProductOutdoorTempF_Positive@LCD_Display.asm
0x0000EB78;Disp_ProductOutdoorTempF_Show100@LCD_Display.asm
0x0000EB7D;Disp_ProductOutdoorTempF_No100@LCD_Display.asm
0x0000EB82;Disp_ProductOutdoorTempF_Neg@LCD_Display.asm
0x0000EB8C;Disp_ProductOutdoorHum@LCD_Display.asm
0x0000EB9F;Disp_ProductOutdoorHumClamp1@LCD_Display.asm
0x0000EBA4;Disp_ProductOutdoorHumConvert@LCD_Display.asm
0x0000EBAC;Disp_ProductOutdoorHumDisplay@LCD_Display.asm
0x0000EBBC;Disp_ProductOutdoorHumH_Out@LCD_Display.asm
0x0000EBC1;Disp_ProductOutdoorHumNoData@LCD_Display.asm
0x0000EBC9;Disp_ProductOutdoorHumDash@LCD_Display.asm
0x0000EBCE;Disp_ProductOutdoorHumBlank@LCD_Display.asm
0x0000EBD3;Disp_ProductTempRecords@LCD_Display.asm
0x0000EBD3;Disp_ProductTempRecordsDash@LCD_Display.asm
0x0000EBD3;Disp_ProductTempRecordsDashC@LCD_Display.asm
0x0000EBD3;Disp_ProductTempRecordsDashF@LCD_Display.asm
0x0000EBD3;Disp_ProductRenderMaxTempDashC@LCD_Display.asm
0x0000EBD3;Disp_ProductRenderMinTempDashC@LCD_Display.asm
0x0000EBD3;Disp_ProductRenderMaxTempDashF@LCD_Display.asm
0x0000EBD3;Disp_ProductRenderMinTempDashF@LCD_Display.asm
0x0000EBD3;Disp_ProductHumRecords@LCD_Display.asm
0x0000EBD3;Disp_ProductHumRecordsDash@LCD_Display.asm
0x0000EBD3;Disp_ProductRenderMaxHumDash@LCD_Display.asm
0x0000EBD3;Disp_ProductRenderMinHumDash@LCD_Display.asm
0x00000001;D_TempF@GXHTV4.asm
0x00000002;D_TempError@GXHTV4.asm
0x00000004;D_TempFReg@GXHTV4.asm
0x00000008;D_FirstReadRetry@GXHTV4.asm
0x000000A3;INDF0@GXHTV4.asm
0x000000A7;CNT1@GXHTV4.asm
0x000000A8;CNT2@GXHTV4.asm
0x000000A9;CNT3@GXHTV4.asm
0x000000AA;CNT4@GXHTV4.asm
0x000000AB;CNT5@GXHTV4.asm
0x000000AC;CNT6@GXHTV4.asm
0x000000AD;X_H@GXHTV4.asm
0x000000AE;X_1@GXHTV4.asm
0x000000B1;Y_H@GXHTV4.asm
0x000000B2;Y_L@GXHTV4.asm
0x000000B5;OUT_1@GXHTV4.asm
0x00000088;I2C_ID_GXHTV4@GXHTV4.asm
0x00000000;I2C_WRITE_BIT@GXHTV4.asm
0x00000001;I2C_READ_BIT@GXHTV4.asm
0x000000F6;CMD_MEASURE_TH@GXHTV4.asm
0x0000EC22;F_ReadGXHTV4StopExit@GXHTV4.asm
0x0000EC25;F_ReadGXHTV4Data_Exit@GXHTV4.asm
0x0000EC26;F_GXHTV4WaitReady@GXHTV4.asm
0x0000EC29;F_GXHTV4WaitReady_A@GXHTV4.asm
0x0000EC2B;F_GXHTV4WaitReady_Y@GXHTV4.asm
0x0000EC2D;F_GXHTV4WaitReady_X@GXHTV4.asm
0x0000EC3C;F_GXHTV4WaitReady_Done@GXHTV4.asm
0x0000EC3D;CAL_IC_TEMP@GXHTV4.asm
0x0000EC89;CAL_TEMP_PLUS@GXHTV4.asm
0x0000ECAF;CAL_TEMP_OUT@GXHTV4.asm
0x0000ECB0;CAL_IC_HUM@GXHTV4.asm
0x0000ECDA;CAL_HUM_CLAMP_HIGH@GXHTV4.asm
0x0000ECE0;CAL_HUM_STORE@GXHTV4.asm
0x0000ECE2;CAL_HUM_OUT@GXHTV4.asm
0x0000ECE3;F_crc_check_handle@GXHTV4.asm
0x0000ECF5;F_crc_check_h_loop@GXHTV4.asm
0x0000ECFB;F_crc_check_h_loop_set@GXHTV4.asm
0x0000ED07;F_crc_check_h_loop_clr@GXHTV4.asm
0x0000ED0A;F_crc_check_h_loop_0@GXHTV4.asm
0x0000ED18;F_crc_check_l_loop@GXHTV4.asm
0x0000ED1E;F_crc_check_l_loop_set@GXHTV4.asm
0x0000ED2A;F_crc_check_l_loop_clr@GXHTV4.asm
0x0000ED2D;F_crc_check_l_loop_0@GXHTV4.asm
0x0000ED39;F_crc_check_err@GXHTV4.asm
0x0000ED3B;DIV_HEX@GXHTV4.asm
0x0000ED53;NDIV1@GXHTV4.asm
0x0000ED55;NDIV2@GXHTV4.asm
0x0000ED7C;NDIV_7@GXHTV4.asm
0x0000ED86;NDIV_SUB@GXHTV4.asm
0x0000ED99;NDIV4@GXHTV4.asm
0x0000ED9C;NDIV_END@GXHTV4.asm
0x0000ED9D;MUL_HEX@GXHTV4.asm
0x0000EDA9;MUL_LOOP@GXHTV4.asm
0x0000EDD0;TO_LOOP0@GXHTV4.asm
0x0000EDE2;LOOP16@GXHTV4.asm
0x0000EDF0;ADJDEC@GXHTV4.asm
0x0000EE02;ADJBCD@GXHTV4.asm
0x0000EE16;ADJ1@GXHTV4.asm
0x0000EE26;ADJ2@GXHTV4.asm
0x0000EE41;CH_C1@GXHTV4.asm
0x0000EE50;CHANGE_F@GXHTV4.asm
0x0000EE84;CHANGE_PLUS@GXHTV4.asm
0x0000EEA5;CHANGE_SUB@GXHTV4.asm
0x0000EEB2;CHANGE_OUT@GXHTV4.asm
0x0000EEBA;CHANGE_RET@GXHTV4.asm
0x0000EEC6;CH_R1@GXHTV4.asm
0x00000001;GPL813P01Cx@GPL813x.inc
0x00000001;GPL813X_Body_inc@GPL813x.inc
0x00000000;GPL813P01Ax@GPL813x.inc
0x00000000;GPL813P01Bx@GPL813x.inc
0x00000001;GPL813X@GPL813x.inc
0x00000000;P_IO_PortA_Dir@GPL813x.inc
0x00000002;P_IO_PortA_Data@GPL813x.inc
0x00000010;P_IO_PortB_Dir@GPL813x.inc
0x00000012;P_IO_PortB_Data@GPL813x.inc
0x00000014;P_IO_PortB_Attrib@GPL813x.inc
0x00000001;P_IO_PortC_Dir@GPL813x.inc
0x00000005;P_IO_PortC_Data@GPL813x.inc
0x00000003;P_IO_PortE_Data@GPL813x.inc
0x00000004;P_IO_PortE_DataLatch@GPL813x.inc
0x00000006;P_IO_Ctrl@GPL813x.inc
0x0000000B;P_IO_PortE_Dir@GPL813x.inc
0x00000015;P_IO_PortD_Attrib@GPL813x.inc
0x00000011;P_IO_PortD_Dir@GPL813x.inc
0x00000013;P_IO_PortD_Data@GPL813x.inc
0x00000008;P_WAKEUP_Ctrl@GPL813x.inc
0x00000020;D_WakeupTimer1@GPL813x.inc
0x00000010;D_WakeupTimer0@GPL813x.inc
0x00000008;D_WakeupTMBB@GPL813x.inc
0x00000004;D_Wakeup128Hz@GPL813x.inc
0x00000002;D_WakeupTMBA@GPL813x.inc
0x00000001;D_WakeupKey@GPL813x.inc
0x00000009;P_SYSTEM_Ctrl@GPL813x.inc
0x0000000A;P_TIMER_TimeBase_Sel@GPL813x.inc
0x00000022;P_TIMER_Timer0_Ctrl@GPL813x.inc
0x00000080;D_TimerEn@GPL813x.inc
0x00000000;D_TimerRiseEdge@GPL813x.inc
0x00000040;D_TimerFallEdge@GPL813x.inc
0x00000000;D_TimerSrcExtA@GPL813x.inc
0x00000020;D_TimerSrcExtA2@GPL813x.inc
0x00000000;D_TimerSrcA_HF@GPL813x.inc
0x00000001;D_TimerSrcA_HFDIV@GPL813x.inc
0x00000002;D_TimerSrcA_EXT@GPL813x.inc
0x00000003;D_TimerSrcA_VDD@GPL813x.inc
0x00000000;D_TimerSrcB_LF@GPL813x.inc
0x00000004;D_TimerSrcB_TMX@GPL813x.inc
0x00000008;D_TimerSrcB_EXTA@GPL813x.inc
0x0000000C;D_TimerSrcB_VDD@GPL813x.inc
0x00000020;P_TIMER_TM0Data_LB@GPL813x.inc
0x00000021;P_TIMER_TM0Data_HB@GPL813x.inc
0x00000023;P_TIMER_TM0Load_Ctrl@GPL813x.inc
0x00000025;P_TIMER_TM1Data@GPL813x.inc
0x00000026;P_TIMER_Timer1_Ctrl@GPL813x.inc
0x00000080;D_Timer1En@GPL813x.inc
0x00000000;D_Timer1_LSCK@GPL813x.inc
0x00000001;D_Timer1_TMBB@GPL813x.inc
0x00000002;D_Timer1_HSCK@GPL813x.inc
0x00000003;D_Timer1_HFDIV@GPL813x.inc
0x00000027;P_TIMER_TM1Load_Ctrl@GPL813x.inc
0x00000018;P_CLK_CPU_Ctrl@GPL813x.inc
0x000000E0;D_RCHF_Msk@GPL813x.inc
0x00000000;D_RCHF225K@GPL813x.inc
0x00000040;D_RCHF500K@GPL813x.inc
0x00000080;D_RCHF1800K@GPL813x.inc
0x000000C0;D_RCHF1000K@GPL813x.inc
0x00000020;D_RCHF4000K@GPL813x.inc
0x00000007;D_CPU_Msk@GPL813x.inc
0x00000000;D_CPU_HF@GPL813x.inc
0x00000001;D_CPU_HF2@GPL813x.inc
0x00000002;D_CPU_HF4@GPL813x.inc
0x00000003;D_CPU_HF8@GPL813x.inc
0x00000004;D_CPU_HF16@GPL813x.inc
0x0000001A;P_CLK_HFDIV_Ctrl@GPL813x.inc
0x0000000C;P_CLK_32768_En@GPL813x.inc
0x00000000;D_LFEnable@GPL813x.inc
0x00000080;D_LFDisable@GPL813x.inc
0x00000004;D_X32K_WEAK@GPL813x.inc
0x00000002;D_X32K_STRO@GPL813x.inc
0x00000001;D_CAP_EN@GPL813x.inc
0x00000000;D_CAP_DIS@GPL813x.inc
0x0000000D;P_INT_Ctrl@GPL813x.inc
0x000000FF;D_IntMask@GPL813x.inc
0x00000080;D_Ext2Int@GPL813x.inc
0x00000040;D_LvdInt@GPL813x.inc
0x00000020;D_Timer0Int@GPL813x.inc
0x00000010;D_TMBBInt@GPL813x.inc
0x00000008;D_TMBAInt@GPL813x.inc
0x00000004;D_128HzInt@GPL813x.inc
0x00000002;D_2KHzInt@GPL813x.inc
0x00000001;D_ExtInt@GPL813x.inc
0x00000041;P_INT_2KHz_Clear@GPL813x.inc
0x00000042;P_INT_128Hz_Clear@GPL813x.inc
0x00000043;P_INT_TimeBaseA_Clear@GPL813x.inc
0x00000044;P_INT_TimeBaseB_Clear@GPL813x.inc
0x00000045;P_INT_Timer0_Clear@GPL813x.inc
0x00000040;P_INT_Ext_Clear@GPL813x.inc
0x0000002D;P_INT_Ctrl2@GPL813x.inc
0x00000003;D_Int2Mask@GPL813x.inc
0x00000001;D_Timer1Int@GPL813x.inc
0x00000047;P_INT_Ext2_Clear@GPL813x.inc
0x00000048;P_INT_Timer1_Clear@GPL813x.inc
0x00000007;P_LCD_Ctrl@GPL813x.inc
0x000000FD;D_LcdConfigMask@GPL813x.inc
0x00000088;D_Duty_1_8@GPL813x.inc
0x000000C8;D_Duty_1_6@GPL813x.inc
0x00000004;D_Duty_1_5@GPL813x.inc
0x00000044;D_Duty_1_4@GPL813x.inc
0x00000084;D_Duty_1_3@GPL813x.inc
0x00000000;D_Bias_1_4@GPL813x.inc
0x00000020;D_Bias_1_3@GPL813x.inc
0x00000010;D_Bias_1_2@GPL813x.inc
0x00000001;D_ScanEnable@GPL813x.inc
0x00000019;P_LCD_VLCD_Ctrl@GPL813x.inc
0x00000030;D_Halt_Normal@GPL813x.inc
0x00000020;D_Halt_Green@GPL813x.inc
0x00000000;D_VLCD_28@GPL813x.inc
0x00000001;D_VLCD_30@GPL813x.inc
0x00000002;D_VLCD_33@GPL813x.inc
0x00000003;D_VLCD_VDD@GPL813x.inc
0x0000000F;P_WDT_Flag_Clear@GPL813x.inc
0x0000000E;P_Reset_Status@GPL813x.inc
0x00000001;D_FlagC@GPL813x.inc
0x00000002;D_FlagON@GPL813x.inc
0x00000016;P_AUDIO_BZ_Ctrl@GPL813x.inc
0x00000080;D_C32KOUT@GPL813x.inc
0x00000002;D_Buzzer1@GPL813x.inc
0x00000001;D_Buzzer0@GPL813x.inc
0x0000001B;P_LVD_Ctrl@GPL813x.inc
0x00000001;D_LVD_State@GPL813x.inc
0x00000000;D_LVD_22@GPL813x.inc
0x00000040;D_LVD_24@GPL813x.inc
0x00000081;D_LVD_27@GPL813x.inc
0x000000C1;D_LVD_33@GPL813x.inc
0x00000046;P_INT_LVD_Clear@GPL813x.inc
0x00000017;P_RFC_Ctrl@GPL813x.inc
0x00000080;D_EXT1EDG@GPL813x.inc
0x00000040;D_EXT2EDG@GPL813x.inc
0x00000001;D_RFCEN@GPL813x.inc
0x00003030;P_PWMIO_Ctrl@GPL813x.inc
0x00003032;P_PWMIO_IO0_DUTY@GPL813x.inc
0x00003033;P_PWMIO_IO1_DUTY@GPL813x.inc
0x00003034;P_PWMIO_IO2_DUTY@GPL813x.inc
0x00003035;P_PWMIO_IO3_DUTY@GPL813x.inc
0x0000E000;D_Bank0UserRomStartAddr@GPL813x.inc
0x0000FFDF;D_Bank0UserRomEndAddr@GPL813x.inc
0x0000FFFC;D_NMIandResetVectorStartAddr@GPL813x.inc
0x0000FFFF;D_NMIandResetVectorEndAddr@GPL813x.inc
0x00000010;I2C_SDA@D_I2C.asm
0x00000008;I2C_SCL@D_I2C.asm
0x00000018;I2C_SCL_SDA_VAL@D_I2C.asm
0x00000013;P_I2C_Dat@D_I2C.asm
0x00000088;C_SlaveAddr@D_I2C.asm
0x00000000;C_Write@D_I2C.asm
0x00000001;C_Read@D_I2C.asm
0x000000C0;R_ACK_Timeout@D_I2C.asm
0x000000C1;R_ACK_Err@D_I2C.asm
0x0000EEC7;B_SDA_0@D_I2C.asm
0x0000EEE9;B_SCL_0@D_I2C.asm
0x0000EF0B;B_SCLSDA_0@D_I2C.asm
0x0000EF1C;B_SCLSDA_1@D_I2C.asm
0x0000EF3E;F_I2C_Delay@D_I2C.asm
0x0000F05D;I2C_Write_Err@D_I2C.asm
0x00000001;GPL813P01Cx@GPL813x.inc
0x00000001;GPL813X_Body_inc@GPL813x.inc
0x00000000;GPL813P01Ax@GPL813x.inc
0x00000000;GPL813P01Bx@GPL813x.inc
0x00000001;GPL813X@GPL813x.inc
0x00000000;P_IO_PortA_Dir@GPL813x.inc
0x00000002;P_IO_PortA_Data@GPL813x.inc
0x00000010;P_IO_PortB_Dir@GPL813x.inc
0x00000012;P_IO_PortB_Data@GPL813x.inc
0x00000014;P_IO_PortB_Attrib@GPL813x.inc
0x00000001;P_IO_PortC_Dir@GPL813x.inc
0x00000005;P_IO_PortC_Data@GPL813x.inc
0x00000003;P_IO_PortE_Data@GPL813x.inc
0x00000004;P_IO_PortE_DataLatch@GPL813x.inc
0x00000006;P_IO_Ctrl@GPL813x.inc
0x0000000B;P_IO_PortE_Dir@GPL813x.inc
0x00000015;P_IO_PortD_Attrib@GPL813x.inc
0x00000011;P_IO_PortD_Dir@GPL813x.inc
0x00000013;P_IO_PortD_Data@GPL813x.inc
0x00000008;P_WAKEUP_Ctrl@GPL813x.inc
0x00000020;D_WakeupTimer1@GPL813x.inc
0x00000010;D_WakeupTimer0@GPL813x.inc
0x00000008;D_WakeupTMBB@GPL813x.inc
0x00000004;D_Wakeup128Hz@GPL813x.inc
0x00000002;D_WakeupTMBA@GPL813x.inc
0x00000001;D_WakeupKey@GPL813x.inc
0x00000009;P_SYSTEM_Ctrl@GPL813x.inc
0x0000000A;P_TIMER_TimeBase_Sel@GPL813x.inc
0x00000022;P_TIMER_Timer0_Ctrl@GPL813x.inc
0x00000080;D_TimerEn@GPL813x.inc
0x00000000;D_TimerRiseEdge@GPL813x.inc
0x00000040;D_TimerFallEdge@GPL813x.inc
0x00000000;D_TimerSrcExtA@GPL813x.inc
0x00000020;D_TimerSrcExtA2@GPL813x.inc
0x00000000;D_TimerSrcA_HF@GPL813x.inc
0x00000001;D_TimerSrcA_HFDIV@GPL813x.inc
0x00000002;D_TimerSrcA_EXT@GPL813x.inc
0x00000003;D_TimerSrcA_VDD@GPL813x.inc
0x00000000;D_TimerSrcB_LF@GPL813x.inc
0x00000004;D_TimerSrcB_TMX@GPL813x.inc
0x00000008;D_TimerSrcB_EXTA@GPL813x.inc
0x0000000C;D_TimerSrcB_VDD@GPL813x.inc
0x00000020;P_TIMER_TM0Data_LB@GPL813x.inc
0x00000021;P_TIMER_TM0Data_HB@GPL813x.inc
0x00000023;P_TIMER_TM0Load_Ctrl@GPL813x.inc
0x00000025;P_TIMER_TM1Data@GPL813x.inc
0x00000026;P_TIMER_Timer1_Ctrl@GPL813x.inc
0x00000080;D_Timer1En@GPL813x.inc
0x00000000;D_Timer1_LSCK@GPL813x.inc
0x00000001;D_Timer1_TMBB@GPL813x.inc
0x00000002;D_Timer1_HSCK@GPL813x.inc
0x00000003;D_Timer1_HFDIV@GPL813x.inc
0x00000027;P_TIMER_TM1Load_Ctrl@GPL813x.inc
0x00000018;P_CLK_CPU_Ctrl@GPL813x.inc
0x000000E0;D_RCHF_Msk@GPL813x.inc
0x00000000;D_RCHF225K@GPL813x.inc
0x00000040;D_RCHF500K@GPL813x.inc
0x00000080;D_RCHF1800K@GPL813x.inc
0x000000C0;D_RCHF1000K@GPL813x.inc
0x00000020;D_RCHF4000K@GPL813x.inc
0x00000007;D_CPU_Msk@GPL813x.inc
0x00000000;D_CPU_HF@GPL813x.inc
0x00000001;D_CPU_HF2@GPL813x.inc
0x00000002;D_CPU_HF4@GPL813x.inc
0x00000003;D_CPU_HF8@GPL813x.inc
0x00000004;D_CPU_HF16@GPL813x.inc
0x0000001A;P_CLK_HFDIV_Ctrl@GPL813x.inc
0x0000000C;P_CLK_32768_En@GPL813x.inc
0x00000000;D_LFEnable@GPL813x.inc
0x00000080;D_LFDisable@GPL813x.inc
0x00000004;D_X32K_WEAK@GPL813x.inc
0x00000002;D_X32K_STRO@GPL813x.inc
0x00000001;D_CAP_EN@GPL813x.inc
0x00000000;D_CAP_DIS@GPL813x.inc
0x0000000D;P_INT_Ctrl@GPL813x.inc
0x000000FF;D_IntMask@GPL813x.inc
0x00000080;D_Ext2Int@GPL813x.inc
0x00000040;D_LvdInt@GPL813x.inc
0x00000020;D_Timer0Int@GPL813x.inc
0x00000010;D_TMBBInt@GPL813x.inc
0x00000008;D_TMBAInt@GPL813x.inc
0x00000004;D_128HzInt@GPL813x.inc
0x00000002;D_2KHzInt@GPL813x.inc
0x00000001;D_ExtInt@GPL813x.inc
0x00000041;P_INT_2KHz_Clear@GPL813x.inc
0x00000042;P_INT_128Hz_Clear@GPL813x.inc
0x00000043;P_INT_TimeBaseA_Clear@GPL813x.inc
0x00000044;P_INT_TimeBaseB_Clear@GPL813x.inc
0x00000045;P_INT_Timer0_Clear@GPL813x.inc
0x00000040;P_INT_Ext_Clear@GPL813x.inc
0x0000002D;P_INT_Ctrl2@GPL813x.inc
0x00000003;D_Int2Mask@GPL813x.inc
0x00000001;D_Timer1Int@GPL813x.inc
0x00000047;P_INT_Ext2_Clear@GPL813x.inc
0x00000048;P_INT_Timer1_Clear@GPL813x.inc
0x00000007;P_LCD_Ctrl@GPL813x.inc
0x000000FD;D_LcdConfigMask@GPL813x.inc
0x00000088;D_Duty_1_8@GPL813x.inc
0x000000C8;D_Duty_1_6@GPL813x.inc
0x00000004;D_Duty_1_5@GPL813x.inc
0x00000044;D_Duty_1_4@GPL813x.inc
0x00000084;D_Duty_1_3@GPL813x.inc
0x00000000;D_Bias_1_4@GPL813x.inc
0x00000020;D_Bias_1_3@GPL813x.inc
0x00000010;D_Bias_1_2@GPL813x.inc
0x00000001;D_ScanEnable@GPL813x.inc
0x00000019;P_LCD_VLCD_Ctrl@GPL813x.inc
0x00000030;D_Halt_Normal@GPL813x.inc
0x00000020;D_Halt_Green@GPL813x.inc
0x00000000;D_VLCD_28@GPL813x.inc
0x00000001;D_VLCD_30@GPL813x.inc
0x00000002;D_VLCD_33@GPL813x.inc
0x00000003;D_VLCD_VDD@GPL813x.inc
0x0000000F;P_WDT_Flag_Clear@GPL813x.inc
0x0000000E;P_Reset_Status@GPL813x.inc
0x00000001;D_FlagC@GPL813x.inc
0x00000002;D_FlagON@GPL813x.inc
0x00000016;P_AUDIO_BZ_Ctrl@GPL813x.inc
0x00000080;D_C32KOUT@GPL813x.inc
0x00000002;D_Buzzer1@GPL813x.inc
0x00000001;D_Buzzer0@GPL813x.inc
0x0000001B;P_LVD_Ctrl@GPL813x.inc
0x00000001;D_LVD_State@GPL813x.inc
0x00000000;D_LVD_22@GPL813x.inc
0x00000040;D_LVD_24@GPL813x.inc
0x00000081;D_LVD_27@GPL813x.inc
0x000000C1;D_LVD_33@GPL813x.inc
0x00000046;P_INT_LVD_Clear@GPL813x.inc
0x00000017;P_RFC_Ctrl@GPL813x.inc
0x00000080;D_EXT1EDG@GPL813x.inc
0x00000040;D_EXT2EDG@GPL813x.inc
0x00000001;D_RFCEN@GPL813x.inc
0x00003030;P_PWMIO_Ctrl@GPL813x.inc
0x00003032;P_PWMIO_IO0_DUTY@GPL813x.inc
0x00003033;P_PWMIO_IO1_DUTY@GPL813x.inc
0x00003034;P_PWMIO_IO2_DUTY@GPL813x.inc
0x00003035;P_PWMIO_IO3_DUTY@GPL813x.inc
0x0000E000;D_Bank0UserRomStartAddr@GPL813x.inc
0x0000FFDF;D_Bank0UserRomEndAddr@GPL813x.inc
0x0000FFFC;D_NMIandResetVectorStartAddr@GPL813x.inc
0x0000FFFF;D_NMIandResetVectorEndAddr@GPL813x.inc
0x00000080;C_SramAddrStart@Macro.inc
0x000000FF;C_SramAddrEnd@Macro.inc
0x00003E00;C_DPRAMAddrStart@Macro.inc
0x00003FFF;C_DPRAMAddrEnd@Macro.inc
0x00000001;D_Bit0@Macro.inc
0x00000002;D_Bit1@Macro.inc
0x00000004;D_Bit2@Macro.inc
0x00000008;D_Bit3@Macro.inc
0x00000010;D_Bit4@Macro.inc
0x00000020;D_Bit5@Macro.inc
0x00000040;D_Bit6@Macro.inc
0x00000080;D_Bit7@Macro.inc
0x00000001;C_High@Macro.inc
0x00000000;C_Input@Macro.inc
0x00000001;C_PC0Dir@Macro.inc
0x00000002;C_PC1Dir@Macro.inc
0x00000004;C_PC2Dir@Macro.inc
0x00000008;C_PC3Dir@Macro.inc
0x00000040;C_PC6Dir@Macro.inc
0x00000080;C_PC7Dir@Macro.inc
0x00000004;D_BLight@Macro.inc
0x00000008;D_Pulse@Macro.inc
0x00000020;D_LVD@Macro.inc
0x00000015;C_MusicOne@Macro.inc
0x00000016;C_MusicAll@Macro.inc
0x00000017;C_MusicStop@Macro.inc
0x0000001F;C_MinVol@Macro.inc
0x0000002D;C_MaxVol@Macro.inc
0x00000002;D_SetConver@KEY.inc
0x00000004;D_SetTimeHour@KEY.inc
0x00000008;D_SetTimeMin@KEY.inc
0x00000010;D_SetTimeMax@KEY.inc
0x00000002;D_SetAlarmHour@KEY.inc
0x00000004;D_SetAlarmMin@KEY.inc
0x00000008;D_SetAlarmMax@KEY.inc
0x00000002;D_SetDateYear@KEY.inc
0x00000004;D_SetDateMonth@KEY.inc
0x00000008;D_SetDateDay@KEY.inc
0x00000010;D_SetDateMax@KEY.inc
0x00000002;D_SetHour@KEY.inc
0x00000004;D_SetMin@KEY.inc
0x00000008;D_SetMax@KEY.inc
0x00000001;D_KeyTone@KEY.inc
0x00000002;D_EnableFastAdd@KEY.inc
0x00000004;D_EnableAlarm@KEY.inc
0x00000008;D_EnableSnooze@KEY.inc
0x00000010;D_KeyRelDis@KEY.inc
0x00000020;D_ToneOn@KEY.inc
0x00000040;D_Alarming@KEY.inc
0x00000080;D_24Mode@KEY.inc
0x00000008;D_LED_ON@KEY.inc
0x0000000A;D_5SecBL@KEY.inc
0x00000004;D_2SecBL@KEY.inc
0x00000001;D_KeyFcClear@KEY.inc
0x00000002;D_KeyAllTime@KEY.inc
0x00000004;D_KeyLight@KEY.inc
0x00000008;D_KeyUnused@KEY.inc
0x00000002;C_KeyDebounce@KEY.inc
0x00000028;C_Sleep20Sec@KEY.inc
0x000000FF;C_LongKey2Sec@KEY.inc
0x00000018;C_FastAdd@KEY.inc
0x00000001;D_TimeFlag@KEY.inc
0x00000002;D_Timering_Short@KEY.inc
0x00000004;D_NoKeyTone@KEY.inc
0x00000008;D_DC@KEY.inc
0x00000010;D_EnableSnooze1@KEY.inc
0x00000040;HalfSecToggle@RTC.inc
0x00000020;AddSecondOnly@RTC.inc
0x00000010;AddOthers@RTC.inc
0x00000097;R_LcdTableIndex@LCD_Display.inc
0x00000098;R_Display_Number@LCD_Display.inc
0x00000099;R_LcdSegmentPosition@LCD_Display.inc
0x0000009A;R_Display7Times@LCD_Display.inc
0x00000001;D_RFLongRecv@RF.inc
0x00000002;D_RFCycleMode@RF.inc
0x00000004;D_RFNeedSync@RF.inc
0x00000008;D_RFRecvBusy@RF.inc
0x00000001;D_RFCh1@RF.inc
0x00000002;D_RFCh2@RF.inc
0x00000003;D_RFCh3@RF.inc
0x00000004;D_RFAutoMode@RF.inc
0x000000B4;C_RFLongRecv3Min@RF.inc
0x00000004;C_RFAutoSwitch4Sec@RF.inc
0x00000004;C_RFRecvWindow2SecTick@RF.inc
0x000000FF;C_RFSyncIdle@RF.inc
0x00000039;C_RFCh1Sync57Sec@RF.inc
0x00000043;C_RFCh2Sync67Sec@RF.inc
0x0000004F;C_RFCh3Sync79Sec@RF.inc
0x000001F4;C_RFBitHigh500us@RF.inc
0x000007D0;C_RFBit0Low2000us@RF.inc
0x000003E8;C_RFBit1Low1000us@RF.inc
0x00000024;C_RFPacketBits36@RF.inc
0x00000001;C_RFBitHighMinSample@RF.inc
0x00000003;C_RFBitHighMaxSample@RF.inc
0x00000003;C_RFBit1LowMinSample@RF.inc
0x00000006;C_RFBit1LowMaxSample@RF.inc
0x00000007;C_RFBit0LowMinSample@RF.inc
0x0000000A;C_RFBit0LowMaxSample@RF.inc
0x0000000F;C_RFStopLowMinSample@RF.inc
0x00000016;C_RFStopLowMaxSample@RF.inc
0x0000003C;C_RFFail60Min@RF.inc
0x00000001;D_RFValid@RF.inc
0x00000002;D_RFLowBat@RF.inc
0x00000004;D_RFLost@RF.inc
0x00000008;D_RFNeedPair@RF.inc
0x00000003;C_RFFail3Times@RF.inc
0x00000001;D_RFTrendInit@RF.inc
0x00000002;D_RFTrendTempUp@RF.inc
0x00000004;D_RFTrendTempDown@RF.inc
0x00000008;D_RFTrendTempRefresh@RF.inc
0x00000010;D_RFTrendHumUp@RF.inc
0x00000020;D_RFTrendHumDown@RF.inc
0x00000040;D_RFTrendHumRefresh@RF.inc
0x00000001;D_TempF@GXHTV4.inc
0x00000002;D_TempError@GXHTV4.inc
0x00000004;D_TempFReg@GXHTV4.inc
0x00000008;D_FirstReadRetry@GXHTV4.inc
0x00000080;D_WithRTRH@GXHTV4.inc
0x00000088;C_SlaveAddr@D_I2C.inc
0x00000000;C_Write@D_I2C.inc
0x00000001;C_Read@D_I2C.inc
0x00000183;R_BatteryDetCnt@Alarm.asm
0x00000184;R_TempCH@Alarm.asm
0x00000185;R_TempCL@Alarm.asm
0x00000186;R_HUM@Alarm.asm
0x00000001;D_BatteryLow@Alarm.asm
0x00000005;C_BatteryDetDebounce@Alarm.asm
0x00000001;D_TrendInit@Alarm.asm
0x00000002;D_TrendTempUp@Alarm.asm
0x00000004;D_TrendTempDown@Alarm.asm
0x00000008;D_TrendTempRefresh@Alarm.asm
0x00000010;D_TrendHumUp@Alarm.asm
0x00000020;D_TrendHumDown@Alarm.asm
0x00000040;D_TrendHumRefresh@Alarm.asm
0x0000003C;C_TrendEq60Samples@Alarm.asm
0x0000000B;C_TrendTempOver1C@Alarm.asm
0x00000006;C_TrendHumOver5@Alarm.asm
0x00000188;R_TrendTempEqCnt@Alarm.asm
0x00000189;R_TrendHumEqCnt@Alarm.asm
0x0000018A;R_TrendTempMaxH@Alarm.asm
0x0000018B;R_TrendTempMaxL@Alarm.asm
0x0000018C;R_TrendTempMinH@Alarm.asm
0x0000018D;R_TrendTempMinL@Alarm.asm
0x0000018E;R_TrendHumMax@Alarm.asm
0x0000018F;R_TrendHumMin@Alarm.asm
0x00000193;R_HumMin_Sign@Alarm.asm
0x00000194;R_HumMax_Sign@Alarm.asm
0x00000004;D_HumHH@Alarm.asm
0x00000040;D_TempHH@Alarm.asm
0x00000020;D_TempLL@Alarm.asm
0x00000010;D_Neg@Alarm.asm
0x00000008;D_TF@Alarm.asm
0x00000002;D_HumLL@Alarm.asm
0x00000064;C_HumRaw100@Alarm.asm
0x00000099;C_HumDisp99@Alarm.asm
0x00000001;D_MaxTemp@Alarm.asm
0x00000002;D_MinTemp@Alarm.asm
0x0000F0ED;TemperatureIsPositive@Alarm.asm
0x0000F0F5;LoadTemperatureValue@Alarm.asm
0x0000F100;ExitJudge@Alarm.asm
0x0000F107;BatterySampleHigh@Alarm.asm
0x0000F12E;BatterySampleLow@Alarm.asm
0x0000F14F;BatteryLowKeep@Alarm.asm
0x0000F155;BatteryClearCounter@Alarm.asm
0x0000F15A;BatteryExit@Alarm.asm
0x0000F18B;ProcessTemperature@Alarm.asm
0x0000F1A6;ConvertToFahrenheit@Alarm.asm
0x0000F1C6;ProcessHumidity@Alarm.asm
0x0000F1D5;ProcessHumidity_Clamp1@Alarm.asm
0x0000F1DB;ProcessHumidity_ConvertBCD@Alarm.asm
0x0000F1EA;F_Judge_HHLL@Alarm.asm
0x0000F1F5;F_Judge_TempHHLL@Alarm.asm
0x0000F20A;SetTempHH@Alarm.asm
0x0000F212;JudgeTempExit@Alarm.asm
0x0000F213;JudgeTempLL@Alarm.asm
0x0000F223;F_IsCurrentTempInRange@Alarm.asm
0x0000F22C;CurrentTempInRange@Alarm.asm
0x0000F22E;UpdateExtremeValues@Alarm.asm
0x0000F236;UpdateExtremeValues_SkipTemp@Alarm.asm
0x0000F239;UpdateTemperatureExtremes@Alarm.asm
0x0000F254;CompareTempMaxLow@Alarm.asm
0x0000F261;UpdateTempMax@Alarm.asm
0x0000F28D;CurrentTempIsNeg_1@Alarm.asm
0x0000F290;CheckTempMin@Alarm.asm
0x0000F2AB;CompareTempMinLow@Alarm.asm
0x0000F2B6;UpdateTempMin@Alarm.asm
0x0000F2E2;ExitTempUpdate@Alarm.asm
0x0000F2E3;CurrentTempIsNeg@Alarm.asm
0x0000F2ED;CompareNegativeMax@Alarm.asm
0x0000F2FA;CompareNegativeMaxLow@Alarm.asm
0x0000F305;CurrentTempNegMin@Alarm.asm
0x0000F30F;CompareNegativeMin@Alarm.asm
0x0000F31C;CompareNegativeMinLow@Alarm.asm
0x0000F327;UpdateHumidityExtremes@Alarm.asm
0x0000F33C;CheckHumMin@Alarm.asm
0x0000F350;ExitHumUpdate@Alarm.asm
0x0000F351;F_UpdateTrendState@Alarm.asm
0x0000F368;F_TrendSeedCurrent@Alarm.asm
0x0000F37C;F_TrendSeedTempCurrent@Alarm.asm
0x0000F394;F_TrendSeedHumCurrent@Alarm.asm
0x0000F3A3;F_UpdateTempTrendState@Alarm.asm
0x0000F3D0;TrendTemp_SetUpNoRefresh@Alarm.asm
0x0000F3DB;TrendTemp_CheckMin@Alarm.asm
0x0000F408;TrendTemp_SetDownNoRefresh@Alarm.asm
0x0000F413;TrendTemp_AdvanceEq@Alarm.asm
0x0000F430;TrendTemp_Exit@Alarm.asm
0x0000F431;F_UpdateHumTrendState@Alarm.asm
0x0000F45A;TrendHum_SetUpNoRefresh@Alarm.asm
0x0000F465;TrendHum_CheckMin@Alarm.asm
0x0000F48C;TrendHum_SetDownNoRefresh@Alarm.asm
0x0000F497;TrendHum_AdvanceEq@Alarm.asm
0x0000F4B4;TrendHum_Exit@Alarm.asm
0x0000F4B5;F_IsCurrentTempGreaterThanTrendMax@Alarm.asm
0x0000F4D8;TrendTempGtMax_CurrentPos@Alarm.asm
0x0000F4F5;TrendTempGtMax_True@Alarm.asm
0x0000F4F7;TrendTempGtMax_False@Alarm.asm
0x0000F4F9;F_IsCurrentTempLessThanTrendMin@Alarm.asm
0x0000F51E;TrendTempLtMin_CurrentPos@Alarm.asm
0x0000F539;TrendTempLtMin_False@Alarm.asm
0x0000F53B;TrendTempLtMin_True@Alarm.asm
0x0000F53D;F_IsTrendTempWindowOverThreshold@Alarm.asm
0x0000F55E;TrendTempSpan_MaxPositive@Alarm.asm
0x0000F57F;TrendTempSpan_CrossZero@Alarm.asm
0x0000F596;TrendTempSpan_True@Alarm.asm
0x0000F598;TrendTempSpan_False@Alarm.asm
0x0000F59A;F_IsTrendHumWindowOverThreshold@Alarm.asm
0x0000F5A7;TrendHumSpan_False@Alarm.asm
0x00000001;GPL813P01Cx@GPL813x.inc
0x00000001;GPL813X_Body_inc@GPL813x.inc
0x00000000;GPL813P01Ax@GPL813x.inc
0x00000000;GPL813P01Bx@GPL813x.inc
0x00000001;GPL813X@GPL813x.inc
0x00000000;P_IO_PortA_Dir@GPL813x.inc
0x00000002;P_IO_PortA_Data@GPL813x.inc
0x00000010;P_IO_PortB_Dir@GPL813x.inc
0x00000012;P_IO_PortB_Data@GPL813x.inc
0x00000014;P_IO_PortB_Attrib@GPL813x.inc
0x00000001;P_IO_PortC_Dir@GPL813x.inc
0x00000005;P_IO_PortC_Data@GPL813x.inc
0x00000003;P_IO_PortE_Data@GPL813x.inc
0x00000004;P_IO_PortE_DataLatch@GPL813x.inc
0x00000006;P_IO_Ctrl@GPL813x.inc
0x0000000B;P_IO_PortE_Dir@GPL813x.inc
0x00000015;P_IO_PortD_Attrib@GPL813x.inc
0x00000011;P_IO_PortD_Dir@GPL813x.inc
0x00000013;P_IO_PortD_Data@GPL813x.inc
0x00000008;P_WAKEUP_Ctrl@GPL813x.inc
0x00000020;D_WakeupTimer1@GPL813x.inc
0x00000010;D_WakeupTimer0@GPL813x.inc
0x00000008;D_WakeupTMBB@GPL813x.inc
0x00000004;D_Wakeup128Hz@GPL813x.inc
0x00000002;D_WakeupTMBA@GPL813x.inc
0x00000001;D_WakeupKey@GPL813x.inc
0x00000009;P_SYSTEM_Ctrl@GPL813x.inc
0x0000000A;P_TIMER_TimeBase_Sel@GPL813x.inc
0x00000022;P_TIMER_Timer0_Ctrl@GPL813x.inc
0x00000080;D_TimerEn@GPL813x.inc
0x00000000;D_TimerRiseEdge@GPL813x.inc
0x00000040;D_TimerFallEdge@GPL813x.inc
0x00000000;D_TimerSrcExtA@GPL813x.inc
0x00000020;D_TimerSrcExtA2@GPL813x.inc
0x00000000;D_TimerSrcA_HF@GPL813x.inc
0x00000001;D_TimerSrcA_HFDIV@GPL813x.inc
0x00000002;D_TimerSrcA_EXT@GPL813x.inc
0x00000003;D_TimerSrcA_VDD@GPL813x.inc
0x00000000;D_TimerSrcB_LF@GPL813x.inc
0x00000004;D_TimerSrcB_TMX@GPL813x.inc
0x00000008;D_TimerSrcB_EXTA@GPL813x.inc
0x0000000C;D_TimerSrcB_VDD@GPL813x.inc
0x00000020;P_TIMER_TM0Data_LB@GPL813x.inc
0x00000021;P_TIMER_TM0Data_HB@GPL813x.inc
0x00000023;P_TIMER_TM0Load_Ctrl@GPL813x.inc
0x00000025;P_TIMER_TM1Data@GPL813x.inc
0x00000026;P_TIMER_Timer1_Ctrl@GPL813x.inc
0x00000080;D_Timer1En@GPL813x.inc
0x00000000;D_Timer1_LSCK@GPL813x.inc
0x00000001;D_Timer1_TMBB@GPL813x.inc
0x00000002;D_Timer1_HSCK@GPL813x.inc
0x00000003;D_Timer1_HFDIV@GPL813x.inc
0x00000027;P_TIMER_TM1Load_Ctrl@GPL813x.inc
0x00000018;P_CLK_CPU_Ctrl@GPL813x.inc
0x000000E0;D_RCHF_Msk@GPL813x.inc
0x00000000;D_RCHF225K@GPL813x.inc
0x00000040;D_RCHF500K@GPL813x.inc
0x00000080;D_RCHF1800K@GPL813x.inc
0x000000C0;D_RCHF1000K@GPL813x.inc
0x00000020;D_RCHF4000K@GPL813x.inc
0x00000007;D_CPU_Msk@GPL813x.inc
0x00000000;D_CPU_HF@GPL813x.inc
0x00000001;D_CPU_HF2@GPL813x.inc
0x00000002;D_CPU_HF4@GPL813x.inc
0x00000003;D_CPU_HF8@GPL813x.inc
0x00000004;D_CPU_HF16@GPL813x.inc
0x0000001A;P_CLK_HFDIV_Ctrl@GPL813x.inc
0x0000000C;P_CLK_32768_En@GPL813x.inc
0x00000000;D_LFEnable@GPL813x.inc
0x00000080;D_LFDisable@GPL813x.inc
0x00000004;D_X32K_WEAK@GPL813x.inc
0x00000002;D_X32K_STRO@GPL813x.inc
0x00000001;D_CAP_EN@GPL813x.inc
0x00000000;D_CAP_DIS@GPL813x.inc
0x0000000D;P_INT_Ctrl@GPL813x.inc
0x000000FF;D_IntMask@GPL813x.inc
0x00000080;D_Ext2Int@GPL813x.inc
0x00000040;D_LvdInt@GPL813x.inc
0x00000020;D_Timer0Int@GPL813x.inc
0x00000010;D_TMBBInt@GPL813x.inc
0x00000008;D_TMBAInt@GPL813x.inc
0x00000004;D_128HzInt@GPL813x.inc
0x00000002;D_2KHzInt@GPL813x.inc
0x00000001;D_ExtInt@GPL813x.inc
0x00000041;P_INT_2KHz_Clear@GPL813x.inc
0x00000042;P_INT_128Hz_Clear@GPL813x.inc
0x00000043;P_INT_TimeBaseA_Clear@GPL813x.inc
0x00000044;P_INT_TimeBaseB_Clear@GPL813x.inc
0x00000045;P_INT_Timer0_Clear@GPL813x.inc
0x00000040;P_INT_Ext_Clear@GPL813x.inc
0x0000002D;P_INT_Ctrl2@GPL813x.inc
0x00000003;D_Int2Mask@GPL813x.inc
0x00000001;D_Timer1Int@GPL813x.inc
0x00000047;P_INT_Ext2_Clear@GPL813x.inc
0x00000048;P_INT_Timer1_Clear@GPL813x.inc
0x00000007;P_LCD_Ctrl@GPL813x.inc
0x000000FD;D_LcdConfigMask@GPL813x.inc
0x00000088;D_Duty_1_8@GPL813x.inc
0x000000C8;D_Duty_1_6@GPL813x.inc
0x00000004;D_Duty_1_5@GPL813x.inc
0x00000044;D_Duty_1_4@GPL813x.inc
0x00000084;D_Duty_1_3@GPL813x.inc
0x00000000;D_Bias_1_4@GPL813x.inc
0x00000020;D_Bias_1_3@GPL813x.inc
0x00000010;D_Bias_1_2@GPL813x.inc
0x00000001;D_ScanEnable@GPL813x.inc
0x00000019;P_LCD_VLCD_Ctrl@GPL813x.inc
0x00000030;D_Halt_Normal@GPL813x.inc
0x00000020;D_Halt_Green@GPL813x.inc
0x00000000;D_VLCD_28@GPL813x.inc
0x00000001;D_VLCD_30@GPL813x.inc
0x00000002;D_VLCD_33@GPL813x.inc
0x00000003;D_VLCD_VDD@GPL813x.inc
0x0000000F;P_WDT_Flag_Clear@GPL813x.inc
0x0000000E;P_Reset_Status@GPL813x.inc
0x00000001;D_FlagC@GPL813x.inc
0x00000002;D_FlagON@GPL813x.inc
0x00000016;P_AUDIO_BZ_Ctrl@GPL813x.inc
0x00000080;D_C32KOUT@GPL813x.inc
0x00000002;D_Buzzer1@GPL813x.inc
0x00000001;D_Buzzer0@GPL813x.inc
0x0000001B;P_LVD_Ctrl@GPL813x.inc
0x00000001;D_LVD_State@GPL813x.inc
0x00000000;D_LVD_22@GPL813x.inc
0x00000040;D_LVD_24@GPL813x.inc
0x00000081;D_LVD_27@GPL813x.inc
0x000000C1;D_LVD_33@GPL813x.inc
0x00000046;P_INT_LVD_Clear@GPL813x.inc
0x00000017;P_RFC_Ctrl@GPL813x.inc
0x00000080;D_EXT1EDG@GPL813x.inc
0x00000040;D_EXT2EDG@GPL813x.inc
0x00000001;D_RFCEN@GPL813x.inc
0x00003030;P_PWMIO_Ctrl@GPL813x.inc
0x00003032;P_PWMIO_IO0_DUTY@GPL813x.inc
0x00003033;P_PWMIO_IO1_DUTY@GPL813x.inc
0x00003034;P_PWMIO_IO2_DUTY@GPL813x.inc
0x00003035;P_PWMIO_IO3_DUTY@GPL813x.inc
0x0000E000;D_Bank0UserRomStartAddr@GPL813x.inc
0x0000FFDF;D_Bank0UserRomEndAddr@GPL813x.inc
0x0000FFFC;D_NMIandResetVectorStartAddr@GPL813x.inc
0x0000FFFF;D_NMIandResetVectorEndAddr@GPL813x.inc
0x00000080;C_SramAddrStart@Macro.inc
0x000000FF;C_SramAddrEnd@Macro.inc
0x00003E00;C_DPRAMAddrStart@Macro.inc
0x00003FFF;C_DPRAMAddrEnd@Macro.inc
0x00000001;D_Bit0@Macro.inc
0x00000002;D_Bit1@Macro.inc
0x00000004;D_Bit2@Macro.inc
0x00000008;D_Bit3@Macro.inc
0x00000010;D_Bit4@Macro.inc
0x00000020;D_Bit5@Macro.inc
0x00000040;D_Bit6@Macro.inc
0x00000080;D_Bit7@Macro.inc
0x00000001;C_High@Macro.inc
0x00000000;C_Input@Macro.inc
0x00000001;C_PC0Dir@Macro.inc
0x00000002;C_PC1Dir@Macro.inc
0x00000004;C_PC2Dir@Macro.inc
0x00000008;C_PC3Dir@Macro.inc
0x00000040;C_PC6Dir@Macro.inc
0x00000080;C_PC7Dir@Macro.inc
0x00000004;D_BLight@Macro.inc
0x00000008;D_Pulse@Macro.inc
0x00000020;D_LVD@Macro.inc
0x00000015;C_MusicOne@Macro.inc
0x00000016;C_MusicAll@Macro.inc
0x00000017;C_MusicStop@Macro.inc
0x0000001F;C_MinVol@Macro.inc
0x0000002D;C_MaxVol@Macro.inc
0x00000040;HalfSecToggle@RTC.inc
0x00000020;AddSecondOnly@RTC.inc
0x00000010;AddOthers@RTC.inc
0x00000001;D_RFLongRecv@RF.asm
0x00000002;D_RFCycleMode@RF.asm
0x00000004;D_RFNeedSync@RF.asm
0x00000008;D_RFRecvBusy@RF.asm
0x00000001;D_RFCh1@RF.asm
0x00000002;D_RFCh2@RF.asm
0x00000003;D_RFCh3@RF.asm
0x00000004;D_RFAutoMode@RF.asm
0x00000001;D_RFValid@RF.asm
0x00000002;D_RFLowBat@RF.asm
0x00000004;D_RFLost@RF.asm
0x00000008;D_RFNeedPair@RF.asm
0x00000010;D_RFManualRetry@RF.asm
0x00000080;D_RFBlocked@RF.asm
0x000000B4;C_RFLongRecv3Min@RF.asm
0x00000004;C_RFAutoSwitch4Sec@RF.asm
0x00000006;C_RFRecvWindow4SecTick@RF.asm
0x00000004;C_RFSyncAdvance2SecTick@RF.asm
0x000000FF;C_RFSyncIdle@RF.asm
0x00000038;C_RFCh1Sync57Sec@RF.asm
0x00000042;C_RFCh2Sync67Sec@RF.asm
0x0000004E;C_RFCh3Sync79Sec@RF.asm
0x00000070;C_RFCh1Sync57Tick@RF.asm
0x00000084;C_RFCh2Sync67Tick@RF.asm
0x0000009C;C_RFCh3Sync79Tick@RF.asm
0x0000006E;C_RFCh1SyncCloseTick@RF.asm
0x00000082;C_RFCh2SyncCloseTick@RF.asm
0x0000009A;C_RFCh3SyncCloseTick@RF.asm
0x00000003;C_RFFail3Times@RF.asm
0x0000003C;C_RFFail60Min@RF.asm
0x00000078;C_RFFail120Min@RF.asm
0x0000003F;C_RFFailRetry63Min@RF.asm
0x00000002;C_RFHourlyRetryStageFirst@RF.asm
0x00000004;C_RFHourlyRetryStageLast@RF.asm
0x00000005;C_RFFinalRetryStage@RF.asm
0x00000004;C_RFPendMax@RF.asm
0x00000001;D_RFTrendInit@RF.asm
0x00000002;D_RFTrendTempUp@RF.asm
0x00000004;D_RFTrendTempDown@RF.asm
0x00000008;D_RFTrendTempRefresh@RF.asm
0x00000010;D_RFTrendHumUp@RF.asm
0x00000020;D_RFTrendHumDown@RF.asm
0x00000040;D_RFTrendHumRefresh@RF.asm
0x0000003C;C_RFTrendEq60Samples@RF.asm
0x0000000B;C_RFTrendTempOver1C@RF.asm
0x00000006;C_RFTrendHumOver5@RF.asm
0x00000024;C_RFPacketBits36@RF.asm
0x00000001;C_RFBitHighMinSample@RF.asm
0x00000003;C_RFBitHighMaxSample@RF.asm
0x00000003;C_RFBit1LowMinSample@RF.asm
0x00000006;C_RFBit1LowMaxSample@RF.asm
0x00000007;C_RFBit0LowMinSample@RF.asm
0x0000000A;C_RFBit0LowMaxSample@RF.asm
0x0000000F;C_RFStopLowMinSample@RF.asm
0x00000016;C_RFStopLowMaxSample@RF.asm
0x000001AF;R_RFHalfSecDiv@RF.asm
0x000001B0;R_RFMinuteStamp@RF.asm
0x000001BA;R_RF1RetryTm@RF.asm
0x000001C2;R_RF2MissMin@RF.asm
0x000001C4;R_RF2RetryTm@RF.asm
0x000001CC;R_RF3MissMin@RF.asm
0x000001CE;R_RF3RetryTm@RF.asm
0x000000C8;R_RFPendingValid@RF.asm
0x000000C9;R_RFPendingBuf@RF.asm
0x000000DD;R_RFParsePending@RF.asm
0x000000DE;R_RFCaptureActive@RF.asm
0x000000DF;R_RFPulseTicks@RF.asm
0x000000E0;R_RFSamplePrev@RF.asm
0x000000E1;R_RFHighSampleCnt@RF.asm
0x000000E2;R_RFLowSampleCnt@RF.asm
0x000000E6;R_RFTrendTempEqCnt@RF.asm
0x000000E9;R_RFTrendHumEqCnt@RF.asm
0x000000EC;R_RFTrendTempMaxH@RF.asm
0x000000EF;R_RFTrendTempMaxL@RF.asm
0x000000F2;R_RFTrendTempMinH@RF.asm
0x000000F5;R_RFTrendTempMinL@RF.asm
0x000000F8;R_RFTrendHumMax@RF.asm
0x000000FB;R_RFTrendHumMin@RF.asm
0x000000FE;R_RFTrendCmpL@RF.asm
0x0000F616;RF_NextCh1@RF.asm
0x0000F62C;RF_NextCh2@RF.asm
0x0000F642;RF_NextCh3@RF.asm
0x0000F658;RF_NextAuto@RF.asm
0x0000F686;F_RF_LoadSelectedChannelOffsets@RF.asm
0x0000F693;RF_LoadSelectedChannelOffsets_CheckCh3@RF.asm
0x0000F69B;RF_LoadSelectedChannelOffsets_End@RF.asm
0x0000F6FD;RF_ServiceHalfSec_Check1Sec@RF.asm
0x0000F70A;RF_ServiceHalfSec_End@RF.asm
0x0000F70B;RF_Service1Sec_Common@RF.asm
0x0000F711;RF_CheckLongReceive@RF.asm
0x0000F725;RF_StopLongReceive_Timeout@RF.asm
0x0000F73A;RF_Service1Sec_RunSync@RF.asm
0x0000F73A;RF_Service1Sec_End@RF.asm
0x0000F73B;F_RF_ArmManualRetryChannels@RF.asm
0x0000F74A;F_RF_ArmSelectedManualRetryChannel@RF.asm
0x0000F775;RF_ArmSelectedManualRetryChannel_End@RF.asm
0x0000F776;F_RF_CloseSelectedIfUnpaired@RF.asm
0x0000F799;RF_CloseSync_Ch1@RF.asm
0x0000F79E;RF_CloseSync_Ch2@RF.asm
0x0000F7A0;RF_CloseSync_SetIdle@RF.asm
0x0000F7A5;RF_CloseSelectedIfUnpaired_End@RF.asm
0x0000F7A6;F_RF_ServiceMinuteTick@RF.asm
0x0000F7BA;RF_ServiceMinuteTick_End@RF.asm
0x0000F7BB;F_RF_SetSelectedChannelValid@RF.asm
0x0000F7D7;F_RF_SetSelectedChannelLost@RF.asm
0x0000F7E5;F_RF_HandleSelectedChannelFail@RF.asm
0x0000F7FC;RF_HandleSelectedChannelFail_End@RF.asm
0x0000F7FE;F_RF_ShouldContinueLongReceive@RF.asm
0x0000F815;RF_ShouldContinueLongReceive_Yes@RF.asm
0x0000F832;RF_OnReceiveOK_CheckRequestChannel@RF.asm
0x0000F84E;RF_OnReceiveOK_LongRecv@RF.asm
0x0000F88C;RF_ClearRequestChannel@RF.asm
0x0000F892;F_RF_ClearSelectedChannel@RF.asm
0x0000F8D8;F_RF_ServiceAutoView@RF.asm
0x0000F8F4;RF_AutoSwitchReload@RF.asm
0x0000F907;RF_AutoToCh2@RF.asm
0x0000F915;RF_AutoToCh3@RF.asm
0x0000F923;RF_AutoToCh1@RF.asm
0x0000F930;RF_ServiceAutoView_End@RF.asm
0x0000F931;F_RF_ServiceReceiveWindow@RF.asm
0x0000F945;RF_ServiceReceiveWindow_Fail@RF.asm
0x0000F948;RF_ServiceReceiveWindow_End@RF.asm
0x0000F949;F_RF_ServiceSyncTimers@RF.asm
0x0000F952;RF_ServiceSyncTimers_End@RF.asm
0x0000F953;F_RF_ServiceSelectedChannelSync@RF.asm
0x0000F967;RF_RequestSelectedChannelSync@RF.asm
0x0000F972;RF_ServiceSelectedChannelSync_End@RF.asm
0x0000F974;F_RF_ServiceChannel1Sync@RF.asm
0x0000F97B;F_RF_ServiceChannel2Sync@RF.asm
0x0000F982;F_RF_ServiceChannel3Sync@RF.asm
0x0000F989;F_RF_RequestSync@RF.asm
0x0000F9AE;F_RF_UpdateReceiverEnable@RF.asm
0x0000F9D3;RF_UpdateReceiverDisable@RF.asm
0x0000F9DE;F_RF_ReloadRequestChannelSync@RF.asm
0x0000F9DE;F_RF_LoadRequestChannelFirstSync@RF.asm
0x0000F9EB;T_RFReloadTick@RF.asm
0x0000F9EE;T_RFCloseTick@RF.asm
0x0000F9F1;F_RF_ServiceChannel1Minute@RF.asm
0x0000F9F8;F_RF_ServiceChannel2Minute@RF.asm
0x0000F9FF;F_RF_ServiceChannel3Minute@RF.asm
0x0000FA06;F_RF_ServiceSelectedChannelMinute@RF.asm
0x0000FA27;RF_ServiceSelectedChannelMinute_End@RF.asm
0x0000FA28;RF_SelectedChannelEnter60MinLongRecv@RF.asm
0x0000FA35;RF_SelectedChannelEnter120MinLongRecv@RF.asm
0x0000FA59;RF_ServiceSelectedChannelRetryHourly@RF.asm
0x0000FA66;RF_SelectedChannelRetryHourly@RF.asm
0x0000FA7D;RF_SelectedChannelRetryHourlyFinish@RF.asm
0x0000FA88;F_RF_ClearPendingFrame@RF.asm
0x0000FA8D;T_PendOfs@RF.asm
0x0000FA91;F_RF_SaveToPendingSlot@RF.asm
0x0000FA97;RF_SaveLoop@RF.asm
0x0000FAA3;F_RF_ShiftPendingUp@RF.asm
0x0000FAA7;RF_ShiftLoop@RF.asm
0x0000FAB3;F_RF_CmpCurrentWithSlot@RF.asm
0x0000FABA;RF_CmpLoop@RF.asm
0x0000FAC9;RF_CmpFail@RF.asm
0x0000FACB;F_RF_IsRequestChannelPacketAccepted@RF.asm
0x0000FAD6;RF_IsChannel1PacketAccepted@RF.asm
0x0000FAE8;RF_IsChannel2PacketAccepted@RF.asm
0x0000FAFA;RF_IsChannel3PacketAccepted@RF.asm
0x0000FB0C;RF_RequestChannelPacketReject@RF.asm
0x0000FB0E;RF_RequestChannelPacketAccept@RF.asm
0x0000FB45;RF_AppendPacket0@RF.asm
0x0000FB4D;RF_AppendPacket1@RF.asm
0x0000FB5A;RF_AppendPacket2@RF.asm
0x0000FB67;RF_AppendPacket3@RF.asm
0x0000FB74;RF_AppendPacket4@RF.asm
0x0000FB7E;RF_AppendBit_Inc@RF.asm
0x0000FB80;RF_AppendBit_End@RF.asm
0x0000FB8B;RF_FeedLowPulse_CheckCapture@RF.asm
0x0000FBA1;RF_FeedLowPulse_Invalid@RF.asm
0x0000FBA4;RF_FeedLowPulse_StartFrame@RF.asm
0x0000FBAC;RF_FeedLowPulse_Bit1@RF.asm
0x0000FBB2;RF_FeedLowPulse_Bit0@RF.asm
0x0000FBB5;RF_FeedLowPulse_AfterBit@RF.asm
0x0000FBCC;RF_AfterBit_Save@RF.asm
0x0000FBD1;RF_AfterBit_Done@RF.asm
0x0000FBE5;RF_ServicePendingParse_End@RF.asm
0x0000FBE6;RF_FeedLowPulse_End@RF.asm
0x0000FBFB;RF_Service8KHzSample_Active@RF.asm
0x0000FC0D;RF_Service8KHzSample_HighKeep@RF.asm
0x0000FC12;RF_Service8KHzSample_Low@RF.asm
0x0000FC24;RF_Service8KHzSample_InvalidHigh@RF.asm
0x0000FC27;RF_Service8KHzSample_StartLow@RF.asm
0x0000FC32;RF_Service8KHzSample_LowHold@RF.asm
0x0000FC3A;RF_Service8KHzSample_End@RF.asm
0x0000FC3B;RF_Service8KHzSample_LowEnd@RF.asm
0x0000FC5A;RF_PP_Start@RF.asm
0x0000FC5F;RF_PP_iLoop@RF.asm
0x0000FC67;RF_PP_Copy@RF.asm
0x0000FC79;RF_PP_jLoop@RF.asm
0x0000FC88;RF_PP_iNext@RF.asm
0x0000FC93;RF_PP_NoMatch@RF.asm
0x0000FC95;RF_PP_Match@RF.asm
0x0000FCAC;RF_ParsePacket_CH1@RF.asm
0x0000FCBF;RF_ParsePacket_CH2@RF.asm
0x0000FCD2;RF_ParsePacket_CH3@RF.asm
0x0000FCE2;RF_ParsePacket_Clear@RF.asm
0x0000FCE5;RF_ParsePacket_End@RF.asm
0x0000FCE6;F_RF_BuildPacketBitMask@RF.asm
0x0000FCE8;RF_SetPacketMask@RF.asm
0x0000FCF1;RF_SetPacketMaskDone@RF.asm
0x0000FCF2;F_RF_SetBitInPacket0@RF.asm
0x0000FCFA;F_RF_SetBitInPacket1@RF.asm
0x0000FD02;F_RF_SetBitInPacket2@RF.asm
0x0000FD0A;F_RF_SetBitInPacket3@RF.asm
0x0000FD12;F_RF_SetBitInPacket4@RF.asm
0x0000FD1A;F_RF_LoadPacketToRequestChannel@RF.asm
0x0000FD20;RF_LoadPacketToChannelCommon@RF.asm
0x0000FD4C;RF_LoadPacketTempReady@RF.asm
0x0000FD76;RF_LoadPacketBatteryNormal@RF.asm
0x0000FD7E;RF_LoadPacketTrendUpdate@RF.asm
0x0000FD81;F_RF_UpdateSelectedChannelTrend@RF.asm
0x0000FD96;RF_TrendSeedCurrent@RF.asm
0x0000FDAA;F_RF_SeedSelectedChannelTempTrend@RF.asm
0x0000FDC2;F_RF_SeedSelectedChannelHumTrend@RF.asm
0x0000FDD1;F_RF_UpdateSelectedChannelTempTrend@RF.asm
0x0000FDFE;RF_TrendTempSetUpNoRefresh@RF.asm
0x0000FE09;RF_TrendTempCheckMin@RF.asm
0x0000FE36;RF_TrendTempSetDownNoRefresh@RF.asm
0x0000FE41;RF_TrendTempAdvanceEq@RF.asm
0x0000FE5F;RF_TrendTempExit@RF.asm
0x0000FE60;F_RF_UpdateSelectedChannelHumTrend@RF.asm
0x0000FE89;RF_TrendHumSetUpNoRefresh@RF.asm
0x0000FE94;RF_TrendHumCheckMin@RF.asm
0x0000FEBB;RF_TrendHumSetDownNoRefresh@RF.asm
0x0000FEC6;RF_TrendHumAdvanceEq@RF.asm
0x0000FEE4;RF_TrendHumExit@RF.asm
0x0000FEE5;F_RF_IsCurrentTrendTempGreaterThanMax@RF.asm
0x0000FF08;RF_TrendTempGtMax_CurrentPos@RF.asm
0x0000FF25;RF_TrendTempGtMax_True@RF.asm
0x0000FF27;RF_TrendTempGtMax_False@RF.asm
0x0000FF29;F_RF_IsCurrentTrendTempLessThanMin@RF.asm
0x0000FF4E;RF_TrendTempLtMin_CurrentPos@RF.asm
0x0000FF69;RF_TrendTempLtMin_False@RF.asm
0x0000FF6B;RF_TrendTempLtMin_True@RF.asm
0x0000FF6D;F_RF_IsTrendTempSpanOverThreshold@RF.asm
0x0000FF90;RF_TrendTempSpan_MaxPositive@RF.asm
0x0000FFB3;RF_TrendTempSpan_CrossZero@RF.asm
0x0000FFCC;RF_TrendTempSpan_True@RF.asm
0x0000FFCE;RF_TrendTempSpan_False@RF.asm
0x0000FFD0;F_RF_IsTrendHumSpanOverThreshold@RF.asm
0x0000FFDD;RF_TrendHumSpan_False@RF.asm
