0x00000001;GPL813P01Cx@GPL813x.inc
0x00000001;GPL813X_Body_inc@GPL813x.inc
0x00000000;GPL813P01Ax@GPL813x.inc
0x00000000;GPL813P01Bx@GPL813x.inc
0x00000001;GPL813X@GPL813x.inc
0x00000000;P_IO_PortA_Dir@GPL813x.inc
0x00000002;P_IO_PortA_Data@GPL813x.inc
0x00000010;P_IO_PortB_Dir@GPL813x.inc
0x00000012;P_IO_PortB_Data@GPL813x.inc
0x00000014;P_IO_PortB_Attrib@GPL813x.inc
0x00000001;P_IO_PortC_Dir@GPL813x.inc
0x00000005;P_IO_PortC_Data@GPL813x.inc
0x00000003;P_IO_PortE_Data@GPL813x.inc
0x00000004;P_IO_PortE_DataLatch@GPL813x.inc
0x00000006;P_IO_Ctrl@GPL813x.inc
0x0000000B;P_IO_PortE_Dir@GPL813x.inc
0x00000015;P_IO_PortD_Attrib@GPL813x.inc
0x00000011;P_IO_PortD_Dir@GPL813x.inc
0x00000013;P_IO_PortD_Data@GPL813x.inc
0x00000008;P_WAKEUP_Ctrl@GPL813x.inc
0x00000020;D_WakeupTimer1@GPL813x.inc
0x00000010;D_WakeupTimer0@GPL813x.inc
0x00000008;D_WakeupTMBB@GPL813x.inc
0x00000004;D_Wakeup128Hz@GPL813x.inc
0x00000002;D_WakeupTMBA@GPL813x.inc
0x00000001;D_WakeupKey@GPL813x.inc
0x00000009;P_SYSTEM_Ctrl@GPL813x.inc
0x0000000A;P_TIMER_TimeBase_Sel@GPL813x.inc
0x00000022;P_TIMER_Timer0_Ctrl@GPL813x.inc
0x00000080;D_TimerEn@GPL813x.inc
0x00000000;D_TimerRiseEdge@GPL813x.inc
0x00000040;D_TimerFallEdge@GPL813x.inc
0x00000000;D_TimerSrcExtA@GPL813x.inc
0x00000020;D_TimerSrcExtA2@GPL813x.inc
0x00000000;D_TimerSrcA_HF@GPL813x.inc
0x00000001;D_TimerSrcA_HFDIV@GPL813x.inc
0x00000002;D_TimerSrcA_EXT@GPL813x.inc
0x00000003;D_TimerSrcA_VDD@GPL813x.inc
0x00000000;D_TimerSrcB_LF@GPL813x.inc
0x00000004;D_TimerSrcB_TMX@GPL813x.inc
0x00000008;D_TimerSrcB_EXTA@GPL813x.inc
0x0000000C;D_TimerSrcB_VDD@GPL813x.inc
0x00000020;P_TIMER_TM0Data_LB@GPL813x.inc
0x00000021;P_TIMER_TM0Data_HB@GPL813x.inc
0x00000023;P_TIMER_TM0Load_Ctrl@GPL813x.inc
0x00000025;P_TIMER_TM1Data@GPL813x.inc
0x00000026;P_TIMER_Timer1_Ctrl@GPL813x.inc
0x00000080;D_Timer1En@GPL813x.inc
0x00000000;D_Timer1_LSCK@GPL813x.inc
0x00000001;D_Timer1_TMBB@GPL813x.inc
0x00000002;D_Timer1_HSCK@GPL813x.inc
0x00000003;D_Timer1_HFDIV@GPL813x.inc
0x00000027;P_TIMER_TM1Load_Ctrl@GPL813x.inc
0x00000018;P_CLK_CPU_Ctrl@GPL813x.inc
0x000000E0;D_RCHF_Msk@GPL813x.inc
0x00000000;D_RCHF225K@GPL813x.inc
0x00000040;D_RCHF500K@GPL813x.inc
0x00000080;D_RCHF1800K@GPL813x.inc
0x000000C0;D_RCHF1000K@GPL813x.inc
0x00000020;D_RCHF4000K@GPL813x.inc
0x00000007;D_CPU_Msk@GPL813x.inc
0x00000000;D_CPU_HF@GPL813x.inc
0x00000001;D_CPU_HF2@GPL813x.inc
0x00000002;D_CPU_HF4@GPL813x.inc
0x00000003;D_CPU_HF8@GPL813x.inc
0x00000004;D_CPU_HF16@GPL813x.inc
0x0000001A;P_CLK_HFDIV_Ctrl@GPL813x.inc
0x0000000C;P_CLK_32768_En@GPL813x.inc
0x00000000;D_LFEnable@GPL813x.inc
0x00000080;D_LFDisable@GPL813x.inc
0x00000004;D_X32K_WEAK@GPL813x.inc
0x00000002;D_X32K_STRO@GPL813x.inc
0x00000001;D_CAP_EN@GPL813x.inc
0x00000000;D_CAP_DIS@GPL813x.inc
0x0000000D;P_INT_Ctrl@GPL813x.inc
0x000000FF;D_IntMask@GPL813x.inc
0x00000080;D_Ext2Int@GPL813x.inc
0x00000040;D_LvdInt@GPL813x.inc
0x00000020;D_Timer0Int@GPL813x.inc
0x00000010;D_TMBBInt@GPL813x.inc
0x00000008;D_TMBAInt@GPL813x.inc
0x00000004;D_128HzInt@GPL813x.inc
0x00000002;D_2KHzInt@GPL813x.inc
0x00000001;D_ExtInt@GPL813x.inc
0x00000041;P_INT_2KHz_Clear@GPL813x.inc
0x00000042;P_INT_128Hz_Clear@GPL813x.inc
0x00000043;P_INT_TimeBaseA_Clear@GPL813x.inc
0x00000044;P_INT_TimeBaseB_Clear@GPL813x.inc
0x00000045;P_INT_Timer0_Clear@GPL813x.inc
0x00000040;P_INT_Ext_Clear@GPL813x.inc
0x0000002D;P_INT_Ctrl2@GPL813x.inc
0x00000003;D_Int2Mask@GPL813x.inc
0x00000001;D_Timer1Int@GPL813x.inc
0x00000047;P_INT_Ext2_Clear@GPL813x.inc
0x00000048;P_INT_Timer1_Clear@GPL813x.inc
0x00000007;P_LCD_Ctrl@GPL813x.inc
0x000000FD;D_LcdConfigMask@GPL813x.inc
0x00000088;D_Duty_1_8@GPL813x.inc
0x000000C8;D_Duty_1_6@GPL813x.inc
0x00000004;D_Duty_1_5@GPL813x.inc
0x00000044;D_Duty_1_4@GPL813x.inc
0x00000084;D_Duty_1_3@GPL813x.inc
0x00000000;D_Bias_1_4@GPL813x.inc
0x00000020;D_Bias_1_3@GPL813x.inc
0x00000010;D_Bias_1_2@GPL813x.inc
0x00000001;D_ScanEnable@GPL813x.inc
0x00000019;P_LCD_VLCD_Ctrl@GPL813x.inc
0x00000030;D_Halt_Normal@GPL813x.inc
0x00000020;D_Halt_Green@GPL813x.inc
0x00000000;D_VLCD_28@GPL813x.inc
0x00000001;D_VLCD_30@GPL813x.inc
0x00000002;D_VLCD_33@GPL813x.inc
0x00000003;D_VLCD_VDD@GPL813x.inc
0x0000000F;P_WDT_Flag_Clear@GPL813x.inc
0x0000000E;P_Reset_Status@GPL813x.inc
0x00000001;D_FlagC@GPL813x.inc
0x00000002;D_FlagON@GPL813x.inc
0x00000016;P_AUDIO_BZ_Ctrl@GPL813x.inc
0x00000080;D_C32KOUT@GPL813x.inc
0x00000002;D_Buzzer1@GPL813x.inc
0x00000001;D_Buzzer0@GPL813x.inc
0x0000001B;P_LVD_Ctrl@GPL813x.inc
0x00000001;D_LVD_State@GPL813x.inc
0x00000000;D_LVD_22@GPL813x.inc
0x00000040;D_LVD_24@GPL813x.inc
0x00000081;D_LVD_27@GPL813x.inc
0x000000C1;D_LVD_33@GPL813x.inc
0x00000046;P_INT_LVD_Clear@GPL813x.inc
0x00000017;P_RFC_Ctrl@GPL813x.inc
0x00000080;D_EXT1EDG@GPL813x.inc
0x00000040;D_EXT2EDG@GPL813x.inc
0x00000001;D_RFCEN@GPL813x.inc
0x00003030;P_PWMIO_Ctrl@GPL813x.inc
0x00003032;P_PWMIO_IO0_DUTY@GPL813x.inc
0x00003033;P_PWMIO_IO1_DUTY@GPL813x.inc
0x00003034;P_PWMIO_IO2_DUTY@GPL813x.inc
0x00003035;P_PWMIO_IO3_DUTY@GPL813x.inc
0x0000E000;D_Bank0UserRomStartAddr@GPL813x.inc
0x0000FFDF;D_Bank0UserRomEndAddr@GPL813x.inc
0x0000FFFC;D_NMIandResetVectorStartAddr@GPL813x.inc
0x0000FFFF;D_NMIandResetVectorEndAddr@GPL813x.inc
0x00000080;C_SramAddrStart@Macro.inc
0x000000FF;C_SramAddrEnd@Macro.inc
0x00003E00;C_DPRAMAddrStart@Macro.inc
0x00003FFF;C_DPRAMAddrEnd@Macro.inc
0x00000001;D_Bit0@Macro.inc
0x00000002;D_Bit1@Macro.inc
0x00000004;D_Bit2@Macro.inc
0x00000008;D_Bit3@Macro.inc
0x00000010;D_Bit4@Macro.inc
0x00000020;D_Bit5@Macro.inc
0x00000040;D_Bit6@Macro.inc
0x00000080;D_Bit7@Macro.inc
0x00000001;C_High@Macro.inc
0x00000000;C_Input@Macro.inc
0x00000001;C_PC0Dir@Macro.inc
0x00000002;C_PC1Dir@Macro.inc
0x00000004;C_PC2Dir@Macro.inc
0x00000008;C_PC3Dir@Macro.inc
0x00000040;C_PC6Dir@Macro.inc
0x00000080;C_PC7Dir@Macro.inc
0x00000004;D_BLight@Macro.inc
0x00000008;D_Pulse@Macro.inc
0x00000020;D_LVD@Macro.inc
0x00000015;C_MusicOne@Macro.inc
0x00000016;C_MusicAll@Macro.inc
0x00000017;C_MusicStop@Macro.inc
0x0000001F;C_MinVol@Macro.inc
0x0000002D;C_MaxVol@Macro.inc
0x00000001;C_SnoozeTime1min@Alarm.inc
0x00000004;C_SnoozeTime4min@Alarm.inc
0x00000004;C_ZzCnt@Alarm.inc
0x00000001;D_ToneDIS@Alarm.inc
0x00000040;D_TempHH@Alarm.inc
0x00000020;D_TempLL@Alarm.inc
0x00000010;D_Neg@Alarm.inc
0x00000008;D_TF@Alarm.inc
0x00000004;D_HumHH@Alarm.inc
0x00000002;D_HumLL@Alarm.inc
0x00000001;D_MaxTemp@Alarm.inc
0x00000002;D_MinTemp@Alarm.inc
0x00000040;HalfSecToggle@RTC.inc
0x00000020;AddSecondOnly@RTC.inc
0x00000010;AddOthers@RTC.inc
0x00000001;D_TempF@RFC.inc
0x00000002;D_TempError@RFC.inc
0x00000004;D_TempFReg@RFC.inc
0x00000080;D_WithRTRH@RFC.inc
0x00000040;D_Moon14Level@RFC.inc
0x00000000;D_RFC_ScanIdle@RFC.inc
0x00000001;D_RFC_ScanRef@RFC.inc
0x00000002;D_RFC_ScanSen1@RFC.inc
0x00000003;D_RFC_ScanSen2@RFC.inc
0x00000004;D_RfcStatCalc@RFC.inc
0x00000080;D_RFC_Enable@RFC.inc
0x00000040;D_Cal_ready@RFC.inc
0x00000020;D_Cal_RHing@RFC.inc
0x00000001;D_TimeMode@LCD_Display.inc
0x00000002;D_AlarmMode@LCD_Display.inc
0x00000004;D_DateMode@LCD_Display.inc
0x000000A2;R_LcdTableIndex@LCD_Display.inc
0x000000A3;R_Display_Number@LCD_Display.inc
0x000000A4;R_LcdSegmentPosition@LCD_Display.inc
0x000000A5;R_Display7Times@LCD_Display.inc
0x00000002;D_SetConver@KEY.inc
0x00000004;D_SetTimeHour@KEY.inc
0x00000008;D_SetTimeMin@KEY.inc
0x00000010;D_SetTimeMax@KEY.inc
0x00000002;D_SetAlarmHour@KEY.inc
0x00000004;D_SetAlarmMin@KEY.inc
0x00000008;D_SetAlarmMax@KEY.inc
0x00000002;D_SetDateYear@KEY.inc
0x00000004;D_SetDateMonth@KEY.inc
0x00000008;D_SetDateDay@KEY.inc
0x00000010;D_SetDateMax@KEY.inc
0x00000002;D_SetHour@KEY.inc
0x00000004;D_SetMin@KEY.inc
0x00000008;D_SetMax@KEY.inc
0x00000001;D_KeyTone@KEY.inc
0x00000002;D_EnableFastAdd@KEY.inc
0x00000004;D_EnableAlarm@KEY.inc
0x00000008;D_EnableSnooze@KEY.inc
0x00000010;D_KeyRelDis@KEY.inc
0x00000020;D_ToneOn@KEY.inc
0x00000040;D_Alarming@KEY.inc
0x00000080;D_24Mode@KEY.inc
0x00000008;D_LED_ON@KEY.inc
0x0000000A;D_5SecBL@KEY.inc
0x00000004;D_2SecBL@KEY.inc
0x00000008;D_KeySet@KEY.inc
0x00000004;D_KeyMode@KEY.inc
0x00000002;D_KeyDown@KEY.inc
0x00000001;D_KeyUp@KEY.inc
0x00000002;C_KeyDebounce@KEY.inc
0x00000028;C_Sleep20Sec@KEY.inc
0x000000FF;C_LongKey2Sec@KEY.inc
0x00000018;C_FastAdd@KEY.inc
0x00000001;D_TimeFlag@KEY.inc
0x00000002;D_Timering_Short@KEY.inc
0x00000004;D_NoKeyTone@KEY.inc
0x00000008;D_DC@KEY.inc
0x00000010;D_EnableSnooze1@KEY.inc
0x0000E41A;Code_Start@Startup.asm
0x0000E435;F_keyWakeup@Startup.asm
0x0000E44E;F_128HzWakeUp@Startup.asm
0x0000E530;Jump_DispAll@Startup.asm
0x0000E560;L_ServiceLoop@Startup.asm
0x0000E59C;L_Enter_Sleep2Hz@Startup.asm
0x00000001;GPL813P01Cx@GPL813x.inc
0x00000001;GPL813X_Body_inc@GPL813x.inc
0x00000000;GPL813P01Ax@GPL813x.inc
0x00000000;GPL813P01Bx@GPL813x.inc
0x00000001;GPL813X@GPL813x.inc
0x00000000;P_IO_PortA_Dir@GPL813x.inc
0x00000002;P_IO_PortA_Data@GPL813x.inc
0x00000010;P_IO_PortB_Dir@GPL813x.inc
0x00000012;P_IO_PortB_Data@GPL813x.inc
0x00000014;P_IO_PortB_Attrib@GPL813x.inc
0x00000001;P_IO_PortC_Dir@GPL813x.inc
0x00000005;P_IO_PortC_Data@GPL813x.inc
0x00000003;P_IO_PortE_Data@GPL813x.inc
0x00000004;P_IO_PortE_DataLatch@GPL813x.inc
0x00000006;P_IO_Ctrl@GPL813x.inc
0x0000000B;P_IO_PortE_Dir@GPL813x.inc
0x00000015;P_IO_PortD_Attrib@GPL813x.inc
0x00000011;P_IO_PortD_Dir@GPL813x.inc
0x00000013;P_IO_PortD_Data@GPL813x.inc
0x00000008;P_WAKEUP_Ctrl@GPL813x.inc
0x00000020;D_WakeupTimer1@GPL813x.inc
0x00000010;D_WakeupTimer0@GPL813x.inc
0x00000008;D_WakeupTMBB@GPL813x.inc
0x00000004;D_Wakeup128Hz@GPL813x.inc
0x00000002;D_WakeupTMBA@GPL813x.inc
0x00000001;D_WakeupKey@GPL813x.inc
0x00000009;P_SYSTEM_Ctrl@GPL813x.inc
0x0000000A;P_TIMER_TimeBase_Sel@GPL813x.inc
0x00000022;P_TIMER_Timer0_Ctrl@GPL813x.inc
0x00000080;D_TimerEn@GPL813x.inc
0x00000000;D_TimerRiseEdge@GPL813x.inc
0x00000040;D_TimerFallEdge@GPL813x.inc
0x00000000;D_TimerSrcExtA@GPL813x.inc
0x00000020;D_TimerSrcExtA2@GPL813x.inc
0x00000000;D_TimerSrcA_HF@GPL813x.inc
0x00000001;D_TimerSrcA_HFDIV@GPL813x.inc
0x00000002;D_TimerSrcA_EXT@GPL813x.inc
0x00000003;D_TimerSrcA_VDD@GPL813x.inc
0x00000000;D_TimerSrcB_LF@GPL813x.inc
0x00000004;D_TimerSrcB_TMX@GPL813x.inc
0x00000008;D_TimerSrcB_EXTA@GPL813x.inc
0x0000000C;D_TimerSrcB_VDD@GPL813x.inc
0x00000020;P_TIMER_TM0Data_LB@GPL813x.inc
0x00000021;P_TIMER_TM0Data_HB@GPL813x.inc
0x00000023;P_TIMER_TM0Load_Ctrl@GPL813x.inc
0x00000025;P_TIMER_TM1Data@GPL813x.inc
0x00000026;P_TIMER_Timer1_Ctrl@GPL813x.inc
0x00000080;D_Timer1En@GPL813x.inc
0x00000000;D_Timer1_LSCK@GPL813x.inc
0x00000001;D_Timer1_TMBB@GPL813x.inc
0x00000002;D_Timer1_HSCK@GPL813x.inc
0x00000003;D_Timer1_HFDIV@GPL813x.inc
0x00000027;P_TIMER_TM1Load_Ctrl@GPL813x.inc
0x00000018;P_CLK_CPU_Ctrl@GPL813x.inc
0x000000E0;D_RCHF_Msk@GPL813x.inc
0x00000000;D_RCHF225K@GPL813x.inc
0x00000040;D_RCHF500K@GPL813x.inc
0x00000080;D_RCHF1800K@GPL813x.inc
0x000000C0;D_RCHF1000K@GPL813x.inc
0x00000020;D_RCHF4000K@GPL813x.inc
0x00000007;D_CPU_Msk@GPL813x.inc
0x00000000;D_CPU_HF@GPL813x.inc
0x00000001;D_CPU_HF2@GPL813x.inc
0x00000002;D_CPU_HF4@GPL813x.inc
0x00000003;D_CPU_HF8@GPL813x.inc
0x00000004;D_CPU_HF16@GPL813x.inc
0x0000001A;P_CLK_HFDIV_Ctrl@GPL813x.inc
0x0000000C;P_CLK_32768_En@GPL813x.inc
0x00000000;D_LFEnable@GPL813x.inc
0x00000080;D_LFDisable@GPL813x.inc
0x00000004;D_X32K_WEAK@GPL813x.inc
0x00000002;D_X32K_STRO@GPL813x.inc
0x00000001;D_CAP_EN@GPL813x.inc
0x00000000;D_CAP_DIS@GPL813x.inc
0x0000000D;P_INT_Ctrl@GPL813x.inc
0x000000FF;D_IntMask@GPL813x.inc
0x00000080;D_Ext2Int@GPL813x.inc
0x00000040;D_LvdInt@GPL813x.inc
0x00000020;D_Timer0Int@GPL813x.inc
0x00000010;D_TMBBInt@GPL813x.inc
0x00000008;D_TMBAInt@GPL813x.inc
0x00000004;D_128HzInt@GPL813x.inc
0x00000002;D_2KHzInt@GPL813x.inc
0x00000001;D_ExtInt@GPL813x.inc
0x00000041;P_INT_2KHz_Clear@GPL813x.inc
0x00000042;P_INT_128Hz_Clear@GPL813x.inc
0x00000043;P_INT_TimeBaseA_Clear@GPL813x.inc
0x00000044;P_INT_TimeBaseB_Clear@GPL813x.inc
0x00000045;P_INT_Timer0_Clear@GPL813x.inc
0x00000040;P_INT_Ext_Clear@GPL813x.inc
0x0000002D;P_INT_Ctrl2@GPL813x.inc
0x00000003;D_Int2Mask@GPL813x.inc
0x00000001;D_Timer1Int@GPL813x.inc
0x00000047;P_INT_Ext2_Clear@GPL813x.inc
0x00000048;P_INT_Timer1_Clear@GPL813x.inc
0x00000007;P_LCD_Ctrl@GPL813x.inc
0x000000FD;D_LcdConfigMask@GPL813x.inc
0x00000088;D_Duty_1_8@GPL813x.inc
0x000000C8;D_Duty_1_6@GPL813x.inc
0x00000004;D_Duty_1_5@GPL813x.inc
0x00000044;D_Duty_1_4@GPL813x.inc
0x00000084;D_Duty_1_3@GPL813x.inc
0x00000000;D_Bias_1_4@GPL813x.inc
0x00000020;D_Bias_1_3@GPL813x.inc
0x00000010;D_Bias_1_2@GPL813x.inc
0x00000001;D_ScanEnable@GPL813x.inc
0x00000019;P_LCD_VLCD_Ctrl@GPL813x.inc
0x00000030;D_Halt_Normal@GPL813x.inc
0x00000020;D_Halt_Green@GPL813x.inc
0x00000000;D_VLCD_28@GPL813x.inc
0x00000001;D_VLCD_30@GPL813x.inc
0x00000002;D_VLCD_33@GPL813x.inc
0x00000003;D_VLCD_VDD@GPL813x.inc
0x0000000F;P_WDT_Flag_Clear@GPL813x.inc
0x0000000E;P_Reset_Status@GPL813x.inc
0x00000001;D_FlagC@GPL813x.inc
0x00000002;D_FlagON@GPL813x.inc
0x00000016;P_AUDIO_BZ_Ctrl@GPL813x.inc
0x00000080;D_C32KOUT@GPL813x.inc
0x00000002;D_Buzzer1@GPL813x.inc
0x00000001;D_Buzzer0@GPL813x.inc
0x0000001B;P_LVD_Ctrl@GPL813x.inc
0x00000001;D_LVD_State@GPL813x.inc
0x00000000;D_LVD_22@GPL813x.inc
0x00000040;D_LVD_24@GPL813x.inc
0x00000081;D_LVD_27@GPL813x.inc
0x000000C1;D_LVD_33@GPL813x.inc
0x00000046;P_INT_LVD_Clear@GPL813x.inc
0x00000017;P_RFC_Ctrl@GPL813x.inc
0x00000080;D_EXT1EDG@GPL813x.inc
0x00000040;D_EXT2EDG@GPL813x.inc
0x00000001;D_RFCEN@GPL813x.inc
0x00003030;P_PWMIO_Ctrl@GPL813x.inc
0x00003032;P_PWMIO_IO0_DUTY@GPL813x.inc
0x00003033;P_PWMIO_IO1_DUTY@GPL813x.inc
0x00003034;P_PWMIO_IO2_DUTY@GPL813x.inc
0x00003035;P_PWMIO_IO3_DUTY@GPL813x.inc
0x0000E000;D_Bank0UserRomStartAddr@GPL813x.inc
0x0000FFDF;D_Bank0UserRomEndAddr@GPL813x.inc
0x0000FFFC;D_NMIandResetVectorStartAddr@GPL813x.inc
0x0000FFFF;D_NMIandResetVectorEndAddr@GPL813x.inc
0x00000080;C_SramAddrStart@Macro.inc
0x000000FF;C_SramAddrEnd@Macro.inc
0x00003E00;C_DPRAMAddrStart@Macro.inc
0x00003FFF;C_DPRAMAddrEnd@Macro.inc
0x00000001;D_Bit0@Macro.inc
0x00000002;D_Bit1@Macro.inc
0x00000004;D_Bit2@Macro.inc
0x00000008;D_Bit3@Macro.inc
0x00000010;D_Bit4@Macro.inc
0x00000020;D_Bit5@Macro.inc
0x00000040;D_Bit6@Macro.inc
0x00000080;D_Bit7@Macro.inc
0x00000001;C_High@Macro.inc
0x00000000;C_Input@Macro.inc
0x00000001;C_PC0Dir@Macro.inc
0x00000002;C_PC1Dir@Macro.inc
0x00000004;C_PC2Dir@Macro.inc
0x00000008;C_PC3Dir@Macro.inc
0x00000040;C_PC6Dir@Macro.inc
0x00000080;C_PC7Dir@Macro.inc
0x00000004;D_BLight@Macro.inc
0x00000008;D_Pulse@Macro.inc
0x00000020;D_LVD@Macro.inc
0x00000015;C_MusicOne@Macro.inc
0x00000016;C_MusicAll@Macro.inc
0x00000017;C_MusicStop@Macro.inc
0x0000001F;C_MinVol@Macro.inc
0x0000002D;C_MaxVol@Macro.inc
0x00000002;D_SetConver@KEY.inc
0x00000004;D_SetTimeHour@KEY.inc
0x00000008;D_SetTimeMin@KEY.inc
0x00000010;D_SetTimeMax@KEY.inc
0x00000002;D_SetAlarmHour@KEY.inc
0x00000004;D_SetAlarmMin@KEY.inc
0x00000008;D_SetAlarmMax@KEY.inc
0x00000002;D_SetDateYear@KEY.inc
0x00000004;D_SetDateMonth@KEY.inc
0x00000008;D_SetDateDay@KEY.inc
0x00000010;D_SetDateMax@KEY.inc
0x00000002;D_SetHour@KEY.inc
0x00000004;D_SetMin@KEY.inc
0x00000008;D_SetMax@KEY.inc
0x00000001;D_KeyTone@KEY.inc
0x00000002;D_EnableFastAdd@KEY.inc
0x00000004;D_EnableAlarm@KEY.inc
0x00000008;D_EnableSnooze@KEY.inc
0x00000010;D_KeyRelDis@KEY.inc
0x00000020;D_ToneOn@KEY.inc
0x00000040;D_Alarming@KEY.inc
0x00000080;D_24Mode@KEY.inc
0x00000008;D_LED_ON@KEY.inc
0x0000000A;D_5SecBL@KEY.inc
0x00000004;D_2SecBL@KEY.inc
0x00000008;D_KeySet@KEY.inc
0x00000004;D_KeyMode@KEY.inc
0x00000002;D_KeyDown@KEY.inc
0x00000001;D_KeyUp@KEY.inc
0x00000002;C_KeyDebounce@KEY.inc
0x00000028;C_Sleep20Sec@KEY.inc
0x000000FF;C_LongKey2Sec@KEY.inc
0x00000018;C_FastAdd@KEY.inc
0x00000001;D_TimeFlag@KEY.inc
0x00000002;D_Timering_Short@KEY.inc
0x00000004;D_NoKeyTone@KEY.inc
0x00000008;D_DC@KEY.inc
0x00000010;D_EnableSnooze1@KEY.inc
0x00000001;D_TimeMode@LCD_Display.inc
0x00000002;D_AlarmMode@LCD_Display.inc
0x00000004;D_DateMode@LCD_Display.inc
0x000000A2;R_LcdTableIndex@LCD_Display.inc
0x000000A3;R_Display_Number@LCD_Display.inc
0x000000A4;R_LcdSegmentPosition@LCD_Display.inc
0x000000A5;R_Display7Times@LCD_Display.inc
0x00000001;D_TempF@RFC.inc
0x00000002;D_TempError@RFC.inc
0x00000004;D_TempFReg@RFC.inc
0x00000080;D_WithRTRH@RFC.inc
0x00000040;D_Moon14Level@RFC.inc
0x00000000;D_RFC_ScanIdle@RFC.inc
0x00000001;D_RFC_ScanRef@RFC.inc
0x00000002;D_RFC_ScanSen1@RFC.inc
0x00000003;D_RFC_ScanSen2@RFC.inc
0x00000004;D_RfcStatCalc@RFC.inc
0x00000080;D_RFC_Enable@RFC.inc
0x00000040;D_Cal_ready@RFC.inc
0x00000020;D_Cal_RHing@RFC.inc
0x00000001;C_SnoozeTime1min@Alarm.inc
0x00000004;C_SnoozeTime4min@Alarm.inc
0x00000004;C_ZzCnt@Alarm.inc
0x00000001;D_ToneDIS@Alarm.inc
0x00000040;D_TempHH@Alarm.inc
0x00000020;D_TempLL@Alarm.inc
0x00000010;D_Neg@Alarm.inc
0x00000008;D_TF@Alarm.inc
0x00000004;D_HumHH@Alarm.inc
0x00000002;D_HumLL@Alarm.inc
0x00000001;D_MaxTemp@Alarm.inc
0x00000002;D_MinTemp@Alarm.inc
0x0000E5B1;V_IRQ@Int_Vec.asm
0x0000E000;T_TestCode@TestCode.asm
0x0000E414;L_Test_Code@TestCode.asm
0x0000E417;L_User_Code_Jump@TestCode.asm
0x00000080;C_SramAddrStart@Macro.inc
0x000000FF;C_SramAddrEnd@Macro.inc
0x00003E00;C_DPRAMAddrStart@Macro.inc
0x00003FFF;C_DPRAMAddrEnd@Macro.inc
0x00000001;D_Bit0@Macro.inc
0x00000002;D_Bit1@Macro.inc
0x00000004;D_Bit2@Macro.inc
0x00000008;D_Bit3@Macro.inc
0x00000010;D_Bit4@Macro.inc
0x00000020;D_Bit5@Macro.inc
0x00000040;D_Bit6@Macro.inc
0x00000080;D_Bit7@Macro.inc
0x00000001;C_High@Macro.inc
0x00000000;C_Input@Macro.inc
0x00000001;C_PC0Dir@Macro.inc
0x00000002;C_PC1Dir@Macro.inc
0x00000004;C_PC2Dir@Macro.inc
0x00000008;C_PC3Dir@Macro.inc
0x00000040;C_PC6Dir@Macro.inc
0x00000080;C_PC7Dir@Macro.inc
0x00000004;D_BLight@Macro.inc
0x00000008;D_Pulse@Macro.inc
0x00000020;D_LVD@Macro.inc
0x00000015;C_MusicOne@Macro.inc
0x00000016;C_MusicAll@Macro.inc
0x00000017;C_MusicStop@Macro.inc
0x0000001F;C_MinVol@Macro.inc
0x0000002D;C_MaxVol@Macro.inc
0x00000002;D_SetConver@KEY.inc
0x00000004;D_SetTimeHour@KEY.inc
0x00000008;D_SetTimeMin@KEY.inc
0x00000010;D_SetTimeMax@KEY.inc
0x00000002;D_SetAlarmHour@KEY.inc
0x00000004;D_SetAlarmMin@KEY.inc
0x00000008;D_SetAlarmMax@KEY.inc
0x00000002;D_SetDateYear@KEY.inc
0x00000004;D_SetDateMonth@KEY.inc
0x00000008;D_SetDateDay@KEY.inc
0x00000010;D_SetDateMax@KEY.inc
0x00000002;D_SetHour@KEY.inc
0x00000004;D_SetMin@KEY.inc
0x00000008;D_SetMax@KEY.inc
0x00000001;D_KeyTone@KEY.inc
0x00000002;D_EnableFastAdd@KEY.inc
0x00000004;D_EnableAlarm@KEY.inc
0x00000008;D_EnableSnooze@KEY.inc
0x00000010;D_KeyRelDis@KEY.inc
0x00000020;D_ToneOn@KEY.inc
0x00000040;D_Alarming@KEY.inc
0x00000080;D_24Mode@KEY.inc
0x00000008;D_LED_ON@KEY.inc
0x0000000A;D_5SecBL@KEY.inc
0x00000004;D_2SecBL@KEY.inc
0x00000008;D_KeySet@KEY.inc
0x00000004;D_KeyMode@KEY.inc
0x00000002;D_KeyDown@KEY.inc
0x00000001;D_KeyUp@KEY.inc
0x00000002;C_KeyDebounce@KEY.inc
0x00000028;C_Sleep20Sec@KEY.inc
0x000000FF;C_LongKey2Sec@KEY.inc
0x00000018;C_FastAdd@KEY.inc
0x00000001;D_TimeFlag@KEY.inc
0x00000002;D_Timering_Short@KEY.inc
0x00000004;D_NoKeyTone@KEY.inc
0x00000008;D_DC@KEY.inc
0x00000010;D_EnableSnooze1@KEY.inc
0x00000001;C_SnoozeTime1min@Alarm.inc
0x00000004;C_SnoozeTime4min@Alarm.inc
0x00000004;C_ZzCnt@Alarm.inc
0x00000001;D_ToneDIS@Alarm.inc
0x00000040;D_TempHH@Alarm.inc
0x00000020;D_TempLL@Alarm.inc
0x00000010;D_Neg@Alarm.inc
0x00000008;D_TF@Alarm.inc
0x00000004;D_HumHH@Alarm.inc
0x00000002;D_HumLL@Alarm.inc
0x00000001;D_MaxTemp@Alarm.inc
0x00000002;D_MinTemp@Alarm.inc
0x00000040;HalfSecToggle@RTC.asm
0x00000020;AddSecondOnly@RTC.asm
0x00000010;AddOthers@RTC.asm
0x0000008A;TR00@RTC.asm
0x0000008C;TR02@RTC.asm
0x0000008D;TR03@RTC.asm
0x0000E64D;L_Time01@RTC.asm
0x0000E653;L_OnlyHourAdd@RTC.asm
0x0000E653;L_OnlyMinAdd@RTC.asm
0x0000E66A;L_OnlySEcAdd@RTC.asm
0x0000E66C;L_AddAll@RTC.asm
0x0000E670;L_Time99@RTC.asm
0x0000E6AB;WEC_00@RTC.asm
0x0000E6AD;WEC_01@RTC.asm
0x0000E6AF;WEC_02@RTC.asm
0x0000E6B6;WEC_03@RTC.asm
0x0000E6C5;L_Week01@RTC.asm
0x0000E6C7;L_Week02@RTC.asm
0x0000E6CF;WEC_04@RTC.asm
0x0000E6D5;WEC_05@RTC.asm
0x0000E6E4;L_Week001@RTC.asm
0x0000E6E6;L_Week002@RTC.asm
0x0000E6F6;L_Week003@RTC.asm
0x0000E6F8;L_Week004@RTC.asm
0x0000E700;WEC_06@RTC.asm
0x0000E706;WEC_07@RTC.asm
0x0000E71A;L_Week0001@RTC.asm
0x0000E724;WEC_08@RTC.asm
0x0000E72A;WEC_09@RTC.asm
0x0000E73A;L_Week00001@RTC.asm
0x0000E752;WADDUP@RTC.asm
0x0000E761;L_WeekAdd01@RTC.asm
0x0000E76D;L_Maxday01@RTC.asm
0x0000E76E;MONCAL1@RTC.asm
0x0000E77F;MONCAL@RTC.asm
0x0000E781;MONCAL2@RTC.asm
0x0000E785;MONCAL3@RTC.asm
0x0000E797;L_Month07@RTC.asm
0x0000E7A0;L_Month20@RTC.asm
0x0000E7A8;L_Month26@RTC.asm
0x0000E7B5;L_Month21@RTC.asm
0x0000E7B9;L_Month22@RTC.asm
0x0000E7C2;L_Month22A@RTC.asm
0x0000E7C7;L_Month23@RTC.asm
0x0000E7C9;L_Month25@RTC.asm
0x0000E7E7;INC_M01@RTC.asm
0x0000E7EA;INC_MON3@RTC.asm
0x0000E7EE;INC_M04@RTC.asm
0x0000E7F6;INC_M02@RTC.asm
0x0000E7FC;INC_M03@RTC.asm
0x0000E803;INC_DAT1@RTC.asm
0x0000E82E;INC_DET@RTC.asm
0x0000E83F;INC_D01@RTC.asm
0x0000E841;INC_D02@RTC.asm
0x0000E845;DEC_DET@RTC.asm
0x0000E852;DEC_D01@RTC.asm
0x0000E857;ADC_RT@RTC.asm
0x0000E86A;L_TimeAdd01@RTC.asm
0x0000E874;L_TimeAdd02@RTC.asm
0x0000E876;L_TimeAdd03@RTC.asm
0x0000E87A;AROR@RTC.asm
0x0000E881;AROL@RTC.asm
0x0000E893;DEC_COM@RTC.asm
0x0000E8A3;End_DEC_COM@RTC.asm
0x0000E8AA;DEC_COM_H@RTC.asm
0x00000001;GPL813P01Cx@GPL813x.inc
0x00000001;GPL813X_Body_inc@GPL813x.inc
0x00000000;GPL813P01Ax@GPL813x.inc
0x00000000;GPL813P01Bx@GPL813x.inc
0x00000001;GPL813X@GPL813x.inc
0x00000000;P_IO_PortA_Dir@GPL813x.inc
0x00000002;P_IO_PortA_Data@GPL813x.inc
0x00000010;P_IO_PortB_Dir@GPL813x.inc
0x00000012;P_IO_PortB_Data@GPL813x.inc
0x00000014;P_IO_PortB_Attrib@GPL813x.inc
0x00000001;P_IO_PortC_Dir@GPL813x.inc
0x00000005;P_IO_PortC_Data@GPL813x.inc
0x00000003;P_IO_PortE_Data@GPL813x.inc
0x00000004;P_IO_PortE_DataLatch@GPL813x.inc
0x00000006;P_IO_Ctrl@GPL813x.inc
0x0000000B;P_IO_PortE_Dir@GPL813x.inc
0x00000015;P_IO_PortD_Attrib@GPL813x.inc
0x00000011;P_IO_PortD_Dir@GPL813x.inc
0x00000013;P_IO_PortD_Data@GPL813x.inc
0x00000008;P_WAKEUP_Ctrl@GPL813x.inc
0x00000020;D_WakeupTimer1@GPL813x.inc
0x00000010;D_WakeupTimer0@GPL813x.inc
0x00000008;D_WakeupTMBB@GPL813x.inc
0x00000004;D_Wakeup128Hz@GPL813x.inc
0x00000002;D_WakeupTMBA@GPL813x.inc
0x00000001;D_WakeupKey@GPL813x.inc
0x00000009;P_SYSTEM_Ctrl@GPL813x.inc
0x0000000A;P_TIMER_TimeBase_Sel@GPL813x.inc
0x00000022;P_TIMER_Timer0_Ctrl@GPL813x.inc
0x00000080;D_TimerEn@GPL813x.inc
0x00000000;D_TimerRiseEdge@GPL813x.inc
0x00000040;D_TimerFallEdge@GPL813x.inc
0x00000000;D_TimerSrcExtA@GPL813x.inc
0x00000020;D_TimerSrcExtA2@GPL813x.inc
0x00000000;D_TimerSrcA_HF@GPL813x.inc
0x00000001;D_TimerSrcA_HFDIV@GPL813x.inc
0x00000002;D_TimerSrcA_EXT@GPL813x.inc
0x00000003;D_TimerSrcA_VDD@GPL813x.inc
0x00000000;D_TimerSrcB_LF@GPL813x.inc
0x00000004;D_TimerSrcB_TMX@GPL813x.inc
0x00000008;D_TimerSrcB_EXTA@GPL813x.inc
0x0000000C;D_TimerSrcB_VDD@GPL813x.inc
0x00000020;P_TIMER_TM0Data_LB@GPL813x.inc
0x00000021;P_TIMER_TM0Data_HB@GPL813x.inc
0x00000023;P_TIMER_TM0Load_Ctrl@GPL813x.inc
0x00000025;P_TIMER_TM1Data@GPL813x.inc
0x00000026;P_TIMER_Timer1_Ctrl@GPL813x.inc
0x00000080;D_Timer1En@GPL813x.inc
0x00000000;D_Timer1_LSCK@GPL813x.inc
0x00000001;D_Timer1_TMBB@GPL813x.inc
0x00000002;D_Timer1_HSCK@GPL813x.inc
0x00000003;D_Timer1_HFDIV@GPL813x.inc
0x00000027;P_TIMER_TM1Load_Ctrl@GPL813x.inc
0x00000018;P_CLK_CPU_Ctrl@GPL813x.inc
0x000000E0;D_RCHF_Msk@GPL813x.inc
0x00000000;D_RCHF225K@GPL813x.inc
0x00000040;D_RCHF500K@GPL813x.inc
0x00000080;D_RCHF1800K@GPL813x.inc
0x000000C0;D_RCHF1000K@GPL813x.inc
0x00000020;D_RCHF4000K@GPL813x.inc
0x00000007;D_CPU_Msk@GPL813x.inc
0x00000000;D_CPU_HF@GPL813x.inc
0x00000001;D_CPU_HF2@GPL813x.inc
0x00000002;D_CPU_HF4@GPL813x.inc
0x00000003;D_CPU_HF8@GPL813x.inc
0x00000004;D_CPU_HF16@GPL813x.inc
0x0000001A;P_CLK_HFDIV_Ctrl@GPL813x.inc
0x0000000C;P_CLK_32768_En@GPL813x.inc
0x00000000;D_LFEnable@GPL813x.inc
0x00000080;D_LFDisable@GPL813x.inc
0x00000004;D_X32K_WEAK@GPL813x.inc
0x00000002;D_X32K_STRO@GPL813x.inc
0x00000001;D_CAP_EN@GPL813x.inc
0x00000000;D_CAP_DIS@GPL813x.inc
0x0000000D;P_INT_Ctrl@GPL813x.inc
0x000000FF;D_IntMask@GPL813x.inc
0x00000080;D_Ext2Int@GPL813x.inc
0x00000040;D_LvdInt@GPL813x.inc
0x00000020;D_Timer0Int@GPL813x.inc
0x00000010;D_TMBBInt@GPL813x.inc
0x00000008;D_TMBAInt@GPL813x.inc
0x00000004;D_128HzInt@GPL813x.inc
0x00000002;D_2KHzInt@GPL813x.inc
0x00000001;D_ExtInt@GPL813x.inc
0x00000041;P_INT_2KHz_Clear@GPL813x.inc
0x00000042;P_INT_128Hz_Clear@GPL813x.inc
0x00000043;P_INT_TimeBaseA_Clear@GPL813x.inc
0x00000044;P_INT_TimeBaseB_Clear@GPL813x.inc
0x00000045;P_INT_Timer0_Clear@GPL813x.inc
0x00000040;P_INT_Ext_Clear@GPL813x.inc
0x0000002D;P_INT_Ctrl2@GPL813x.inc
0x00000003;D_Int2Mask@GPL813x.inc
0x00000001;D_Timer1Int@GPL813x.inc
0x00000047;P_INT_Ext2_Clear@GPL813x.inc
0x00000048;P_INT_Timer1_Clear@GPL813x.inc
0x00000007;P_LCD_Ctrl@GPL813x.inc
0x000000FD;D_LcdConfigMask@GPL813x.inc
0x00000088;D_Duty_1_8@GPL813x.inc
0x000000C8;D_Duty_1_6@GPL813x.inc
0x00000004;D_Duty_1_5@GPL813x.inc
0x00000044;D_Duty_1_4@GPL813x.inc
0x00000084;D_Duty_1_3@GPL813x.inc
0x00000000;D_Bias_1_4@GPL813x.inc
0x00000020;D_Bias_1_3@GPL813x.inc
0x00000010;D_Bias_1_2@GPL813x.inc
0x00000001;D_ScanEnable@GPL813x.inc
0x00000019;P_LCD_VLCD_Ctrl@GPL813x.inc
0x00000030;D_Halt_Normal@GPL813x.inc
0x00000020;D_Halt_Green@GPL813x.inc
0x00000000;D_VLCD_28@GPL813x.inc
0x00000001;D_VLCD_30@GPL813x.inc
0x00000002;D_VLCD_33@GPL813x.inc
0x00000003;D_VLCD_VDD@GPL813x.inc
0x0000000F;P_WDT_Flag_Clear@GPL813x.inc
0x0000000E;P_Reset_Status@GPL813x.inc
0x00000001;D_FlagC@GPL813x.inc
0x00000002;D_FlagON@GPL813x.inc
0x00000016;P_AUDIO_BZ_Ctrl@GPL813x.inc
0x00000080;D_C32KOUT@GPL813x.inc
0x00000002;D_Buzzer1@GPL813x.inc
0x00000001;D_Buzzer0@GPL813x.inc
0x0000001B;P_LVD_Ctrl@GPL813x.inc
0x00000001;D_LVD_State@GPL813x.inc
0x00000000;D_LVD_22@GPL813x.inc
0x00000040;D_LVD_24@GPL813x.inc
0x00000081;D_LVD_27@GPL813x.inc
0x000000C1;D_LVD_33@GPL813x.inc
0x00000046;P_INT_LVD_Clear@GPL813x.inc
0x00000017;P_RFC_Ctrl@GPL813x.inc
0x00000080;D_EXT1EDG@GPL813x.inc
0x00000040;D_EXT2EDG@GPL813x.inc
0x00000001;D_RFCEN@GPL813x.inc
0x00003030;P_PWMIO_Ctrl@GPL813x.inc
0x00003032;P_PWMIO_IO0_DUTY@GPL813x.inc
0x00003033;P_PWMIO_IO1_DUTY@GPL813x.inc
0x00003034;P_PWMIO_IO2_DUTY@GPL813x.inc
0x00003035;P_PWMIO_IO3_DUTY@GPL813x.inc
0x0000E000;D_Bank0UserRomStartAddr@GPL813x.inc
0x0000FFDF;D_Bank0UserRomEndAddr@GPL813x.inc
0x0000FFFC;D_NMIandResetVectorStartAddr@GPL813x.inc
0x0000FFFF;D_NMIandResetVectorEndAddr@GPL813x.inc
0x00000080;C_SramAddrStart@Macro.inc
0x000000FF;C_SramAddrEnd@Macro.inc
0x00003E00;C_DPRAMAddrStart@Macro.inc
0x00003FFF;C_DPRAMAddrEnd@Macro.inc
0x00000001;D_Bit0@Macro.inc
0x00000002;D_Bit1@Macro.inc
0x00000004;D_Bit2@Macro.inc
0x00000008;D_Bit3@Macro.inc
0x00000010;D_Bit4@Macro.inc
0x00000020;D_Bit5@Macro.inc
0x00000040;D_Bit6@Macro.inc
0x00000080;D_Bit7@Macro.inc
0x00000001;C_High@Macro.inc
0x00000000;C_Input@Macro.inc
0x00000001;C_PC0Dir@Macro.inc
0x00000002;C_PC1Dir@Macro.inc
0x00000004;C_PC2Dir@Macro.inc
0x00000008;C_PC3Dir@Macro.inc
0x00000040;C_PC6Dir@Macro.inc
0x00000080;C_PC7Dir@Macro.inc
0x00000004;D_BLight@Macro.inc
0x00000008;D_Pulse@Macro.inc
0x00000020;D_LVD@Macro.inc
0x00000015;C_MusicOne@Macro.inc
0x00000016;C_MusicAll@Macro.inc
0x00000017;C_MusicStop@Macro.inc
0x0000001F;C_MinVol@Macro.inc
0x0000002D;C_MaxVol@Macro.inc
0x00000040;HalfSecToggle@RTC.inc
0x00000020;AddSecondOnly@RTC.inc
0x00000010;AddOthers@RTC.inc
0x00000001;C_SnoozeTime1min@Alarm.inc
0x00000004;C_SnoozeTime4min@Alarm.inc
0x00000004;C_ZzCnt@Alarm.inc
0x00000001;D_ToneDIS@Alarm.inc
0x00000040;D_TempHH@Alarm.inc
0x00000020;D_TempLL@Alarm.inc
0x00000010;D_Neg@Alarm.inc
0x00000008;D_TF@Alarm.inc
0x00000004;D_HumHH@Alarm.inc
0x00000002;D_HumLL@Alarm.inc
0x00000001;D_MaxTemp@Alarm.inc
0x00000002;D_MinTemp@Alarm.inc
0x00000001;D_TimeMode@LCD_Display.inc
0x00000002;D_AlarmMode@LCD_Display.inc
0x00000004;D_DateMode@LCD_Display.inc
0x000000A2;R_LcdTableIndex@LCD_Display.inc
0x000000A3;R_Display_Number@LCD_Display.inc
0x000000A4;R_LcdSegmentPosition@LCD_Display.inc
0x000000A5;R_Display7Times@LCD_Display.inc
0x00000002;D_SetConver@KEY.asm
0x00000004;D_SetTimeHour@KEY.asm
0x00000008;D_SetTimeMin@KEY.asm
0x00000010;D_SetTimeMax@KEY.asm
0x00000002;D_SetAlarmHour@KEY.asm
0x00000004;D_SetAlarmMin@KEY.asm
0x00000008;D_SetAlarmMax@KEY.asm
0x00000002;D_SetDateYear@KEY.asm
0x00000004;D_SetDateMonth@KEY.asm
0x00000008;D_SetDateDay@KEY.asm
0x00000010;D_SetDateMax@KEY.asm
0x00000002;D_SetHour@KEY.asm
0x00000004;D_SetMin@KEY.asm
0x00000008;D_SetMax@KEY.asm
0x00000001;D_KeyTone@KEY.asm
0x00000002;D_EnableFastAdd@KEY.asm
0x00000004;D_EnableAlarm@KEY.asm
0x00000008;D_EnableSnooze@KEY.asm
0x00000010;D_KeyRelDis@KEY.asm
0x00000020;D_ToneOn@KEY.asm
0x00000040;D_Alarming@KEY.asm
0x00000080;D_24Mode@KEY.asm
0x00000001;D_TimeFlag@KEY.asm
0x00000002;D_Timering_Short@KEY.asm
0x00000004;D_NoKeyTone@KEY.asm
0x00000008;D_DC@KEY.asm
0x00000010;D_EnableSnooze1@KEY.asm
0x00000008;D_LED_ON@KEY.asm
0x0000000A;D_5SecBL@KEY.asm
0x00000004;D_2SecBL@KEY.asm
0x00000028;D_20Sec@KEY.asm
0x00000093;Key_Status@KEY.asm
0x00000097;R_TempTime@KEY.asm
0x00000028;C_Sleep20Sec@KEY.asm
0x000000FF;C_LongKey2Sec@KEY.asm
0x00000018;C_FastAdd@KEY.asm
0x00000008;D_KeySet@KEY.asm
0x00000004;D_KeyMode@KEY.asm
0x00000002;D_KeyDown@KEY.asm
0x00000001;D_KeyUp@KEY.asm
0x00000002;C_KeyDebounce@KEY.asm
0x0000009E;R_ToneDuty@KEY.asm
0x0000009F;R_ToneVol@KEY.asm
0x0000E951;Hold_Key@KEY.asm
0x0000E9AB;Enable_NewKey@KEY.asm
0x0000EA1E;Enable_ModeKey@KEY.asm
0x0000EA33;Change_TimeMode@KEY.asm
0x0000EA39;change_alarmMode@KEY.asm
0x0000EA3F;change_DateMode@KEY.asm
0x0000EA45;Save_CurrentSet@KEY.asm
0x0000EA51;Enable_SetKey@KEY.asm
0x0000EA58;Check_CFMode@KEY.asm
0x0000EA61;enable_set_function@KEY.asm
0x0000EA7A;enable_set_timemode@KEY.asm
0x0000EA81;enable_set_alarmmode@KEY.asm
0x0000EA88;enable_set_Datemode@KEY.asm
0x0000EA8F;Enable_longSetKey@KEY.asm
0x0000EA92;finish_set_function@KEY.asm
0x0000EA99;Enable_UpKey@KEY.asm
0x0000EABE;Add_1224Mode@KEY.asm
0x0000EAFD;Add_Year@KEY.asm
0x0000EB03;Add_Month@KEY.asm
0x0000EB06;L_MAXWEEK@KEY.asm
0x0000EB0C;Add_AlmHour@KEY.asm
0x0000EB13;Add_AlmMin@KEY.asm
0x0000EB1A;Up_NoSet@KEY.asm
0x0000EB2F;Cut_Temp@KEY.asm
0x0000EB6C;Check_AlmOff@KEY.asm
0x0000EBA2;Enable_LongUpKey@KEY.asm
0x0000EBA8;Enable_DownKey@KEY.asm
0x0000EC7D;HasDC_LED@KEY.asm
0x0000EC7F;HasDC_LED_1@KEY.asm
0x0000EC9B;VolumeMap@KEY.asm
0x0000ECC7;Check_1224Mode@KEY.asm
0x0000ECDB;F_EnKeyTone@KEY.asm
0x0000ECE7;L_Loop@KEY.asm
0x0000ED26;F_UpdateKey@KEY.asm
0x0000ED32;F_UpdateKey2@KEY.asm
0x0000ED48;F_Check_Temp@KEY.asm
0x0000ED60;Check_SetBackTime@KEY.asm
0x00000001;GPL813P01Cx@GPL813x.inc
0x00000001;GPL813X_Body_inc@GPL813x.inc
0x00000000;GPL813P01Ax@GPL813x.inc
0x00000000;GPL813P01Bx@GPL813x.inc
0x00000001;GPL813X@GPL813x.inc
0x00000000;P_IO_PortA_Dir@GPL813x.inc
0x00000002;P_IO_PortA_Data@GPL813x.inc
0x00000010;P_IO_PortB_Dir@GPL813x.inc
0x00000012;P_IO_PortB_Data@GPL813x.inc
0x00000014;P_IO_PortB_Attrib@GPL813x.inc
0x00000001;P_IO_PortC_Dir@GPL813x.inc
0x00000005;P_IO_PortC_Data@GPL813x.inc
0x00000003;P_IO_PortE_Data@GPL813x.inc
0x00000004;P_IO_PortE_DataLatch@GPL813x.inc
0x00000006;P_IO_Ctrl@GPL813x.inc
0x0000000B;P_IO_PortE_Dir@GPL813x.inc
0x00000015;P_IO_PortD_Attrib@GPL813x.inc
0x00000011;P_IO_PortD_Dir@GPL813x.inc
0x00000013;P_IO_PortD_Data@GPL813x.inc
0x00000008;P_WAKEUP_Ctrl@GPL813x.inc
0x00000020;D_WakeupTimer1@GPL813x.inc
0x00000010;D_WakeupTimer0@GPL813x.inc
0x00000008;D_WakeupTMBB@GPL813x.inc
0x00000004;D_Wakeup128Hz@GPL813x.inc
0x00000002;D_WakeupTMBA@GPL813x.inc
0x00000001;D_WakeupKey@GPL813x.inc
0x00000009;P_SYSTEM_Ctrl@GPL813x.inc
0x0000000A;P_TIMER_TimeBase_Sel@GPL813x.inc
0x00000022;P_TIMER_Timer0_Ctrl@GPL813x.inc
0x00000080;D_TimerEn@GPL813x.inc
0x00000000;D_TimerRiseEdge@GPL813x.inc
0x00000040;D_TimerFallEdge@GPL813x.inc
0x00000000;D_TimerSrcExtA@GPL813x.inc
0x00000020;D_TimerSrcExtA2@GPL813x.inc
0x00000000;D_TimerSrcA_HF@GPL813x.inc
0x00000001;D_TimerSrcA_HFDIV@GPL813x.inc
0x00000002;D_TimerSrcA_EXT@GPL813x.inc
0x00000003;D_TimerSrcA_VDD@GPL813x.inc
0x00000000;D_TimerSrcB_LF@GPL813x.inc
0x00000004;D_TimerSrcB_TMX@GPL813x.inc
0x00000008;D_TimerSrcB_EXTA@GPL813x.inc
0x0000000C;D_TimerSrcB_VDD@GPL813x.inc
0x00000020;P_TIMER_TM0Data_LB@GPL813x.inc
0x00000021;P_TIMER_TM0Data_HB@GPL813x.inc
0x00000023;P_TIMER_TM0Load_Ctrl@GPL813x.inc
0x00000025;P_TIMER_TM1Data@GPL813x.inc
0x00000026;P_TIMER_Timer1_Ctrl@GPL813x.inc
0x00000080;D_Timer1En@GPL813x.inc
0x00000000;D_Timer1_LSCK@GPL813x.inc
0x00000001;D_Timer1_TMBB@GPL813x.inc
0x00000002;D_Timer1_HSCK@GPL813x.inc
0x00000003;D_Timer1_HFDIV@GPL813x.inc
0x00000027;P_TIMER_TM1Load_Ctrl@GPL813x.inc
0x00000018;P_CLK_CPU_Ctrl@GPL813x.inc
0x000000E0;D_RCHF_Msk@GPL813x.inc
0x00000000;D_RCHF225K@GPL813x.inc
0x00000040;D_RCHF500K@GPL813x.inc
0x00000080;D_RCHF1800K@GPL813x.inc
0x000000C0;D_RCHF1000K@GPL813x.inc
0x00000020;D_RCHF4000K@GPL813x.inc
0x00000007;D_CPU_Msk@GPL813x.inc
0x00000000;D_CPU_HF@GPL813x.inc
0x00000001;D_CPU_HF2@GPL813x.inc
0x00000002;D_CPU_HF4@GPL813x.inc
0x00000003;D_CPU_HF8@GPL813x.inc
0x00000004;D_CPU_HF16@GPL813x.inc
0x0000001A;P_CLK_HFDIV_Ctrl@GPL813x.inc
0x0000000C;P_CLK_32768_En@GPL813x.inc
0x00000000;D_LFEnable@GPL813x.inc
0x00000080;D_LFDisable@GPL813x.inc
0x00000004;D_X32K_WEAK@GPL813x.inc
0x00000002;D_X32K_STRO@GPL813x.inc
0x00000001;D_CAP_EN@GPL813x.inc
0x00000000;D_CAP_DIS@GPL813x.inc
0x0000000D;P_INT_Ctrl@GPL813x.inc
0x000000FF;D_IntMask@GPL813x.inc
0x00000080;D_Ext2Int@GPL813x.inc
0x00000040;D_LvdInt@GPL813x.inc
0x00000020;D_Timer0Int@GPL813x.inc
0x00000010;D_TMBBInt@GPL813x.inc
0x00000008;D_TMBAInt@GPL813x.inc
0x00000004;D_128HzInt@GPL813x.inc
0x00000002;D_2KHzInt@GPL813x.inc
0x00000001;D_ExtInt@GPL813x.inc
0x00000041;P_INT_2KHz_Clear@GPL813x.inc
0x00000042;P_INT_128Hz_Clear@GPL813x.inc
0x00000043;P_INT_TimeBaseA_Clear@GPL813x.inc
0x00000044;P_INT_TimeBaseB_Clear@GPL813x.inc
0x00000045;P_INT_Timer0_Clear@GPL813x.inc
0x00000040;P_INT_Ext_Clear@GPL813x.inc
0x0000002D;P_INT_Ctrl2@GPL813x.inc
0x00000003;D_Int2Mask@GPL813x.inc
0x00000001;D_Timer1Int@GPL813x.inc
0x00000047;P_INT_Ext2_Clear@GPL813x.inc
0x00000048;P_INT_Timer1_Clear@GPL813x.inc
0x00000007;P_LCD_Ctrl@GPL813x.inc
0x000000FD;D_LcdConfigMask@GPL813x.inc
0x00000088;D_Duty_1_8@GPL813x.inc
0x000000C8;D_Duty_1_6@GPL813x.inc
0x00000004;D_Duty_1_5@GPL813x.inc
0x00000044;D_Duty_1_4@GPL813x.inc
0x00000084;D_Duty_1_3@GPL813x.inc
0x00000000;D_Bias_1_4@GPL813x.inc
0x00000020;D_Bias_1_3@GPL813x.inc
0x00000010;D_Bias_1_2@GPL813x.inc
0x00000001;D_ScanEnable@GPL813x.inc
0x00000019;P_LCD_VLCD_Ctrl@GPL813x.inc
0x00000030;D_Halt_Normal@GPL813x.inc
0x00000020;D_Halt_Green@GPL813x.inc
0x00000000;D_VLCD_28@GPL813x.inc
0x00000001;D_VLCD_30@GPL813x.inc
0x00000002;D_VLCD_33@GPL813x.inc
0x00000003;D_VLCD_VDD@GPL813x.inc
0x0000000F;P_WDT_Flag_Clear@GPL813x.inc
0x0000000E;P_Reset_Status@GPL813x.inc
0x00000001;D_FlagC@GPL813x.inc
0x00000002;D_FlagON@GPL813x.inc
0x00000016;P_AUDIO_BZ_Ctrl@GPL813x.inc
0x00000080;D_C32KOUT@GPL813x.inc
0x00000002;D_Buzzer1@GPL813x.inc
0x00000001;D_Buzzer0@GPL813x.inc
0x0000001B;P_LVD_Ctrl@GPL813x.inc
0x00000001;D_LVD_State@GPL813x.inc
0x00000000;D_LVD_22@GPL813x.inc
0x00000040;D_LVD_24@GPL813x.inc
0x00000081;D_LVD_27@GPL813x.inc
0x000000C1;D_LVD_33@GPL813x.inc
0x00000046;P_INT_LVD_Clear@GPL813x.inc
0x00000017;P_RFC_Ctrl@GPL813x.inc
0x00000080;D_EXT1EDG@GPL813x.inc
0x00000040;D_EXT2EDG@GPL813x.inc
0x00000001;D_RFCEN@GPL813x.inc
0x00003030;P_PWMIO_Ctrl@GPL813x.inc
0x00003032;P_PWMIO_IO0_DUTY@GPL813x.inc
0x00003033;P_PWMIO_IO1_DUTY@GPL813x.inc
0x00003034;P_PWMIO_IO2_DUTY@GPL813x.inc
0x00003035;P_PWMIO_IO3_DUTY@GPL813x.inc
0x0000E000;D_Bank0UserRomStartAddr@GPL813x.inc
0x0000FFDF;D_Bank0UserRomEndAddr@GPL813x.inc
0x0000FFFC;D_NMIandResetVectorStartAddr@GPL813x.inc
0x0000FFFF;D_NMIandResetVectorEndAddr@GPL813x.inc
0x00000080;C_SramAddrStart@Macro.inc
0x000000FF;C_SramAddrEnd@Macro.inc
0x00003E00;C_DPRAMAddrStart@Macro.inc
0x00003FFF;C_DPRAMAddrEnd@Macro.inc
0x00000001;D_Bit0@Macro.inc
0x00000002;D_Bit1@Macro.inc
0x00000004;D_Bit2@Macro.inc
0x00000008;D_Bit3@Macro.inc
0x00000010;D_Bit4@Macro.inc
0x00000020;D_Bit5@Macro.inc
0x00000040;D_Bit6@Macro.inc
0x00000080;D_Bit7@Macro.inc
0x00000001;C_High@Macro.inc
0x00000000;C_Input@Macro.inc
0x00000001;C_PC0Dir@Macro.inc
0x00000002;C_PC1Dir@Macro.inc
0x00000004;C_PC2Dir@Macro.inc
0x00000008;C_PC3Dir@Macro.inc
0x00000040;C_PC6Dir@Macro.inc
0x00000080;C_PC7Dir@Macro.inc
0x00000004;D_BLight@Macro.inc
0x00000008;D_Pulse@Macro.inc
0x00000020;D_LVD@Macro.inc
0x00000015;C_MusicOne@Macro.inc
0x00000016;C_MusicAll@Macro.inc
0x00000017;C_MusicStop@Macro.inc
0x0000001F;C_MinVol@Macro.inc
0x0000002D;C_MaxVol@Macro.inc
0x00000002;D_SetConver@KEY.inc
0x00000004;D_SetTimeHour@KEY.inc
0x00000008;D_SetTimeMin@KEY.inc
0x00000010;D_SetTimeMax@KEY.inc
0x00000002;D_SetAlarmHour@KEY.inc
0x00000004;D_SetAlarmMin@KEY.inc
0x00000008;D_SetAlarmMax@KEY.inc
0x00000002;D_SetDateYear@KEY.inc
0x00000004;D_SetDateMonth@KEY.inc
0x00000008;D_SetDateDay@KEY.inc
0x00000010;D_SetDateMax@KEY.inc
0x00000002;D_SetHour@KEY.inc
0x00000004;D_SetMin@KEY.inc
0x00000008;D_SetMax@KEY.inc
0x00000001;D_KeyTone@KEY.inc
0x00000002;D_EnableFastAdd@KEY.inc
0x00000004;D_EnableAlarm@KEY.inc
0x00000008;D_EnableSnooze@KEY.inc
0x00000010;D_KeyRelDis@KEY.inc
0x00000020;D_ToneOn@KEY.inc
0x00000040;D_Alarming@KEY.inc
0x00000080;D_24Mode@KEY.inc
0x00000008;D_LED_ON@KEY.inc
0x0000000A;D_5SecBL@KEY.inc
0x00000004;D_2SecBL@KEY.inc
0x00000008;D_KeySet@KEY.inc
0x00000004;D_KeyMode@KEY.inc
0x00000002;D_KeyDown@KEY.inc
0x00000001;D_KeyUp@KEY.inc
0x00000002;C_KeyDebounce@KEY.inc
0x00000028;C_Sleep20Sec@KEY.inc
0x000000FF;C_LongKey2Sec@KEY.inc
0x00000018;C_FastAdd@KEY.inc
0x00000001;D_TimeFlag@KEY.inc
0x00000002;D_Timering_Short@KEY.inc
0x00000004;D_NoKeyTone@KEY.inc
0x00000008;D_DC@KEY.inc
0x00000010;D_EnableSnooze1@KEY.inc
0x00000040;HalfSecToggle@RTC.inc
0x00000020;AddSecondOnly@RTC.inc
0x00000010;AddOthers@RTC.inc
0x00000001;C_SnoozeTime1min@Alarm.inc
0x00000004;C_SnoozeTime4min@Alarm.inc
0x00000004;C_ZzCnt@Alarm.inc
0x00000001;D_ToneDIS@Alarm.inc
0x00000040;D_TempHH@Alarm.inc
0x00000020;D_TempLL@Alarm.inc
0x00000010;D_Neg@Alarm.inc
0x00000008;D_TF@Alarm.inc
0x00000004;D_HumHH@Alarm.inc
0x00000002;D_HumLL@Alarm.inc
0x00000001;D_MaxTemp@Alarm.inc
0x00000002;D_MinTemp@Alarm.inc
0x00000001;D_TempF@RFC.inc
0x00000002;D_TempError@RFC.inc
0x00000004;D_TempFReg@RFC.inc
0x00000080;D_WithRTRH@RFC.inc
0x00000040;D_Moon14Level@RFC.inc
0x00000000;D_RFC_ScanIdle@RFC.inc
0x00000001;D_RFC_ScanRef@RFC.inc
0x00000002;D_RFC_ScanSen1@RFC.inc
0x00000003;D_RFC_ScanSen2@RFC.inc
0x00000004;D_RfcStatCalc@RFC.inc
0x00000080;D_RFC_Enable@RFC.inc
0x00000040;D_Cal_ready@RFC.inc
0x00000020;D_Cal_RHing@RFC.inc
0x00000001;D_TimeMode@LCD_Display.asm
0x00000002;D_AlarmMode@LCD_Display.asm
0x00000004;D_DateMode@LCD_Display.asm
0x0000ED8F;F_ShowAllLCD@LCD_Display.asm
0x0000ED93;L_Set_Loop@LCD_Display.asm
0x0000ED9B;F_LcdDisplayDigital@LCD_Display.asm
0x0000EDAD;F_LcdDisplay7Char@LCD_Display.asm
0x0000EDB8;L_LcdDisplay8Icon@LCD_Display.asm
0x0000EDCE;L_DirectSaveSegmentValue@LCD_Display.asm
0x0000EDDD;L_ClearSegment@LCD_Display.asm
0x0000EDE3;L_UpdateSegment@LCD_Display.asm
0x0000EDF2;Display_OneBit@LCD_Display.asm
0x0000EE06;NoDisplay_OneBit@LCD_Display.asm
0x00000000;LCD_Emulator@LCD_Display.asm
0x00000004;com0@LCD_Display.asm
0x00000003;com1@LCD_Display.asm
0x00000002;com2@LCD_Display.asm
0x00000001;com3@LCD_Display.asm
0x00000000;com4@LCD_Display.asm
0x00000000;seg00@LCD_Display.asm
0x00000001;seg01@LCD_Display.asm
0x00000002;seg02@LCD_Display.asm
0x00000003;seg03@LCD_Display.asm
0x00000004;seg04@LCD_Display.asm
0x00000005;seg05@LCD_Display.asm
0x00000006;seg06@LCD_Display.asm
0x00000007;seg07@LCD_Display.asm
0x00000008;seg08@LCD_Display.asm
0x0000000A;seg09@LCD_Display.asm
0x0000000B;seg10@LCD_Display.asm
0x0000000C;seg11@LCD_Display.asm
0x0000000D;seg12@LCD_Display.asm
0x0000000E;seg13@LCD_Display.asm
0x0000000F;seg14@LCD_Display.asm
0x00000010;seg15@LCD_Display.asm
0x00000011;seg16@LCD_Display.asm
0x00000012;seg17@LCD_Display.asm
0x00000013;seg18@LCD_Display.asm
0x00000014;seg19@LCD_Display.asm
0x00000015;seg20@LCD_Display.asm
0x00000016;seg21@LCD_Display.asm
0x00000017;seg22@LCD_Display.asm
0x0000001E;seg23@LCD_Display.asm
0x0000001F;seg24@LCD_Display.asm
0x00000023;seg25@LCD_Display.asm
0x000000A2;R_LcdTableIndex@LCD_Display.asm
0x000000A3;R_Display_Number@LCD_Display.asm
0x000000A4;R_LcdSegmentPosition@LCD_Display.asm
0x000000A5;R_Display7Times@LCD_Display.asm
0x0000EE3F;T_WeekTable@LCD_Display.asm
0x0000EE77;T_ALMTab@LCD_Display.asm
0x00000000;T_HoH@LCD_Display.asm
0x0000000E;T_HoL@LCD_Display.asm
0x0000001C;T_MiH@LCD_Display.asm
0x0000002A;T_MiL@LCD_Display.asm
0x00000038;T_MoL@LCD_Display.asm
0x00000046;T_DaH@LCD_Display.asm
0x00000054;T_DaL@LCD_Display.asm
0x00000062;T_TeM@LCD_Display.asm
0x00000070;T_TeL@LCD_Display.asm
0x0000007E;T_HuM@LCD_Display.asm
0x0000008C;T_HuL@LCD_Display.asm
0x0000009A;T_We1@LCD_Display.asm
0x000000A8;T_We2@LCD_Display.asm
0x000000B6;T_We3@LCD_Display.asm
0x000000C4;T_We4@LCD_Display.asm
0x000000D2;T_We5@LCD_Display.asm
0x00000000;T_Col@LCD_Display.asm
0x00000002;T_AM@LCD_Display.asm
0x00000004;T_PM@LCD_Display.asm
0x00000006;T_MD@LCD_Display.asm
0x00000008;T_Day@LCD_Display.asm
0x0000000A;T_MoHIcon@LCD_Display.asm
0x0000000C;T_Alarm@LCD_Display.asm
0x0000000E;T_Zz@LCD_Display.asm
0x00000010;T_C@LCD_Display.asm
0x00000012;T_F@LCD_Display.asm
0x00000014;T_TeDe@LCD_Display.asm
0x00000016;T_TeH@LCD_Display.asm
0x00000018;T_TeReg@LCD_Display.asm
0x0000001A;T_Percent@LCD_Display.asm
0x0000001C;T_Dueat@LCD_Display.asm
0x0000001E;T_Cloud@LCD_Display.asm
0x00000020;T_Sun@LCD_Display.asm
0x00000022;T_rain@LCD_Display.asm
0x00000024;T_Max@LCD_Display.asm
0x00000026;T_Min@LCD_Display.asm
0x00000028;T_Calendar@LCD_Display.asm
0x0000EF91;Disp_Mode_Check@LCD_Display.asm
0x0000EF94;update_all_display@LCD_Display.asm
0x0000EFA6;Disp_TimeMode@LCD_Display.asm
0x0000EFBF;update_all_time_display@LCD_Display.asm
0x0000EFED;Disp_Time_Normal@LCD_Display.asm
0x0000EFF9;only_display_colon@LCD_Display.asm
0x0000EFFE;only_nodisplay_colon@LCD_Display.asm
0x0000F003;Disp_AlarmMode@LCD_Display.asm
0x0000F00E;update_all_alarm_display@LCD_Display.asm
0x0000F03E;Disp_DateMode@LCD_Display.asm
0x0000F046;update_all_Date_display@LCD_Display.asm
0x0000F07A;Display_LingZz@LCD_Display.asm
0x0000F0BF;Display_TimeFlag@LCD_Display.asm
0x0000F0D0;Display_NoZz@LCD_Display.asm
0x0000F0D5;L_Display12_24@LCD_Display.asm
0x0000F124;L_flash_display@LCD_Display.asm
0x0000F13C;Flash_Time@LCD_Display.asm
0x0000F173;Flash_Alarm@LCD_Display.asm
0x0000F1A0;Flash_Date@LCD_Display.asm
0x0000F1D7;Display_Year@LCD_Display.asm
0x0000F1DF;L_DisplayYearCom_H@LCD_Display.asm
0x0000F1F1;L_DisplayYearCom@LCD_Display.asm
0x0000F200;L_NoDisplayYear@LCD_Display.asm
0x0000F206;Display_Month@LCD_Display.asm
0x0000F21E;L_NoDisplayMonthH@LCD_Display.asm
0x0000F220;L_DisplayMonthCom@LCD_Display.asm
0x0000F22A;L_NoDisplayMonth@LCD_Display.asm
0x0000F22F;Display_Day@LCD_Display.asm
0x0000F232;L_DisplayDayCom@LCD_Display.asm
0x0000F239;L_DisplayDayH@LCD_Display.asm
0x0000F245;L_NoDisplayDay@LCD_Display.asm
0x0000F24A;Display_Week@LCD_Display.asm
0x0000F28C;L_NoDisplayWeek@LCD_Display.asm
0x0000F2AF;Display_ALM@LCD_Display.asm
0x0000F2EC;L_NoDisplayConver@LCD_Display.asm
0x0000F2F6;T_24To12Table@LCD_Display.asm
0x0000F31A;L_DisplayHour@LCD_Display.asm
0x0000F329;L_DisplayAM@LCD_Display.asm
0x0000F336;L_DisplayPM@LCD_Display.asm
0x0000F340;L_Display12ModeHour@LCD_Display.asm
0x0000F34D;L_Display24ModeHour@LCD_Display.asm
0x0000F352;L_DisplayFirstTwo@LCD_Display.asm
0x0000F359;L_EnableDisplayHourBit@LCD_Display.asm
0x0000F365;L_NoDisplayHour@LCD_Display.asm
0x0000F36A;Display_TimeHour@LCD_Display.asm
0x0000F370;Display_AlarmHour@LCD_Display.asm
0x0000F376;L_DisplayMinute@LCD_Display.asm
0x0000F376;L_DisplayBackTwo@LCD_Display.asm
0x0000F385;L_NoDisplayMinute@LCD_Display.asm
0x0000F38A;Display_TimeMinute@LCD_Display.asm
0x0000F390;Display_AlarmMinute@LCD_Display.asm
0x0000F3E2;Display_Hum@LCD_Display.asm
0x0000F42C;Display_Weather@LCD_Display.asm
0x0000F494;Display_Temp@LCD_Display.asm
0x0000F4AF;Display_Temp_Value@LCD_Display.asm
0x0000F507;L_DisplayTemp@LCD_Display.asm
0x0000F51A;Display_TempMax_Value@LCD_Display.asm
0x0000F56C;Display_TempHH@LCD_Display.asm
0x0000F576;Display_TempHH_F@LCD_Display.asm
0x0000F580;Display_TempLL_F@LCD_Display.asm
0x0000F580;Display_TempLL@LCD_Display.asm
0x0000F58F;Display_TempMin_Value@LCD_Display.asm
0x0000F5E7;Display_TempF_Value@LCD_Display.asm
0x0000F628;Display_MaxTempF_Value@LCD_Display.asm
0x0000F669;Display_MinTempF_Value@LCD_Display.asm
0x0000F6AA;Display_Temp_C@LCD_Display.asm
0x0000F6B9;Display_Temp_F@LCD_Display.asm
0x00000001;GPL813P01Cx@GPL813x.inc
0x00000001;GPL813X_Body_inc@GPL813x.inc
0x00000000;GPL813P01Ax@GPL813x.inc
0x00000000;GPL813P01Bx@GPL813x.inc
0x00000001;GPL813X@GPL813x.inc
0x00000000;P_IO_PortA_Dir@GPL813x.inc
0x00000002;P_IO_PortA_Data@GPL813x.inc
0x00000010;P_IO_PortB_Dir@GPL813x.inc
0x00000012;P_IO_PortB_Data@GPL813x.inc
0x00000014;P_IO_PortB_Attrib@GPL813x.inc
0x00000001;P_IO_PortC_Dir@GPL813x.inc
0x00000005;P_IO_PortC_Data@GPL813x.inc
0x00000003;P_IO_PortE_Data@GPL813x.inc
0x00000004;P_IO_PortE_DataLatch@GPL813x.inc
0x00000006;P_IO_Ctrl@GPL813x.inc
0x0000000B;P_IO_PortE_Dir@GPL813x.inc
0x00000015;P_IO_PortD_Attrib@GPL813x.inc
0x00000011;P_IO_PortD_Dir@GPL813x.inc
0x00000013;P_IO_PortD_Data@GPL813x.inc
0x00000008;P_WAKEUP_Ctrl@GPL813x.inc
0x00000020;D_WakeupTimer1@GPL813x.inc
0x00000010;D_WakeupTimer0@GPL813x.inc
0x00000008;D_WakeupTMBB@GPL813x.inc
0x00000004;D_Wakeup128Hz@GPL813x.inc
0x00000002;D_WakeupTMBA@GPL813x.inc
0x00000001;D_WakeupKey@GPL813x.inc
0x00000009;P_SYSTEM_Ctrl@GPL813x.inc
0x0000000A;P_TIMER_TimeBase_Sel@GPL813x.inc
0x00000022;P_TIMER_Timer0_Ctrl@GPL813x.inc
0x00000080;D_TimerEn@GPL813x.inc
0x00000000;D_TimerRiseEdge@GPL813x.inc
0x00000040;D_TimerFallEdge@GPL813x.inc
0x00000000;D_TimerSrcExtA@GPL813x.inc
0x00000020;D_TimerSrcExtA2@GPL813x.inc
0x00000000;D_TimerSrcA_HF@GPL813x.inc
0x00000001;D_TimerSrcA_HFDIV@GPL813x.inc
0x00000002;D_TimerSrcA_EXT@GPL813x.inc
0x00000003;D_TimerSrcA_VDD@GPL813x.inc
0x00000000;D_TimerSrcB_LF@GPL813x.inc
0x00000004;D_TimerSrcB_TMX@GPL813x.inc
0x00000008;D_TimerSrcB_EXTA@GPL813x.inc
0x0000000C;D_TimerSrcB_VDD@GPL813x.inc
0x00000020;P_TIMER_TM0Data_LB@GPL813x.inc
0x00000021;P_TIMER_TM0Data_HB@GPL813x.inc
0x00000023;P_TIMER_TM0Load_Ctrl@GPL813x.inc
0x00000025;P_TIMER_TM1Data@GPL813x.inc
0x00000026;P_TIMER_Timer1_Ctrl@GPL813x.inc
0x00000080;D_Timer1En@GPL813x.inc
0x00000000;D_Timer1_LSCK@GPL813x.inc
0x00000001;D_Timer1_TMBB@GPL813x.inc
0x00000002;D_Timer1_HSCK@GPL813x.inc
0x00000003;D_Timer1_HFDIV@GPL813x.inc
0x00000027;P_TIMER_TM1Load_Ctrl@GPL813x.inc
0x00000018;P_CLK_CPU_Ctrl@GPL813x.inc
0x000000E0;D_RCHF_Msk@GPL813x.inc
0x00000000;D_RCHF225K@GPL813x.inc
0x00000040;D_RCHF500K@GPL813x.inc
0x00000080;D_RCHF1800K@GPL813x.inc
0x000000C0;D_RCHF1000K@GPL813x.inc
0x00000020;D_RCHF4000K@GPL813x.inc
0x00000007;D_CPU_Msk@GPL813x.inc
0x00000000;D_CPU_HF@GPL813x.inc
0x00000001;D_CPU_HF2@GPL813x.inc
0x00000002;D_CPU_HF4@GPL813x.inc
0x00000003;D_CPU_HF8@GPL813x.inc
0x00000004;D_CPU_HF16@GPL813x.inc
0x0000001A;P_CLK_HFDIV_Ctrl@GPL813x.inc
0x0000000C;P_CLK_32768_En@GPL813x.inc
0x00000000;D_LFEnable@GPL813x.inc
0x00000080;D_LFDisable@GPL813x.inc
0x00000004;D_X32K_WEAK@GPL813x.inc
0x00000002;D_X32K_STRO@GPL813x.inc
0x00000001;D_CAP_EN@GPL813x.inc
0x00000000;D_CAP_DIS@GPL813x.inc
0x0000000D;P_INT_Ctrl@GPL813x.inc
0x000000FF;D_IntMask@GPL813x.inc
0x00000080;D_Ext2Int@GPL813x.inc
0x00000040;D_LvdInt@GPL813x.inc
0x00000020;D_Timer0Int@GPL813x.inc
0x00000010;D_TMBBInt@GPL813x.inc
0x00000008;D_TMBAInt@GPL813x.inc
0x00000004;D_128HzInt@GPL813x.inc
0x00000002;D_2KHzInt@GPL813x.inc
0x00000001;D_ExtInt@GPL813x.inc
0x00000041;P_INT_2KHz_Clear@GPL813x.inc
0x00000042;P_INT_128Hz_Clear@GPL813x.inc
0x00000043;P_INT_TimeBaseA_Clear@GPL813x.inc
0x00000044;P_INT_TimeBaseB_Clear@GPL813x.inc
0x00000045;P_INT_Timer0_Clear@GPL813x.inc
0x00000040;P_INT_Ext_Clear@GPL813x.inc
0x0000002D;P_INT_Ctrl2@GPL813x.inc
0x00000003;D_Int2Mask@GPL813x.inc
0x00000001;D_Timer1Int@GPL813x.inc
0x00000047;P_INT_Ext2_Clear@GPL813x.inc
0x00000048;P_INT_Timer1_Clear@GPL813x.inc
0x00000007;P_LCD_Ctrl@GPL813x.inc
0x000000FD;D_LcdConfigMask@GPL813x.inc
0x00000088;D_Duty_1_8@GPL813x.inc
0x000000C8;D_Duty_1_6@GPL813x.inc
0x00000004;D_Duty_1_5@GPL813x.inc
0x00000044;D_Duty_1_4@GPL813x.inc
0x00000084;D_Duty_1_3@GPL813x.inc
0x00000000;D_Bias_1_4@GPL813x.inc
0x00000020;D_Bias_1_3@GPL813x.inc
0x00000010;D_Bias_1_2@GPL813x.inc
0x00000001;D_ScanEnable@GPL813x.inc
0x00000019;P_LCD_VLCD_Ctrl@GPL813x.inc
0x00000030;D_Halt_Normal@GPL813x.inc
0x00000020;D_Halt_Green@GPL813x.inc
0x00000000;D_VLCD_28@GPL813x.inc
0x00000001;D_VLCD_30@GPL813x.inc
0x00000002;D_VLCD_33@GPL813x.inc
0x00000003;D_VLCD_VDD@GPL813x.inc
0x0000000F;P_WDT_Flag_Clear@GPL813x.inc
0x0000000E;P_Reset_Status@GPL813x.inc
0x00000001;D_FlagC@GPL813x.inc
0x00000002;D_FlagON@GPL813x.inc
0x00000016;P_AUDIO_BZ_Ctrl@GPL813x.inc
0x00000080;D_C32KOUT@GPL813x.inc
0x00000002;D_Buzzer1@GPL813x.inc
0x00000001;D_Buzzer0@GPL813x.inc
0x0000001B;P_LVD_Ctrl@GPL813x.inc
0x00000001;D_LVD_State@GPL813x.inc
0x00000000;D_LVD_22@GPL813x.inc
0x00000040;D_LVD_24@GPL813x.inc
0x00000081;D_LVD_27@GPL813x.inc
0x000000C1;D_LVD_33@GPL813x.inc
0x00000046;P_INT_LVD_Clear@GPL813x.inc
0x00000017;P_RFC_Ctrl@GPL813x.inc
0x00000080;D_EXT1EDG@GPL813x.inc
0x00000040;D_EXT2EDG@GPL813x.inc
0x00000001;D_RFCEN@GPL813x.inc
0x00003030;P_PWMIO_Ctrl@GPL813x.inc
0x00003032;P_PWMIO_IO0_DUTY@GPL813x.inc
0x00003033;P_PWMIO_IO1_DUTY@GPL813x.inc
0x00003034;P_PWMIO_IO2_DUTY@GPL813x.inc
0x00003035;P_PWMIO_IO3_DUTY@GPL813x.inc
0x0000E000;D_Bank0UserRomStartAddr@GPL813x.inc
0x0000FFDF;D_Bank0UserRomEndAddr@GPL813x.inc
0x0000FFFC;D_NMIandResetVectorStartAddr@GPL813x.inc
0x0000FFFF;D_NMIandResetVectorEndAddr@GPL813x.inc
0x00000080;C_SramAddrStart@Macro.inc
0x000000FF;C_SramAddrEnd@Macro.inc
0x00003E00;C_DPRAMAddrStart@Macro.inc
0x00003FFF;C_DPRAMAddrEnd@Macro.inc
0x00000001;D_Bit0@Macro.inc
0x00000002;D_Bit1@Macro.inc
0x00000004;D_Bit2@Macro.inc
0x00000008;D_Bit3@Macro.inc
0x00000010;D_Bit4@Macro.inc
0x00000020;D_Bit5@Macro.inc
0x00000040;D_Bit6@Macro.inc
0x00000080;D_Bit7@Macro.inc
0x00000001;C_High@Macro.inc
0x00000000;C_Input@Macro.inc
0x00000001;C_PC0Dir@Macro.inc
0x00000002;C_PC1Dir@Macro.inc
0x00000004;C_PC2Dir@Macro.inc
0x00000008;C_PC3Dir@Macro.inc
0x00000040;C_PC6Dir@Macro.inc
0x00000080;C_PC7Dir@Macro.inc
0x00000004;D_BLight@Macro.inc
0x00000008;D_Pulse@Macro.inc
0x00000020;D_LVD@Macro.inc
0x00000015;C_MusicOne@Macro.inc
0x00000016;C_MusicAll@Macro.inc
0x00000017;C_MusicStop@Macro.inc
0x0000001F;C_MinVol@Macro.inc
0x0000002D;C_MaxVol@Macro.inc
0x00000002;D_SetConver@KEY.inc
0x00000004;D_SetTimeHour@KEY.inc
0x00000008;D_SetTimeMin@KEY.inc
0x00000010;D_SetTimeMax@KEY.inc
0x00000002;D_SetAlarmHour@KEY.inc
0x00000004;D_SetAlarmMin@KEY.inc
0x00000008;D_SetAlarmMax@KEY.inc
0x00000002;D_SetDateYear@KEY.inc
0x00000004;D_SetDateMonth@KEY.inc
0x00000008;D_SetDateDay@KEY.inc
0x00000010;D_SetDateMax@KEY.inc
0x00000002;D_SetHour@KEY.inc
0x00000004;D_SetMin@KEY.inc
0x00000008;D_SetMax@KEY.inc
0x00000001;D_KeyTone@KEY.inc
0x00000002;D_EnableFastAdd@KEY.inc
0x00000004;D_EnableAlarm@KEY.inc
0x00000008;D_EnableSnooze@KEY.inc
0x00000010;D_KeyRelDis@KEY.inc
0x00000020;D_ToneOn@KEY.inc
0x00000040;D_Alarming@KEY.inc
0x00000080;D_24Mode@KEY.inc
0x00000008;D_LED_ON@KEY.inc
0x0000000A;D_5SecBL@KEY.inc
0x00000004;D_2SecBL@KEY.inc
0x00000008;D_KeySet@KEY.inc
0x00000004;D_KeyMode@KEY.inc
0x00000002;D_KeyDown@KEY.inc
0x00000001;D_KeyUp@KEY.inc
0x00000002;C_KeyDebounce@KEY.inc
0x00000028;C_Sleep20Sec@KEY.inc
0x000000FF;C_LongKey2Sec@KEY.inc
0x00000018;C_FastAdd@KEY.inc
0x00000001;D_TimeFlag@KEY.inc
0x00000002;D_Timering_Short@KEY.inc
0x00000004;D_NoKeyTone@KEY.inc
0x00000008;D_DC@KEY.inc
0x00000010;D_EnableSnooze1@KEY.inc
0x00000040;HalfSecToggle@RTC.inc
0x00000020;AddSecondOnly@RTC.inc
0x00000010;AddOthers@RTC.inc
0x00000001;D_TimeMode@LCD_Display.inc
0x00000002;D_AlarmMode@LCD_Display.inc
0x00000004;D_DateMode@LCD_Display.inc
0x000000A2;R_LcdTableIndex@LCD_Display.inc
0x000000A3;R_Display_Number@LCD_Display.inc
0x000000A4;R_LcdSegmentPosition@LCD_Display.inc
0x000000A5;R_Display7Times@LCD_Display.inc
0x00000001;D_TempF@RFC.inc
0x00000002;D_TempError@RFC.inc
0x00000004;D_TempFReg@RFC.inc
0x00000080;D_WithRTRH@RFC.inc
0x00000040;D_Moon14Level@RFC.inc
0x00000000;D_RFC_ScanIdle@RFC.inc
0x00000001;D_RFC_ScanRef@RFC.inc
0x00000002;D_RFC_ScanSen1@RFC.inc
0x00000003;D_RFC_ScanSen2@RFC.inc
0x00000004;D_RfcStatCalc@RFC.inc
0x00000080;D_RFC_Enable@RFC.inc
0x00000040;D_Cal_ready@RFC.inc
0x00000020;D_Cal_RHing@RFC.inc
0x000000A7;R_PlayALCnt@Alarm.asm
0x000000A9;R_PlayIndex@Alarm.asm
0x00000001;C_SnoozeTime1min@Alarm.asm
0x00000004;C_SnoozeTime4min@Alarm.asm
0x00000003;C_ZzCnt@Alarm.asm
0x00000001;D_ToneDIS@Alarm.asm
0x000000AF;R_DelayBat@Alarm.asm
0x000000B0;R_DetCnt@Alarm.asm
0x000000B1;R_DetCnt1@Alarm.asm
0x000000B2;R_RFCDelay@Alarm.asm
0x000000B7;R_HumMin_Sign@Alarm.asm
0x000000B8;R_HumMax_Sign@Alarm.asm
0x00000080;D_HumHH@Alarm.asm
0x00000040;D_TempHH@Alarm.asm
0x00000020;D_TempLL@Alarm.asm
0x00000010;D_Neg@Alarm.asm
0x00000008;D_TF@Alarm.asm
0x00000002;D_HumLL@Alarm.asm
0x00000001;D_MaxTemp@Alarm.asm
0x00000002;D_MinTemp@Alarm.asm
0x0000F724;L_LoadAlarming@Alarm.asm
0x0000F74B;F_CheckSnoozeAlarm@Alarm.asm
0x0000F770;CheckHalfSecToggle@Alarm.asm
0x0000F777;StartRFCDetection@Alarm.asm
0x0000F787;LoadTemperatureValue@Alarm.asm
0x0000F792;TemperatureIsPositive@Alarm.asm
0x0000F79B;ExitJudge@Alarm.asm
0x0000F7A8;ProcessTemperature@Alarm.asm
0x0000F7B1;ConvertTemperatureToBCD@Alarm.asm
0x0000F7CF;ConvertToFahrenheit@Alarm.asm
0x0000F7ED;ProcessHumidity@Alarm.asm
0x0000F7FB;F_Judge_HHLL@Alarm.asm
0x0000F807;F_Judge_TempHHLL@Alarm.asm
0x0000F827;F_Judge_HumHHLL@Alarm.asm
0x0000F843;UpdateExtremeValues@Alarm.asm
0x0000F849;UpdateTemperatureExtremes@Alarm.asm
0x0000F85B;UpdateTempMax@Alarm.asm
0x0000F877;CheckTempMin@Alarm.asm
0x0000F889;UpdateTempMin@Alarm.asm
0x0000F8A5;CurrentTempIsNeg@Alarm.asm
0x0000F8AE;CompareNegativeMax@Alarm.asm
0x0000F8B7;CurrentTempNegMin@Alarm.asm
0x0000F8C0;CompareNegativeMin@Alarm.asm
0x0000F8C9;ExitTempUpdate@Alarm.asm
0x0000F8CC;UpdateHumidityExtremes@Alarm.asm
0x0000F8DB;CheckHumMin@Alarm.asm
0x0000F8E9;ExitHumUpdate@Alarm.asm
0x0000F96D;F_Off_Alarming@Alarm.asm
0x0000F9B2;T_BuzOutput@Alarm.asm
0x00000001;GPL813P01Cx@GPL813x.inc
0x00000001;GPL813X_Body_inc@GPL813x.inc
0x00000000;GPL813P01Ax@GPL813x.inc
0x00000000;GPL813P01Bx@GPL813x.inc
0x00000001;GPL813X@GPL813x.inc
0x00000000;P_IO_PortA_Dir@GPL813x.inc
0x00000002;P_IO_PortA_Data@GPL813x.inc
0x00000010;P_IO_PortB_Dir@GPL813x.inc
0x00000012;P_IO_PortB_Data@GPL813x.inc
0x00000014;P_IO_PortB_Attrib@GPL813x.inc
0x00000001;P_IO_PortC_Dir@GPL813x.inc
0x00000005;P_IO_PortC_Data@GPL813x.inc
0x00000003;P_IO_PortE_Data@GPL813x.inc
0x00000004;P_IO_PortE_DataLatch@GPL813x.inc
0x00000006;P_IO_Ctrl@GPL813x.inc
0x0000000B;P_IO_PortE_Dir@GPL813x.inc
0x00000015;P_IO_PortD_Attrib@GPL813x.inc
0x00000011;P_IO_PortD_Dir@GPL813x.inc
0x00000013;P_IO_PortD_Data@GPL813x.inc
0x00000008;P_WAKEUP_Ctrl@GPL813x.inc
0x00000020;D_WakeupTimer1@GPL813x.inc
0x00000010;D_WakeupTimer0@GPL813x.inc
0x00000008;D_WakeupTMBB@GPL813x.inc
0x00000004;D_Wakeup128Hz@GPL813x.inc
0x00000002;D_WakeupTMBA@GPL813x.inc
0x00000001;D_WakeupKey@GPL813x.inc
0x00000009;P_SYSTEM_Ctrl@GPL813x.inc
0x0000000A;P_TIMER_TimeBase_Sel@GPL813x.inc
0x00000022;P_TIMER_Timer0_Ctrl@GPL813x.inc
0x00000080;D_TimerEn@GPL813x.inc
0x00000000;D_TimerRiseEdge@GPL813x.inc
0x00000040;D_TimerFallEdge@GPL813x.inc
0x00000000;D_TimerSrcExtA@GPL813x.inc
0x00000020;D_TimerSrcExtA2@GPL813x.inc
0x00000000;D_TimerSrcA_HF@GPL813x.inc
0x00000001;D_TimerSrcA_HFDIV@GPL813x.inc
0x00000002;D_TimerSrcA_EXT@GPL813x.inc
0x00000003;D_TimerSrcA_VDD@GPL813x.inc
0x00000000;D_TimerSrcB_LF@GPL813x.inc
0x00000004;D_TimerSrcB_TMX@GPL813x.inc
0x00000008;D_TimerSrcB_EXTA@GPL813x.inc
0x0000000C;D_TimerSrcB_VDD@GPL813x.inc
0x00000020;P_TIMER_TM0Data_LB@GPL813x.inc
0x00000021;P_TIMER_TM0Data_HB@GPL813x.inc
0x00000023;P_TIMER_TM0Load_Ctrl@GPL813x.inc
0x00000025;P_TIMER_TM1Data@GPL813x.inc
0x00000026;P_TIMER_Timer1_Ctrl@GPL813x.inc
0x00000080;D_Timer1En@GPL813x.inc
0x00000000;D_Timer1_LSCK@GPL813x.inc
0x00000001;D_Timer1_TMBB@GPL813x.inc
0x00000002;D_Timer1_HSCK@GPL813x.inc
0x00000003;D_Timer1_HFDIV@GPL813x.inc
0x00000027;P_TIMER_TM1Load_Ctrl@GPL813x.inc
0x00000018;P_CLK_CPU_Ctrl@GPL813x.inc
0x000000E0;D_RCHF_Msk@GPL813x.inc
0x00000000;D_RCHF225K@GPL813x.inc
0x00000040;D_RCHF500K@GPL813x.inc
0x00000080;D_RCHF1800K@GPL813x.inc
0x000000C0;D_RCHF1000K@GPL813x.inc
0x00000020;D_RCHF4000K@GPL813x.inc
0x00000007;D_CPU_Msk@GPL813x.inc
0x00000000;D_CPU_HF@GPL813x.inc
0x00000001;D_CPU_HF2@GPL813x.inc
0x00000002;D_CPU_HF4@GPL813x.inc
0x00000003;D_CPU_HF8@GPL813x.inc
0x00000004;D_CPU_HF16@GPL813x.inc
0x0000001A;P_CLK_HFDIV_Ctrl@GPL813x.inc
0x0000000C;P_CLK_32768_En@GPL813x.inc
0x00000000;D_LFEnable@GPL813x.inc
0x00000080;D_LFDisable@GPL813x.inc
0x00000004;D_X32K_WEAK@GPL813x.inc
0x00000002;D_X32K_STRO@GPL813x.inc
0x00000001;D_CAP_EN@GPL813x.inc
0x00000000;D_CAP_DIS@GPL813x.inc
0x0000000D;P_INT_Ctrl@GPL813x.inc
0x000000FF;D_IntMask@GPL813x.inc
0x00000080;D_Ext2Int@GPL813x.inc
0x00000040;D_LvdInt@GPL813x.inc
0x00000020;D_Timer0Int@GPL813x.inc
0x00000010;D_TMBBInt@GPL813x.inc
0x00000008;D_TMBAInt@GPL813x.inc
0x00000004;D_128HzInt@GPL813x.inc
0x00000002;D_2KHzInt@GPL813x.inc
0x00000001;D_ExtInt@GPL813x.inc
0x00000041;P_INT_2KHz_Clear@GPL813x.inc
0x00000042;P_INT_128Hz_Clear@GPL813x.inc
0x00000043;P_INT_TimeBaseA_Clear@GPL813x.inc
0x00000044;P_INT_TimeBaseB_Clear@GPL813x.inc
0x00000045;P_INT_Timer0_Clear@GPL813x.inc
0x00000040;P_INT_Ext_Clear@GPL813x.inc
0x0000002D;P_INT_Ctrl2@GPL813x.inc
0x00000003;D_Int2Mask@GPL813x.inc
0x00000001;D_Timer1Int@GPL813x.inc
0x00000047;P_INT_Ext2_Clear@GPL813x.inc
0x00000048;P_INT_Timer1_Clear@GPL813x.inc
0x00000007;P_LCD_Ctrl@GPL813x.inc
0x000000FD;D_LcdConfigMask@GPL813x.inc
0x00000088;D_Duty_1_8@GPL813x.inc
0x000000C8;D_Duty_1_6@GPL813x.inc
0x00000004;D_Duty_1_5@GPL813x.inc
0x00000044;D_Duty_1_4@GPL813x.inc
0x00000084;D_Duty_1_3@GPL813x.inc
0x00000000;D_Bias_1_4@GPL813x.inc
0x00000020;D_Bias_1_3@GPL813x.inc
0x00000010;D_Bias_1_2@GPL813x.inc
0x00000001;D_ScanEnable@GPL813x.inc
0x00000019;P_LCD_VLCD_Ctrl@GPL813x.inc
0x00000030;D_Halt_Normal@GPL813x.inc
0x00000020;D_Halt_Green@GPL813x.inc
0x00000000;D_VLCD_28@GPL813x.inc
0x00000001;D_VLCD_30@GPL813x.inc
0x00000002;D_VLCD_33@GPL813x.inc
0x00000003;D_VLCD_VDD@GPL813x.inc
0x0000000F;P_WDT_Flag_Clear@GPL813x.inc
0x0000000E;P_Reset_Status@GPL813x.inc
0x00000001;D_FlagC@GPL813x.inc
0x00000002;D_FlagON@GPL813x.inc
0x00000016;P_AUDIO_BZ_Ctrl@GPL813x.inc
0x00000080;D_C32KOUT@GPL813x.inc
0x00000002;D_Buzzer1@GPL813x.inc
0x00000001;D_Buzzer0@GPL813x.inc
0x0000001B;P_LVD_Ctrl@GPL813x.inc
0x00000001;D_LVD_State@GPL813x.inc
0x00000000;D_LVD_22@GPL813x.inc
0x00000040;D_LVD_24@GPL813x.inc
0x00000081;D_LVD_27@GPL813x.inc
0x000000C1;D_LVD_33@GPL813x.inc
0x00000046;P_INT_LVD_Clear@GPL813x.inc
0x00000017;P_RFC_Ctrl@GPL813x.inc
0x00000080;D_EXT1EDG@GPL813x.inc
0x00000040;D_EXT2EDG@GPL813x.inc
0x00000001;D_RFCEN@GPL813x.inc
0x00003030;P_PWMIO_Ctrl@GPL813x.inc
0x00003032;P_PWMIO_IO0_DUTY@GPL813x.inc
0x00003033;P_PWMIO_IO1_DUTY@GPL813x.inc
0x00003034;P_PWMIO_IO2_DUTY@GPL813x.inc
0x00003035;P_PWMIO_IO3_DUTY@GPL813x.inc
0x0000E000;D_Bank0UserRomStartAddr@GPL813x.inc
0x0000FFDF;D_Bank0UserRomEndAddr@GPL813x.inc
0x0000FFFC;D_NMIandResetVectorStartAddr@GPL813x.inc
0x0000FFFF;D_NMIandResetVectorEndAddr@GPL813x.inc
0x00000015;RFC_IO_Attrib@RFC_Define.inc
0x00000011;RFC_IO_Dir@RFC_Define.inc
0x00000013;RFC_IO_Data@RFC_Define.inc
0x00000020;P_RFC_TMRCntL@RFC_Define.inc
0x00000021;P_RFC_TMRCntH@RFC_Define.inc
0x00000004;D_CX@RFC_Define.inc
0x00000008;D_RR@RFC_Define.inc
0x00000010;D_RT@RFC_Define.inc
0x00000020;D_RH@RFC_Define.inc
0x00000001;C_SnoozeTime1min@Alarm.inc
0x00000004;C_SnoozeTime4min@Alarm.inc
0x00000004;C_ZzCnt@Alarm.inc
0x00000001;D_ToneDIS@Alarm.inc
0x00000040;D_TempHH@Alarm.inc
0x00000020;D_TempLL@Alarm.inc
0x00000010;D_Neg@Alarm.inc
0x00000008;D_TF@Alarm.inc
0x00000004;D_HumHH@Alarm.inc
0x00000002;D_HumLL@Alarm.inc
0x00000001;D_MaxTemp@Alarm.inc
0x00000002;D_MinTemp@Alarm.inc
0x00000001;D_TempF@RFC.asm
0x00000002;D_TempError@RFC.asm
0x00000004;D_TempFReg@RFC.asm
0x00000040;D_Moon14Level@RFC.asm
0x00000080;D_WithRTRH@RFC.asm
0x000000C9;R_RTBuf@RFC.asm
0x00000000;D_RFC_ScanIdle@RFC.asm
0x00000001;D_RFC_ScanRef@RFC.asm
0x00000002;D_RFC_ScanSen1@RFC.asm
0x00000003;D_RFC_ScanSen2@RFC.asm
0x00000004;D_RfcStatCalc@RFC.asm
0x00000080;D_RFC_Enable@RFC.asm
0x00000040;D_Cal_ready@RFC.asm
0x00000020;D_Cal_RHing@RFC.asm
0x0000F9F3;EnableRR_RFCEnable@RFC.asm
0x0000FA0E;HUM_TABLE@RFC.asm
0x0000FA36;TEMP_TABLE@RFC.asm
0x0000FA6F;F_EnableRfcTimer@RFC.asm
0x0000FA74;F_DisableRfcTimer@RFC.asm
0x0000FA7B;F_DischargeRfcIO@RFC.asm
0x0000FA90;F_DisableRFC@RFC.asm
0x0000FA9B;F_Stop_RFC@RFC.asm
0x0000FAB6;T_RfcStateFunc@RFC.asm
0x0000FAC0;F_RFCIDle@RFC.asm
0x0000FAD1;F_TRefOsc@RFC.asm
0x0000FAED;F_TSenOsc@RFC.asm
0x0000FB3D;L_NextScanSen2@RFC.asm
0x0000FB46;L_TempRFC_Fail@RFC.asm
0x0000FB51;F_TSen2Osc@RFC.asm
0x0000FB9B;F_RFC_GetRTRH@RFC.asm
0x0000FBB6;L_Save_Sen2Data@RFC.asm
0x0000FBC2;L_CheckError@RFC.asm
0x0000FBD3;Cal_RT_Start@RFC.asm
0x0000FBE3;CAL_HUM_TEMP@RFC.asm
0x0000FBF1;X8_LOOP@RFC.asm
0x0000FC05;NEXT_M@RFC.asm
0x0000FC07;TEMP_TABLE_LOOP@RFC.asm
0x0000FC23;TEMP_HUM1@RFC.asm
0x0000FC2E;TEMP_TABL_OUT@RFC.asm
0x0000FC3D;Y_AD_MAX@RFC.asm
0x0000FC45;Y_TEMP@RFC.asm
0x0000FC56;Y_HUM@RFC.asm
0x0000FC5D;TEMP_K@RFC.asm
0x0000FC86;TO_HU@RFC.asm
0x0000FC88;TO_HU1@RFC.asm
0x0000FCB0;TO_HU1A@RFC.asm
0x0000FCD9;CHK_PLUS_TEMP@RFC.asm
0x0000FCFA;TEMP_CAL_CF@RFC.asm
0x0000FCFA;DEN_Y@RFC.asm
0x0000FD02;TO_HUM@RFC.asm
0x0000FD15;TO_HUM_CAL@RFC.asm
0x0000FD27;TO_HC1@RFC.asm
0x0000FD27;TO_HUM_END@RFC.asm
0x0000FD4D;TO_HUM_C@RFC.asm
0x0000FD6E;MIN25@RFC.asm
0x0000FD81;HUM_NO25_CAL@RFC.asm
0x0000FD9C;HUM_NO25_OUT@RFC.asm
0x0000FDAC;HUM_NO25_ADD@RFC.asm
0x0000FDB3;HUM_RET@RFC.asm
0x0000FDB3;HUM_T@RFC.asm
0x0000FDC0;HUM_TP1a@RFC.asm
0x0000FDC4;HUM_P1@RFC.asm
0x0000FDCF;HUM_P2@RFC.asm
0x0000FDEA;CH_C1@RFC.asm
0x0000FDF9;CHANGE_F@RFC.asm
0x0000FE2D;CHANGE_PLUS@RFC.asm
0x0000FE4E;CHANGE_SUB@RFC.asm
0x0000FE5B;CHANGE_OUT@RFC.asm
0x0000FE63;CHANGE_RET@RFC.asm
0x0000FE6F;CH_R1@RFC.asm
0x0000FE9B;MUL10@RFC.asm
0x0000FECE;LOOP16@RFC.asm
0x0000FEDC;ADJDEC@RFC.asm
0x0000FEEE;ADJBCD@RFC.asm
0x0000FF02;ADJ1@RFC.asm
0x0000FF12;ADJ2@RFC.asm
0x0000FF2F;NDIV1@RFC.asm
0x0000FF31;NDIV2@RFC.asm
0x0000FF58;NDIV_7@RFC.asm
0x0000FF62;NDIV_SUB@RFC.asm
0x0000FF75;NDIV4@RFC.asm
0x0000FF78;NDIV_END@RFC.asm
0x0000FF85;MUL_LOOP@RFC.asm
0x0000FFAC;TO_LOOP0@RFC.asm
